2022.04.15 11:39:38,616	INFO	1	com.l2jserver.commons.database.pool.impl.ConnectionFactory	Using HikariCP connection pool.
2022.04.15 11:39:38,726	INFO	1	com.l2jserver.loginserver.LoginController	Loading LoginController...
2022.04.15 11:39:39,866	INFO	1	com.l2jserver.loginserver.LoginController	Cached 10 KeyPairs for RSA communication
2022.04.15 11:39:40,341	INFO	1	com.l2jserver.loginserver.LoginController	Stored 20 keys for Blowfish communication
2022.04.15 11:39:40,463	INFO	1	com.l2jserver.util.data.xml.IXmlReader	GameServerTable: Loaded 127 server names.
2022.04.15 11:39:40,464	INFO	1	com.zaxxer.hikari.HikariDataSource	HikariPool-1 - Starting...
2022.04.15 11:39:45,700	SEVERE	1	com.zaxxer.hikari.pool.HikariPool	HikariPool-1 - Exception during pool initialization.
2022.04.15 11:39:45,709	WARNING	1	com.l2jserver.commons.database.pool.IConnectionFactory	HikariCPConnectionFactory: Unable to get a connection!
2022.04.15 11:39:45,710	INFO	1	com.zaxxer.hikari.HikariDataSource	HikariPool-1 - Starting...
2022.04.15 11:39:50,813	SEVERE	1	com.zaxxer.hikari.pool.HikariPool	HikariPool-1 - Exception during pool initialization.
2022.04.15 11:39:50,815	WARNING	1	com.l2jserver.commons.database.pool.IConnectionFactory	HikariCPConnectionFactory: Unable to get a connection!
2022.04.15 11:39:50,816	INFO	1	com.zaxxer.hikari.HikariDataSource	HikariPool-1 - Starting...
2022.04.15 11:39:55,949	SEVERE	1	com.zaxxer.hikari.pool.HikariPool	HikariPool-1 - Exception during pool initialization.
2022.04.15 11:39:55,949	WARNING	1	com.l2jserver.commons.database.pool.IConnectionFactory	HikariCPConnectionFactory: Unable to get a connection!
2022.04.15 11:39:55,949	INFO	1	com.zaxxer.hikari.HikariDataSource	HikariPool-1 - Starting...
2022.04.15 11:40:01,096	SEVERE	1	com.zaxxer.hikari.pool.HikariPool	HikariPool-1 - Exception during pool initialization.
2022.04.15 11:40:01,096	WARNING	1	com.l2jserver.commons.database.pool.IConnectionFactory	HikariCPConnectionFactory: Unable to get a connection!
2022.04.15 11:40:01,096	INFO	1	com.zaxxer.hikari.HikariDataSource	HikariPool-1 - Starting...
2022.04.15 11:40:06,225	SEVERE	1	com.zaxxer.hikari.pool.HikariPool	HikariPool-1 - Exception during pool initialization.
2022.04.15 11:40:06,225	WARNING	1	com.l2jserver.commons.database.pool.IConnectionFactory	HikariCPConnectionFactory: Unable to get a connection!
2022.04.15 11:40:06,225	INFO	1	com.zaxxer.hikari.HikariDataSource	HikariPool-1 - Starting...
2022.04.15 11:40:11,357	SEVERE	1	com.zaxxer.hikari.pool.HikariPool	HikariPool-1 - Exception during pool initialization.
2022.04.15 11:40:11,357	WARNING	1	com.l2jserver.commons.database.pool.IConnectionFactory	HikariCPConnectionFactory: Unable to get a connection!
2022.04.15 11:40:11,357	INFO	1	com.zaxxer.hikari.HikariDataSource	HikariPool-1 - Starting...
