2022.07.03 11:35:03,080	INFO	1	com.l2jserver.gameserver.GameServer	------------------------------------------------=[ Database ]
2022.07.03 11:35:03,172	INFO	1	com.l2jserver.gameserver.dao.factory.impl.DAOFactory	Using MySQL DAO Factory.
2022.07.03 11:35:03,177	INFO	1	com.l2jserver.commons.database.pool.impl.ConnectionFactory	Using HikariCP connection pool.
2022.07.03 11:35:03,177	INFO	1	com.l2jserver.gameserver.GameServer	GameServer: Used memory: 40MB.
2022.07.03 11:35:03,180	INFO	1	com.zaxxer.hikari.HikariDataSource	HikariPool-1 - Starting...
2022.07.03 11:35:03,369	INFO	1	com.zaxxer.hikari.HikariDataSource	HikariPool-1 - Start completed.
2022.07.03 11:35:03,377	INFO	1	com.l2jserver.gameserver.idfactory.BitSetIDFactory	Updated characters online status.
2022.07.03 11:35:03,596	INFO	1	com.l2jserver.gameserver.idfactory.BitSetIDFactory	Cleaned 0 elements from database in 0 s
2022.07.03 11:35:03,605	INFO	1	com.l2jserver.gameserver.idfactory.BitSetIDFactory	Cleaned 2 expired timestamps from database.
2022.07.03 11:35:03,677	INFO	1	com.l2jserver.gameserver.idfactory.BitSetIDFactory	BitSetIDFactory: 102912 id's available.
2022.07.03 11:35:03,678	INFO	1	com.l2jserver.gameserver.GameServer	-------------------------------------------------=[ Engines ]
2022.07.03 11:35:04,213	INFO	1	com.l2jserver.gameserver.scripting.L2ScriptEngineManager	Script Engine: java 1.8 - Language: java - Language Version: 1.8
2022.07.03 11:35:06,489	INFO	1	com.l2jserver.gameserver.scripting.L2ScriptEngineManager	Script Engine: jython 2.2.1 - Language: python - Language Version: 2.2.1
2022.07.03 11:35:06,666	INFO	1	com.l2jserver.gameserver.scripting.L2ScriptEngineManager	Script Engine: Oracle Nashorn 1.8.0_333 - Language: ECMAScript - Language Version: ECMA - 262 Edition 5.1
2022.07.03 11:35:06,704	INFO	1	com.l2jserver.gameserver.GameServer	---------------------------------------------------=[ World ]
2022.07.03 11:35:06,717	INFO	1	com.l2jserver.util.data.xml.IXmlReader	InstanceManager: Multiverse Instance created.
2022.07.03 11:35:06,717	INFO	1	com.l2jserver.util.data.xml.IXmlReader	InstanceManager: Universe Instance created.
2022.07.03 11:35:06,850	INFO	1	com.l2jserver.util.data.xml.IXmlReader	InstanceManager: Loaded 160 instance names.
2022.07.03 11:35:06,861	INFO	1	com.l2jserver.gameserver.model.L2World	L2World: (128 by 136) World Region Grid set up.
2022.07.03 11:35:06,988	INFO	1	com.l2jserver.util.data.xml.IXmlReader	MapRegionManager: Loaded 57 map regions.
2022.07.03 11:35:07,004	INFO	1	com.l2jserver.gameserver.instancemanager.GlobalVariablesManager	GlobalVariablesManager: Loaded 6 variables.
2022.07.03 11:35:07,004	INFO	1	com.l2jserver.gameserver.GameServer	----------------------------------------------------=[ Data ]
2022.07.03 11:35:07,030	INFO	1	com.l2jserver.util.data.xml.IXmlReader	CategoryData: Loaded 124 Categories.
2022.07.03 11:35:07,036	INFO	1	com.l2jserver.util.data.xml.IXmlReader	SecondaryAuthData: Loaded 328 forbidden passwords.
2022.07.03 11:35:07,036	INFO	1	com.l2jserver.gameserver.GameServer	-------------------------------------------------=[ Effects ]
2022.07.03 11:35:09,228	INFO	1	handlers.EffectMasterHandler	EffectMasterHandler: Loaded 160 effect handlers.
2022.07.03 11:35:09,229	INFO	1	com.l2jserver.gameserver.GameServer	------------------------------------=[ Enchant Skill Groups ]
2022.07.03 11:35:09,240	INFO	1	com.l2jserver.util.data.xml.IXmlReader	EnchantSkillGroupsData: Loaded 4 groups and 90 routes.
2022.07.03 11:35:09,241	INFO	1	com.l2jserver.gameserver.GameServer	---------------------------------------------=[ Skill Trees ]
2022.07.03 11:35:09,567	INFO	1	com.l2jserver.util.data.xml.IXmlReader	Loaded 17176 Class Skills for 103 Class Skill Trees.
2022.07.03 11:35:09,567	INFO	1	com.l2jserver.util.data.xml.IXmlReader	Loaded 76 Sub-Class Skills.
2022.07.03 11:35:09,568	INFO	1	com.l2jserver.util.data.xml.IXmlReader	Loaded 77 Transfer Skills for 3 Transfer Skill Trees.
2022.07.03 11:35:09,568	INFO	1	com.l2jserver.util.data.xml.IXmlReader	Loaded 117 Fishing Skills, 8 Dwarven only Fishing Skills.
2022.07.03 11:35:09,568	INFO	1	com.l2jserver.util.data.xml.IXmlReader	Loaded 3 Collect Skills.
2022.07.03 11:35:09,569	INFO	1	com.l2jserver.util.data.xml.IXmlReader	Loaded 74 Pledge Skills, 44 for Pledge and 30 Residential.
2022.07.03 11:35:09,569	INFO	1	com.l2jserver.util.data.xml.IXmlReader	Loaded 18 Sub-Pledge Skills.
2022.07.03 11:35:09,569	INFO	1	com.l2jserver.util.data.xml.IXmlReader	Loaded 32 Transform Skills.
2022.07.03 11:35:09,569	INFO	1	com.l2jserver.util.data.xml.IXmlReader	Loaded 8 Noble Skills.
2022.07.03 11:35:09,570	INFO	1	com.l2jserver.util.data.xml.IXmlReader	Loaded 5 Hero Skills.
2022.07.03 11:35:09,570	INFO	1	com.l2jserver.util.data.xml.IXmlReader	Loaded 46 Game Master Skills.
2022.07.03 11:35:09,570	INFO	1	com.l2jserver.util.data.xml.IXmlReader	Loaded 46 Game Master Aura Skills.
2022.07.03 11:35:09,570	INFO	1	com.l2jserver.gameserver.GameServer	--------------------------------------------------=[ Skills ]
2022.07.03 11:35:12,624	INFO	1	com.l2jserver.gameserver.engines.DocumentEngine	DocumentEngine: Loaded 65961 Skill templates from XML files.
2022.07.03 11:35:12,658	INFO	1	com.l2jserver.gameserver.data.sql.impl.SummonSkillsTable	SummonSkillsTable: Loaded 1891 skills.
2022.07.03 11:35:12,658	INFO	1	com.l2jserver.gameserver.GameServer	---------------------------------------------------=[ Items ]
2022.07.03 11:35:13,602	INFO	1	com.l2jserver.gameserver.datatables.ItemTable	ItemTable: Highest item id used:102036
2022.07.03 11:35:13,605	INFO	1	com.l2jserver.gameserver.datatables.ItemTable	ItemTable: Loaded: 11481 Etc Items
2022.07.03 11:35:13,605	INFO	1	com.l2jserver.gameserver.datatables.ItemTable	ItemTable: Loaded: 3928 Armor Items
2022.07.03 11:35:13,606	INFO	1	com.l2jserver.gameserver.datatables.ItemTable	ItemTable: Loaded: 4163 Weapon Items
2022.07.03 11:35:13,606	INFO	1	com.l2jserver.gameserver.datatables.ItemTable	ItemTable: Loaded: 19572 Items in total.
2022.07.03 11:35:13,611	INFO	1	com.l2jserver.util.data.xml.IXmlReader	EnchantItemGroupsData: Loaded: 4 item group templates.
2022.07.03 11:35:13,612	INFO	1	com.l2jserver.util.data.xml.IXmlReader	EnchantItemGroupsData: Loaded: 1 scroll group templates.
2022.07.03 11:35:13,617	INFO	1	com.l2jserver.util.data.xml.IXmlReader	EnchantItemData: Loaded 63 Enchant Scrolls.
2022.07.03 11:35:13,618	INFO	1	com.l2jserver.util.data.xml.IXmlReader	EnchantItemData: Loaded 20 Support Items.
2022.07.03 11:35:13,631	INFO	1	com.l2jserver.util.data.xml.IXmlReader	EnchantItemOptionsData: Loaded: 23 Items and 1093 Options.
2022.07.03 11:35:14,411	INFO	1	com.l2jserver.util.data.xml.IXmlReader	OptionData: Loaded: 24985 Options.
2022.07.03 11:35:14,419	INFO	1	com.l2jserver.util.data.xml.IXmlReader	EnchantItemHPBonusData: Loaded 6 Enchant HP Bonuses.
2022.07.03 11:35:14,422	INFO	1	com.l2jserver.gameserver.datatables.MerchantPriceConfigTable	MerchantPriceConfigTable: Loaded 28 merchant price configs.
2022.07.03 11:35:15,454	INFO	1	com.l2jserver.util.data.xml.IXmlReader	BuyListData: Loaded 760 BuyLists.
2022.07.03 11:35:15,799	INFO	1	com.l2jserver.util.data.xml.IXmlReader	MultisellData: Loaded 192 multisell lists.
2022.07.03 11:35:15,825	INFO	1	com.l2jserver.util.data.xml.IXmlReader	RecipeData: Loaded 1000 recipes.
2022.07.03 11:35:15,864	INFO	1	com.l2jserver.util.data.xml.IXmlReader	ArmorSetsData: Loaded 208 Armor sets.
2022.07.03 11:35:15,872	INFO	1	com.l2jserver.util.data.xml.IXmlReader	FishData: Loaded 278 Fish.
2022.07.03 11:35:15,874	INFO	1	com.l2jserver.util.data.xml.IXmlReader	FishingMonstersData: Loaded 8 Fishing Monsters.
2022.07.03 11:35:15,877	INFO	1	com.l2jserver.util.data.xml.IXmlReader	FishingRodsData: Loaded 6 Fishing Rods.
2022.07.03 11:35:15,896	INFO	1	com.l2jserver.util.data.xml.IXmlReader	HennaData: Loaded 180 Henna data.
2022.07.03 11:35:15,897	INFO	1	com.l2jserver.gameserver.GameServer	----------------------------------------------=[ Characters ]
2022.07.03 11:35:15,900	INFO	1	com.l2jserver.util.data.xml.IXmlReader	ClassListData: Loaded 107 Class data.
2022.07.03 11:35:15,903	INFO	1	com.l2jserver.util.data.xml.IXmlReader	InitialEquipmentData: Loaded 11 Initial Equipment data.
2022.07.03 11:35:15,907	INFO	1	com.l2jserver.util.data.xml.IXmlReader	InitialShortcutData: Loaded 5 Initial Global Shortcuts data.
2022.07.03 11:35:15,907	INFO	1	com.l2jserver.util.data.xml.IXmlReader	InitialShortcutData: Loaded 4 Initial Shortcuts data.
2022.07.03 11:35:15,908	INFO	1	com.l2jserver.util.data.xml.IXmlReader	InitialShortcutData: Loaded 0 Macros presets.
2022.07.03 11:35:15,934	INFO	1	com.l2jserver.util.data.xml.IXmlReader	KarmaData: Loaded 85 karma modifiers.
2022.07.03 11:35:15,936	INFO	1	com.l2jserver.util.data.xml.IXmlReader	HitConditionBonusData: Loaded Hit Condition bonuses.
2022.07.03 11:35:16,177	INFO	1	com.l2jserver.util.data.xml.IXmlReader	PlayerTemplateData: Loaded 103 character templates.
2022.07.03 11:35:16,177	INFO	1	com.l2jserver.util.data.xml.IXmlReader	PlayerTemplateData: Loaded 52530 level up gain records.
2022.07.03 11:35:16,180	INFO	1	com.l2jserver.util.data.xml.IXmlReader	PlayerCreationPointData: Loaded 62 character creation points.
2022.07.03 11:35:16,182	INFO	1	com.l2jserver.gameserver.data.sql.impl.CharNameTable	CharNameTable: Loaded 1 char names.
2022.07.03 11:35:16,187	INFO	1	com.l2jserver.util.data.xml.IXmlReader	AdminData: Loaded: 10 Access Levels.
2022.07.03 11:35:16,190	INFO	1	com.l2jserver.util.data.xml.IXmlReader	AdminData: Loaded: 444 Access Commands.
2022.07.03 11:35:16,193	INFO	1	com.l2jserver.gameserver.instancemanager.RaidBossPointsManager	RaidBossPointsManager: Loaded 1 Characters Raid Points.
2022.07.03 11:35:16,466	INFO	1	com.l2jserver.util.data.xml.IXmlReader	PetDataTable: Loaded 52 Pets.
2022.07.03 11:35:16,473	INFO	1	com.l2jserver.gameserver.GameServer	---------------------------------------------------=[ Clans ]
2022.07.03 11:35:16,484	INFO	1	com.l2jserver.gameserver.communitybbs.Manager.ForumsBBSManager	Loaded 4 forums. Last forum id used: 4
2022.07.03 11:35:16,485	INFO	1	com.l2jserver.gameserver.data.sql.impl.ClanTable	ClanTable: Restored 0 clans from the database.
2022.07.03 11:35:16,557	INFO	1	com.l2jserver.gameserver.instancemanager.CHSiegeManager	CHSiegeManager: Loaded 6 conquerable clan halls.
2022.07.03 11:35:16,633	INFO	1	com.l2jserver.gameserver.instancemanager.AuctionManager	AuctionManager: Loaded: 38 auction(s)
2022.07.03 11:35:16,634	INFO	1	com.l2jserver.gameserver.instancemanager.ClanHallManager	ClanHallManager: Loaded: 0 clan halls
2022.07.03 11:35:16,634	INFO	1	com.l2jserver.gameserver.instancemanager.ClanHallManager	ClanHallManager: Loaded: 38 free clan halls
2022.07.03 11:35:16,635	INFO	1	com.l2jserver.gameserver.GameServer	-------------------------------------------------=[ Geodata ]
2022.07.03 11:35:16,640	INFO	1	com.l2jserver.gameserver.GeoData	GeoData: Loading 11_23.l2j...
2022.07.03 11:35:16,660	INFO	1	com.l2jserver.gameserver.GeoData	GeoData: Loading 11_24.l2j...
2022.07.03 11:35:16,669	INFO	1	com.l2jserver.gameserver.GeoData	GeoData: Loading 11_25.l2j...
2022.07.03 11:35:16,676	INFO	1	com.l2jserver.gameserver.GeoData	GeoData: Loading 11_26.l2j...
2022.07.03 11:35:16,701	INFO	1	com.l2jserver.gameserver.GeoData	GeoData: Loading 12_23.l2j...
2022.07.03 11:35:16,716	INFO	1	com.l2jserver.gameserver.GeoData	GeoData: Loading 12_24.l2j...
2022.07.03 11:35:16,781	INFO	1	com.l2jserver.gameserver.GeoData	GeoData: Loading 12_25.l2j...
2022.07.03 11:35:16,813	INFO	1	com.l2jserver.gameserver.GeoData	GeoData: Loading 12_26.l2j...
2022.07.03 11:35:16,840	INFO	1	com.l2jserver.gameserver.GeoData	GeoData: Loading 13_21.l2j...
2022.07.03 11:35:16,842	INFO	1	com.l2jserver.gameserver.GeoData	GeoData: Loading 13_22.l2j...
2022.07.03 11:35:16,845	INFO	1	com.l2jserver.gameserver.GeoData	GeoData: Loading 13_23.l2j...
2022.07.03 11:35:16,886	INFO	1	com.l2jserver.gameserver.GeoData	GeoData: Loading 13_24.l2j...
2022.07.03 11:35:16,942	INFO	1	com.l2jserver.gameserver.GeoData	GeoData: Loading 13_25.l2j...
2022.07.03 11:35:16,965	INFO	1	com.l2jserver.gameserver.GeoData	GeoData: Loading 13_26.l2j...
2022.07.03 11:35:16,994	INFO	1	com.l2jserver.gameserver.GeoData	GeoData: Loading 14_21.l2j...
2022.07.03 11:35:16,997	INFO	1	com.l2jserver.gameserver.GeoData	GeoData: Loading 14_22.l2j...
2022.07.03 11:35:17,055	INFO	1	com.l2jserver.gameserver.GeoData	GeoData: Loading 14_23.l2j...
2022.07.03 11:35:17,294	INFO	1	com.l2jserver.gameserver.GeoData	GeoData: Loading 14_24.l2j...
2022.07.03 11:35:17,344	INFO	1	com.l2jserver.gameserver.GeoData	GeoData: Loading 14_25.l2j...
2022.07.03 11:35:17,429	INFO	1	com.l2jserver.gameserver.GeoData	GeoData: Loading 14_26.l2j...
2022.07.03 11:35:17,462	INFO	1	com.l2jserver.gameserver.GeoData	GeoData: Loading 15_10.l2j...
2022.07.03 11:35:17,470	INFO	1	com.l2jserver.gameserver.GeoData	GeoData: Loading 15_11.l2j...
2022.07.03 11:35:17,486	INFO	1	com.l2jserver.gameserver.GeoData	GeoData: Loading 15_12.l2j...
2022.07.03 11:35:17,494	INFO	1	com.l2jserver.gameserver.GeoData	GeoData: Loading 15_18.l2j...
2022.07.03 11:35:17,502	INFO	1	com.l2jserver.gameserver.GeoData	GeoData: Loading 15_19.l2j...
2022.07.03 11:35:17,515	INFO	1	com.l2jserver.gameserver.GeoData	GeoData: Loading 15_20.l2j...
2022.07.03 11:35:17,517	INFO	1	com.l2jserver.gameserver.GeoData	GeoData: Loading 15_21.l2j...
2022.07.03 11:35:17,519	INFO	1	com.l2jserver.gameserver.GeoData	GeoData: Loading 15_22.l2j...
2022.07.03 11:35:17,523	INFO	1	com.l2jserver.gameserver.GeoData	GeoData: Loading 15_23.l2j...
2022.07.03 11:35:17,530	INFO	1	com.l2jserver.gameserver.GeoData	GeoData: Loading 15_24.l2j...
2022.07.03 11:35:17,532	INFO	1	com.l2jserver.gameserver.GeoData	GeoData: Loading 15_25.l2j...
2022.07.03 11:35:17,546	INFO	1	com.l2jserver.gameserver.GeoData	GeoData: Loading 15_26.l2j...
2022.07.03 11:35:17,555	INFO	1	com.l2jserver.gameserver.GeoData	GeoData: Loading 16_10.l2j...
2022.07.03 11:35:17,617	INFO	1	com.l2jserver.gameserver.GeoData	GeoData: Loading 16_11.l2j...
2022.07.03 11:35:17,621	INFO	1	com.l2jserver.gameserver.GeoData	GeoData: Loading 16_12.l2j...
2022.07.03 11:35:17,627	INFO	1	com.l2jserver.gameserver.GeoData	GeoData: Loading 16_13.l2j...
2022.07.03 11:35:17,636	INFO	1	com.l2jserver.gameserver.GeoData	GeoData: Loading 16_14.l2j...
2022.07.03 11:35:17,638	INFO	1	com.l2jserver.gameserver.GeoData	GeoData: Loading 16_15.l2j...
2022.07.03 11:35:17,642	INFO	1	com.l2jserver.gameserver.GeoData	GeoData: Loading 16_16.l2j...
2022.07.03 11:35:17,645	INFO	1	com.l2jserver.gameserver.GeoData	GeoData: Loading 16_17.l2j...
2022.07.03 11:35:17,648	INFO	1	com.l2jserver.gameserver.GeoData	GeoData: Loading 16_18.l2j...
2022.07.03 11:35:17,658	INFO	1	com.l2jserver.gameserver.GeoData	GeoData: Loading 16_19.l2j...
2022.07.03 11:35:17,688	INFO	1	com.l2jserver.gameserver.GeoData	GeoData: Loading 16_20.l2j...
2022.07.03 11:35:17,811	INFO	1	com.l2jserver.gameserver.GeoData	GeoData: Loading 16_21.l2j...
2022.07.03 11:35:17,825	INFO	1	com.l2jserver.gameserver.GeoData	GeoData: Loading 16_22.l2j...
2022.07.03 11:35:17,828	INFO	1	com.l2jserver.gameserver.GeoData	GeoData: Loading 16_23.l2j...
2022.07.03 11:35:17,831	INFO	1	com.l2jserver.gameserver.GeoData	GeoData: Loading 16_24.l2j...
2022.07.03 11:35:17,859	INFO	1	com.l2jserver.gameserver.GeoData	GeoData: Loading 16_25.l2j...
2022.07.03 11:35:17,899	INFO	1	com.l2jserver.gameserver.GeoData	GeoData: Loading 16_26.l2j...
2022.07.03 11:35:17,902	INFO	1	com.l2jserver.gameserver.GeoData	GeoData: Loading 17_10.l2j...
2022.07.03 11:35:17,907	INFO	1	com.l2jserver.gameserver.GeoData	GeoData: Loading 17_11.l2j...
2022.07.03 11:35:17,914	INFO	1	com.l2jserver.gameserver.GeoData	GeoData: Loading 17_12.l2j...
2022.07.03 11:35:17,921	INFO	1	com.l2jserver.gameserver.GeoData	GeoData: Loading 17_13.l2j...
2022.07.03 11:35:17,926	INFO	1	com.l2jserver.gameserver.GeoData	GeoData: Loading 17_14.l2j...
2022.07.03 11:35:17,928	INFO	1	com.l2jserver.gameserver.GeoData	GeoData: Loading 17_15.l2j...
2022.07.03 11:35:17,938	INFO	1	com.l2jserver.gameserver.GeoData	GeoData: Loading 17_16.l2j...
2022.07.03 11:35:18,015	INFO	1	com.l2jserver.gameserver.GeoData	GeoData: Loading 17_17.l2j...
2022.07.03 11:35:18,026	INFO	1	com.l2jserver.gameserver.GeoData	GeoData: Loading 17_18.l2j...
2022.07.03 11:35:18,030	INFO	1	com.l2jserver.gameserver.GeoData	GeoData: Loading 17_19.l2j...
2022.07.03 11:35:18,085	INFO	1	com.l2jserver.gameserver.GeoData	GeoData: Loading 17_20.l2j...
2022.07.03 11:35:18,136	INFO	1	com.l2jserver.gameserver.GeoData	GeoData: Loading 17_21.l2j...
2022.07.03 11:35:18,197	INFO	1	com.l2jserver.gameserver.GeoData	GeoData: Loading 17_22.l2j...
2022.07.03 11:35:18,256	INFO	1	com.l2jserver.gameserver.GeoData	GeoData: Loading 17_23.l2j...
2022.07.03 11:35:18,266	INFO	1	com.l2jserver.gameserver.GeoData	GeoData: Loading 17_24.l2j...
2022.07.03 11:35:18,275	INFO	1	com.l2jserver.gameserver.GeoData	GeoData: Loading 17_25.l2j...
2022.07.03 11:35:18,323	INFO	1	com.l2jserver.gameserver.GeoData	GeoData: Loading 17_26.l2j...
2022.07.03 11:35:18,325	INFO	1	com.l2jserver.gameserver.GeoData	GeoData: Loading 18_10.l2j...
2022.07.03 11:35:18,339	INFO	1	com.l2jserver.gameserver.GeoData	GeoData: Loading 18_11.l2j...
2022.07.03 11:35:18,343	INFO	1	com.l2jserver.gameserver.GeoData	GeoData: Loading 18_12.l2j...
2022.07.03 11:35:18,347	INFO	1	com.l2jserver.gameserver.GeoData	GeoData: Loading 18_13.l2j...
2022.07.03 11:35:18,350	INFO	1	com.l2jserver.gameserver.GeoData	GeoData: Loading 18_14.l2j...
2022.07.03 11:35:18,454	INFO	1	com.l2jserver.gameserver.GeoData	GeoData: Loading 18_15.l2j...
2022.07.03 11:35:18,467	INFO	1	com.l2jserver.gameserver.GeoData	GeoData: Loading 18_16.l2j...
2022.07.03 11:35:18,508	INFO	1	com.l2jserver.gameserver.GeoData	GeoData: Loading 18_17.l2j...
2022.07.03 11:35:18,510	INFO	1	com.l2jserver.gameserver.GeoData	GeoData: Loading 18_18.l2j...
2022.07.03 11:35:18,512	INFO	1	com.l2jserver.gameserver.GeoData	GeoData: Loading 18_19.l2j...
2022.07.03 11:35:18,548	INFO	1	com.l2jserver.gameserver.GeoData	GeoData: Loading 18_20.l2j...
2022.07.03 11:35:18,578	INFO	1	com.l2jserver.gameserver.GeoData	GeoData: Loading 18_21.l2j...
2022.07.03 11:35:18,606	INFO	1	com.l2jserver.gameserver.GeoData	GeoData: Loading 18_22.l2j...
2022.07.03 11:35:18,685	INFO	1	com.l2jserver.gameserver.GeoData	GeoData: Loading 18_23.l2j...
2022.07.03 11:35:18,713	INFO	1	com.l2jserver.gameserver.GeoData	GeoData: Loading 18_24.l2j...
2022.07.03 11:35:18,773	INFO	1	com.l2jserver.gameserver.GeoData	GeoData: Loading 18_25.l2j...
2022.07.03 11:35:18,778	INFO	1	com.l2jserver.gameserver.GeoData	GeoData: Loading 18_26.l2j...
2022.07.03 11:35:18,784	INFO	1	com.l2jserver.gameserver.GeoData	GeoData: Loading 19_10.l2j...
2022.07.03 11:35:18,790	INFO	1	com.l2jserver.gameserver.GeoData	GeoData: Loading 19_11.l2j...
2022.07.03 11:35:18,795	INFO	1	com.l2jserver.gameserver.GeoData	GeoData: Loading 19_12.l2j...
2022.07.03 11:35:18,802	INFO	1	com.l2jserver.gameserver.GeoData	GeoData: Loading 19_13.l2j...
2022.07.03 11:35:18,840	INFO	1	com.l2jserver.gameserver.GeoData	GeoData: Loading 19_14.l2j...
2022.07.03 11:35:18,895	INFO	1	com.l2jserver.gameserver.GeoData	GeoData: Loading 19_15.l2j...
2022.07.03 11:35:18,942	INFO	1	com.l2jserver.gameserver.GeoData	GeoData: Loading 19_16.l2j...
2022.07.03 11:35:18,959	INFO	1	com.l2jserver.gameserver.GeoData	GeoData: Loading 19_17.l2j...
2022.07.03 11:35:18,975	INFO	1	com.l2jserver.gameserver.GeoData	GeoData: Loading 19_18.l2j...
2022.07.03 11:35:19,182	INFO	1	com.l2jserver.gameserver.GeoData	GeoData: Loading 19_19.l2j...
2022.07.03 11:35:19,219	INFO	1	com.l2jserver.gameserver.GeoData	GeoData: Loading 19_20.l2j...
2022.07.03 11:35:19,289	INFO	1	com.l2jserver.gameserver.GeoData	GeoData: Loading 19_21.l2j...
2022.07.03 11:35:19,316	INFO	1	com.l2jserver.gameserver.GeoData	GeoData: Loading 19_22.l2j...
2022.07.03 11:35:19,361	INFO	1	com.l2jserver.gameserver.GeoData	GeoData: Loading 19_23.l2j...
2022.07.03 11:35:19,422	INFO	1	com.l2jserver.gameserver.GeoData	GeoData: Loading 19_24.l2j...
2022.07.03 11:35:19,459	INFO	1	com.l2jserver.gameserver.GeoData	GeoData: Loading 19_25.l2j...
2022.07.03 11:35:19,488	INFO	1	com.l2jserver.gameserver.GeoData	GeoData: Loading 19_26.l2j...
2022.07.03 11:35:19,507	INFO	1	com.l2jserver.gameserver.GeoData	GeoData: Loading 20_10.l2j...
2022.07.03 11:35:19,516	INFO	1	com.l2jserver.gameserver.GeoData	GeoData: Loading 20_11.l2j...
2022.07.03 11:35:19,520	INFO	1	com.l2jserver.gameserver.GeoData	GeoData: Loading 20_12.l2j...
2022.07.03 11:35:19,524	INFO	1	com.l2jserver.gameserver.GeoData	GeoData: Loading 20_13.l2j...
2022.07.03 11:35:19,565	INFO	1	com.l2jserver.gameserver.GeoData	GeoData: Loading 20_14.l2j...
2022.07.03 11:35:19,643	INFO	1	com.l2jserver.gameserver.GeoData	GeoData: Loading 20_15.l2j...
2022.07.03 11:35:19,663	INFO	1	com.l2jserver.gameserver.GeoData	GeoData: Loading 20_16.l2j...
2022.07.03 11:35:19,713	INFO	1	com.l2jserver.gameserver.GeoData	GeoData: Loading 20_17.l2j...
2022.07.03 11:35:19,758	INFO	1	com.l2jserver.gameserver.GeoData	GeoData: Loading 20_18.l2j...
2022.07.03 11:35:19,784	INFO	1	com.l2jserver.gameserver.GeoData	GeoData: Loading 20_19.l2j...
2022.07.03 11:35:19,825	INFO	1	com.l2jserver.gameserver.GeoData	GeoData: Loading 20_20.l2j...
2022.07.03 11:35:19,889	INFO	1	com.l2jserver.gameserver.GeoData	GeoData: Loading 20_21.l2j...
2022.07.03 11:35:19,948	INFO	1	com.l2jserver.gameserver.GeoData	GeoData: Loading 20_22.l2j...
2022.07.03 11:35:20,010	INFO	1	com.l2jserver.gameserver.GeoData	GeoData: Loading 20_23.l2j...
2022.07.03 11:35:20,064	INFO	1	com.l2jserver.gameserver.GeoData	GeoData: Loading 20_24.l2j...
2022.07.03 11:35:20,072	INFO	1	com.l2jserver.gameserver.GeoData	GeoData: Loading 20_25.l2j...
2022.07.03 11:35:20,128	INFO	1	com.l2jserver.gameserver.GeoData	GeoData: Loading 20_26.l2j...
2022.07.03 11:35:20,135	INFO	1	com.l2jserver.gameserver.GeoData	GeoData: Loading 21_10.l2j...
2022.07.03 11:35:20,144	INFO	1	com.l2jserver.gameserver.GeoData	GeoData: Loading 21_11.l2j...
2022.07.03 11:35:20,149	INFO	1	com.l2jserver.gameserver.GeoData	GeoData: Loading 21_12.l2j...
2022.07.03 11:35:20,152	INFO	1	com.l2jserver.gameserver.GeoData	GeoData: Loading 21_13.l2j...
2022.07.03 11:35:20,156	INFO	1	com.l2jserver.gameserver.GeoData	GeoData: Loading 21_14.l2j...
2022.07.03 11:35:20,222	INFO	1	com.l2jserver.gameserver.GeoData	GeoData: Loading 21_15.l2j...
2022.07.03 11:35:20,283	INFO	1	com.l2jserver.gameserver.GeoData	GeoData: Loading 21_16.l2j...
2022.07.03 11:35:20,334	INFO	1	com.l2jserver.gameserver.GeoData	GeoData: Loading 21_17.l2j...
2022.07.03 11:35:20,347	INFO	1	com.l2jserver.gameserver.GeoData	GeoData: Loading 21_18.l2j...
2022.07.03 11:35:20,374	INFO	1	com.l2jserver.gameserver.GeoData	GeoData: Loading 21_19.l2j...
2022.07.03 11:35:20,451	INFO	1	com.l2jserver.gameserver.GeoData	GeoData: Loading 21_20.l2j...
2022.07.03 11:35:20,508	INFO	1	com.l2jserver.gameserver.GeoData	GeoData: Loading 21_21.l2j...
2022.07.03 11:35:20,540	INFO	1	com.l2jserver.gameserver.GeoData	GeoData: Loading 21_22.l2j...
2022.07.03 11:35:20,662	INFO	1	com.l2jserver.gameserver.GeoData	GeoData: Loading 21_23.l2j...
2022.07.03 11:35:20,723	INFO	1	com.l2jserver.gameserver.GeoData	GeoData: Loading 21_24.l2j...
2022.07.03 11:35:20,774	INFO	1	com.l2jserver.gameserver.GeoData	GeoData: Loading 21_25.l2j...
2022.07.03 11:35:20,779	INFO	1	com.l2jserver.gameserver.GeoData	GeoData: Loading 22_10.l2j...
2022.07.03 11:35:20,786	INFO	1	com.l2jserver.gameserver.GeoData	GeoData: Loading 22_11.l2j...
2022.07.03 11:35:20,837	INFO	1	com.l2jserver.gameserver.GeoData	GeoData: Loading 22_12.l2j...
2022.07.03 11:35:20,840	INFO	1	com.l2jserver.gameserver.GeoData	GeoData: Loading 22_13.l2j...
2022.07.03 11:35:20,869	INFO	1	com.l2jserver.gameserver.GeoData	GeoData: Loading 22_14.l2j...
2022.07.03 11:35:20,957	INFO	1	com.l2jserver.gameserver.GeoData	GeoData: Loading 22_15.l2j...
2022.07.03 11:35:20,991	INFO	1	com.l2jserver.gameserver.GeoData	GeoData: Loading 22_16.l2j...
2022.07.03 11:35:21,132	INFO	1	com.l2jserver.gameserver.GeoData	GeoData: Loading 22_17.l2j...
2022.07.03 11:35:21,181	INFO	1	com.l2jserver.gameserver.GeoData	GeoData: Loading 22_18.l2j...
2022.07.03 11:35:21,211	INFO	1	com.l2jserver.gameserver.GeoData	GeoData: Loading 22_19.l2j...
2022.07.03 11:35:21,326	INFO	1	com.l2jserver.gameserver.GeoData	GeoData: Loading 22_20.l2j...
2022.07.03 11:35:21,391	INFO	1	com.l2jserver.gameserver.GeoData	GeoData: Loading 22_21.l2j...
2022.07.03 11:35:21,424	INFO	1	com.l2jserver.gameserver.GeoData	GeoData: Loading 22_22.l2j...
2022.07.03 11:35:21,497	INFO	1	com.l2jserver.gameserver.GeoData	GeoData: Loading 22_23.l2j...
2022.07.03 11:35:21,524	INFO	1	com.l2jserver.gameserver.GeoData	GeoData: Loading 22_24.l2j...
2022.07.03 11:35:21,596	INFO	1	com.l2jserver.gameserver.GeoData	GeoData: Loading 22_25.l2j...
2022.07.03 11:35:21,622	INFO	1	com.l2jserver.gameserver.GeoData	GeoData: Loading 22_26.l2j...
2022.07.03 11:35:21,636	INFO	1	com.l2jserver.gameserver.GeoData	GeoData: Loading 23_10.l2j...
2022.07.03 11:35:21,640	INFO	1	com.l2jserver.gameserver.GeoData	GeoData: Loading 23_11.l2j...
2022.07.03 11:35:21,684	INFO	1	com.l2jserver.gameserver.GeoData	GeoData: Loading 23_12.l2j...
2022.07.03 11:35:21,714	INFO	1	com.l2jserver.gameserver.GeoData	GeoData: Loading 23_13.l2j...
2022.07.03 11:35:21,793	INFO	1	com.l2jserver.gameserver.GeoData	GeoData: Loading 23_14.l2j...
2022.07.03 11:35:21,837	INFO	1	com.l2jserver.gameserver.GeoData	GeoData: Loading 23_15.l2j...
2022.07.03 11:35:21,897	INFO	1	com.l2jserver.gameserver.GeoData	GeoData: Loading 23_16.l2j...
2022.07.03 11:35:21,962	INFO	1	com.l2jserver.gameserver.GeoData	GeoData: Loading 23_17.l2j...
2022.07.03 11:35:21,994	INFO	1	com.l2jserver.gameserver.GeoData	GeoData: Loading 23_18.l2j...
2022.07.03 11:35:22,063	INFO	1	com.l2jserver.gameserver.GeoData	GeoData: Loading 23_19.l2j...
2022.07.03 11:35:22,095	INFO	1	com.l2jserver.gameserver.GeoData	GeoData: Loading 23_20.l2j...
2022.07.03 11:35:22,177	INFO	1	com.l2jserver.gameserver.GeoData	GeoData: Loading 23_21.l2j...
2022.07.03 11:35:22,244	INFO	1	com.l2jserver.gameserver.GeoData	GeoData: Loading 23_22.l2j...
2022.07.03 11:35:22,298	INFO	1	com.l2jserver.gameserver.GeoData	GeoData: Loading 23_23.l2j...
2022.07.03 11:35:22,342	INFO	1	com.l2jserver.gameserver.GeoData	GeoData: Loading 23_24.l2j...
2022.07.03 11:35:22,371	INFO	1	com.l2jserver.gameserver.GeoData	GeoData: Loading 23_25.l2j...
2022.07.03 11:35:22,390	INFO	1	com.l2jserver.gameserver.GeoData	GeoData: Loading 23_26.l2j...
2022.07.03 11:35:22,392	INFO	1	com.l2jserver.gameserver.GeoData	GeoData: Loading 24_10.l2j...
2022.07.03 11:35:22,409	INFO	1	com.l2jserver.gameserver.GeoData	GeoData: Loading 24_11.l2j...
2022.07.03 11:35:22,492	INFO	1	com.l2jserver.gameserver.GeoData	GeoData: Loading 24_12.l2j...
2022.07.03 11:35:22,533	INFO	1	com.l2jserver.gameserver.GeoData	GeoData: Loading 24_13.l2j...
2022.07.03 11:35:22,548	INFO	1	com.l2jserver.gameserver.GeoData	GeoData: Loading 24_14.l2j...
2022.07.03 11:35:22,656	INFO	1	com.l2jserver.gameserver.GeoData	GeoData: Loading 24_15.l2j...
2022.07.03 11:35:22,688	INFO	1	com.l2jserver.gameserver.GeoData	GeoData: Loading 24_16.l2j...
2022.07.03 11:35:22,806	INFO	1	com.l2jserver.gameserver.GeoData	GeoData: Loading 24_17.l2j...
2022.07.03 11:35:22,867	INFO	1	com.l2jserver.gameserver.GeoData	GeoData: Loading 24_18.l2j...
2022.07.03 11:35:22,899	INFO	1	com.l2jserver.gameserver.GeoData	GeoData: Loading 24_19.l2j...
2022.07.03 11:35:22,968	INFO	1	com.l2jserver.gameserver.GeoData	GeoData: Loading 24_20.l2j...
2022.07.03 11:35:23,106	INFO	1	com.l2jserver.gameserver.GeoData	GeoData: Loading 24_21.l2j...
2022.07.03 11:35:23,130	INFO	1	com.l2jserver.gameserver.GeoData	GeoData: Loading 24_22.l2j...
2022.07.03 11:35:23,242	INFO	1	com.l2jserver.gameserver.GeoData	GeoData: Loading 24_23.l2j...
2022.07.03 11:35:23,273	INFO	1	com.l2jserver.gameserver.GeoData	GeoData: Loading 24_24.l2j...
2022.07.03 11:35:23,303	INFO	1	com.l2jserver.gameserver.GeoData	GeoData: Loading 24_25.l2j...
2022.07.03 11:35:23,310	INFO	1	com.l2jserver.gameserver.GeoData	GeoData: Loading 24_26.l2j...
2022.07.03 11:35:23,314	INFO	1	com.l2jserver.gameserver.GeoData	GeoData: Loading 25_10.l2j...
2022.07.03 11:35:23,317	INFO	1	com.l2jserver.gameserver.GeoData	GeoData: Loading 25_11.l2j...
2022.07.03 11:35:23,371	INFO	1	com.l2jserver.gameserver.GeoData	GeoData: Loading 25_12.l2j...
2022.07.03 11:35:23,457	INFO	1	com.l2jserver.gameserver.GeoData	GeoData: Loading 25_14.l2j...
2022.07.03 11:35:23,562	INFO	1	com.l2jserver.gameserver.GeoData	GeoData: Loading 25_15.l2j...
2022.07.03 11:35:23,633	INFO	1	com.l2jserver.gameserver.GeoData	GeoData: Loading 25_16.l2j...
2022.07.03 11:35:23,695	INFO	1	com.l2jserver.gameserver.GeoData	GeoData: Loading 25_17.l2j...
2022.07.03 11:35:23,735	INFO	1	com.l2jserver.gameserver.GeoData	GeoData: Loading 25_18.l2j...
2022.07.03 11:35:23,769	INFO	1	com.l2jserver.gameserver.GeoData	GeoData: Loading 25_19.l2j...
2022.07.03 11:35:23,870	INFO	1	com.l2jserver.gameserver.GeoData	GeoData: Loading 25_20.l2j...
2022.07.03 11:35:23,881	INFO	1	com.l2jserver.gameserver.GeoData	GeoData: Loading 25_21.l2j...
2022.07.03 11:35:23,896	INFO	1	com.l2jserver.gameserver.GeoData	GeoData: Loading 25_22.l2j...
2022.07.03 11:35:23,899	INFO	1	com.l2jserver.gameserver.GeoData	GeoData: Loading 25_23.l2j...
2022.07.03 11:35:23,902	INFO	1	com.l2jserver.gameserver.GeoData	GeoData: Loading 25_24.l2j...
2022.07.03 11:35:23,904	INFO	1	com.l2jserver.gameserver.GeoData	GeoData: Loading 26_11.l2j...
2022.07.03 11:35:23,912	INFO	1	com.l2jserver.gameserver.GeoData	GeoData: Loading 26_12.l2j...
2022.07.03 11:35:23,934	INFO	1	com.l2jserver.gameserver.GeoData	GeoData: Loading 26_14.l2j...
2022.07.03 11:35:23,957	INFO	1	com.l2jserver.gameserver.GeoData	GeoData: Loading 26_15.l2j...
2022.07.03 11:35:23,959	INFO	1	com.l2jserver.gameserver.GeoData	GeoData: Loading 26_16.l2j...
2022.07.03 11:35:23,961	INFO	1	com.l2jserver.gameserver.GeoData	GeoData: Loaded 203 regions.
2022.07.03 11:35:23,962	INFO	1	com.l2jserver.gameserver.GameServer	----------------------------------------------------=[ NPCs ]
2022.07.03 11:35:23,967	INFO	1	com.l2jserver.util.data.xml.IXmlReader	SkillLearnData: Loaded 256 Skill Learn data.
2022.07.03 11:35:23,975	INFO	1	com.l2jserver.util.data.xml.IXmlReader	MinionData: Loaded 128 minions data.
2022.07.03 11:35:25,808	INFO	1	com.l2jserver.util.data.xml.IXmlReader	NpcData: Loaded 10461 NPCs.
2022.07.03 11:35:28,036	INFO	1	com.l2jserver.util.data.xml.IXmlReader	WalkingManager: Loaded 123 walking routes.
2022.07.03 11:35:28,059	INFO	1	com.l2jserver.util.data.xml.IXmlReader	StaticObjectData: Loaded 51 static object templates.
2022.07.03 11:35:28,180	INFO	1	com.l2jserver.gameserver.instancemanager.GrandBossManager	GrandBossManager: Queen Ant(29001) status is 0.
2022.07.03 11:35:28,181	INFO	1	com.l2jserver.gameserver.instancemanager.GrandBossManager	GrandBossManager: Core(29006) status is 0.
2022.07.03 11:35:28,182	INFO	1	com.l2jserver.gameserver.instancemanager.GrandBossManager	GrandBossManager: Orfen(29014) status is 0.
2022.07.03 11:35:28,182	INFO	1	com.l2jserver.gameserver.instancemanager.GrandBossManager	GrandBossManager: Baium(29020) status is 0.
2022.07.03 11:35:28,183	INFO	1	com.l2jserver.gameserver.instancemanager.GrandBossManager	GrandBossManager: Valakas(29028) status is 0.
2022.07.03 11:35:28,183	INFO	1	com.l2jserver.gameserver.instancemanager.GrandBossManager	GrandBossManager: Antharas(29068) status is 0.
2022.07.03 11:35:28,183	INFO	1	com.l2jserver.gameserver.instancemanager.GrandBossManager	GrandBossManager: Beleth(29118) status is 0.
2022.07.03 11:35:28,184	INFO	1	com.l2jserver.gameserver.instancemanager.GrandBossManager	GrandBossManager: Loaded 7 Instances
2022.07.03 11:35:28,394	INFO	1	com.l2jserver.util.data.xml.IXmlReader	DoorData: Loaded 1301 Door templates for 22 regions.
2022.07.03 11:35:29,017	INFO	1	com.l2jserver.util.data.xml.IXmlReader	ZoneManager: Loaded 28 zone classes and 2793 zones.
2022.07.03 11:35:29,017	INFO	1	com.l2jserver.util.data.xml.IXmlReader	ZoneManager: Loaded 0 NPC spawn territoriers.
2022.07.03 11:35:29,031	INFO	1	com.l2jserver.gameserver.instancemanager.CastleManager	CastleManager: Loaded: 9 castles
2022.07.03 11:35:29,036	INFO	1	com.l2jserver.gameserver.data.sql.impl.NpcBufferTable	NpcBufferTable: Loaded 1 buffers and 10 skills.
2022.07.03 11:35:29,040	INFO	1	com.l2jserver.gameserver.instancemanager.GrandBossManager	GrandBossManager: Initialized 12 Grand Boss Zones
2022.07.03 11:35:29,042	INFO	1	com.l2jserver.gameserver.GameServer	-----------------------------------------=[ Auction Manager ]
2022.07.03 11:35:29,059	INFO	1	com.l2jserver.gameserver.model.itemauction.ItemAuctionInstance	Loaded 82 item(s) and registered 1 auction(s) for NPC ID 32320.
2022.07.03 11:35:29,062	INFO	1	com.l2jserver.gameserver.model.itemauction.ItemAuctionInstance	Schedule current auction ID 1 for NPC ID 32320.
2022.07.03 11:35:29,063	INFO	26	com.l2jserver.gameserver.model.itemauction.ItemAuctionInstance$ScheduleAuctionTask	Auction ID 1 has started for NPC ID 32320.
2022.07.03 11:35:29,065	INFO	1	com.l2jserver.gameserver.model.itemauction.ItemAuctionInstance	Loaded 82 item(s) and registered 1 auction(s) for NPC ID 32321.
2022.07.03 11:35:29,066	INFO	26	com.l2jserver.gameserver.model.itemauction.ItemAuctionInstance	Schedule current auction ID 1 for NPC ID 32320.
2022.07.03 11:35:29,068	INFO	1	com.l2jserver.gameserver.model.itemauction.ItemAuctionInstance	Schedule current auction ID 2 for NPC ID 32321.
2022.07.03 11:35:29,069	INFO	21	com.l2jserver.gameserver.model.itemauction.ItemAuctionInstance$ScheduleAuctionTask	Auction ID 2 has started for NPC ID 32321.
2022.07.03 11:35:29,070	INFO	21	com.l2jserver.gameserver.model.itemauction.ItemAuctionInstance	Schedule current auction ID 2 for NPC ID 32321.
2022.07.03 11:35:29,071	INFO	1	com.l2jserver.gameserver.model.itemauction.ItemAuctionInstance	Loaded 82 item(s) and registered 1 auction(s) for NPC ID 32322.
2022.07.03 11:35:29,073	INFO	1	com.l2jserver.gameserver.model.itemauction.ItemAuctionInstance	Schedule current auction ID 3 for NPC ID 32322.
2022.07.03 11:35:29,073	INFO	1	com.l2jserver.gameserver.instancemanager.ItemAuctionManager	Loaded 3 auction manager instance(s).
2022.07.03 11:35:29,073	INFO	1	com.l2jserver.gameserver.GameServer	------------------------------------------------=[ Olympiad ]
2022.07.03 11:35:29,074	INFO	22	com.l2jserver.gameserver.model.itemauction.ItemAuctionInstance$ScheduleAuctionTask	Auction ID 3 has started for NPC ID 32322.
2022.07.03 11:35:29,074	INFO	22	com.l2jserver.gameserver.model.itemauction.ItemAuctionInstance	Schedule current auction ID 3 for NPC ID 32322.
2022.07.03 11:35:29,193	INFO	28	com.l2jserver.gameserver.model.itemauction.ItemAuctionInstance	Auction ID 1 has finished. There have not been any bid for instance ID 32320.
2022.07.03 11:35:29,193	INFO	30	com.l2jserver.gameserver.model.itemauction.ItemAuctionInstance	Auction ID 2 has finished. There have not been any bid for instance ID 32321.
2022.07.03 11:35:29,193	INFO	27	com.l2jserver.gameserver.model.itemauction.ItemAuctionInstance	Auction ID 3 has finished. There have not been any bid for instance ID 32322.
2022.07.03 11:35:29,193	INFO	28	com.l2jserver.gameserver.model.itemauction.ItemAuctionInstance	Schedule next auction ID 4 on 17:00:00 08.07.22 for NPC ID 32320.
2022.07.03 11:35:29,194	INFO	27	com.l2jserver.gameserver.model.itemauction.ItemAuctionInstance	Schedule next auction ID 6 on 17:00:00 06.07.22 for NPC ID 32322.
2022.07.03 11:35:29,196	INFO	30	com.l2jserver.gameserver.model.itemauction.ItemAuctionInstance	Schedule next auction ID 5 on 17:00:00 04.07.22 for NPC ID 32321.
2022.07.03 11:35:29,199	INFO	1	com.l2jserver.gameserver.model.olympiad.Olympiad	Olympiad System: Loading Olympiad System....
2022.07.03 11:35:29,199	INFO	1	com.l2jserver.gameserver.model.olympiad.Olympiad	Olympiad System: Currently in Olympiad Period
2022.07.03 11:35:29,200	INFO	1	com.l2jserver.gameserver.model.olympiad.Olympiad	Olympiad System: 41784 minutes until period ends
2022.07.03 11:35:29,200	INFO	1	com.l2jserver.gameserver.model.olympiad.Olympiad	Olympiad System: Next weekly change is in 10079 minutes
2022.07.03 11:35:29,201	INFO	1	com.l2jserver.gameserver.model.olympiad.Olympiad	Olympiad System: Loaded 0 Nobles
2022.07.03 11:35:29,202	INFO	1	com.l2jserver.gameserver.model.olympiad.Olympiad	Olympiad System: Competition Period Starts in 0 days, 6 hours and 25 mins.
2022.07.03 11:35:29,204	INFO	1	com.l2jserver.gameserver.model.olympiad.Olympiad	Olympiad System: Event starts/started : Sun Jul 03 18:00:29 CLT 2022
2022.07.03 11:35:29,208	INFO	1	com.l2jserver.gameserver.model.entity.Hero	Hero System: Loaded 0 Heroes.
2022.07.03 11:35:29,209	INFO	1	com.l2jserver.gameserver.model.entity.Hero	Hero System: Loaded 0 all time Heroes.
2022.07.03 11:35:29,209	INFO	1	com.l2jserver.gameserver.GameServer	---------------------------------------------=[ Seven Signs ]
2022.07.03 11:35:29,216	INFO	1	com.l2jserver.gameserver.SevenSigns	SevenSigns: Currently in the Competition (Quest Event) period.
2022.07.03 11:35:29,216	INFO	1	com.l2jserver.gameserver.SevenSigns	SevenSigns: The Seal of Avarice remains unclaimed.
2022.07.03 11:35:29,216	INFO	1	com.l2jserver.gameserver.SevenSigns	SevenSigns: The Seal of Gnosis remains unclaimed.
2022.07.03 11:35:29,217	INFO	1	com.l2jserver.gameserver.SevenSigns	SevenSigns: The Seal of Strife remains unclaimed.
2022.07.03 11:35:29,222	INFO	1	com.l2jserver.gameserver.SevenSigns	SevenSigns: The competition, if the current trend continues, will end in a tie this week.
2022.07.03 11:35:29,222	INFO	1	com.l2jserver.gameserver.SevenSigns	SevenSigns: Next period change was in the past (server was offline), changing periods now!
2022.07.03 11:35:29,223	INFO	1	com.l2jserver.gameserver.SevenSigns	SevenSigns: Next period begins in 0 days, 0 hours and 0 mins.
2022.07.03 11:35:29,223	INFO	1	com.l2jserver.gameserver.GameServer	---------------------------------------------------=[ Cache ]
2022.07.03 11:35:29,225	INFO	1	com.l2jserver.gameserver.cache.HtmCache	Cache[HTML]: Running lazy cache
2022.07.03 11:35:29,232	INFO	15	com.l2jserver.gameserver.SevenSignsFestival	SevenSignsFestival: The first Festival of Darkness cycle begins in 2 minute(s).
2022.07.03 11:35:29,233	INFO	1	com.l2jserver.gameserver.data.sql.impl.CrestTable	CrestTable: Loaded 0 Crests.
2022.07.03 11:35:29,243	INFO	1	com.l2jserver.gameserver.data.sql.impl.TeleportLocationTable	TeleportLocationTable: Loaded 957 Teleport Location Templates.
2022.07.03 11:35:29,248	INFO	1	com.l2jserver.util.data.xml.IXmlReader	UIData: Loaded 4 keys 5 categories.
2022.07.03 11:35:29,286	INFO	15	com.l2jserver.gameserver.SevenSigns	SevenSigns: The Quest Event Results period has begun!
2022.07.03 11:35:29,286	INFO	15	com.l2jserver.gameserver.SevenSigns	SevenSigns: Next period change set to Sun Jul 03 11:50:29 CLT 2022.
2022.07.03 11:35:29,313	INFO	1	com.l2jserver.gameserver.datatables.AugmentationData	AugmentationData: Loaded: 33960 augmentations.
2022.07.03 11:35:29,314	INFO	1	com.l2jserver.gameserver.datatables.AugmentationData	AugmentationData: Loaded: 2754 accessory augmentations.
2022.07.03 11:35:29,318	INFO	1	com.l2jserver.gameserver.instancemanager.CursedWeaponsManager	CursedWeaponsManager: Loaded : 0 cursed weapon(s).
2022.07.03 11:35:29,636	INFO	1	com.l2jserver.util.data.xml.IXmlReader	TransformData: Loaded: 111 transform templates.
2022.07.03 11:35:29,647	INFO	1	com.l2jserver.gameserver.datatables.BotReportTable	BotReportTable: Loaded 0 bot reports
2022.07.03 11:35:29,648	INFO	1	com.l2jserver.gameserver.GameServer	-------------------------------------------------=[ Scripts ]
2022.07.03 11:35:29,656	INFO	1	com.l2jserver.gameserver.instancemanager.AirShipManager	AirShipManager: Loaded 0 private airships
2022.07.03 11:35:29,657	INFO	1	com.l2jserver.gameserver.GameServer	GameServer: Loading server scripts:
2022.07.03 11:35:30,675	INFO	1	handlers.MasterHandler	Loading Handlers...
2022.07.03 11:35:30,716	INFO	1	handlers.MasterHandler	ActionHandler: Loaded 10 Handlers
2022.07.03 11:35:30,716	INFO	1	handlers.MasterHandler	ActionShiftHandler: Loaded 6 Handlers
2022.07.03 11:35:30,717	INFO	1	handlers.MasterHandler	AdminCommandHandler: Loaded 447 Handlers
2022.07.03 11:35:30,718	INFO	1	handlers.MasterHandler	BypassHandler: Loaded 48 Handlers
2022.07.03 11:35:30,718	INFO	1	handlers.MasterHandler	ChatHandler: Loaded 14 Handlers
2022.07.03 11:35:30,719	INFO	1	handlers.MasterHandler	CommunityBoardHandler: Loaded 15 Handlers
2022.07.03 11:35:30,719	INFO	1	handlers.MasterHandler	ItemHandler: Loaded 31 Handlers
2022.07.03 11:35:30,719	INFO	1	handlers.MasterHandler	PunishmentHandler: Loaded 3 Handlers
2022.07.03 11:35:30,720	INFO	1	handlers.MasterHandler	UserCommandHandler: Loaded 17 Handlers
2022.07.03 11:35:30,720	INFO	1	handlers.MasterHandler	VoicedCommandHandler: Loaded 1 Handlers
2022.07.03 11:35:30,721	INFO	1	handlers.MasterHandler	TargetHandler: Loaded 35 Handlers
2022.07.03 11:35:30,721	INFO	1	handlers.MasterHandler	TelnetHandler: Loaded 20 Handlers
2022.07.03 11:35:30,722	INFO	1	handlers.MasterHandler	Handlers Loaded...
2022.07.03 11:35:34,493	INFO	1	com.l2jserver.util.data.xml.IXmlReader	NpcBuffersData: Loaded: 33 buffers data.
2022.07.03 11:35:37,970	INFO	1	com.l2jserver.gameserver.model.events.AbstractScript	Handy's Block Checker Event is enabled
2022.07.03 11:35:45,008	INFO	1	instances.InstanceLoader	InstanceLoader: Loading Instances scripts.
2022.07.03 11:35:45,216	INFO	1	gracia.GraciaLoader	GraciaLoader: Loading Gracia related scripts.
2022.07.03 11:35:45,450	INFO	1	hellbound.HellboundLoader	HellboundLoader: Loading Hellbound related scripts:
2022.07.03 11:35:45,454	INFO	1	com.l2jserver.util.data.xml.IXmlReader	HellboundPointData: Loaded 47 trust point reward data.
2022.07.03 11:35:45,470	INFO	1	com.l2jserver.util.data.xml.IXmlReader	HellboundSpawns: Loaded 598 Hellbound spawns.
2022.07.03 11:35:45,472	INFO	1	com.l2jserver.gameserver.model.events.AbstractScript	HellboundEngine: Level: 0
2022.07.03 11:35:45,473	INFO	1	com.l2jserver.gameserver.model.events.AbstractScript	HellboundEngine: Trust: 0
2022.07.03 11:35:45,473	INFO	1	com.l2jserver.gameserver.model.events.AbstractScript	HellboundEngine: Status: locked.
2022.07.03 11:35:45,528	INFO	1	com.l2jserver.gameserver.instancemanager.RaidBossSpawnManager	RaidBossSpawnManager: Loaded 187 Instances
2022.07.03 11:35:45,528	INFO	1	com.l2jserver.gameserver.instancemanager.RaidBossSpawnManager	RaidBossSpawnManager: Scheduled 0 Instances
2022.07.03 11:35:47,242	INFO	1	com.l2jserver.gameserver.model.events.AbstractScript	[EnhanceYourWeapon] Loaded 54 Soul Crystal data.
2022.07.03 11:35:47,242	INFO	1	com.l2jserver.gameserver.model.events.AbstractScript	[EnhanceYourWeapon] Loaded 240 npc Leveling info data.
2022.07.03 11:35:49,012	INFO	1	com.l2jserver.gameserver.model.events.AbstractScript	TerritoryWarSuperClass: Siege date: Sun Jul 03 22:00:00 CLT 2022
2022.07.03 11:35:49,991	INFO	1	com.l2jserver.gameserver.model.entity.clanhall.ClanHallSiegeEngine	Bandit StrongHold siege scheduled for Sun Jul 17 12:00:00 CLT 2022.
2022.07.03 11:35:50,088	INFO	1	com.l2jserver.gameserver.model.entity.clanhall.ClanHallSiegeEngine	Beast Farm siege scheduled for Sun Jul 17 12:00:00 CLT 2022.
2022.07.03 11:35:50,164	INFO	1	com.l2jserver.gameserver.model.entity.clanhall.ClanHallSiegeEngine	Devastated Castle siege scheduled for Sun Jul 17 12:00:00 CLT 2022.
2022.07.03 11:35:50,249	INFO	1	com.l2jserver.gameserver.model.entity.clanhall.ClanHallSiegeEngine	Fortress of Resistance siege scheduled for Sun Jul 17 12:00:00 CLT 2022.
2022.07.03 11:35:50,321	INFO	1	com.l2jserver.gameserver.model.entity.clanhall.ClanHallSiegeEngine	Fortresss of the Dead siege scheduled for Sun Jul 17 12:00:00 CLT 2022.
2022.07.03 11:35:50,412	INFO	1	com.l2jserver.gameserver.model.entity.clanhall.ClanHallSiegeEngine	Rainbow Springs siege scheduled for Sun Jul 17 12:00:00 CLT 2022.
2022.07.03 11:35:51,200	INFO	1	com.l2jserver.util.data.xml.IXmlReader	SpawnTable: Loaded 3765 npc spawns.
2022.07.03 11:35:51,248	INFO	1	com.l2jserver.util.data.xml.IXmlReader	SpawnTable: Loaded 1190 npc spawns from XML.
2022.07.03 11:35:51,248	INFO	1	com.l2jserver.gameserver.instancemanager.DayNightSpawnManager	DayNightSpawnManager: Removed 0 night creatures
2022.07.03 11:35:51,250	INFO	1	com.l2jserver.gameserver.instancemanager.DayNightSpawnManager	DayNightSpawnManager: Spawned 232 day creatures
2022.07.03 11:35:51,258	INFO	1	com.l2jserver.gameserver.instancemanager.FourSepulchersManager	FourSepulchersManager: loaded 20 Mysterious-Box spawns.
2022.07.03 11:35:51,272	INFO	1	com.l2jserver.gameserver.instancemanager.FourSepulchersManager	FourSepulchersManager: loaded 716 Physical type monsters spawns.
2022.07.03 11:35:51,285	INFO	1	com.l2jserver.gameserver.instancemanager.FourSepulchersManager	FourSepulchersManager: loaded 716 Magical type monsters spawns.
2022.07.03 11:35:51,288	INFO	1	com.l2jserver.gameserver.instancemanager.FourSepulchersManager	FourSepulchersManager: loaded 92 Church of duke monsters spawns.
2022.07.03 11:35:51,290	INFO	1	com.l2jserver.gameserver.instancemanager.FourSepulchersManager	FourSepulchersManager: loaded 68 Emperor's grave NPC spawns.
2022.07.03 11:35:51,290	INFO	1	com.l2jserver.gameserver.instancemanager.FourSepulchersManager	FourSepulchersManager: spawned Conquerors' Sepulcher Manager
2022.07.03 11:35:51,291	INFO	1	com.l2jserver.gameserver.instancemanager.FourSepulchersManager	FourSepulchersManager: spawned Emperors' Sepulcher Manager
2022.07.03 11:35:51,291	INFO	1	com.l2jserver.gameserver.instancemanager.FourSepulchersManager	FourSepulchersManager: spawned Great Sages' Sepulcher Manager
2022.07.03 11:35:51,291	INFO	1	com.l2jserver.gameserver.instancemanager.FourSepulchersManager	FourSepulchersManager: spawned Judges' Sepulcher Manager
2022.07.03 11:35:51,292	INFO	1	com.l2jserver.gameserver.instancemanager.FourSepulchersManager	FourSepulchersManager: Beginning in Attack time
2022.07.03 11:35:51,298	INFO	1	com.l2jserver.gameserver.instancemanager.DimensionalRiftManager	DimensionalRiftManager: Loaded 7 room types with 56 rooms.
2022.07.03 11:35:51,301	INFO	1	com.l2jserver.gameserver.instancemanager.DimensionalRiftManager	DimensionalRiftManager: Loaded 462 dimensional rift spawns, 0 errors.
2022.07.03 11:35:51,301	INFO	1	com.l2jserver.gameserver.GameServer	---------------------------------------------------=[ Siege ]
2022.07.03 11:35:51,309	INFO	1	com.l2jserver.util.data.xml.IXmlReader	SiegeScheduleData: Loaded: 2 siege schedulers.
2022.07.03 11:35:51,311	INFO	1	com.l2jserver.gameserver.model.entity.Siege	Siege of Gludio: Sun Jul 03 16:00:00 CLT 2022
2022.07.03 11:35:51,313	INFO	1	com.l2jserver.gameserver.model.entity.Siege	Siege of Dion: Sun Jul 03 16:00:00 CLT 2022
2022.07.03 11:35:51,314	INFO	1	com.l2jserver.gameserver.model.entity.Siege	Siege of Giran: Sun Jul 03 16:00:00 CLT 2022
2022.07.03 11:35:51,315	INFO	1	com.l2jserver.gameserver.model.entity.Siege	Siege of Oren: Sun Jul 03 16:00:00 CLT 2022
2022.07.03 11:35:51,316	INFO	1	com.l2jserver.gameserver.model.entity.Siege	Siege of Aden: Sun Jul 03 16:00:00 CLT 2022
2022.07.03 11:35:51,317	INFO	1	com.l2jserver.gameserver.model.entity.Siege	Siege of Innadril: Sun Jul 03 20:00:00 CLT 2022
2022.07.03 11:35:51,318	INFO	1	com.l2jserver.gameserver.model.entity.Siege	Siege of Goddard: Sun Jul 03 20:00:00 CLT 2022
2022.07.03 11:35:51,319	INFO	1	com.l2jserver.gameserver.model.entity.Siege	Siege of Rune: Sun Jul 03 20:00:00 CLT 2022
2022.07.03 11:35:51,320	INFO	1	com.l2jserver.gameserver.model.entity.Siege	Siege of Schuttgart: Sun Jul 03 20:00:00 CLT 2022
2022.07.03 11:35:51,377	INFO	1	com.l2jserver.gameserver.instancemanager.FortManager	FortManager: Loaded: 21 fortress
2022.07.03 11:35:51,450	INFO	1	com.l2jserver.util.data.xml.IXmlReader	CastleManorManager: Loaded 258 seeds.
2022.07.03 11:35:51,464	INFO	1	com.l2jserver.util.data.xml.IXmlReader	CastleManorManager: Manor data loaded.
2022.07.03 11:35:51,470	INFO	1	com.l2jserver.gameserver.instancemanager.MercTicketManager	MercTicketManager: Loaded: 0 Mercenary Tickets
2022.07.03 11:35:51,470	INFO	1	com.l2jserver.gameserver.instancemanager.QuestManager	QuestManager: Loaded: 520 quests.
2022.07.03 11:35:51,470	INFO	1	com.l2jserver.gameserver.instancemanager.QuestManager	QuestManager: Loaded: 268 scripts.
2022.07.03 11:35:51,478	INFO	1	com.l2jserver.gameserver.script.faenor.FaenorEventParser	Event ID: (Valentines Event) has passed... Ignored.
2022.07.03 11:35:51,478	INFO	1	com.l2jserver.gameserver.script.faenor.FaenorScriptEngine	FaenorScriptEngine: Loaded  Valentines.xml successfully.
2022.07.03 11:35:51,478	INFO	1	com.l2jserver.gameserver.GameServer	AutoSpawnHandler: Loaded 129 handlers in total.
2022.07.03 11:35:51,489	INFO	1	com.l2jserver.gameserver.taskmanager.TaskManager	TaskManager: Loaded: 13 Tasks
2022.07.03 11:35:51,491	INFO	1	com.l2jserver.gameserver.instancemanager.MailManager	MailManager: Successfully loaded 0 messages.
2022.07.03 11:35:51,497	INFO	1	com.l2jserver.gameserver.instancemanager.PunishmentManager	PunishmentManager: Loaded 0 active and 0 expired punishments.
2022.07.03 11:35:51,498	INFO	1	com.l2jserver.gameserver.GameServer	IdFactory: Free ObjectID's remaining: 1879002274
2022.07.03 11:35:51,498	INFO	1	com.l2jserver.gameserver.model.entity.TvTManager	TvTEventEngine[TvTManager.TvTManager()]: Engine is disabled.
2022.07.03 11:35:53,072	INFO	1	com.l2jserver.gameserver.GameServer	GameServer: Started, free memory 5552 Mb of 7282 Mb
2022.07.03 11:35:53,123	INFO	258	com.l2jserver.gameserver.LoginServerThread	Connecting to login on 127.0.0.1:9014
2022.07.03 11:35:53,373	INFO	1	com.l2jserver.gameserver.GameServer	GameServer: is now listening on: *:7777
2022.07.03 11:35:53,373	INFO	1	com.l2jserver.gameserver.GameServer	GameServer: Maximum numbers of connected players: 500
2022.07.03 11:35:53,374	INFO	1	com.l2jserver.gameserver.GameServer	GameServer: Server loaded in 50 seconds.
2022.07.03 11:35:53,374	INFO	1	com.l2jserver.gameserver.GameServer	----------------------------------------------------=[ UPnP ]
2022.07.03 11:35:53,376	INFO	1	com.l2jserver.UPnPService	Looking for UPnP Gateway Devices...
2022.07.03 11:35:53,424	INFO	258	com.l2jserver.gameserver.LoginServerThread	Registered on login as Server 1: Bartz
2022.07.03 11:35:53,815	INFO	1	com.l2jserver.UPnPService	Using UPnP gateway: ARRIS TG862G Router
2022.07.03 11:35:53,824	INFO	1	com.l2jserver.UPnPService	Using local address: 192.168.0.15 External address: 186.20.204.244
2022.07.03 11:35:53,860	INFO	1	com.l2jserver.UPnPService	Mapping successful on 192.168.0.15:7777
2022.07.03 11:35:53,860	INFO	1	com.l2jserver.gameserver.GameServer	GameServer: Telnet server is currently disabled.
2022.07.03 11:39:35,373	INFO	268	com.l2jserver.gameserver.model.actor.instance.L2PcInstance	Master access level set for character Thor.
2022.07.03 11:44:11,502	INFO	26	com.l2jserver.gameserver.instancemanager.GlobalVariablesManager	GlobalVariablesManager: Stored 6 variables.
2022.07.03 11:50:29,224	INFO	15	com.l2jserver.gameserver.SevenSigns	SevenSigns: The Seal of Avarice remains unclaimed.
2022.07.03 11:50:29,224	INFO	15	com.l2jserver.gameserver.SevenSigns	SevenSigns: The Seal of Gnosis remains unclaimed.
2022.07.03 11:50:29,224	INFO	15	com.l2jserver.gameserver.SevenSigns	SevenSigns: The Seal of Strife remains unclaimed.
2022.07.03 11:50:29,225	INFO	15	com.l2jserver.gameserver.SevenSigns	SevenSigns: The No Cabal have won the competition with 0 points!
2022.07.03 11:50:29,233	INFO	15	com.l2jserver.gameserver.SevenSigns	SevenSigns: The Seal Validation period has begun!
2022.07.03 11:50:29,233	INFO	15	com.l2jserver.gameserver.SevenSigns	SevenSigns: Next period change set to Mon Jul 04 18:00:29 CLT 2022.
2022.07.03 12:00:00,005	INFO	224	com.l2jserver.gameserver.instancemanager.DayNightSpawnManager	DayNightSpawnManager: Removed 232 day creatures
2022.07.03 12:00:00,015	INFO	224	com.l2jserver.gameserver.instancemanager.DayNightSpawnManager	DayNightSpawnManager: Spawned 553 night creatures
2022.07.03 12:03:36,343	WARNING	269	com.l2jserver.gameserver.datatables.SkillData	SkillData: No skill info found for skill id 99001 and skill level 1.
2022.07.03 12:03:36,343	WARNING	269	com.l2jserver.gameserver.model.itemcontainer.Inventory	Inventory.ItemSkillsListener.Weapon: Incorrect skill: [SkillId: 99001 Level: 1].
2022.07.03 12:03:37,775	WARNING	270	com.l2jserver.gameserver.datatables.SkillData	SkillData: No skill info found for skill id 99001 and skill level 1.
2022.07.03 12:03:37,775	WARNING	270	com.l2jserver.gameserver.model.itemcontainer.Inventory	Inventory.ItemSkillsListener.Weapon: Incorrect skill: [SkillId: 99001 Level: 1].
2022.07.03 12:05:51,500	INFO	29	com.l2jserver.gameserver.taskmanager.tasks.TaskSevenSignsUpdate	SevenSigns: Data updated successfully.
2022.07.03 12:07:17,456	WARNING	269	com.l2jserver.gameserver.network.clientpackets.L2GameClientPacket	RequestExTryToPutEnchantTargetItem: Undefined scroll have been used id: 962
2022.07.03 12:14:11,497	INFO	26	com.l2jserver.gameserver.instancemanager.GlobalVariablesManager	GlobalVariablesManager: Stored 6 variables.
2022.07.03 12:28:05,592	WARNING	267	com.l2jserver.gameserver.network.clientpackets.L2GameClientPacket	No handler registered for admin command 'admin_enhace'
2022.07.03 12:28:21,659	WARNING	269	com.l2jserver.gameserver.network.clientpackets.L2GameClientPacket	No handler registered for admin command 'admin_enhance'
2022.07.03 12:30:56,622	INFO	270	com.l2jserver.gameserver.model.actor.instance.L2PcInstance	Master access level set for character Thor.
2022.07.03 12:35:51,495	INFO	28	com.l2jserver.gameserver.taskmanager.tasks.TaskSevenSignsUpdate	SevenSigns: Data updated successfully.
