2022.08.26 11:13:25,716	INFO	1	com.l2jserver.gameserver.GameServer	------------------------------------------------=[ Database ]
2022.08.26 11:13:25,795	INFO	1	com.l2jserver.gameserver.dao.factory.impl.DAOFactory	Using MySQL DAO Factory.
2022.08.26 11:13:25,799	INFO	1	com.l2jserver.commons.database.pool.impl.ConnectionFactory	Using HikariCP connection pool.
2022.08.26 11:13:25,801	INFO	1	com.l2jserver.gameserver.GameServer	GameServer: Used memory: 40MB.
2022.08.26 11:13:25,803	INFO	1	com.zaxxer.hikari.HikariDataSource	HikariPool-1 - Starting...
2022.08.26 11:13:25,978	INFO	1	com.zaxxer.hikari.HikariDataSource	HikariPool-1 - Start completed.
2022.08.26 11:13:25,982	INFO	1	com.l2jserver.gameserver.idfactory.BitSetIDFactory	Updated characters online status.
2022.08.26 11:13:26,055	INFO	1	com.l2jserver.gameserver.idfactory.BitSetIDFactory	Cleaned 0 elements from database in 0 s
2022.08.26 11:13:26,063	INFO	1	com.l2jserver.gameserver.idfactory.BitSetIDFactory	Cleaned 0 expired timestamps from database.
2022.08.26 11:13:26,073	INFO	1	com.l2jserver.gameserver.idfactory.BitSetIDFactory	BitSetIDFactory: 102912 id's available.
2022.08.26 11:13:26,074	INFO	1	com.l2jserver.gameserver.GameServer	-------------------------------------------------=[ Engines ]
2022.08.26 11:13:26,084	INFO	1	com.l2jserver.gameserver.scripting.L2ScriptEngineManager	Script Engine: java 1.8 - Language: java - Language Version: 1.8
2022.08.26 11:13:26,319	INFO	1	com.l2jserver.gameserver.scripting.L2ScriptEngineManager	Script Engine: jython 2.2.1 - Language: python - Language Version: 2.2.1
2022.08.26 11:13:26,519	INFO	1	com.l2jserver.gameserver.scripting.L2ScriptEngineManager	Script Engine: Oracle Nashorn 1.8.0_341 - Language: ECMAScript - Language Version: ECMA - 262 Edition 5.1
2022.08.26 11:13:26,558	INFO	1	com.l2jserver.gameserver.GameServer	---------------------------------------------------=[ World ]
2022.08.26 11:13:26,562	INFO	1	com.l2jserver.util.data.xml.IXmlReader	InstanceManager: Multiverse Instance created.
2022.08.26 11:13:26,562	INFO	1	com.l2jserver.util.data.xml.IXmlReader	InstanceManager: Universe Instance created.
2022.08.26 11:13:26,685	INFO	1	com.l2jserver.util.data.xml.IXmlReader	InstanceManager: Loaded 160 instance names.
2022.08.26 11:13:26,696	INFO	1	com.l2jserver.gameserver.model.L2World	L2World: (128 by 136) World Region Grid set up.
2022.08.26 11:13:26,814	INFO	1	com.l2jserver.util.data.xml.IXmlReader	MapRegionManager: Loaded 57 map regions.
2022.08.26 11:13:26,827	INFO	1	com.l2jserver.gameserver.instancemanager.GlobalVariablesManager	GlobalVariablesManager: Loaded 6 variables.
2022.08.26 11:13:26,827	INFO	1	com.l2jserver.gameserver.GameServer	----------------------------------------------------=[ Data ]
2022.08.26 11:13:26,857	INFO	1	com.l2jserver.util.data.xml.IXmlReader	CategoryData: Loaded 124 Categories.
2022.08.26 11:13:26,863	INFO	1	com.l2jserver.util.data.xml.IXmlReader	SecondaryAuthData: Loaded 328 forbidden passwords.
2022.08.26 11:13:26,863	INFO	1	com.l2jserver.gameserver.GameServer	-------------------------------------------------=[ Effects ]
2022.08.26 11:13:27,758	INFO	1	handlers.EffectMasterHandler	EffectMasterHandler: Loaded 160 effect handlers.
2022.08.26 11:13:27,758	INFO	1	com.l2jserver.gameserver.GameServer	------------------------------------=[ Enchant Skill Groups ]
2022.08.26 11:13:27,768	INFO	1	com.l2jserver.util.data.xml.IXmlReader	EnchantSkillGroupsData: Loaded 4 groups and 90 routes.
2022.08.26 11:13:27,768	INFO	1	com.l2jserver.gameserver.GameServer	---------------------------------------------=[ Skill Trees ]
2022.08.26 11:13:28,039	INFO	1	com.l2jserver.util.data.xml.IXmlReader	Loaded 17176 Class Skills for 103 Class Skill Trees.
2022.08.26 11:13:28,039	INFO	1	com.l2jserver.util.data.xml.IXmlReader	Loaded 76 Sub-Class Skills.
2022.08.26 11:13:28,040	INFO	1	com.l2jserver.util.data.xml.IXmlReader	Loaded 77 Transfer Skills for 3 Transfer Skill Trees.
2022.08.26 11:13:28,040	INFO	1	com.l2jserver.util.data.xml.IXmlReader	Loaded 117 Fishing Skills, 8 Dwarven only Fishing Skills.
2022.08.26 11:13:28,041	INFO	1	com.l2jserver.util.data.xml.IXmlReader	Loaded 3 Collect Skills.
2022.08.26 11:13:28,041	INFO	1	com.l2jserver.util.data.xml.IXmlReader	Loaded 74 Pledge Skills, 44 for Pledge and 30 Residential.
2022.08.26 11:13:28,042	INFO	1	com.l2jserver.util.data.xml.IXmlReader	Loaded 18 Sub-Pledge Skills.
2022.08.26 11:13:28,042	INFO	1	com.l2jserver.util.data.xml.IXmlReader	Loaded 32 Transform Skills.
2022.08.26 11:13:28,043	INFO	1	com.l2jserver.util.data.xml.IXmlReader	Loaded 8 Noble Skills.
2022.08.26 11:13:28,043	INFO	1	com.l2jserver.util.data.xml.IXmlReader	Loaded 5 Hero Skills.
2022.08.26 11:13:28,044	INFO	1	com.l2jserver.util.data.xml.IXmlReader	Loaded 46 Game Master Skills.
2022.08.26 11:13:28,044	INFO	1	com.l2jserver.util.data.xml.IXmlReader	Loaded 46 Game Master Aura Skills.
2022.08.26 11:13:28,044	INFO	1	com.l2jserver.gameserver.GameServer	--------------------------------------------------=[ Skills ]
2022.08.26 11:13:30,667	INFO	1	com.l2jserver.gameserver.engines.DocumentEngine	DocumentEngine: Loaded 65961 Skill templates from XML files.
2022.08.26 11:13:30,692	INFO	1	com.l2jserver.gameserver.data.sql.impl.SummonSkillsTable	SummonSkillsTable: Loaded 1891 skills.
2022.08.26 11:13:30,692	INFO	1	com.l2jserver.gameserver.GameServer	---------------------------------------------------=[ Items ]
2022.08.26 11:13:31,342	INFO	1	com.l2jserver.gameserver.datatables.ItemTable	ItemTable: Highest item id used:102036
2022.08.26 11:13:31,344	INFO	1	com.l2jserver.gameserver.datatables.ItemTable	ItemTable: Loaded: 11481 Etc Items
2022.08.26 11:13:31,345	INFO	1	com.l2jserver.gameserver.datatables.ItemTable	ItemTable: Loaded: 3928 Armor Items
2022.08.26 11:13:31,345	INFO	1	com.l2jserver.gameserver.datatables.ItemTable	ItemTable: Loaded: 4164 Weapon Items
2022.08.26 11:13:31,346	INFO	1	com.l2jserver.gameserver.datatables.ItemTable	ItemTable: Loaded: 19573 Items in total.
2022.08.26 11:13:31,350	INFO	1	com.l2jserver.util.data.xml.IXmlReader	EnchantItemGroupsData: Loaded: 4 item group templates.
2022.08.26 11:13:31,351	INFO	1	com.l2jserver.util.data.xml.IXmlReader	EnchantItemGroupsData: Loaded: 1 scroll group templates.
2022.08.26 11:13:31,355	INFO	1	com.l2jserver.util.data.xml.IXmlReader	EnchantItemData: Loaded 63 Enchant Scrolls.
2022.08.26 11:13:31,356	INFO	1	com.l2jserver.util.data.xml.IXmlReader	EnchantItemData: Loaded 20 Support Items.
2022.08.26 11:13:31,364	INFO	1	com.l2jserver.util.data.xml.IXmlReader	EnchantItemOptionsData: Loaded: 23 Items and 1093 Options.
2022.08.26 11:13:32,059	INFO	1	com.l2jserver.util.data.xml.IXmlReader	OptionData: Loaded: 24985 Options.
2022.08.26 11:13:32,067	INFO	1	com.l2jserver.util.data.xml.IXmlReader	EnchantItemHPBonusData: Loaded 6 Enchant HP Bonuses.
2022.08.26 11:13:32,069	INFO	1	com.l2jserver.gameserver.datatables.MerchantPriceConfigTable	MerchantPriceConfigTable: Loaded 28 merchant price configs.
2022.08.26 11:13:32,778	INFO	1	com.l2jserver.util.data.xml.IXmlReader	BuyListData: Loaded 760 BuyLists.
2022.08.26 11:13:33,034	INFO	1	com.l2jserver.util.data.xml.IXmlReader	MultisellData: Loaded 192 multisell lists.
2022.08.26 11:13:33,058	INFO	1	com.l2jserver.util.data.xml.IXmlReader	RecipeData: Loaded 1000 recipes.
2022.08.26 11:13:33,088	INFO	1	com.l2jserver.util.data.xml.IXmlReader	ArmorSetsData: Loaded 208 Armor sets.
2022.08.26 11:13:33,094	INFO	1	com.l2jserver.util.data.xml.IXmlReader	FishData: Loaded 278 Fish.
2022.08.26 11:13:33,096	INFO	1	com.l2jserver.util.data.xml.IXmlReader	FishingMonstersData: Loaded 8 Fishing Monsters.
2022.08.26 11:13:33,099	INFO	1	com.l2jserver.util.data.xml.IXmlReader	FishingRodsData: Loaded 6 Fishing Rods.
2022.08.26 11:13:33,136	INFO	1	com.l2jserver.util.data.xml.IXmlReader	HennaData: Loaded 180 Henna data.
2022.08.26 11:13:33,136	INFO	1	com.l2jserver.gameserver.GameServer	----------------------------------------------=[ Characters ]
2022.08.26 11:13:33,138	INFO	1	com.l2jserver.util.data.xml.IXmlReader	ClassListData: Loaded 107 Class data.
2022.08.26 11:13:33,141	INFO	1	com.l2jserver.util.data.xml.IXmlReader	InitialEquipmentData: Loaded 11 Initial Equipment data.
2022.08.26 11:13:33,144	INFO	1	com.l2jserver.util.data.xml.IXmlReader	InitialShortcutData: Loaded 5 Initial Global Shortcuts data.
2022.08.26 11:13:33,144	INFO	1	com.l2jserver.util.data.xml.IXmlReader	InitialShortcutData: Loaded 4 Initial Shortcuts data.
2022.08.26 11:13:33,145	INFO	1	com.l2jserver.util.data.xml.IXmlReader	InitialShortcutData: Loaded 0 Macros presets.
2022.08.26 11:13:33,172	INFO	1	com.l2jserver.util.data.xml.IXmlReader	KarmaData: Loaded 85 karma modifiers.
2022.08.26 11:13:33,174	INFO	1	com.l2jserver.util.data.xml.IXmlReader	HitConditionBonusData: Loaded Hit Condition bonuses.
2022.08.26 11:13:33,374	INFO	1	com.l2jserver.util.data.xml.IXmlReader	PlayerTemplateData: Loaded 103 character templates.
2022.08.26 11:13:33,375	INFO	1	com.l2jserver.util.data.xml.IXmlReader	PlayerTemplateData: Loaded 52530 level up gain records.
2022.08.26 11:13:33,378	INFO	1	com.l2jserver.util.data.xml.IXmlReader	PlayerCreationPointData: Loaded 62 character creation points.
2022.08.26 11:13:33,381	INFO	1	com.l2jserver.gameserver.data.sql.impl.CharNameTable	CharNameTable: Loaded 2 char names.
2022.08.26 11:13:33,384	INFO	1	com.l2jserver.util.data.xml.IXmlReader	AdminData: Loaded: 10 Access Levels.
2022.08.26 11:13:33,387	INFO	1	com.l2jserver.util.data.xml.IXmlReader	AdminData: Loaded: 444 Access Commands.
2022.08.26 11:13:33,389	INFO	1	com.l2jserver.gameserver.instancemanager.RaidBossPointsManager	RaidBossPointsManager: Loaded 2 Characters Raid Points.
2022.08.26 11:13:33,634	INFO	1	com.l2jserver.util.data.xml.IXmlReader	PetDataTable: Loaded 52 Pets.
2022.08.26 11:13:33,641	INFO	1	com.l2jserver.gameserver.GameServer	---------------------------------------------------=[ Clans ]
2022.08.26 11:13:33,650	INFO	1	com.l2jserver.gameserver.communitybbs.Manager.ForumsBBSManager	Loaded 4 forums. Last forum id used: 4
2022.08.26 11:13:33,651	INFO	1	com.l2jserver.gameserver.data.sql.impl.ClanTable	ClanTable: Restored 0 clans from the database.
2022.08.26 11:13:33,665	INFO	1	com.l2jserver.gameserver.instancemanager.CHSiegeManager	CHSiegeManager: Loaded 6 conquerable clan halls.
2022.08.26 11:13:33,703	INFO	1	com.l2jserver.gameserver.instancemanager.AuctionManager	AuctionManager: Loaded: 38 auction(s)
2022.08.26 11:13:33,705	INFO	1	com.l2jserver.gameserver.instancemanager.ClanHallManager	ClanHallManager: Loaded: 0 clan halls
2022.08.26 11:13:33,705	INFO	1	com.l2jserver.gameserver.instancemanager.ClanHallManager	ClanHallManager: Loaded: 38 free clan halls
2022.08.26 11:13:33,706	INFO	1	com.l2jserver.gameserver.GameServer	-------------------------------------------------=[ Geodata ]
2022.08.26 11:13:33,711	INFO	1	com.l2jserver.gameserver.GeoData	GeoData: Loading 11_23.l2j...
2022.08.26 11:13:33,722	INFO	1	com.l2jserver.gameserver.GeoData	GeoData: Loading 11_24.l2j...
2022.08.26 11:13:33,729	INFO	1	com.l2jserver.gameserver.GeoData	GeoData: Loading 11_25.l2j...
2022.08.26 11:13:33,732	INFO	1	com.l2jserver.gameserver.GeoData	GeoData: Loading 11_26.l2j...
2022.08.26 11:13:33,738	INFO	1	com.l2jserver.gameserver.GeoData	GeoData: Loading 12_23.l2j...
2022.08.26 11:13:33,741	INFO	1	com.l2jserver.gameserver.GeoData	GeoData: Loading 12_24.l2j...
2022.08.26 11:13:33,758	INFO	1	com.l2jserver.gameserver.GeoData	GeoData: Loading 12_25.l2j...
2022.08.26 11:13:33,768	INFO	1	com.l2jserver.gameserver.GeoData	GeoData: Loading 12_26.l2j...
2022.08.26 11:13:33,772	INFO	1	com.l2jserver.gameserver.GeoData	GeoData: Loading 13_21.l2j...
2022.08.26 11:13:33,773	INFO	1	com.l2jserver.gameserver.GeoData	GeoData: Loading 13_22.l2j...
2022.08.26 11:13:33,775	INFO	1	com.l2jserver.gameserver.GeoData	GeoData: Loading 13_23.l2j...
2022.08.26 11:13:33,780	INFO	1	com.l2jserver.gameserver.GeoData	GeoData: Loading 13_24.l2j...
2022.08.26 11:13:33,788	INFO	1	com.l2jserver.gameserver.GeoData	GeoData: Loading 13_25.l2j...
2022.08.26 11:13:33,795	INFO	1	com.l2jserver.gameserver.GeoData	GeoData: Loading 13_26.l2j...
2022.08.26 11:13:33,800	INFO	1	com.l2jserver.gameserver.GeoData	GeoData: Loading 14_21.l2j...
2022.08.26 11:13:33,801	INFO	1	com.l2jserver.gameserver.GeoData	GeoData: Loading 14_22.l2j...
2022.08.26 11:13:33,811	INFO	1	com.l2jserver.gameserver.GeoData	GeoData: Loading 14_23.l2j...
2022.08.26 11:13:33,832	INFO	1	com.l2jserver.gameserver.GeoData	GeoData: Loading 14_24.l2j...
2022.08.26 11:13:33,842	INFO	1	com.l2jserver.gameserver.GeoData	GeoData: Loading 14_25.l2j...
2022.08.26 11:13:33,851	INFO	1	com.l2jserver.gameserver.GeoData	GeoData: Loading 14_26.l2j...
2022.08.26 11:13:33,854	INFO	1	com.l2jserver.gameserver.GeoData	GeoData: Loading 15_10.l2j...
2022.08.26 11:13:33,857	INFO	1	com.l2jserver.gameserver.GeoData	GeoData: Loading 15_11.l2j...
2022.08.26 11:13:33,859	INFO	1	com.l2jserver.gameserver.GeoData	GeoData: Loading 15_12.l2j...
2022.08.26 11:13:33,863	INFO	1	com.l2jserver.gameserver.GeoData	GeoData: Loading 15_18.l2j...
2022.08.26 11:13:33,864	INFO	1	com.l2jserver.gameserver.GeoData	GeoData: Loading 15_19.l2j...
2022.08.26 11:13:33,866	INFO	1	com.l2jserver.gameserver.GeoData	GeoData: Loading 15_20.l2j...
2022.08.26 11:13:33,867	INFO	1	com.l2jserver.gameserver.GeoData	GeoData: Loading 15_21.l2j...
2022.08.26 11:13:33,868	INFO	1	com.l2jserver.gameserver.GeoData	GeoData: Loading 15_22.l2j...
2022.08.26 11:13:33,869	INFO	1	com.l2jserver.gameserver.GeoData	GeoData: Loading 15_23.l2j...
2022.08.26 11:13:33,871	INFO	1	com.l2jserver.gameserver.GeoData	GeoData: Loading 15_24.l2j...
2022.08.26 11:13:33,872	INFO	1	com.l2jserver.gameserver.GeoData	GeoData: Loading 15_25.l2j...
2022.08.26 11:13:33,874	INFO	1	com.l2jserver.gameserver.GeoData	GeoData: Loading 15_26.l2j...
2022.08.26 11:13:33,876	INFO	1	com.l2jserver.gameserver.GeoData	GeoData: Loading 16_10.l2j...
2022.08.26 11:13:33,893	INFO	1	com.l2jserver.gameserver.GeoData	GeoData: Loading 16_11.l2j...
2022.08.26 11:13:33,895	INFO	1	com.l2jserver.gameserver.GeoData	GeoData: Loading 16_12.l2j...
2022.08.26 11:13:33,897	INFO	1	com.l2jserver.gameserver.GeoData	GeoData: Loading 16_13.l2j...
2022.08.26 11:13:33,899	INFO	1	com.l2jserver.gameserver.GeoData	GeoData: Loading 16_14.l2j...
2022.08.26 11:13:33,900	INFO	1	com.l2jserver.gameserver.GeoData	GeoData: Loading 16_15.l2j...
2022.08.26 11:13:33,901	INFO	1	com.l2jserver.gameserver.GeoData	GeoData: Loading 16_16.l2j...
2022.08.26 11:13:33,902	INFO	1	com.l2jserver.gameserver.GeoData	GeoData: Loading 16_17.l2j...
2022.08.26 11:13:33,903	INFO	1	com.l2jserver.gameserver.GeoData	GeoData: Loading 16_18.l2j...
2022.08.26 11:13:33,905	INFO	1	com.l2jserver.gameserver.GeoData	GeoData: Loading 16_19.l2j...
2022.08.26 11:13:33,914	INFO	1	com.l2jserver.gameserver.GeoData	GeoData: Loading 16_20.l2j...
2022.08.26 11:13:33,922	INFO	1	com.l2jserver.gameserver.GeoData	GeoData: Loading 16_21.l2j...
2022.08.26 11:13:33,925	INFO	1	com.l2jserver.gameserver.GeoData	GeoData: Loading 16_22.l2j...
2022.08.26 11:13:33,926	INFO	1	com.l2jserver.gameserver.GeoData	GeoData: Loading 16_23.l2j...
2022.08.26 11:13:33,927	INFO	1	com.l2jserver.gameserver.GeoData	GeoData: Loading 16_24.l2j...
2022.08.26 11:13:33,931	INFO	1	com.l2jserver.gameserver.GeoData	GeoData: Loading 16_25.l2j...
2022.08.26 11:13:33,937	INFO	1	com.l2jserver.gameserver.GeoData	GeoData: Loading 16_26.l2j...
2022.08.26 11:13:33,938	INFO	1	com.l2jserver.gameserver.GeoData	GeoData: Loading 17_10.l2j...
2022.08.26 11:13:33,940	INFO	1	com.l2jserver.gameserver.GeoData	GeoData: Loading 17_11.l2j...
2022.08.26 11:13:33,941	INFO	1	com.l2jserver.gameserver.GeoData	GeoData: Loading 17_12.l2j...
2022.08.26 11:13:33,943	INFO	1	com.l2jserver.gameserver.GeoData	GeoData: Loading 17_13.l2j...
2022.08.26 11:13:33,945	INFO	1	com.l2jserver.gameserver.GeoData	GeoData: Loading 17_14.l2j...
2022.08.26 11:13:33,945	INFO	1	com.l2jserver.gameserver.GeoData	GeoData: Loading 17_15.l2j...
2022.08.26 11:13:33,949	INFO	1	com.l2jserver.gameserver.GeoData	GeoData: Loading 17_16.l2j...
2022.08.26 11:13:33,958	INFO	1	com.l2jserver.gameserver.GeoData	GeoData: Loading 17_17.l2j...
2022.08.26 11:13:33,960	INFO	1	com.l2jserver.gameserver.GeoData	GeoData: Loading 17_18.l2j...
2022.08.26 11:13:33,961	INFO	1	com.l2jserver.gameserver.GeoData	GeoData: Loading 17_19.l2j...
2022.08.26 11:13:33,969	INFO	1	com.l2jserver.gameserver.GeoData	GeoData: Loading 17_20.l2j...
2022.08.26 11:13:33,977	INFO	1	com.l2jserver.gameserver.GeoData	GeoData: Loading 17_21.l2j...
2022.08.26 11:13:33,985	INFO	1	com.l2jserver.gameserver.GeoData	GeoData: Loading 17_22.l2j...
2022.08.26 11:13:33,994	INFO	1	com.l2jserver.gameserver.GeoData	GeoData: Loading 17_23.l2j...
2022.08.26 11:13:33,998	INFO	1	com.l2jserver.gameserver.GeoData	GeoData: Loading 17_24.l2j...
2022.08.26 11:13:34,000	INFO	1	com.l2jserver.gameserver.GeoData	GeoData: Loading 17_25.l2j...
2022.08.26 11:13:34,007	INFO	1	com.l2jserver.gameserver.GeoData	GeoData: Loading 17_26.l2j...
2022.08.26 11:13:34,008	INFO	1	com.l2jserver.gameserver.GeoData	GeoData: Loading 18_10.l2j...
2022.08.26 11:13:34,010	INFO	1	com.l2jserver.gameserver.GeoData	GeoData: Loading 18_11.l2j...
2022.08.26 11:13:34,012	INFO	1	com.l2jserver.gameserver.GeoData	GeoData: Loading 18_12.l2j...
2022.08.26 11:13:34,013	INFO	1	com.l2jserver.gameserver.GeoData	GeoData: Loading 18_13.l2j...
2022.08.26 11:13:34,014	INFO	1	com.l2jserver.gameserver.GeoData	GeoData: Loading 18_14.l2j...
2022.08.26 11:13:34,021	INFO	1	com.l2jserver.gameserver.GeoData	GeoData: Loading 18_15.l2j...
2022.08.26 11:13:34,025	INFO	1	com.l2jserver.gameserver.GeoData	GeoData: Loading 18_16.l2j...
2022.08.26 11:13:34,031	INFO	1	com.l2jserver.gameserver.GeoData	GeoData: Loading 18_17.l2j...
2022.08.26 11:13:34,032	INFO	1	com.l2jserver.gameserver.GeoData	GeoData: Loading 18_18.l2j...
2022.08.26 11:13:34,033	INFO	1	com.l2jserver.gameserver.GeoData	GeoData: Loading 18_19.l2j...
2022.08.26 11:13:34,039	INFO	1	com.l2jserver.gameserver.GeoData	GeoData: Loading 18_20.l2j...
2022.08.26 11:13:34,049	INFO	1	com.l2jserver.gameserver.GeoData	GeoData: Loading 18_21.l2j...
2022.08.26 11:13:34,057	INFO	1	com.l2jserver.gameserver.GeoData	GeoData: Loading 18_22.l2j...
2022.08.26 11:13:34,066	INFO	1	com.l2jserver.gameserver.GeoData	GeoData: Loading 18_23.l2j...
2022.08.26 11:13:34,075	INFO	1	com.l2jserver.gameserver.GeoData	GeoData: Loading 18_24.l2j...
2022.08.26 11:13:34,083	INFO	1	com.l2jserver.gameserver.GeoData	GeoData: Loading 18_25.l2j...
2022.08.26 11:13:34,085	INFO	1	com.l2jserver.gameserver.GeoData	GeoData: Loading 18_26.l2j...
2022.08.26 11:13:34,086	INFO	1	com.l2jserver.gameserver.GeoData	GeoData: Loading 19_10.l2j...
2022.08.26 11:13:34,088	INFO	1	com.l2jserver.gameserver.GeoData	GeoData: Loading 19_11.l2j...
2022.08.26 11:13:34,089	INFO	1	com.l2jserver.gameserver.GeoData	GeoData: Loading 19_12.l2j...
2022.08.26 11:13:34,091	INFO	1	com.l2jserver.gameserver.GeoData	GeoData: Loading 19_13.l2j...
2022.08.26 11:13:34,096	INFO	1	com.l2jserver.gameserver.GeoData	GeoData: Loading 19_14.l2j...
2022.08.26 11:13:34,105	INFO	1	com.l2jserver.gameserver.GeoData	GeoData: Loading 19_15.l2j...
2022.08.26 11:13:34,111	INFO	1	com.l2jserver.gameserver.GeoData	GeoData: Loading 19_16.l2j...
2022.08.26 11:13:34,116	INFO	1	com.l2jserver.gameserver.GeoData	GeoData: Loading 19_17.l2j...
2022.08.26 11:13:34,118	INFO	1	com.l2jserver.gameserver.GeoData	GeoData: Loading 19_18.l2j...
2022.08.26 11:13:34,127	INFO	1	com.l2jserver.gameserver.GeoData	GeoData: Loading 19_19.l2j...
2022.08.26 11:13:34,135	INFO	1	com.l2jserver.gameserver.GeoData	GeoData: Loading 19_20.l2j...
2022.08.26 11:13:34,143	INFO	1	com.l2jserver.gameserver.GeoData	GeoData: Loading 19_21.l2j...
2022.08.26 11:13:34,312	INFO	1	com.l2jserver.gameserver.GeoData	GeoData: Loading 19_22.l2j...
2022.08.26 11:13:34,323	INFO	1	com.l2jserver.gameserver.GeoData	GeoData: Loading 19_23.l2j...
2022.08.26 11:13:34,336	INFO	1	com.l2jserver.gameserver.GeoData	GeoData: Loading 19_24.l2j...
2022.08.26 11:13:34,342	INFO	1	com.l2jserver.gameserver.GeoData	GeoData: Loading 19_25.l2j...
2022.08.26 11:13:34,351	INFO	1	com.l2jserver.gameserver.GeoData	GeoData: Loading 19_26.l2j...
2022.08.26 11:13:34,354	INFO	1	com.l2jserver.gameserver.GeoData	GeoData: Loading 20_10.l2j...
2022.08.26 11:13:34,356	INFO	1	com.l2jserver.gameserver.GeoData	GeoData: Loading 20_11.l2j...
2022.08.26 11:13:34,358	INFO	1	com.l2jserver.gameserver.GeoData	GeoData: Loading 20_12.l2j...
2022.08.26 11:13:34,359	INFO	1	com.l2jserver.gameserver.GeoData	GeoData: Loading 20_13.l2j...
2022.08.26 11:13:34,364	INFO	1	com.l2jserver.gameserver.GeoData	GeoData: Loading 20_14.l2j...
2022.08.26 11:13:34,375	INFO	1	com.l2jserver.gameserver.GeoData	GeoData: Loading 20_15.l2j...
2022.08.26 11:13:34,380	INFO	1	com.l2jserver.gameserver.GeoData	GeoData: Loading 20_16.l2j...
2022.08.26 11:13:34,386	INFO	1	com.l2jserver.gameserver.GeoData	GeoData: Loading 20_17.l2j...
2022.08.26 11:13:34,394	INFO	1	com.l2jserver.gameserver.GeoData	GeoData: Loading 20_18.l2j...
2022.08.26 11:13:34,401	INFO	1	com.l2jserver.gameserver.GeoData	GeoData: Loading 20_19.l2j...
2022.08.26 11:13:34,408	INFO	1	com.l2jserver.gameserver.GeoData	GeoData: Loading 20_20.l2j...
2022.08.26 11:13:34,418	INFO	1	com.l2jserver.gameserver.GeoData	GeoData: Loading 20_21.l2j...
2022.08.26 11:13:34,431	INFO	1	com.l2jserver.gameserver.GeoData	GeoData: Loading 20_22.l2j...
2022.08.26 11:13:34,440	INFO	1	com.l2jserver.gameserver.GeoData	GeoData: Loading 20_23.l2j...
2022.08.26 11:13:34,448	INFO	1	com.l2jserver.gameserver.GeoData	GeoData: Loading 20_24.l2j...
2022.08.26 11:13:34,449	INFO	1	com.l2jserver.gameserver.GeoData	GeoData: Loading 20_25.l2j...
2022.08.26 11:13:34,458	INFO	1	com.l2jserver.gameserver.GeoData	GeoData: Loading 20_26.l2j...
2022.08.26 11:13:34,479	INFO	1	com.l2jserver.gameserver.GeoData	GeoData: Loading 21_10.l2j...
2022.08.26 11:13:34,481	INFO	1	com.l2jserver.gameserver.GeoData	GeoData: Loading 21_11.l2j...
2022.08.26 11:13:34,483	INFO	1	com.l2jserver.gameserver.GeoData	GeoData: Loading 21_12.l2j...
2022.08.26 11:13:34,485	INFO	1	com.l2jserver.gameserver.GeoData	GeoData: Loading 21_13.l2j...
2022.08.26 11:13:34,488	INFO	1	com.l2jserver.gameserver.GeoData	GeoData: Loading 21_14.l2j...
2022.08.26 11:13:34,498	INFO	1	com.l2jserver.gameserver.GeoData	GeoData: Loading 21_15.l2j...
2022.08.26 11:13:34,508	INFO	1	com.l2jserver.gameserver.GeoData	GeoData: Loading 21_16.l2j...
2022.08.26 11:13:34,519	INFO	1	com.l2jserver.gameserver.GeoData	GeoData: Loading 21_17.l2j...
2022.08.26 11:13:34,523	INFO	1	com.l2jserver.gameserver.GeoData	GeoData: Loading 21_18.l2j...
2022.08.26 11:13:34,532	INFO	1	com.l2jserver.gameserver.GeoData	GeoData: Loading 21_19.l2j...
2022.08.26 11:13:34,539	INFO	1	com.l2jserver.gameserver.GeoData	GeoData: Loading 21_20.l2j...
2022.08.26 11:13:34,549	INFO	1	com.l2jserver.gameserver.GeoData	GeoData: Loading 21_21.l2j...
2022.08.26 11:13:34,559	INFO	1	com.l2jserver.gameserver.GeoData	GeoData: Loading 21_22.l2j...
2022.08.26 11:13:34,568	INFO	1	com.l2jserver.gameserver.GeoData	GeoData: Loading 21_23.l2j...
2022.08.26 11:13:34,577	INFO	1	com.l2jserver.gameserver.GeoData	GeoData: Loading 21_24.l2j...
2022.08.26 11:13:34,585	INFO	1	com.l2jserver.gameserver.GeoData	GeoData: Loading 21_25.l2j...
2022.08.26 11:13:34,586	INFO	1	com.l2jserver.gameserver.GeoData	GeoData: Loading 22_10.l2j...
2022.08.26 11:13:34,588	INFO	1	com.l2jserver.gameserver.GeoData	GeoData: Loading 22_11.l2j...
2022.08.26 11:13:34,595	INFO	1	com.l2jserver.gameserver.GeoData	GeoData: Loading 22_12.l2j...
2022.08.26 11:13:34,596	INFO	1	com.l2jserver.gameserver.GeoData	GeoData: Loading 22_13.l2j...
2022.08.26 11:13:34,605	INFO	1	com.l2jserver.gameserver.GeoData	GeoData: Loading 22_14.l2j...
2022.08.26 11:13:34,615	INFO	1	com.l2jserver.gameserver.GeoData	GeoData: Loading 22_15.l2j...
2022.08.26 11:13:34,625	INFO	1	com.l2jserver.gameserver.GeoData	GeoData: Loading 22_16.l2j...
2022.08.26 11:13:34,634	INFO	1	com.l2jserver.gameserver.GeoData	GeoData: Loading 22_17.l2j...
2022.08.26 11:13:34,642	INFO	1	com.l2jserver.gameserver.GeoData	GeoData: Loading 22_18.l2j...
2022.08.26 11:13:34,651	INFO	1	com.l2jserver.gameserver.GeoData	GeoData: Loading 22_19.l2j...
2022.08.26 11:13:34,659	INFO	1	com.l2jserver.gameserver.GeoData	GeoData: Loading 22_20.l2j...
2022.08.26 11:13:34,669	INFO	1	com.l2jserver.gameserver.GeoData	GeoData: Loading 22_21.l2j...
2022.08.26 11:13:34,678	INFO	1	com.l2jserver.gameserver.GeoData	GeoData: Loading 22_22.l2j...
2022.08.26 11:13:34,687	INFO	1	com.l2jserver.gameserver.GeoData	GeoData: Loading 22_23.l2j...
2022.08.26 11:13:34,695	INFO	1	com.l2jserver.gameserver.GeoData	GeoData: Loading 22_24.l2j...
2022.08.26 11:13:34,703	INFO	1	com.l2jserver.gameserver.GeoData	GeoData: Loading 22_25.l2j...
2022.08.26 11:13:34,710	INFO	1	com.l2jserver.gameserver.GeoData	GeoData: Loading 22_26.l2j...
2022.08.26 11:13:34,711	INFO	1	com.l2jserver.gameserver.GeoData	GeoData: Loading 23_10.l2j...
2022.08.26 11:13:34,712	INFO	1	com.l2jserver.gameserver.GeoData	GeoData: Loading 23_11.l2j...
2022.08.26 11:13:34,718	INFO	1	com.l2jserver.gameserver.GeoData	GeoData: Loading 23_12.l2j...
2022.08.26 11:13:34,728	INFO	1	com.l2jserver.gameserver.GeoData	GeoData: Loading 23_13.l2j...
2022.08.26 11:13:34,738	INFO	1	com.l2jserver.gameserver.GeoData	GeoData: Loading 23_14.l2j...
2022.08.26 11:13:34,750	INFO	1	com.l2jserver.gameserver.GeoData	GeoData: Loading 23_15.l2j...
2022.08.26 11:13:34,762	INFO	1	com.l2jserver.gameserver.GeoData	GeoData: Loading 23_16.l2j...
2022.08.26 11:13:34,772	INFO	1	com.l2jserver.gameserver.GeoData	GeoData: Loading 23_17.l2j...
2022.08.26 11:13:34,780	INFO	1	com.l2jserver.gameserver.GeoData	GeoData: Loading 23_18.l2j...
2022.08.26 11:13:34,790	INFO	1	com.l2jserver.gameserver.GeoData	GeoData: Loading 23_19.l2j...
2022.08.26 11:13:34,800	INFO	1	com.l2jserver.gameserver.GeoData	GeoData: Loading 23_20.l2j...
2022.08.26 11:13:34,809	INFO	1	com.l2jserver.gameserver.GeoData	GeoData: Loading 23_21.l2j...
2022.08.26 11:13:34,819	INFO	1	com.l2jserver.gameserver.GeoData	GeoData: Loading 23_22.l2j...
2022.08.26 11:13:34,827	INFO	1	com.l2jserver.gameserver.GeoData	GeoData: Loading 23_23.l2j...
2022.08.26 11:13:34,836	INFO	1	com.l2jserver.gameserver.GeoData	GeoData: Loading 23_24.l2j...
2022.08.26 11:13:34,844	INFO	1	com.l2jserver.gameserver.GeoData	GeoData: Loading 23_25.l2j...
2022.08.26 11:13:34,850	INFO	1	com.l2jserver.gameserver.GeoData	GeoData: Loading 23_26.l2j...
2022.08.26 11:13:34,851	INFO	1	com.l2jserver.gameserver.GeoData	GeoData: Loading 24_10.l2j...
2022.08.26 11:13:34,852	INFO	1	com.l2jserver.gameserver.GeoData	GeoData: Loading 24_11.l2j...
2022.08.26 11:13:34,859	INFO	1	com.l2jserver.gameserver.GeoData	GeoData: Loading 24_12.l2j...
2022.08.26 11:13:34,871	INFO	1	com.l2jserver.gameserver.GeoData	GeoData: Loading 24_13.l2j...
2022.08.26 11:13:34,875	INFO	1	com.l2jserver.gameserver.GeoData	GeoData: Loading 24_14.l2j...
2022.08.26 11:13:34,884	INFO	1	com.l2jserver.gameserver.GeoData	GeoData: Loading 24_15.l2j...
2022.08.26 11:13:34,894	INFO	1	com.l2jserver.gameserver.GeoData	GeoData: Loading 24_16.l2j...
2022.08.26 11:13:34,904	INFO	1	com.l2jserver.gameserver.GeoData	GeoData: Loading 24_17.l2j...
2022.08.26 11:13:34,912	INFO	1	com.l2jserver.gameserver.GeoData	GeoData: Loading 24_18.l2j...
2022.08.26 11:13:34,921	INFO	1	com.l2jserver.gameserver.GeoData	GeoData: Loading 24_19.l2j...
2022.08.26 11:13:34,929	INFO	1	com.l2jserver.gameserver.GeoData	GeoData: Loading 24_20.l2j...
2022.08.26 11:13:34,940	INFO	1	com.l2jserver.gameserver.GeoData	GeoData: Loading 24_21.l2j...
2022.08.26 11:13:34,945	INFO	1	com.l2jserver.gameserver.GeoData	GeoData: Loading 24_22.l2j...
2022.08.26 11:13:34,956	INFO	1	com.l2jserver.gameserver.GeoData	GeoData: Loading 24_23.l2j...
2022.08.26 11:13:34,965	INFO	1	com.l2jserver.gameserver.GeoData	GeoData: Loading 24_24.l2j...
2022.08.26 11:13:34,967	INFO	1	com.l2jserver.gameserver.GeoData	GeoData: Loading 24_25.l2j...
2022.08.26 11:13:34,969	INFO	1	com.l2jserver.gameserver.GeoData	GeoData: Loading 24_26.l2j...
2022.08.26 11:13:34,971	INFO	1	com.l2jserver.gameserver.GeoData	GeoData: Loading 25_10.l2j...
2022.08.26 11:13:34,972	INFO	1	com.l2jserver.gameserver.GeoData	GeoData: Loading 25_11.l2j...
2022.08.26 11:13:34,983	INFO	1	com.l2jserver.gameserver.GeoData	GeoData: Loading 25_12.l2j...
2022.08.26 11:13:34,995	INFO	1	com.l2jserver.gameserver.GeoData	GeoData: Loading 25_14.l2j...
2022.08.26 11:13:35,009	INFO	1	com.l2jserver.gameserver.GeoData	GeoData: Loading 25_15.l2j...
2022.08.26 11:13:35,020	INFO	1	com.l2jserver.gameserver.GeoData	GeoData: Loading 25_16.l2j...
2022.08.26 11:13:35,030	INFO	1	com.l2jserver.gameserver.GeoData	GeoData: Loading 25_17.l2j...
2022.08.26 11:13:35,040	INFO	1	com.l2jserver.gameserver.GeoData	GeoData: Loading 25_18.l2j...
2022.08.26 11:13:35,047	INFO	1	com.l2jserver.gameserver.GeoData	GeoData: Loading 25_19.l2j...
2022.08.26 11:13:35,058	INFO	1	com.l2jserver.gameserver.GeoData	GeoData: Loading 25_20.l2j...
2022.08.26 11:13:35,062	INFO	1	com.l2jserver.gameserver.GeoData	GeoData: Loading 25_21.l2j...
2022.08.26 11:13:35,064	INFO	1	com.l2jserver.gameserver.GeoData	GeoData: Loading 25_22.l2j...
2022.08.26 11:13:35,065	INFO	1	com.l2jserver.gameserver.GeoData	GeoData: Loading 25_23.l2j...
2022.08.26 11:13:35,067	INFO	1	com.l2jserver.gameserver.GeoData	GeoData: Loading 25_24.l2j...
2022.08.26 11:13:35,068	INFO	1	com.l2jserver.gameserver.GeoData	GeoData: Loading 26_11.l2j...
2022.08.26 11:13:35,071	INFO	1	com.l2jserver.gameserver.GeoData	GeoData: Loading 26_12.l2j...
2022.08.26 11:13:35,074	INFO	1	com.l2jserver.gameserver.GeoData	GeoData: Loading 26_14.l2j...
2022.08.26 11:13:35,078	INFO	1	com.l2jserver.gameserver.GeoData	GeoData: Loading 26_15.l2j...
2022.08.26 11:13:35,079	INFO	1	com.l2jserver.gameserver.GeoData	GeoData: Loading 26_16.l2j...
2022.08.26 11:13:35,082	INFO	1	com.l2jserver.gameserver.GeoData	GeoData: Loaded 203 regions.
2022.08.26 11:13:35,082	INFO	1	com.l2jserver.gameserver.GameServer	----------------------------------------------------=[ NPCs ]
2022.08.26 11:13:35,086	INFO	1	com.l2jserver.util.data.xml.IXmlReader	SkillLearnData: Loaded 256 Skill Learn data.
2022.08.26 11:13:35,095	INFO	1	com.l2jserver.util.data.xml.IXmlReader	MinionData: Loaded 128 minions data.
2022.08.26 11:13:36,725	INFO	1	com.l2jserver.util.data.xml.IXmlReader	NpcData: Loaded 10461 NPCs.
2022.08.26 11:13:38,918	INFO	1	com.l2jserver.util.data.xml.IXmlReader	WalkingManager: Loaded 123 walking routes.
2022.08.26 11:13:38,931	INFO	1	com.l2jserver.util.data.xml.IXmlReader	StaticObjectData: Loaded 51 static object templates.
2022.08.26 11:13:39,029	INFO	1	com.l2jserver.gameserver.instancemanager.GrandBossManager	GrandBossManager: Queen Ant(29001) status is 0.
2022.08.26 11:13:39,029	INFO	1	com.l2jserver.gameserver.instancemanager.GrandBossManager	GrandBossManager: Core(29006) status is 0.
2022.08.26 11:13:39,030	INFO	1	com.l2jserver.gameserver.instancemanager.GrandBossManager	GrandBossManager: Orfen(29014) status is 0.
2022.08.26 11:13:39,031	INFO	1	com.l2jserver.gameserver.instancemanager.GrandBossManager	GrandBossManager: Baium(29020) status is 0.
2022.08.26 11:13:39,031	INFO	1	com.l2jserver.gameserver.instancemanager.GrandBossManager	GrandBossManager: Valakas(29028) status is 0.
2022.08.26 11:13:39,032	INFO	1	com.l2jserver.gameserver.instancemanager.GrandBossManager	GrandBossManager: Antharas(29068) status is 0.
2022.08.26 11:13:39,032	INFO	1	com.l2jserver.gameserver.instancemanager.GrandBossManager	GrandBossManager: Beleth(29118) status is 0.
2022.08.26 11:13:39,032	INFO	1	com.l2jserver.gameserver.instancemanager.GrandBossManager	GrandBossManager: Loaded 7 Instances
2022.08.26 11:13:39,246	INFO	1	com.l2jserver.util.data.xml.IXmlReader	DoorData: Loaded 1301 Door templates for 22 regions.
2022.08.26 11:13:39,876	INFO	1	com.l2jserver.util.data.xml.IXmlReader	ZoneManager: Loaded 28 zone classes and 2793 zones.
2022.08.26 11:13:39,876	INFO	1	com.l2jserver.util.data.xml.IXmlReader	ZoneManager: Loaded 0 NPC spawn territoriers.
2022.08.26 11:13:39,907	INFO	1	com.l2jserver.gameserver.instancemanager.CastleManager	CastleManager: Loaded: 9 castles
2022.08.26 11:13:39,909	INFO	1	com.l2jserver.gameserver.data.sql.impl.NpcBufferTable	NpcBufferTable: Loaded 1 buffers and 10 skills.
2022.08.26 11:13:39,910	INFO	1	com.l2jserver.gameserver.instancemanager.GrandBossManager	GrandBossManager: Initialized 12 Grand Boss Zones
2022.08.26 11:13:39,911	INFO	1	com.l2jserver.gameserver.GameServer	-----------------------------------------=[ Auction Manager ]
2022.08.26 11:13:39,921	INFO	1	com.l2jserver.gameserver.model.itemauction.ItemAuctionInstance	Clearing expired auction ID 7.
2022.08.26 11:13:39,929	INFO	1	com.l2jserver.gameserver.model.itemauction.ItemAuctionInstance	Loaded 82 item(s) and registered 1 auction(s) for NPC ID 32320.
2022.08.26 11:13:39,930	INFO	1	com.l2jserver.gameserver.model.itemauction.ItemAuctionInstance	Schedule next auction ID 10 on 17:00:00 26.08.22 for NPC ID 32320.
2022.08.26 11:13:39,931	INFO	1	com.l2jserver.gameserver.model.itemauction.ItemAuctionInstance	Clearing expired auction ID 8.
2022.08.26 11:13:39,938	INFO	1	com.l2jserver.gameserver.model.itemauction.ItemAuctionInstance	Loaded 82 item(s) and registered 1 auction(s) for NPC ID 32321.
2022.08.26 11:13:39,938	INFO	1	com.l2jserver.gameserver.model.itemauction.ItemAuctionInstance	Schedule next auction ID 11 on 17:00:00 29.08.22 for NPC ID 32321.
2022.08.26 11:13:39,940	INFO	1	com.l2jserver.gameserver.model.itemauction.ItemAuctionInstance	Clearing expired auction ID 9.
2022.08.26 11:13:39,944	INFO	1	com.l2jserver.gameserver.model.itemauction.ItemAuctionInstance	Loaded 82 item(s) and registered 1 auction(s) for NPC ID 32322.
2022.08.26 11:13:39,944	INFO	1	com.l2jserver.gameserver.model.itemauction.ItemAuctionInstance	Schedule next auction ID 12 on 17:00:00 31.08.22 for NPC ID 32322.
2022.08.26 11:13:39,945	INFO	1	com.l2jserver.gameserver.instancemanager.ItemAuctionManager	Loaded 3 auction manager instance(s).
2022.08.26 11:13:39,945	INFO	1	com.l2jserver.gameserver.GameServer	------------------------------------------------=[ Olympiad ]
2022.08.26 11:13:40,089	INFO	1	com.l2jserver.gameserver.model.olympiad.Olympiad	Olympiad System: Loading Olympiad System....
2022.08.26 11:13:40,089	INFO	1	com.l2jserver.gameserver.model.olympiad.Olympiad	Olympiad System: Currently in Olympiad Period
2022.08.26 11:13:40,090	INFO	1	com.l2jserver.gameserver.model.olympiad.Olympiad	Olympiad System: 8686 minutes until period ends
2022.08.26 11:13:40,091	INFO	1	com.l2jserver.gameserver.model.olympiad.Olympiad	Olympiad System: Next weekly change is in 10079 minutes
2022.08.26 11:13:40,091	INFO	1	com.l2jserver.gameserver.model.olympiad.Olympiad	Olympiad System: Loaded 0 Nobles
2022.08.26 11:13:40,093	INFO	1	com.l2jserver.gameserver.model.olympiad.Olympiad	Olympiad System: Competition Period Starts in 0 days, 6 hours and 46 mins.
2022.08.26 11:13:40,095	INFO	1	com.l2jserver.gameserver.model.olympiad.Olympiad	Olympiad System: Event starts/started : Fri Aug 26 18:00:40 CLT 2022
2022.08.26 11:13:40,100	INFO	1	com.l2jserver.gameserver.model.entity.Hero	Hero System: Loaded 0 Heroes.
2022.08.26 11:13:40,100	INFO	1	com.l2jserver.gameserver.model.entity.Hero	Hero System: Loaded 0 all time Heroes.
2022.08.26 11:13:40,101	INFO	1	com.l2jserver.gameserver.GameServer	---------------------------------------------=[ Seven Signs ]
2022.08.26 11:13:40,109	INFO	1	com.l2jserver.gameserver.SevenSigns	SevenSigns: Currently in the Quest Event Results period.
2022.08.26 11:13:40,109	INFO	1	com.l2jserver.gameserver.SevenSigns	SevenSigns: The Seal of Avarice remains unclaimed.
2022.08.26 11:13:40,110	INFO	1	com.l2jserver.gameserver.SevenSigns	SevenSigns: The Seal of Gnosis remains unclaimed.
2022.08.26 11:13:40,111	INFO	1	com.l2jserver.gameserver.SevenSigns	SevenSigns: The Seal of Strife remains unclaimed.
2022.08.26 11:13:40,112	INFO	1	com.l2jserver.gameserver.SevenSigns	SevenSigns: The competition, if the current trend continues, will end in a tie this week.
2022.08.26 11:13:40,113	INFO	1	com.l2jserver.gameserver.SevenSigns	SevenSigns: Next period change was in the past (server was offline), changing periods now!
2022.08.26 11:13:40,114	INFO	1	com.l2jserver.gameserver.SevenSigns	SevenSigns: Next period begins in 0 days, 0 hours and 0 mins.
2022.08.26 11:13:40,114	INFO	15	com.l2jserver.gameserver.SevenSigns	SevenSigns: The Seal of Avarice remains unclaimed.
2022.08.26 11:13:40,114	INFO	1	com.l2jserver.gameserver.GameServer	---------------------------------------------------=[ Cache ]
2022.08.26 11:13:40,114	INFO	15	com.l2jserver.gameserver.SevenSigns	SevenSigns: The Seal of Gnosis remains unclaimed.
2022.08.26 11:13:40,116	INFO	15	com.l2jserver.gameserver.SevenSigns	SevenSigns: The Seal of Strife remains unclaimed.
2022.08.26 11:13:40,116	INFO	15	com.l2jserver.gameserver.SevenSigns	SevenSigns: The No Cabal have won the competition with 0 points!
2022.08.26 11:13:40,116	INFO	1	com.l2jserver.gameserver.cache.HtmCache	Cache[HTML]: Running lazy cache
2022.08.26 11:13:40,123	INFO	15	com.l2jserver.gameserver.SevenSignsFestival	SevenSignsFestival: Initialization bypassed due to Seal Validation in effect.
2022.08.26 11:13:40,123	INFO	1	com.l2jserver.gameserver.data.sql.impl.CrestTable	CrestTable: Loaded 0 Crests.
2022.08.26 11:13:40,129	INFO	1	com.l2jserver.gameserver.data.sql.impl.TeleportLocationTable	TeleportLocationTable: Loaded 957 Teleport Location Templates.
2022.08.26 11:13:40,134	INFO	1	com.l2jserver.util.data.xml.IXmlReader	UIData: Loaded 4 keys 5 categories.
2022.08.26 11:13:40,171	INFO	15	com.l2jserver.gameserver.SevenSigns	SevenSigns: The Seal Validation period has begun!
2022.08.26 11:13:40,171	INFO	15	com.l2jserver.gameserver.SevenSigns	SevenSigns: Next period change set to Mon Aug 29 18:00:40 CLT 2022.
2022.08.26 11:13:40,188	INFO	1	com.l2jserver.gameserver.datatables.AugmentationData	AugmentationData: Loaded: 33960 augmentations.
2022.08.26 11:13:40,189	INFO	1	com.l2jserver.gameserver.datatables.AugmentationData	AugmentationData: Loaded: 2754 accessory augmentations.
2022.08.26 11:13:40,192	INFO	1	com.l2jserver.gameserver.instancemanager.CursedWeaponsManager	CursedWeaponsManager: Loaded : 0 cursed weapon(s).
2022.08.26 11:13:40,437	INFO	1	com.l2jserver.util.data.xml.IXmlReader	TransformData: Loaded: 111 transform templates.
2022.08.26 11:13:40,448	INFO	1	com.l2jserver.gameserver.datatables.BotReportTable	BotReportTable: Loaded 0 bot reports
2022.08.26 11:13:40,449	INFO	1	com.l2jserver.gameserver.GameServer	-------------------------------------------------=[ Scripts ]
2022.08.26 11:13:40,454	INFO	1	com.l2jserver.gameserver.instancemanager.AirShipManager	AirShipManager: Loaded 0 private airships
2022.08.26 11:13:40,455	INFO	1	com.l2jserver.gameserver.GameServer	GameServer: Loading server scripts:
2022.08.26 11:13:41,353	INFO	1	handlers.MasterHandler	Loading Handlers...
2022.08.26 11:13:41,394	INFO	1	handlers.MasterHandler	ActionHandler: Loaded 10 Handlers
2022.08.26 11:13:41,394	INFO	1	handlers.MasterHandler	ActionShiftHandler: Loaded 6 Handlers
2022.08.26 11:13:41,395	INFO	1	handlers.MasterHandler	AdminCommandHandler: Loaded 447 Handlers
2022.08.26 11:13:41,395	INFO	1	handlers.MasterHandler	BypassHandler: Loaded 48 Handlers
2022.08.26 11:13:41,396	INFO	1	handlers.MasterHandler	ChatHandler: Loaded 14 Handlers
2022.08.26 11:13:41,396	INFO	1	handlers.MasterHandler	CommunityBoardHandler: Loaded 15 Handlers
2022.08.26 11:13:41,396	INFO	1	handlers.MasterHandler	ItemHandler: Loaded 31 Handlers
2022.08.26 11:13:41,397	INFO	1	handlers.MasterHandler	PunishmentHandler: Loaded 3 Handlers
2022.08.26 11:13:41,397	INFO	1	handlers.MasterHandler	UserCommandHandler: Loaded 17 Handlers
2022.08.26 11:13:41,398	INFO	1	handlers.MasterHandler	VoicedCommandHandler: Loaded 1 Handlers
2022.08.26 11:13:41,398	INFO	1	handlers.MasterHandler	TargetHandler: Loaded 35 Handlers
2022.08.26 11:13:41,398	INFO	1	handlers.MasterHandler	TelnetHandler: Loaded 20 Handlers
2022.08.26 11:13:41,399	INFO	1	handlers.MasterHandler	Handlers Loaded...
2022.08.26 11:13:44,895	INFO	1	com.l2jserver.util.data.xml.IXmlReader	NpcBuffersData: Loaded: 33 buffers data.
2022.08.26 11:13:48,277	INFO	1	com.l2jserver.gameserver.model.events.AbstractScript	Handy's Block Checker Event is enabled
2022.08.26 11:13:54,965	INFO	1	instances.InstanceLoader	InstanceLoader: Loading Instances scripts.
2022.08.26 11:13:55,145	INFO	1	gracia.GraciaLoader	GraciaLoader: Loading Gracia related scripts.
2022.08.26 11:13:55,360	INFO	1	hellbound.HellboundLoader	HellboundLoader: Loading Hellbound related scripts:
2022.08.26 11:13:55,363	INFO	1	com.l2jserver.util.data.xml.IXmlReader	HellboundPointData: Loaded 47 trust point reward data.
2022.08.26 11:13:55,381	INFO	1	com.l2jserver.util.data.xml.IXmlReader	HellboundSpawns: Loaded 598 Hellbound spawns.
2022.08.26 11:13:55,383	INFO	1	com.l2jserver.gameserver.model.events.AbstractScript	HellboundEngine: Level: 0
2022.08.26 11:13:55,383	INFO	1	com.l2jserver.gameserver.model.events.AbstractScript	HellboundEngine: Trust: 0
2022.08.26 11:13:55,384	INFO	1	com.l2jserver.gameserver.model.events.AbstractScript	HellboundEngine: Status: locked.
2022.08.26 11:13:55,457	INFO	1	com.l2jserver.gameserver.instancemanager.RaidBossSpawnManager	RaidBossSpawnManager: Loaded 187 Instances
2022.08.26 11:13:55,457	INFO	1	com.l2jserver.gameserver.instancemanager.RaidBossSpawnManager	RaidBossSpawnManager: Scheduled 0 Instances
2022.08.26 11:13:56,771	INFO	1	com.l2jserver.gameserver.model.events.AbstractScript	[EnhanceYourWeapon] Loaded 54 Soul Crystal data.
2022.08.26 11:13:56,771	INFO	1	com.l2jserver.gameserver.model.events.AbstractScript	[EnhanceYourWeapon] Loaded 240 npc Leveling info data.
2022.08.26 11:13:58,424	INFO	1	com.l2jserver.gameserver.model.events.AbstractScript	TerritoryWarSuperClass: Siege date: Sun Aug 28 22:00:00 CLT 2022
2022.08.26 11:13:59,396	INFO	1	com.l2jserver.gameserver.model.entity.clanhall.ClanHallSiegeEngine	Bandit StrongHold siege scheduled for Fri Sep 09 12:00:00 CLST 2022.
2022.08.26 11:13:59,487	INFO	1	com.l2jserver.gameserver.model.entity.clanhall.ClanHallSiegeEngine	Beast Farm siege scheduled for Fri Sep 09 12:00:00 CLST 2022.
2022.08.26 11:13:59,566	INFO	1	com.l2jserver.gameserver.model.entity.clanhall.ClanHallSiegeEngine	Devastated Castle siege scheduled for Fri Sep 09 12:00:00 CLST 2022.
2022.08.26 11:13:59,648	INFO	1	com.l2jserver.gameserver.model.entity.clanhall.ClanHallSiegeEngine	Fortress of Resistance siege scheduled for Fri Sep 09 12:00:00 CLST 2022.
2022.08.26 11:13:59,721	INFO	1	com.l2jserver.gameserver.model.entity.clanhall.ClanHallSiegeEngine	Fortresss of the Dead siege scheduled for Fri Sep 09 12:00:00 CLST 2022.
2022.08.26 11:13:59,810	INFO	1	com.l2jserver.gameserver.model.entity.clanhall.ClanHallSiegeEngine	Rainbow Springs siege scheduled for Fri Sep 09 12:00:00 CLST 2022.
2022.08.26 11:14:00,434	INFO	1	com.l2jserver.util.data.xml.IXmlReader	SpawnTable: Loaded 3765 npc spawns.
2022.08.26 11:14:00,466	INFO	1	com.l2jserver.util.data.xml.IXmlReader	SpawnTable: Loaded 1190 npc spawns from XML.
2022.08.26 11:14:00,466	INFO	1	com.l2jserver.gameserver.instancemanager.DayNightSpawnManager	DayNightSpawnManager: Removed 0 night creatures
2022.08.26 11:14:00,468	INFO	1	com.l2jserver.gameserver.instancemanager.DayNightSpawnManager	DayNightSpawnManager: Spawned 232 day creatures
2022.08.26 11:14:00,473	INFO	1	com.l2jserver.gameserver.instancemanager.FourSepulchersManager	FourSepulchersManager: loaded 20 Mysterious-Box spawns.
2022.08.26 11:14:00,490	INFO	1	com.l2jserver.gameserver.instancemanager.FourSepulchersManager	FourSepulchersManager: loaded 716 Physical type monsters spawns.
2022.08.26 11:14:00,506	INFO	1	com.l2jserver.gameserver.instancemanager.FourSepulchersManager	FourSepulchersManager: loaded 716 Magical type monsters spawns.
2022.08.26 11:14:00,509	INFO	1	com.l2jserver.gameserver.instancemanager.FourSepulchersManager	FourSepulchersManager: loaded 92 Church of duke monsters spawns.
2022.08.26 11:14:00,513	INFO	1	com.l2jserver.gameserver.instancemanager.FourSepulchersManager	FourSepulchersManager: loaded 68 Emperor's grave NPC spawns.
2022.08.26 11:14:00,513	INFO	1	com.l2jserver.gameserver.instancemanager.FourSepulchersManager	FourSepulchersManager: spawned Conquerors' Sepulcher Manager
2022.08.26 11:14:00,514	INFO	1	com.l2jserver.gameserver.instancemanager.FourSepulchersManager	FourSepulchersManager: spawned Emperors' Sepulcher Manager
2022.08.26 11:14:00,514	INFO	1	com.l2jserver.gameserver.instancemanager.FourSepulchersManager	FourSepulchersManager: spawned Great Sages' Sepulcher Manager
2022.08.26 11:14:00,514	INFO	1	com.l2jserver.gameserver.instancemanager.FourSepulchersManager	FourSepulchersManager: spawned Judges' Sepulcher Manager
2022.08.26 11:14:00,515	INFO	1	com.l2jserver.gameserver.instancemanager.FourSepulchersManager	FourSepulchersManager: Beginning in Attack time
2022.08.26 11:14:00,518	INFO	1	com.l2jserver.gameserver.instancemanager.DimensionalRiftManager	DimensionalRiftManager: Loaded 7 room types with 56 rooms.
2022.08.26 11:14:00,520	INFO	1	com.l2jserver.gameserver.instancemanager.DimensionalRiftManager	DimensionalRiftManager: Loaded 462 dimensional rift spawns, 0 errors.
2022.08.26 11:14:00,521	INFO	1	com.l2jserver.gameserver.GameServer	---------------------------------------------------=[ Siege ]
2022.08.26 11:14:00,526	INFO	1	com.l2jserver.gameserver.model.entity.Siege	Siege of Gludio: Sun Aug 28 16:00:00 CLT 2022
2022.08.26 11:14:00,527	INFO	1	com.l2jserver.gameserver.model.entity.Siege	Siege of Dion: Sun Aug 28 16:00:00 CLT 2022
2022.08.26 11:14:00,527	INFO	1	com.l2jserver.gameserver.model.entity.Siege	Siege of Giran: Sun Aug 28 16:00:00 CLT 2022
2022.08.26 11:14:00,527	INFO	1	com.l2jserver.gameserver.model.entity.Siege	Siege of Oren: Sun Aug 28 16:00:00 CLT 2022
2022.08.26 11:14:00,528	INFO	1	com.l2jserver.gameserver.model.entity.Siege	Siege of Aden: Sun Aug 28 16:00:00 CLT 2022
2022.08.26 11:14:00,528	INFO	1	com.l2jserver.gameserver.model.entity.Siege	Siege of Innadril: Sun Aug 28 20:00:00 CLT 2022
2022.08.26 11:14:00,529	INFO	1	com.l2jserver.gameserver.model.entity.Siege	Siege of Goddard: Sun Aug 28 20:00:00 CLT 2022
2022.08.26 11:14:00,529	INFO	1	com.l2jserver.gameserver.model.entity.Siege	Siege of Rune: Sun Aug 28 20:00:00 CLT 2022
2022.08.26 11:14:00,530	INFO	1	com.l2jserver.gameserver.model.entity.Siege	Siege of Schuttgart: Sun Aug 28 20:00:00 CLT 2022
2022.08.26 11:14:00,585	INFO	1	com.l2jserver.gameserver.instancemanager.FortManager	FortManager: Loaded: 21 fortress
2022.08.26 11:14:00,648	INFO	1	com.l2jserver.util.data.xml.IXmlReader	SiegeScheduleData: Loaded: 2 siege schedulers.
2022.08.26 11:14:00,654	INFO	1	com.l2jserver.util.data.xml.IXmlReader	CastleManorManager: Loaded 258 seeds.
2022.08.26 11:14:00,662	INFO	1	com.l2jserver.util.data.xml.IXmlReader	CastleManorManager: Manor data loaded.
2022.08.26 11:14:00,663	INFO	1	com.l2jserver.gameserver.instancemanager.MercTicketManager	MercTicketManager: Loaded: 0 Mercenary Tickets
2022.08.26 11:14:00,664	INFO	1	com.l2jserver.gameserver.instancemanager.QuestManager	QuestManager: Loaded: 520 quests.
2022.08.26 11:14:00,665	INFO	1	com.l2jserver.gameserver.instancemanager.QuestManager	QuestManager: Loaded: 268 scripts.
2022.08.26 11:14:00,671	INFO	1	com.l2jserver.gameserver.script.faenor.FaenorEventParser	Event ID: (Valentines Event) has passed... Ignored.
2022.08.26 11:14:00,672	INFO	1	com.l2jserver.gameserver.script.faenor.FaenorScriptEngine	FaenorScriptEngine: Loaded  Valentines.xml successfully.
2022.08.26 11:14:00,672	INFO	1	com.l2jserver.gameserver.GameServer	AutoSpawnHandler: Loaded 129 handlers in total.
2022.08.26 11:14:00,682	INFO	1	com.l2jserver.gameserver.taskmanager.TaskManager	TaskManager: Loaded: 13 Tasks
2022.08.26 11:14:00,684	INFO	1	com.l2jserver.gameserver.instancemanager.MailManager	MailManager: Successfully loaded 0 messages.
2022.08.26 11:14:00,686	INFO	1	com.l2jserver.gameserver.instancemanager.PunishmentManager	PunishmentManager: Loaded 0 active and 0 expired punishments.
2022.08.26 11:14:00,687	INFO	1	com.l2jserver.gameserver.GameServer	IdFactory: Free ObjectID's remaining: 1879002197
2022.08.26 11:14:00,687	INFO	1	com.l2jserver.gameserver.model.entity.TvTManager	TvTEventEngine[TvTManager.TvTManager()]: Engine is disabled.
2022.08.26 11:14:02,162	INFO	1	com.l2jserver.gameserver.GameServer	GameServer: Started, free memory 5552 Mb of 7282 Mb
2022.08.26 11:14:02,200	INFO	257	com.l2jserver.gameserver.LoginServerThread	Connecting to login on 127.0.0.1:9014
2022.08.26 11:14:02,435	INFO	1	com.l2jserver.gameserver.GameServer	GameServer: is now listening on: *:7777
2022.08.26 11:14:02,436	INFO	1	com.l2jserver.gameserver.GameServer	GameServer: Maximum numbers of connected players: 500
2022.08.26 11:14:02,436	INFO	1	com.l2jserver.gameserver.GameServer	GameServer: Server loaded in 36 seconds.
2022.08.26 11:14:02,437	INFO	1	com.l2jserver.gameserver.GameServer	----------------------------------------------------=[ UPnP ]
2022.08.26 11:14:02,439	INFO	1	com.l2jserver.UPnPService	Looking for UPnP Gateway Devices...
2022.08.26 11:14:02,500	INFO	257	com.l2jserver.gameserver.LoginServerThread	Registered on login as Server 1: Bartz
2022.08.26 11:14:11,825	INFO	1	com.l2jserver.UPnPService	No UPnP gateways found.
2022.08.26 11:14:11,825	INFO	1	com.l2jserver.gameserver.GameServer	GameServer: Telnet server is currently disabled.
2022.08.26 11:15:00,321	INFO	269	com.l2jserver.gameserver.model.actor.instance.L2PcInstance	Master access level set for character Waizatsu.
2022.08.26 11:22:20,720	INFO	26	com.l2jserver.gameserver.instancemanager.GlobalVariablesManager	GlobalVariablesManager: Stored 6 variables.
2022.08.26 11:44:00,719	INFO	25	com.l2jserver.gameserver.taskmanager.tasks.TaskSevenSignsUpdate	SevenSigns: Data updated successfully.
2022.08.26 11:52:20,711	INFO	28	com.l2jserver.gameserver.instancemanager.GlobalVariablesManager	GlobalVariablesManager: Stored 6 variables.
2022.08.26 12:00:00,005	INFO	220	com.l2jserver.gameserver.instancemanager.DayNightSpawnManager	DayNightSpawnManager: Removed 232 day creatures
2022.08.26 12:00:00,012	INFO	220	com.l2jserver.gameserver.instancemanager.DayNightSpawnManager	DayNightSpawnManager: Spawned 553 night creatures
2022.08.26 12:14:00,701	INFO	23	com.l2jserver.gameserver.taskmanager.tasks.TaskSevenSignsUpdate	SevenSigns: Data updated successfully.
2022.08.26 12:22:20,726	INFO	21	com.l2jserver.gameserver.instancemanager.GlobalVariablesManager	GlobalVariablesManager: Stored 6 variables.
2022.08.26 12:44:00,711	INFO	20	com.l2jserver.gameserver.taskmanager.tasks.TaskSevenSignsUpdate	SevenSigns: Data updated successfully.
2022.08.26 12:52:20,696	INFO	20	com.l2jserver.gameserver.instancemanager.GlobalVariablesManager	GlobalVariablesManager: Stored 6 variables.
2022.08.26 13:00:00,007	INFO	225	com.l2jserver.gameserver.instancemanager.DayNightSpawnManager	DayNightSpawnManager: Removed 553 night creatures
2022.08.26 13:00:00,010	INFO	225	com.l2jserver.gameserver.instancemanager.DayNightSpawnManager	DayNightSpawnManager: Spawned 232 day creatures
2022.08.26 13:14:00,685	INFO	15	com.l2jserver.gameserver.taskmanager.tasks.TaskSevenSignsUpdate	SevenSigns: Data updated successfully.
2022.08.26 13:22:20,710	INFO	22	com.l2jserver.gameserver.instancemanager.GlobalVariablesManager	GlobalVariablesManager: Stored 6 variables.
2022.08.26 13:44:00,710	INFO	28	com.l2jserver.gameserver.taskmanager.tasks.TaskSevenSignsUpdate	SevenSigns: Data updated successfully.
2022.08.26 13:52:20,733	INFO	30	com.l2jserver.gameserver.instancemanager.GlobalVariablesManager	GlobalVariablesManager: Stored 6 variables.
