2022.05.08 22:36:24,012	INFO	1	com.l2jserver.gameserver.GameServer	------------------------------------------------=[ Database ]
2022.05.08 22:36:24,090	INFO	1	com.l2jserver.gameserver.dao.factory.impl.DAOFactory	Using MySQL DAO Factory.
2022.05.08 22:36:24,106	INFO	1	com.l2jserver.commons.database.pool.impl.ConnectionFactory	Using HikariCP connection pool.
2022.05.08 22:36:24,106	INFO	1	com.l2jserver.gameserver.GameServer	GameServer: Used memory: 15MB.
2022.05.08 22:36:24,106	INFO	1	com.zaxxer.hikari.HikariDataSource	HikariPool-1 - Starting...
2022.05.08 22:36:24,324	INFO	1	com.zaxxer.hikari.HikariDataSource	HikariPool-1 - Start completed.
2022.05.08 22:36:24,340	INFO	1	com.l2jserver.gameserver.idfactory.BitSetIDFactory	Updated characters online status.
2022.05.08 22:36:24,559	INFO	1	com.l2jserver.gameserver.idfactory.BitSetIDFactory	Cleaned 0 elements from database in 0 s
2022.05.08 22:36:24,574	INFO	1	com.l2jserver.gameserver.idfactory.BitSetIDFactory	Cleaned 0 expired timestamps from database.
2022.05.08 22:36:24,590	INFO	1	com.l2jserver.gameserver.idfactory.BitSetIDFactory	BitSetIDFactory: 102912 id's available.
2022.05.08 22:36:24,590	INFO	1	com.l2jserver.gameserver.GameServer	-------------------------------------------------=[ Engines ]
2022.05.08 22:36:25,202	INFO	1	com.l2jserver.gameserver.scripting.L2ScriptEngineManager	Script Engine: Oracle Nashorn 1.8.0_331 - Language: ECMAScript - Language Version: ECMA - 262 Edition 5.1
2022.05.08 22:36:25,209	INFO	1	com.l2jserver.gameserver.scripting.L2ScriptEngineManager	Script Engine: java 1.8 - Language: java - Language Version: 1.8
2022.05.08 22:36:25,441	INFO	1	com.l2jserver.gameserver.scripting.L2ScriptEngineManager	Script Engine: jython 2.2.1 - Language: python - Language Version: 2.2.1
2022.05.08 22:36:25,483	INFO	1	com.l2jserver.gameserver.GameServer	---------------------------------------------------=[ World ]
2022.05.08 22:36:25,498	INFO	1	com.l2jserver.util.data.xml.IXmlReader	InstanceManager: Multiverse Instance created.
2022.05.08 22:36:25,498	INFO	1	com.l2jserver.util.data.xml.IXmlReader	InstanceManager: Universe Instance created.
2022.05.08 22:36:25,636	INFO	1	com.l2jserver.util.data.xml.IXmlReader	InstanceManager: Loaded 160 instance names.
2022.05.08 22:36:25,651	INFO	1	com.l2jserver.gameserver.model.L2World	L2World: (128 by 136) World Region Grid set up.
2022.05.08 22:36:25,800	INFO	1	com.l2jserver.util.data.xml.IXmlReader	MapRegionManager: Loaded 57 map regions.
2022.05.08 22:36:25,816	INFO	1	com.l2jserver.gameserver.instancemanager.GlobalVariablesManager	GlobalVariablesManager: Loaded 7 variables.
2022.05.08 22:36:25,816	INFO	1	com.l2jserver.gameserver.GameServer	----------------------------------------------------=[ Data ]
2022.05.08 22:36:25,863	INFO	1	com.l2jserver.util.data.xml.IXmlReader	CategoryData: Loaded 124 Categories.
2022.05.08 22:36:25,863	INFO	1	com.l2jserver.util.data.xml.IXmlReader	SecondaryAuthData: Loaded 328 forbidden passwords.
2022.05.08 22:36:25,863	INFO	1	com.l2jserver.gameserver.GameServer	-------------------------------------------------=[ Effects ]
2022.05.08 22:36:27,763	INFO	1	handlers.EffectMasterHandler	EffectMasterHandler: Loaded 160 effect handlers.
2022.05.08 22:36:27,763	INFO	1	com.l2jserver.gameserver.GameServer	------------------------------------=[ Enchant Skill Groups ]
2022.05.08 22:36:27,779	INFO	1	com.l2jserver.util.data.xml.IXmlReader	EnchantSkillGroupsData: Loaded 4 groups and 90 routes.
2022.05.08 22:36:27,779	INFO	1	com.l2jserver.gameserver.GameServer	---------------------------------------------=[ Skill Trees ]
2022.05.08 22:36:28,094	INFO	1	com.l2jserver.util.data.xml.IXmlReader	Loaded 17176 Class Skills for 103 Class Skill Trees.
2022.05.08 22:36:28,094	INFO	1	com.l2jserver.util.data.xml.IXmlReader	Loaded 76 Sub-Class Skills.
2022.05.08 22:36:28,094	INFO	1	com.l2jserver.util.data.xml.IXmlReader	Loaded 77 Transfer Skills for 3 Transfer Skill Trees.
2022.05.08 22:36:28,094	INFO	1	com.l2jserver.util.data.xml.IXmlReader	Loaded 117 Fishing Skills, 8 Dwarven only Fishing Skills.
2022.05.08 22:36:28,094	INFO	1	com.l2jserver.util.data.xml.IXmlReader	Loaded 3 Collect Skills.
2022.05.08 22:36:28,094	INFO	1	com.l2jserver.util.data.xml.IXmlReader	Loaded 74 Pledge Skills, 44 for Pledge and 30 Residential.
2022.05.08 22:36:28,094	INFO	1	com.l2jserver.util.data.xml.IXmlReader	Loaded 18 Sub-Pledge Skills.
2022.05.08 22:36:28,094	INFO	1	com.l2jserver.util.data.xml.IXmlReader	Loaded 32 Transform Skills.
2022.05.08 22:36:28,094	INFO	1	com.l2jserver.util.data.xml.IXmlReader	Loaded 8 Noble Skills.
2022.05.08 22:36:28,094	INFO	1	com.l2jserver.util.data.xml.IXmlReader	Loaded 5 Hero Skills.
2022.05.08 22:36:28,094	INFO	1	com.l2jserver.util.data.xml.IXmlReader	Loaded 46 Game Master Skills.
2022.05.08 22:36:28,094	INFO	1	com.l2jserver.util.data.xml.IXmlReader	Loaded 46 Game Master Aura Skills.
2022.05.08 22:36:28,094	INFO	1	com.l2jserver.gameserver.GameServer	--------------------------------------------------=[ Skills ]
2022.05.08 22:36:31,069	INFO	1	com.l2jserver.gameserver.engines.DocumentEngine	DocumentEngine: Loaded 65961 Skill templates from XML files.
2022.05.08 22:36:31,105	INFO	1	com.l2jserver.gameserver.data.sql.impl.SummonSkillsTable	SummonSkillsTable: Loaded 1891 skills.
2022.05.08 22:36:31,105	INFO	1	com.l2jserver.gameserver.GameServer	---------------------------------------------------=[ Items ]
2022.05.08 22:36:31,841	INFO	1	com.l2jserver.gameserver.datatables.ItemTable	ItemTable: Highest item id used:102036
2022.05.08 22:36:31,843	INFO	1	com.l2jserver.gameserver.datatables.ItemTable	ItemTable: Loaded: 11481 Etc Items
2022.05.08 22:36:31,844	INFO	1	com.l2jserver.gameserver.datatables.ItemTable	ItemTable: Loaded: 3928 Armor Items
2022.05.08 22:36:31,844	INFO	1	com.l2jserver.gameserver.datatables.ItemTable	ItemTable: Loaded: 4163 Weapon Items
2022.05.08 22:36:31,845	INFO	1	com.l2jserver.gameserver.datatables.ItemTable	ItemTable: Loaded: 19572 Items in total.
2022.05.08 22:36:31,851	INFO	1	com.l2jserver.util.data.xml.IXmlReader	EnchantItemGroupsData: Loaded: 4 item group templates.
2022.05.08 22:36:31,851	INFO	1	com.l2jserver.util.data.xml.IXmlReader	EnchantItemGroupsData: Loaded: 1 scroll group templates.
2022.05.08 22:36:31,857	INFO	1	com.l2jserver.util.data.xml.IXmlReader	EnchantItemData: Loaded 63 Enchant Scrolls.
2022.05.08 22:36:31,857	INFO	1	com.l2jserver.util.data.xml.IXmlReader	EnchantItemData: Loaded 20 Support Items.
2022.05.08 22:36:31,867	INFO	1	com.l2jserver.util.data.xml.IXmlReader	EnchantItemOptionsData: Loaded: 23 Items and 1093 Options.
2022.05.08 22:36:32,563	INFO	1	com.l2jserver.util.data.xml.IXmlReader	OptionData: Loaded: 24985 Options.
2022.05.08 22:36:32,579	INFO	1	com.l2jserver.util.data.xml.IXmlReader	EnchantItemHPBonusData: Loaded 6 Enchant HP Bonuses.
2022.05.08 22:36:32,579	INFO	1	com.l2jserver.gameserver.datatables.MerchantPriceConfigTable	MerchantPriceConfigTable: Loaded 28 merchant price configs.
2022.05.08 22:36:33,547	INFO	1	com.l2jserver.util.data.xml.IXmlReader	BuyListData: Loaded 760 BuyLists.
2022.05.08 22:36:33,910	INFO	1	com.l2jserver.util.data.xml.IXmlReader	MultisellData: Loaded 192 multisell lists.
2022.05.08 22:36:33,941	INFO	1	com.l2jserver.util.data.xml.IXmlReader	RecipeData: Loaded 1000 recipes.
2022.05.08 22:36:33,972	INFO	1	com.l2jserver.util.data.xml.IXmlReader	ArmorSetsData: Loaded 208 Armor sets.
2022.05.08 22:36:33,972	INFO	1	com.l2jserver.util.data.xml.IXmlReader	FishData: Loaded 278 Fish.
2022.05.08 22:36:33,988	INFO	1	com.l2jserver.util.data.xml.IXmlReader	FishingMonstersData: Loaded 8 Fishing Monsters.
2022.05.08 22:36:33,988	INFO	1	com.l2jserver.util.data.xml.IXmlReader	FishingRodsData: Loaded 6 Fishing Rods.
2022.05.08 22:36:34,012	INFO	1	com.l2jserver.util.data.xml.IXmlReader	HennaData: Loaded 180 Henna data.
2022.05.08 22:36:34,013	INFO	1	com.l2jserver.gameserver.GameServer	----------------------------------------------=[ Characters ]
2022.05.08 22:36:34,016	INFO	1	com.l2jserver.util.data.xml.IXmlReader	ClassListData: Loaded 107 Class data.
2022.05.08 22:36:34,020	INFO	1	com.l2jserver.util.data.xml.IXmlReader	InitialEquipmentData: Loaded 11 Initial Equipment data.
2022.05.08 22:36:34,024	INFO	1	com.l2jserver.util.data.xml.IXmlReader	InitialShortcutData: Loaded 5 Initial Global Shortcuts data.
2022.05.08 22:36:34,025	INFO	1	com.l2jserver.util.data.xml.IXmlReader	InitialShortcutData: Loaded 4 Initial Shortcuts data.
2022.05.08 22:36:34,025	INFO	1	com.l2jserver.util.data.xml.IXmlReader	InitialShortcutData: Loaded 0 Macros presets.
2022.05.08 22:36:34,051	INFO	1	com.l2jserver.util.data.xml.IXmlReader	KarmaData: Loaded 85 karma modifiers.
2022.05.08 22:36:34,054	INFO	1	com.l2jserver.util.data.xml.IXmlReader	HitConditionBonusData: Loaded Hit Condition bonuses.
2022.05.08 22:36:34,300	INFO	1	com.l2jserver.util.data.xml.IXmlReader	PlayerTemplateData: Loaded 103 character templates.
2022.05.08 22:36:34,300	INFO	1	com.l2jserver.util.data.xml.IXmlReader	PlayerTemplateData: Loaded 52530 level up gain records.
2022.05.08 22:36:34,316	INFO	1	com.l2jserver.util.data.xml.IXmlReader	PlayerCreationPointData: Loaded 62 character creation points.
2022.05.08 22:36:34,316	INFO	1	com.l2jserver.gameserver.data.sql.impl.CharNameTable	CharNameTable: Loaded 2 char names.
2022.05.08 22:36:34,316	INFO	1	com.l2jserver.util.data.xml.IXmlReader	AdminData: Loaded: 10 Access Levels.
2022.05.08 22:36:34,316	INFO	1	com.l2jserver.util.data.xml.IXmlReader	AdminData: Loaded: 444 Access Commands.
2022.05.08 22:36:34,316	INFO	1	com.l2jserver.gameserver.instancemanager.RaidBossPointsManager	RaidBossPointsManager: Loaded 2 Characters Raid Points.
2022.05.08 22:36:34,629	INFO	1	com.l2jserver.util.data.xml.IXmlReader	PetDataTable: Loaded 52 Pets.
2022.05.08 22:36:34,634	INFO	1	com.l2jserver.gameserver.GameServer	---------------------------------------------------=[ Clans ]
2022.05.08 22:36:34,645	INFO	1	com.l2jserver.gameserver.communitybbs.Manager.ForumsBBSManager	Loaded 5 forums. Last forum id used: 5
2022.05.08 22:36:34,665	INFO	1	com.l2jserver.gameserver.data.sql.impl.ClanTable	ClanTable: Restored 1 clans from the database.
2022.05.08 22:36:34,682	INFO	1	com.l2jserver.gameserver.instancemanager.CHSiegeManager	CHSiegeManager: Loaded 6 conquerable clan halls.
2022.05.08 22:36:34,746	INFO	1	com.l2jserver.gameserver.instancemanager.AuctionManager	AuctionManager: Loaded: 38 auction(s)
2022.05.08 22:36:34,746	INFO	1	com.l2jserver.gameserver.instancemanager.ClanHallManager	ClanHallManager: Loaded: 0 clan halls
2022.05.08 22:36:34,746	INFO	1	com.l2jserver.gameserver.instancemanager.ClanHallManager	ClanHallManager: Loaded: 38 free clan halls
2022.05.08 22:36:34,746	INFO	1	com.l2jserver.gameserver.GameServer	-------------------------------------------------=[ Geodata ]
2022.05.08 22:36:34,746	INFO	1	com.l2jserver.gameserver.GeoData	GeoData: Loading 11_23.l2j...
2022.05.08 22:36:34,778	INFO	1	com.l2jserver.gameserver.GeoData	GeoData: Loading 11_24.l2j...
2022.05.08 22:36:34,778	INFO	1	com.l2jserver.gameserver.GeoData	GeoData: Loading 11_25.l2j...
2022.05.08 22:36:34,793	INFO	1	com.l2jserver.gameserver.GeoData	GeoData: Loading 11_26.l2j...
2022.05.08 22:36:34,813	INFO	1	com.l2jserver.gameserver.GeoData	GeoData: Loading 12_23.l2j...
2022.05.08 22:36:34,824	INFO	1	com.l2jserver.gameserver.GeoData	GeoData: Loading 12_24.l2j...
2022.05.08 22:36:34,873	INFO	1	com.l2jserver.gameserver.GeoData	GeoData: Loading 12_25.l2j...
2022.05.08 22:36:34,927	INFO	1	com.l2jserver.gameserver.GeoData	GeoData: Loading 12_26.l2j...
2022.05.08 22:36:34,939	INFO	1	com.l2jserver.gameserver.GeoData	GeoData: Loading 13_21.l2j...
2022.05.08 22:36:34,942	INFO	1	com.l2jserver.gameserver.GeoData	GeoData: Loading 13_22.l2j...
2022.05.08 22:36:34,944	INFO	1	com.l2jserver.gameserver.GeoData	GeoData: Loading 13_23.l2j...
2022.05.08 22:36:34,976	INFO	1	com.l2jserver.gameserver.GeoData	GeoData: Loading 13_24.l2j...
2022.05.08 22:36:35,018	INFO	1	com.l2jserver.gameserver.GeoData	GeoData: Loading 13_25.l2j...
2022.05.08 22:36:35,056	INFO	1	com.l2jserver.gameserver.GeoData	GeoData: Loading 13_26.l2j...
2022.05.08 22:36:35,066	INFO	1	com.l2jserver.gameserver.GeoData	GeoData: Loading 14_21.l2j...
2022.05.08 22:36:35,069	INFO	1	com.l2jserver.gameserver.GeoData	GeoData: Loading 14_22.l2j...
2022.05.08 22:36:35,117	INFO	1	com.l2jserver.gameserver.GeoData	GeoData: Loading 14_23.l2j...
2022.05.08 22:36:35,224	INFO	1	com.l2jserver.gameserver.GeoData	GeoData: Loading 14_24.l2j...
2022.05.08 22:36:35,290	INFO	1	com.l2jserver.gameserver.GeoData	GeoData: Loading 14_25.l2j...
2022.05.08 22:36:35,348	INFO	1	com.l2jserver.gameserver.GeoData	GeoData: Loading 14_26.l2j...
2022.05.08 22:36:35,359	INFO	1	com.l2jserver.gameserver.GeoData	GeoData: Loading 15_10.l2j...
2022.05.08 22:36:35,372	INFO	1	com.l2jserver.gameserver.GeoData	GeoData: Loading 15_11.l2j...
2022.05.08 22:36:35,386	INFO	1	com.l2jserver.gameserver.GeoData	GeoData: Loading 15_12.l2j...
2022.05.08 22:36:35,397	INFO	1	com.l2jserver.gameserver.GeoData	GeoData: Loading 15_18.l2j...
2022.05.08 22:36:35,404	INFO	1	com.l2jserver.gameserver.GeoData	GeoData: Loading 15_19.l2j...
2022.05.08 22:36:35,417	INFO	1	com.l2jserver.gameserver.GeoData	GeoData: Loading 15_20.l2j...
2022.05.08 22:36:35,419	INFO	1	com.l2jserver.gameserver.GeoData	GeoData: Loading 15_21.l2j...
2022.05.08 22:36:35,422	INFO	1	com.l2jserver.gameserver.GeoData	GeoData: Loading 15_22.l2j...
2022.05.08 22:36:35,424	INFO	1	com.l2jserver.gameserver.GeoData	GeoData: Loading 15_23.l2j...
2022.05.08 22:36:35,430	INFO	1	com.l2jserver.gameserver.GeoData	GeoData: Loading 15_24.l2j...
2022.05.08 22:36:35,432	INFO	1	com.l2jserver.gameserver.GeoData	GeoData: Loading 15_25.l2j...
2022.05.08 22:36:35,447	INFO	1	com.l2jserver.gameserver.GeoData	GeoData: Loading 15_26.l2j...
2022.05.08 22:36:35,453	INFO	1	com.l2jserver.gameserver.GeoData	GeoData: Loading 16_10.l2j...
2022.05.08 22:36:35,522	INFO	1	com.l2jserver.gameserver.GeoData	GeoData: Loading 16_11.l2j...
2022.05.08 22:36:35,529	INFO	1	com.l2jserver.gameserver.GeoData	GeoData: Loading 16_12.l2j...
2022.05.08 22:36:35,539	INFO	1	com.l2jserver.gameserver.GeoData	GeoData: Loading 16_13.l2j...
2022.05.08 22:36:35,546	INFO	1	com.l2jserver.gameserver.GeoData	GeoData: Loading 16_14.l2j...
2022.05.08 22:36:35,549	INFO	1	com.l2jserver.gameserver.GeoData	GeoData: Loading 16_15.l2j...
2022.05.08 22:36:35,552	INFO	1	com.l2jserver.gameserver.GeoData	GeoData: Loading 16_16.l2j...
2022.05.08 22:36:35,554	INFO	1	com.l2jserver.gameserver.GeoData	GeoData: Loading 16_17.l2j...
2022.05.08 22:36:35,557	INFO	1	com.l2jserver.gameserver.GeoData	GeoData: Loading 16_18.l2j...
2022.05.08 22:36:35,564	INFO	1	com.l2jserver.gameserver.GeoData	GeoData: Loading 16_19.l2j...
2022.05.08 22:36:35,600	INFO	1	com.l2jserver.gameserver.GeoData	GeoData: Loading 16_20.l2j...
2022.05.08 22:36:35,647	INFO	1	com.l2jserver.gameserver.GeoData	GeoData: Loading 16_21.l2j...
2022.05.08 22:36:35,663	INFO	1	com.l2jserver.gameserver.GeoData	GeoData: Loading 16_22.l2j...
2022.05.08 22:36:35,663	INFO	1	com.l2jserver.gameserver.GeoData	GeoData: Loading 16_23.l2j...
2022.05.08 22:36:35,678	INFO	1	com.l2jserver.gameserver.GeoData	GeoData: Loading 16_24.l2j...
2022.05.08 22:36:35,694	INFO	1	com.l2jserver.gameserver.GeoData	GeoData: Loading 16_25.l2j...
2022.05.08 22:36:35,725	INFO	1	com.l2jserver.gameserver.GeoData	GeoData: Loading 16_26.l2j...
2022.05.08 22:36:35,725	INFO	1	com.l2jserver.gameserver.GeoData	GeoData: Loading 17_10.l2j...
2022.05.08 22:36:35,741	INFO	1	com.l2jserver.gameserver.GeoData	GeoData: Loading 17_11.l2j...
2022.05.08 22:36:35,741	INFO	1	com.l2jserver.gameserver.GeoData	GeoData: Loading 17_12.l2j...
2022.05.08 22:36:35,741	INFO	1	com.l2jserver.gameserver.GeoData	GeoData: Loading 17_13.l2j...
2022.05.08 22:36:35,757	INFO	1	com.l2jserver.gameserver.GeoData	GeoData: Loading 17_14.l2j...
2022.05.08 22:36:35,757	INFO	1	com.l2jserver.gameserver.GeoData	GeoData: Loading 17_15.l2j...
2022.05.08 22:36:35,772	INFO	1	com.l2jserver.gameserver.GeoData	GeoData: Loading 17_16.l2j...
2022.05.08 22:36:35,838	INFO	1	com.l2jserver.gameserver.GeoData	GeoData: Loading 17_17.l2j...
2022.05.08 22:36:35,843	INFO	1	com.l2jserver.gameserver.GeoData	GeoData: Loading 17_18.l2j...
2022.05.08 22:36:35,846	INFO	1	com.l2jserver.gameserver.GeoData	GeoData: Loading 17_19.l2j...
2022.05.08 22:36:35,887	INFO	1	com.l2jserver.gameserver.GeoData	GeoData: Loading 17_20.l2j...
2022.05.08 22:36:35,928	INFO	1	com.l2jserver.gameserver.GeoData	GeoData: Loading 17_21.l2j...
2022.05.08 22:36:35,977	INFO	1	com.l2jserver.gameserver.GeoData	GeoData: Loading 17_22.l2j...
2022.05.08 22:36:36,024	INFO	1	com.l2jserver.gameserver.GeoData	GeoData: Loading 17_23.l2j...
2022.05.08 22:36:36,046	INFO	1	com.l2jserver.gameserver.GeoData	GeoData: Loading 17_24.l2j...
2022.05.08 22:36:36,059	INFO	1	com.l2jserver.gameserver.GeoData	GeoData: Loading 17_25.l2j...
2022.05.08 22:36:36,104	INFO	1	com.l2jserver.gameserver.GeoData	GeoData: Loading 17_26.l2j...
2022.05.08 22:36:36,107	INFO	1	com.l2jserver.gameserver.GeoData	GeoData: Loading 18_10.l2j...
2022.05.08 22:36:36,117	INFO	1	com.l2jserver.gameserver.GeoData	GeoData: Loading 18_11.l2j...
2022.05.08 22:36:36,121	INFO	1	com.l2jserver.gameserver.GeoData	GeoData: Loading 18_12.l2j...
2022.05.08 22:36:36,127	INFO	1	com.l2jserver.gameserver.GeoData	GeoData: Loading 18_13.l2j...
2022.05.08 22:36:36,129	INFO	1	com.l2jserver.gameserver.GeoData	GeoData: Loading 18_14.l2j...
2022.05.08 22:36:36,162	INFO	1	com.l2jserver.gameserver.GeoData	GeoData: Loading 18_15.l2j...
2022.05.08 22:36:36,186	INFO	1	com.l2jserver.gameserver.GeoData	GeoData: Loading 18_16.l2j...
2022.05.08 22:36:36,200	INFO	1	com.l2jserver.gameserver.GeoData	GeoData: Loading 18_17.l2j...
2022.05.08 22:36:36,200	INFO	1	com.l2jserver.gameserver.GeoData	GeoData: Loading 18_18.l2j...
2022.05.08 22:36:36,216	INFO	1	com.l2jserver.gameserver.GeoData	GeoData: Loading 18_19.l2j...
2022.05.08 22:36:36,262	INFO	1	com.l2jserver.gameserver.GeoData	GeoData: Loading 18_20.l2j...
2022.05.08 22:36:36,294	INFO	1	com.l2jserver.gameserver.GeoData	GeoData: Loading 18_21.l2j...
2022.05.08 22:36:36,367	INFO	1	com.l2jserver.gameserver.GeoData	GeoData: Loading 18_22.l2j...
2022.05.08 22:36:36,433	INFO	1	com.l2jserver.gameserver.GeoData	GeoData: Loading 18_23.l2j...
2022.05.08 22:36:36,484	INFO	1	com.l2jserver.gameserver.GeoData	GeoData: Loading 18_24.l2j...
2022.05.08 22:36:36,527	INFO	1	com.l2jserver.gameserver.GeoData	GeoData: Loading 18_25.l2j...
2022.05.08 22:36:36,538	INFO	1	com.l2jserver.gameserver.GeoData	GeoData: Loading 18_26.l2j...
2022.05.08 22:36:36,543	INFO	1	com.l2jserver.gameserver.GeoData	GeoData: Loading 19_10.l2j...
2022.05.08 22:36:36,553	INFO	1	com.l2jserver.gameserver.GeoData	GeoData: Loading 19_11.l2j...
2022.05.08 22:36:36,556	INFO	1	com.l2jserver.gameserver.GeoData	GeoData: Loading 19_12.l2j...
2022.05.08 22:36:36,561	INFO	1	com.l2jserver.gameserver.GeoData	GeoData: Loading 19_13.l2j...
2022.05.08 22:36:36,591	INFO	1	com.l2jserver.gameserver.GeoData	GeoData: Loading 19_14.l2j...
2022.05.08 22:36:36,615	INFO	1	com.l2jserver.gameserver.GeoData	GeoData: Loading 19_15.l2j...
2022.05.08 22:36:36,662	INFO	1	com.l2jserver.gameserver.GeoData	GeoData: Loading 19_16.l2j...
2022.05.08 22:36:36,693	INFO	1	com.l2jserver.gameserver.GeoData	GeoData: Loading 19_17.l2j...
2022.05.08 22:36:36,717	INFO	1	com.l2jserver.gameserver.GeoData	GeoData: Loading 19_18.l2j...
2022.05.08 22:36:36,759	INFO	1	com.l2jserver.gameserver.GeoData	GeoData: Loading 19_19.l2j...
2022.05.08 22:36:36,801	INFO	1	com.l2jserver.gameserver.GeoData	GeoData: Loading 19_20.l2j...
2022.05.08 22:36:36,850	INFO	1	com.l2jserver.gameserver.GeoData	GeoData: Loading 19_21.l2j...
2022.05.08 22:36:37,912	INFO	1	com.l2jserver.gameserver.GeoData	GeoData: Loading 19_22.l2j...
2022.05.08 22:36:37,965	INFO	1	com.l2jserver.gameserver.GeoData	GeoData: Loading 19_23.l2j...
2022.05.08 22:36:38,016	INFO	1	com.l2jserver.gameserver.GeoData	GeoData: Loading 19_24.l2j...
2022.05.08 22:36:38,032	INFO	1	com.l2jserver.gameserver.GeoData	GeoData: Loading 19_25.l2j...
2022.05.08 22:36:38,063	INFO	1	com.l2jserver.gameserver.GeoData	GeoData: Loading 19_26.l2j...
2022.05.08 22:36:38,094	INFO	1	com.l2jserver.gameserver.GeoData	GeoData: Loading 20_10.l2j...
2022.05.08 22:36:38,094	INFO	1	com.l2jserver.gameserver.GeoData	GeoData: Loading 20_11.l2j...
2022.05.08 22:36:38,110	INFO	1	com.l2jserver.gameserver.GeoData	GeoData: Loading 20_12.l2j...
2022.05.08 22:36:38,110	INFO	1	com.l2jserver.gameserver.GeoData	GeoData: Loading 20_13.l2j...
2022.05.08 22:36:38,157	INFO	1	com.l2jserver.gameserver.GeoData	GeoData: Loading 20_14.l2j...
2022.05.08 22:36:38,230	INFO	1	com.l2jserver.gameserver.GeoData	GeoData: Loading 20_15.l2j...
2022.05.08 22:36:38,264	INFO	1	com.l2jserver.gameserver.GeoData	GeoData: Loading 20_16.l2j...
2022.05.08 22:36:38,296	INFO	1	com.l2jserver.gameserver.GeoData	GeoData: Loading 20_17.l2j...
2022.05.08 22:36:38,343	INFO	1	com.l2jserver.gameserver.GeoData	GeoData: Loading 20_18.l2j...
2022.05.08 22:36:38,382	INFO	1	com.l2jserver.gameserver.GeoData	GeoData: Loading 20_19.l2j...
2022.05.08 22:36:38,425	INFO	1	com.l2jserver.gameserver.GeoData	GeoData: Loading 20_20.l2j...
2022.05.08 22:36:38,497	INFO	1	com.l2jserver.gameserver.GeoData	GeoData: Loading 20_21.l2j...
2022.05.08 22:36:38,567	INFO	1	com.l2jserver.gameserver.GeoData	GeoData: Loading 20_22.l2j...
2022.05.08 22:36:38,601	INFO	1	com.l2jserver.gameserver.GeoData	GeoData: Loading 20_23.l2j...
2022.05.08 22:36:38,656	INFO	1	com.l2jserver.gameserver.GeoData	GeoData: Loading 20_24.l2j...
2022.05.08 22:36:38,664	INFO	1	com.l2jserver.gameserver.GeoData	GeoData: Loading 20_25.l2j...
2022.05.08 22:36:38,709	INFO	1	com.l2jserver.gameserver.GeoData	GeoData: Loading 20_26.l2j...
2022.05.08 22:36:38,718	INFO	1	com.l2jserver.gameserver.GeoData	GeoData: Loading 21_10.l2j...
2022.05.08 22:36:38,723	INFO	1	com.l2jserver.gameserver.GeoData	GeoData: Loading 21_11.l2j...
2022.05.08 22:36:38,726	INFO	1	com.l2jserver.gameserver.GeoData	GeoData: Loading 21_12.l2j...
2022.05.08 22:36:38,729	INFO	1	com.l2jserver.gameserver.GeoData	GeoData: Loading 21_13.l2j...
2022.05.08 22:36:38,732	INFO	1	com.l2jserver.gameserver.GeoData	GeoData: Loading 21_14.l2j...
2022.05.08 22:36:38,797	INFO	1	com.l2jserver.gameserver.GeoData	GeoData: Loading 21_15.l2j...
2022.05.08 22:36:38,850	INFO	1	com.l2jserver.gameserver.GeoData	GeoData: Loading 21_16.l2j...
2022.05.08 22:36:38,897	INFO	1	com.l2jserver.gameserver.GeoData	GeoData: Loading 21_17.l2j...
2022.05.08 22:36:38,910	INFO	1	com.l2jserver.gameserver.GeoData	GeoData: Loading 21_18.l2j...
2022.05.08 22:36:38,961	INFO	1	com.l2jserver.gameserver.GeoData	GeoData: Loading 21_19.l2j...
2022.05.08 22:36:39,002	INFO	1	com.l2jserver.gameserver.GeoData	GeoData: Loading 21_20.l2j...
2022.05.08 22:36:39,046	INFO	1	com.l2jserver.gameserver.GeoData	GeoData: Loading 21_21.l2j...
2022.05.08 22:36:39,081	INFO	1	com.l2jserver.gameserver.GeoData	GeoData: Loading 21_22.l2j...
2022.05.08 22:36:39,147	INFO	1	com.l2jserver.gameserver.GeoData	GeoData: Loading 21_23.l2j...
2022.05.08 22:36:39,193	INFO	1	com.l2jserver.gameserver.GeoData	GeoData: Loading 21_24.l2j...
2022.05.08 22:36:39,234	INFO	1	com.l2jserver.gameserver.GeoData	GeoData: Loading 21_25.l2j...
2022.05.08 22:36:39,239	INFO	1	com.l2jserver.gameserver.GeoData	GeoData: Loading 22_10.l2j...
2022.05.08 22:36:39,245	INFO	1	com.l2jserver.gameserver.GeoData	GeoData: Loading 22_11.l2j...
2022.05.08 22:36:39,289	INFO	1	com.l2jserver.gameserver.GeoData	GeoData: Loading 22_12.l2j...
2022.05.08 22:36:39,291	INFO	1	com.l2jserver.gameserver.GeoData	GeoData: Loading 22_13.l2j...
2022.05.08 22:36:39,328	INFO	1	com.l2jserver.gameserver.GeoData	GeoData: Loading 22_14.l2j...
2022.05.08 22:36:39,371	INFO	1	com.l2jserver.gameserver.GeoData	GeoData: Loading 22_15.l2j...
2022.05.08 22:36:39,416	INFO	1	com.l2jserver.gameserver.GeoData	GeoData: Loading 22_16.l2j...
2022.05.08 22:36:39,463	INFO	1	com.l2jserver.gameserver.GeoData	GeoData: Loading 22_17.l2j...
2022.05.08 22:36:39,510	INFO	1	com.l2jserver.gameserver.GeoData	GeoData: Loading 22_18.l2j...
2022.05.08 22:36:39,572	INFO	1	com.l2jserver.gameserver.GeoData	GeoData: Loading 22_19.l2j...
2022.05.08 22:36:39,623	INFO	1	com.l2jserver.gameserver.GeoData	GeoData: Loading 22_20.l2j...
2022.05.08 22:36:39,666	INFO	1	com.l2jserver.gameserver.GeoData	GeoData: Loading 22_21.l2j...
2022.05.08 22:36:39,700	INFO	1	com.l2jserver.gameserver.GeoData	GeoData: Loading 22_22.l2j...
2022.05.08 22:36:39,747	INFO	1	com.l2jserver.gameserver.GeoData	GeoData: Loading 22_23.l2j...
2022.05.08 22:36:39,810	INFO	1	com.l2jserver.gameserver.GeoData	GeoData: Loading 22_24.l2j...
2022.05.08 22:36:39,841	INFO	1	com.l2jserver.gameserver.GeoData	GeoData: Loading 22_25.l2j...
2022.05.08 22:36:39,872	INFO	1	com.l2jserver.gameserver.GeoData	GeoData: Loading 22_26.l2j...
2022.05.08 22:36:39,888	INFO	1	com.l2jserver.gameserver.GeoData	GeoData: Loading 23_10.l2j...
2022.05.08 22:36:39,888	INFO	1	com.l2jserver.gameserver.GeoData	GeoData: Loading 23_11.l2j...
2022.05.08 22:36:39,916	INFO	1	com.l2jserver.gameserver.GeoData	GeoData: Loading 23_12.l2j...
2022.05.08 22:36:39,977	INFO	1	com.l2jserver.gameserver.GeoData	GeoData: Loading 23_13.l2j...
2022.05.08 22:36:40,027	INFO	1	com.l2jserver.gameserver.GeoData	GeoData: Loading 23_14.l2j...
2022.05.08 22:36:40,089	INFO	1	com.l2jserver.gameserver.GeoData	GeoData: Loading 23_15.l2j...
2022.05.08 22:36:40,147	INFO	1	com.l2jserver.gameserver.GeoData	GeoData: Loading 23_16.l2j...
2022.05.08 22:36:40,207	INFO	1	com.l2jserver.gameserver.GeoData	GeoData: Loading 23_17.l2j...
2022.05.08 22:36:40,238	INFO	1	com.l2jserver.gameserver.GeoData	GeoData: Loading 23_18.l2j...
2022.05.08 22:36:40,293	INFO	1	com.l2jserver.gameserver.GeoData	GeoData: Loading 23_19.l2j...
2022.05.08 22:36:40,348	INFO	1	com.l2jserver.gameserver.GeoData	GeoData: Loading 23_20.l2j...
2022.05.08 22:36:40,552	INFO	1	com.l2jserver.gameserver.GeoData	GeoData: Loading 23_21.l2j...
2022.05.08 22:36:40,588	INFO	1	com.l2jserver.gameserver.GeoData	GeoData: Loading 23_22.l2j...
2022.05.08 22:36:40,618	INFO	1	com.l2jserver.gameserver.GeoData	GeoData: Loading 23_23.l2j...
2022.05.08 22:36:40,677	INFO	1	com.l2jserver.gameserver.GeoData	GeoData: Loading 23_24.l2j...
2022.05.08 22:36:40,735	INFO	1	com.l2jserver.gameserver.GeoData	GeoData: Loading 23_25.l2j...
2022.05.08 22:36:40,776	INFO	1	com.l2jserver.gameserver.GeoData	GeoData: Loading 23_26.l2j...
2022.05.08 22:36:40,780	INFO	1	com.l2jserver.gameserver.GeoData	GeoData: Loading 24_10.l2j...
2022.05.08 22:36:40,783	INFO	1	com.l2jserver.gameserver.GeoData	GeoData: Loading 24_11.l2j...
2022.05.08 22:36:40,832	INFO	1	com.l2jserver.gameserver.GeoData	GeoData: Loading 24_12.l2j...
2022.05.08 22:36:40,894	INFO	1	com.l2jserver.gameserver.GeoData	GeoData: Loading 24_13.l2j...
2022.05.08 22:36:40,910	INFO	1	com.l2jserver.gameserver.GeoData	GeoData: Loading 24_14.l2j...
2022.05.08 22:36:40,972	INFO	1	com.l2jserver.gameserver.GeoData	GeoData: Loading 24_15.l2j...
2022.05.08 22:36:41,054	INFO	1	com.l2jserver.gameserver.GeoData	GeoData: Loading 24_16.l2j...
2022.05.08 22:36:41,105	INFO	1	com.l2jserver.gameserver.GeoData	GeoData: Loading 24_17.l2j...
2022.05.08 22:36:41,155	INFO	1	com.l2jserver.gameserver.GeoData	GeoData: Loading 24_18.l2j...
2022.05.08 22:36:41,203	INFO	1	com.l2jserver.gameserver.GeoData	GeoData: Loading 24_19.l2j...
2022.05.08 22:36:41,230	INFO	1	com.l2jserver.gameserver.GeoData	GeoData: Loading 24_20.l2j...
2022.05.08 22:36:41,298	INFO	1	com.l2jserver.gameserver.GeoData	GeoData: Loading 24_21.l2j...
2022.05.08 22:36:41,315	INFO	1	com.l2jserver.gameserver.GeoData	GeoData: Loading 24_22.l2j...
2022.05.08 22:36:41,417	INFO	1	com.l2jserver.gameserver.GeoData	GeoData: Loading 24_23.l2j...
2022.05.08 22:36:41,449	INFO	1	com.l2jserver.gameserver.GeoData	GeoData: Loading 24_24.l2j...
2022.05.08 22:36:41,475	INFO	1	com.l2jserver.gameserver.GeoData	GeoData: Loading 24_25.l2j...
2022.05.08 22:36:41,481	INFO	1	com.l2jserver.gameserver.GeoData	GeoData: Loading 24_26.l2j...
2022.05.08 22:36:41,483	INFO	1	com.l2jserver.gameserver.GeoData	GeoData: Loading 25_10.l2j...
2022.05.08 22:36:41,486	INFO	1	com.l2jserver.gameserver.GeoData	GeoData: Loading 25_11.l2j...
2022.05.08 22:36:41,542	INFO	1	com.l2jserver.gameserver.GeoData	GeoData: Loading 25_12.l2j...
2022.05.08 22:36:41,600	INFO	1	com.l2jserver.gameserver.GeoData	GeoData: Loading 25_14.l2j...
2022.05.08 22:36:41,678	INFO	1	com.l2jserver.gameserver.GeoData	GeoData: Loading 25_15.l2j...
2022.05.08 22:36:41,725	INFO	1	com.l2jserver.gameserver.GeoData	GeoData: Loading 25_16.l2j...
2022.05.08 22:36:41,772	INFO	1	com.l2jserver.gameserver.GeoData	GeoData: Loading 25_17.l2j...
2022.05.08 22:36:41,847	INFO	1	com.l2jserver.gameserver.GeoData	GeoData: Loading 25_18.l2j...
2022.05.08 22:36:41,889	INFO	1	com.l2jserver.gameserver.GeoData	GeoData: Loading 25_19.l2j...
2022.05.08 22:36:41,958	INFO	1	com.l2jserver.gameserver.GeoData	GeoData: Loading 25_20.l2j...
2022.05.08 22:36:41,982	INFO	1	com.l2jserver.gameserver.GeoData	GeoData: Loading 25_21.l2j...
2022.05.08 22:36:41,989	INFO	1	com.l2jserver.gameserver.GeoData	GeoData: Loading 25_22.l2j...
2022.05.08 22:36:41,993	INFO	1	com.l2jserver.gameserver.GeoData	GeoData: Loading 25_23.l2j...
2022.05.08 22:36:42,000	INFO	1	com.l2jserver.gameserver.GeoData	GeoData: Loading 25_24.l2j...
2022.05.08 22:36:42,000	INFO	1	com.l2jserver.gameserver.GeoData	GeoData: Loading 26_11.l2j...
2022.05.08 22:36:42,015	INFO	1	com.l2jserver.gameserver.GeoData	GeoData: Loading 26_12.l2j...
2022.05.08 22:36:42,015	INFO	1	com.l2jserver.gameserver.GeoData	GeoData: Loading 26_14.l2j...
2022.05.08 22:36:42,047	INFO	1	com.l2jserver.gameserver.GeoData	GeoData: Loading 26_15.l2j...
2022.05.08 22:36:42,047	INFO	1	com.l2jserver.gameserver.GeoData	GeoData: Loading 26_16.l2j...
2022.05.08 22:36:42,047	INFO	1	com.l2jserver.gameserver.GeoData	GeoData: Loaded 203 regions.
2022.05.08 22:36:42,047	INFO	1	com.l2jserver.gameserver.GameServer	----------------------------------------------------=[ NPCs ]
2022.05.08 22:36:42,047	INFO	1	com.l2jserver.util.data.xml.IXmlReader	SkillLearnData: Loaded 256 Skill Learn data.
2022.05.08 22:36:42,062	INFO	1	com.l2jserver.util.data.xml.IXmlReader	MinionData: Loaded 128 minions data.
2022.05.08 22:36:43,846	INFO	1	com.l2jserver.util.data.xml.IXmlReader	NpcData: Loaded 10461 NPCs.
2022.05.08 22:36:44,278	INFO	1	com.l2jserver.util.data.xml.IXmlReader	WalkingManager: Loaded 123 walking routes.
2022.05.08 22:36:44,312	INFO	1	com.l2jserver.util.data.xml.IXmlReader	StaticObjectData: Loaded 51 static object templates.
2022.05.08 22:36:44,445	INFO	1	com.l2jserver.gameserver.instancemanager.GrandBossManager	GrandBossManager: Queen Ant(29001) status is 0.
2022.05.08 22:36:44,446	INFO	1	com.l2jserver.gameserver.instancemanager.GrandBossManager	GrandBossManager: Core(29006) status is 0.
2022.05.08 22:36:44,447	INFO	1	com.l2jserver.gameserver.instancemanager.GrandBossManager	GrandBossManager: Orfen(29014) status is 0.
2022.05.08 22:36:44,448	INFO	1	com.l2jserver.gameserver.instancemanager.GrandBossManager	GrandBossManager: Baium(29020) status is 0.
2022.05.08 22:36:44,449	INFO	1	com.l2jserver.gameserver.instancemanager.GrandBossManager	GrandBossManager: Valakas(29028) status is 0.
2022.05.08 22:36:44,450	INFO	1	com.l2jserver.gameserver.instancemanager.GrandBossManager	GrandBossManager: Antharas(29068) status is 0.
2022.05.08 22:36:44,450	INFO	1	com.l2jserver.gameserver.instancemanager.GrandBossManager	GrandBossManager: Beleth(29118) status is 0.
2022.05.08 22:36:44,450	INFO	1	com.l2jserver.gameserver.instancemanager.GrandBossManager	GrandBossManager: Loaded 7 Instances
2022.05.08 22:36:44,717	INFO	1	com.l2jserver.util.data.xml.IXmlReader	DoorData: Loaded 1301 Door templates for 22 regions.
2022.05.08 22:36:45,710	INFO	1	com.l2jserver.util.data.xml.IXmlReader	ZoneManager: Loaded 28 zone classes and 2793 zones.
2022.05.08 22:36:45,710	INFO	1	com.l2jserver.util.data.xml.IXmlReader	ZoneManager: Loaded 0 NPC spawn territoriers.
2022.05.08 22:36:45,741	INFO	1	com.l2jserver.gameserver.instancemanager.CastleManager	CastleManager: Loaded: 9 castles
2022.05.08 22:36:45,741	INFO	1	com.l2jserver.gameserver.data.sql.impl.NpcBufferTable	NpcBufferTable: Loaded 1 buffers and 10 skills.
2022.05.08 22:36:45,741	INFO	1	com.l2jserver.gameserver.instancemanager.GrandBossManager	GrandBossManager: Initialized 12 Grand Boss Zones
2022.05.08 22:36:45,741	INFO	1	com.l2jserver.gameserver.GameServer	-----------------------------------------=[ Auction Manager ]
2022.05.08 22:36:45,757	INFO	1	com.l2jserver.gameserver.model.itemauction.ItemAuctionInstance	Clearing expired auction ID 4.
2022.05.08 22:36:45,772	INFO	1	com.l2jserver.gameserver.model.itemauction.ItemAuctionInstance	Clearing expired auction ID 7.
2022.05.08 22:36:45,772	INFO	1	com.l2jserver.gameserver.model.itemauction.ItemAuctionInstance	Loaded 82 item(s) and registered 1 auction(s) for NPC ID 32320.
2022.05.08 22:36:45,772	INFO	1	com.l2jserver.gameserver.model.itemauction.ItemAuctionInstance	Schedule current auction ID 9 for NPC ID 32320.
2022.05.08 22:36:45,788	INFO	30	com.l2jserver.gameserver.model.itemauction.ItemAuctionInstance$ScheduleAuctionTask	Auction ID 9 has started for NPC ID 32320.
2022.05.08 22:36:45,788	INFO	1	com.l2jserver.gameserver.model.itemauction.ItemAuctionInstance	Clearing expired auction ID 5.
2022.05.08 22:36:45,788	INFO	30	com.l2jserver.gameserver.model.itemauction.ItemAuctionInstance	Schedule current auction ID 9 for NPC ID 32320.
2022.05.08 22:36:45,788	INFO	1	com.l2jserver.gameserver.model.itemauction.ItemAuctionInstance	Loaded 82 item(s) and registered 2 auction(s) for NPC ID 32321.
2022.05.08 22:36:45,788	INFO	1	com.l2jserver.gameserver.model.itemauction.ItemAuctionInstance	Schedule current auction ID 11 for NPC ID 32321.
2022.05.08 22:36:45,788	INFO	1	com.l2jserver.gameserver.model.itemauction.ItemAuctionInstance	Clearing expired auction ID 3.
2022.05.08 22:36:45,788	INFO	23	com.l2jserver.gameserver.model.itemauction.ItemAuctionInstance$ScheduleAuctionTask	Auction ID 11 has started for NPC ID 32321.
2022.05.08 22:36:45,788	INFO	23	com.l2jserver.gameserver.model.itemauction.ItemAuctionInstance	Schedule current auction ID 11 for NPC ID 32321.
2022.05.08 22:36:45,788	INFO	1	com.l2jserver.gameserver.model.itemauction.ItemAuctionInstance	Clearing expired auction ID 6.
2022.05.08 22:36:45,804	INFO	1	com.l2jserver.gameserver.model.itemauction.ItemAuctionInstance	Loaded 82 item(s) and registered 1 auction(s) for NPC ID 32322.
2022.05.08 22:36:45,806	INFO	1	com.l2jserver.gameserver.model.itemauction.ItemAuctionInstance	Schedule current auction ID 10 for NPC ID 32322.
2022.05.08 22:36:45,807	INFO	1	com.l2jserver.gameserver.instancemanager.ItemAuctionManager	Loaded 3 auction manager instance(s).
2022.05.08 22:36:45,808	INFO	1	com.l2jserver.gameserver.GameServer	------------------------------------------------=[ Olympiad ]
2022.05.08 22:36:45,808	INFO	21	com.l2jserver.gameserver.model.itemauction.ItemAuctionInstance$ScheduleAuctionTask	Auction ID 10 has started for NPC ID 32322.
2022.05.08 22:36:45,809	INFO	21	com.l2jserver.gameserver.model.itemauction.ItemAuctionInstance	Schedule current auction ID 10 for NPC ID 32322.
2022.05.08 22:36:45,915	INFO	24	com.l2jserver.gameserver.model.itemauction.ItemAuctionInstance	Auction ID 11 has finished. There have not been any bid for instance ID 32321.
2022.05.08 22:36:45,915	INFO	26	com.l2jserver.gameserver.model.itemauction.ItemAuctionInstance	Auction ID 9 has finished. There have not been any bid for instance ID 32320.
2022.05.08 22:36:45,915	INFO	20	com.l2jserver.gameserver.model.itemauction.ItemAuctionInstance	Auction ID 10 has finished. There have not been any bid for instance ID 32322.
2022.05.08 22:36:45,915	INFO	24	com.l2jserver.gameserver.model.itemauction.ItemAuctionInstance	Schedule next auction ID 13 on 17:00:00 09.05.22 for NPC ID 32321.
2022.05.08 22:36:45,915	INFO	20	com.l2jserver.gameserver.model.itemauction.ItemAuctionInstance	Schedule next auction ID 14 on 17:00:00 11.05.22 for NPC ID 32322.
2022.05.08 22:36:45,915	INFO	26	com.l2jserver.gameserver.model.itemauction.ItemAuctionInstance	Schedule next auction ID 12 on 17:00:00 13.05.22 for NPC ID 32320.
2022.05.08 22:36:45,915	INFO	1	com.l2jserver.gameserver.model.olympiad.Olympiad	Olympiad System: Loading Olympiad System....
2022.05.08 22:36:45,915	INFO	1	com.l2jserver.gameserver.model.olympiad.Olympiad	Olympiad System: Currently in Olympiad Period
2022.05.08 22:36:45,915	INFO	1	com.l2jserver.gameserver.model.olympiad.Olympiad	Olympiad System: 33923 minutes until period ends
2022.05.08 22:36:45,915	INFO	1	com.l2jserver.gameserver.model.olympiad.Olympiad	Olympiad System: Next weekly change is in 10080 minutes
2022.05.08 22:36:45,915	INFO	1	com.l2jserver.gameserver.model.olympiad.Olympiad	Olympiad System: Loaded 0 Nobles
2022.05.08 22:36:45,931	INFO	1	com.l2jserver.gameserver.model.olympiad.Olympiad	Olympiad System: Competition Period Starts in 0 days, 0 hours and 0 mins.
2022.05.08 22:36:45,931	INFO	1	com.l2jserver.gameserver.model.olympiad.Olympiad	Olympiad System: Event starts/started : Sun May 08 18:00:45 CLT 2022
2022.05.08 22:36:45,931	INFO	1	com.l2jserver.gameserver.model.entity.Hero	Hero System: Loaded 0 Heroes.
2022.05.08 22:36:45,931	INFO	1	com.l2jserver.gameserver.model.entity.Hero	Hero System: Loaded 0 all time Heroes.
2022.05.08 22:36:45,931	INFO	1	com.l2jserver.gameserver.GameServer	---------------------------------------------=[ Seven Signs ]
2022.05.08 22:36:45,947	INFO	15	com.l2jserver.gameserver.model.olympiad.Olympiad	Olympiad System: Olympiad Game Started
2022.05.08 22:36:45,947	INFO	1	com.l2jserver.gameserver.SevenSigns	SevenSigns: Currently in the Seal Validation period.
2022.05.08 22:36:45,947	INFO	1	com.l2jserver.gameserver.SevenSigns	SevenSigns: The Seal of Avarice remains unclaimed.
2022.05.08 22:36:45,947	INFO	1	com.l2jserver.gameserver.SevenSigns	SevenSigns: The Seal of Gnosis remains unclaimed.
2022.05.08 22:36:45,947	INFO	1	com.l2jserver.gameserver.SevenSigns	SevenSigns: The Seal of Strife remains unclaimed.
2022.05.08 22:36:45,947	INFO	15	com.l2jserver.gameserver.model.olympiad.OlympiadGameManager	Olympiad System: Loaded 160 stadiums.
2022.05.08 22:36:45,947	INFO	1	com.l2jserver.gameserver.SevenSigns	SevenSigns: The competition ended with a tie last week.
2022.05.08 22:36:45,947	INFO	1	com.l2jserver.gameserver.SevenSigns	SevenSigns: Next period change was in the past (server was offline), changing periods now!
2022.05.08 22:36:45,947	INFO	1	com.l2jserver.gameserver.SevenSigns	SevenSigns: Next period begins in 0 days, 0 hours and 0 mins.
2022.05.08 22:36:45,947	INFO	1	com.l2jserver.gameserver.GameServer	---------------------------------------------------=[ Cache ]
2022.05.08 22:36:45,947	INFO	1	com.l2jserver.gameserver.cache.HtmCache	Cache[HTML]: Running lazy cache
2022.05.08 22:36:45,962	INFO	27	com.l2jserver.gameserver.SevenSignsFestival	SevenSignsFestival: The first Festival of Darkness cycle begins in 2 minute(s).
2022.05.08 22:36:45,962	INFO	1	com.l2jserver.gameserver.data.sql.impl.CrestTable	CrestTable: Loaded 2 Crests.
2022.05.08 22:36:45,978	INFO	27	com.l2jserver.gameserver.SevenSignsFestival	SevenSignsFestival: Reinitialized engine for next competition period.
2022.05.08 22:36:45,978	INFO	1	com.l2jserver.gameserver.data.sql.impl.TeleportLocationTable	TeleportLocationTable: Loaded 957 Teleport Location Templates.
2022.05.08 22:36:45,978	INFO	1	com.l2jserver.util.data.xml.IXmlReader	UIData: Loaded 4 keys 5 categories.
2022.05.08 22:36:46,030	INFO	27	com.l2jserver.gameserver.SevenSigns	SevenSigns: The Quest Event Initialization period has begun!
2022.05.08 22:36:46,031	INFO	27	com.l2jserver.gameserver.SevenSigns	SevenSigns: Next period change set to Sun May 08 22:51:45 CLT 2022.
2022.05.08 22:36:46,049	INFO	1	com.l2jserver.gameserver.datatables.AugmentationData	AugmentationData: Loaded: 33960 augmentations.
2022.05.08 22:36:46,049	INFO	1	com.l2jserver.gameserver.datatables.AugmentationData	AugmentationData: Loaded: 2754 accessory augmentations.
2022.05.08 22:36:46,054	INFO	1	com.l2jserver.gameserver.instancemanager.CursedWeaponsManager	CursedWeaponsManager: Loaded : 0 cursed weapon(s).
2022.05.08 22:36:46,379	INFO	1	com.l2jserver.util.data.xml.IXmlReader	TransformData: Loaded: 111 transform templates.
2022.05.08 22:36:46,389	INFO	1	com.l2jserver.gameserver.datatables.BotReportTable	BotReportTable: Loaded 0 bot reports
2022.05.08 22:36:46,390	INFO	1	com.l2jserver.gameserver.GameServer	-------------------------------------------------=[ Scripts ]
2022.05.08 22:36:46,397	INFO	1	com.l2jserver.gameserver.instancemanager.AirShipManager	AirShipManager: Loaded 0 private airships
2022.05.08 22:36:46,397	INFO	1	com.l2jserver.gameserver.GameServer	GameServer: Loading server scripts:
2022.05.08 22:36:49,941	INFO	1	handlers.MasterHandler	Loading Handlers...
2022.05.08 22:36:49,988	INFO	1	handlers.MasterHandler	ActionHandler: Loaded 10 Handlers
2022.05.08 22:36:49,988	INFO	1	handlers.MasterHandler	ActionShiftHandler: Loaded 6 Handlers
2022.05.08 22:36:49,988	INFO	1	handlers.MasterHandler	AdminCommandHandler: Loaded 447 Handlers
2022.05.08 22:36:49,988	INFO	1	handlers.MasterHandler	BypassHandler: Loaded 48 Handlers
2022.05.08 22:36:49,988	INFO	1	handlers.MasterHandler	ChatHandler: Loaded 14 Handlers
2022.05.08 22:36:49,988	INFO	1	handlers.MasterHandler	CommunityBoardHandler: Loaded 15 Handlers
2022.05.08 22:36:49,988	INFO	1	handlers.MasterHandler	ItemHandler: Loaded 31 Handlers
2022.05.08 22:36:49,988	INFO	1	handlers.MasterHandler	PunishmentHandler: Loaded 3 Handlers
2022.05.08 22:36:49,988	INFO	1	handlers.MasterHandler	UserCommandHandler: Loaded 17 Handlers
2022.05.08 22:36:49,988	INFO	1	handlers.MasterHandler	VoicedCommandHandler: Loaded 1 Handlers
2022.05.08 22:36:49,988	INFO	1	handlers.MasterHandler	TargetHandler: Loaded 35 Handlers
2022.05.08 22:36:49,988	INFO	1	handlers.MasterHandler	TelnetHandler: Loaded 20 Handlers
2022.05.08 22:36:49,988	INFO	1	handlers.MasterHandler	Handlers Loaded...
2022.05.08 22:36:53,476	INFO	1	com.l2jserver.util.data.xml.IXmlReader	NpcBuffersData: Loaded: 33 buffers data.
2022.05.08 22:36:56,825	INFO	1	com.l2jserver.gameserver.model.events.AbstractScript	Handy's Block Checker Event is enabled
2022.05.08 22:37:03,571	INFO	1	instances.InstanceLoader	InstanceLoader: Loading Instances scripts.
2022.05.08 22:37:03,771	INFO	1	gracia.GraciaLoader	GraciaLoader: Loading Gracia related scripts.
2022.05.08 22:37:03,988	INFO	1	hellbound.HellboundLoader	HellboundLoader: Loading Hellbound related scripts:
2022.05.08 22:37:03,988	INFO	1	com.l2jserver.util.data.xml.IXmlReader	HellboundPointData: Loaded 47 trust point reward data.
2022.05.08 22:37:04,010	INFO	1	com.l2jserver.util.data.xml.IXmlReader	HellboundSpawns: Loaded 598 Hellbound spawns.
2022.05.08 22:37:04,012	INFO	1	com.l2jserver.gameserver.model.events.AbstractScript	HellboundEngine: Level: 11
2022.05.08 22:37:04,012	INFO	1	com.l2jserver.gameserver.model.events.AbstractScript	HellboundEngine: Trust: 4000000
2022.05.08 22:37:04,012	INFO	1	com.l2jserver.gameserver.model.events.AbstractScript	HellboundEngine: Status: unlocked.
2022.05.08 22:37:04,069	INFO	1	com.l2jserver.gameserver.instancemanager.RaidBossSpawnManager	RaidBossSpawnManager: Loaded 189 Instances
2022.05.08 22:37:04,069	INFO	1	com.l2jserver.gameserver.instancemanager.RaidBossSpawnManager	RaidBossSpawnManager: Scheduled 0 Instances
2022.05.08 22:37:05,045	INFO	23	com.l2jserver.gameserver.model.events.AbstractScript	HellboundEngine: Spawned 598 NPCs.
2022.05.08 22:37:05,551	INFO	1	com.l2jserver.gameserver.model.events.AbstractScript	[EnhanceYourWeapon] Loaded 54 Soul Crystal data.
2022.05.08 22:37:05,551	INFO	1	com.l2jserver.gameserver.model.events.AbstractScript	[EnhanceYourWeapon] Loaded 240 npc Leveling info data.
2022.05.08 22:37:05,699	INFO	1	com.l2jserver.gameserver.model.events.AbstractScript	TerritoryWarSuperClass: Siege date: Sat May 21 20:00:00 CLT 2022
2022.05.08 22:37:06,631	INFO	1	com.l2jserver.gameserver.model.entity.clanhall.ClanHallSiegeEngine	Bandit StrongHold siege scheduled for Sun May 22 12:00:00 CLT 2022.
2022.05.08 22:37:06,716	INFO	1	com.l2jserver.gameserver.model.entity.clanhall.ClanHallSiegeEngine	Beast Farm siege scheduled for Sun May 22 12:00:00 CLT 2022.
2022.05.08 22:37:06,791	INFO	1	com.l2jserver.gameserver.model.entity.clanhall.ClanHallSiegeEngine	Devastated Castle siege scheduled for Sun May 22 12:00:00 CLT 2022.
2022.05.08 22:37:06,864	INFO	1	com.l2jserver.gameserver.model.entity.clanhall.ClanHallSiegeEngine	Fortress of Resistance siege scheduled for Sun May 22 12:00:00 CLT 2022.
2022.05.08 22:37:06,945	INFO	1	com.l2jserver.gameserver.model.entity.clanhall.ClanHallSiegeEngine	Fortresss of the Dead siege scheduled for Sun May 22 12:00:00 CLT 2022.
2022.05.08 22:37:07,027	INFO	1	com.l2jserver.gameserver.model.entity.clanhall.ClanHallSiegeEngine	Rainbow Springs siege scheduled for Sun May 22 12:00:00 CLT 2022.
2022.05.08 22:37:07,710	INFO	1	com.l2jserver.util.data.xml.IXmlReader	SpawnTable: Loaded 3771 npc spawns.
2022.05.08 22:37:07,742	INFO	1	com.l2jserver.util.data.xml.IXmlReader	SpawnTable: Loaded 1190 npc spawns from XML.
2022.05.08 22:37:07,743	INFO	1	com.l2jserver.gameserver.instancemanager.DayNightSpawnManager	DayNightSpawnManager: Removed 0 night creatures
2022.05.08 22:37:07,745	INFO	1	com.l2jserver.gameserver.instancemanager.DayNightSpawnManager	DayNightSpawnManager: Spawned 232 day creatures
2022.05.08 22:37:07,751	INFO	1	com.l2jserver.gameserver.instancemanager.FourSepulchersManager	FourSepulchersManager: loaded 20 Mysterious-Box spawns.
2022.05.08 22:37:07,768	INFO	1	com.l2jserver.gameserver.instancemanager.FourSepulchersManager	FourSepulchersManager: loaded 716 Physical type monsters spawns.
2022.05.08 22:37:07,784	INFO	1	com.l2jserver.gameserver.instancemanager.FourSepulchersManager	FourSepulchersManager: loaded 716 Magical type monsters spawns.
2022.05.08 22:37:07,788	INFO	1	com.l2jserver.gameserver.instancemanager.FourSepulchersManager	FourSepulchersManager: loaded 92 Church of duke monsters spawns.
2022.05.08 22:37:07,791	INFO	1	com.l2jserver.gameserver.instancemanager.FourSepulchersManager	FourSepulchersManager: loaded 68 Emperor's grave NPC spawns.
2022.05.08 22:37:07,791	INFO	1	com.l2jserver.gameserver.instancemanager.FourSepulchersManager	FourSepulchersManager: spawned Conquerors' Sepulcher Manager
2022.05.08 22:37:07,792	INFO	1	com.l2jserver.gameserver.instancemanager.FourSepulchersManager	FourSepulchersManager: spawned Emperors' Sepulcher Manager
2022.05.08 22:37:07,792	INFO	1	com.l2jserver.gameserver.instancemanager.FourSepulchersManager	FourSepulchersManager: spawned Great Sages' Sepulcher Manager
2022.05.08 22:37:07,793	INFO	1	com.l2jserver.gameserver.instancemanager.FourSepulchersManager	FourSepulchersManager: spawned Judges' Sepulcher Manager
2022.05.08 22:37:07,795	INFO	1	com.l2jserver.gameserver.instancemanager.FourSepulchersManager	FourSepulchersManager: Beginning in Attack time
2022.05.08 22:37:07,799	INFO	1	com.l2jserver.gameserver.instancemanager.DimensionalRiftManager	DimensionalRiftManager: Loaded 7 room types with 56 rooms.
2022.05.08 22:37:07,800	INFO	1	com.l2jserver.gameserver.instancemanager.DimensionalRiftManager	DimensionalRiftManager: Loaded 462 dimensional rift spawns, 0 errors.
2022.05.08 22:37:07,800	INFO	1	com.l2jserver.gameserver.GameServer	---------------------------------------------------=[ Siege ]
2022.05.08 22:37:07,800	INFO	1	com.l2jserver.util.data.xml.IXmlReader	SiegeScheduleData: Loaded: 2 siege schedulers.
2022.05.08 22:37:07,816	INFO	1	com.l2jserver.gameserver.model.entity.Siege	Siege of Gludio: Sun May 22 16:00:00 CLT 2022
2022.05.08 22:37:07,816	INFO	1	com.l2jserver.gameserver.model.entity.Siege	Siege of Dion: Sun May 22 16:00:00 CLT 2022
2022.05.08 22:37:07,816	INFO	1	com.l2jserver.gameserver.model.entity.Siege	Siege of Giran: Sun May 22 16:00:00 CLT 2022
2022.05.08 22:37:07,816	INFO	1	com.l2jserver.gameserver.model.entity.Siege	Siege of Oren: Sun May 22 16:00:00 CLT 2022
2022.05.08 22:37:07,816	INFO	1	com.l2jserver.gameserver.model.entity.Siege	Siege of Aden: Sun May 22 16:00:00 CLT 2022
2022.05.08 22:37:07,816	INFO	1	com.l2jserver.gameserver.model.entity.Siege	Siege of Innadril: Sun May 22 20:00:00 CLT 2022
2022.05.08 22:37:07,816	INFO	1	com.l2jserver.gameserver.model.entity.Siege	Siege of Goddard: Sun May 22 20:00:00 CLT 2022
2022.05.08 22:37:07,816	INFO	1	com.l2jserver.gameserver.model.entity.Siege	Siege of Rune: Sun May 22 20:00:00 CLT 2022
2022.05.08 22:37:07,816	INFO	1	com.l2jserver.gameserver.model.entity.Siege	Siege of Schuttgart: Sun May 22 20:00:00 CLT 2022
2022.05.08 22:37:07,879	INFO	1	com.l2jserver.gameserver.instancemanager.FortManager	FortManager: Loaded: 21 fortress
2022.05.08 22:37:07,941	INFO	1	com.l2jserver.util.data.xml.IXmlReader	CastleManorManager: Loaded 258 seeds.
2022.05.08 22:37:07,957	INFO	1	com.l2jserver.util.data.xml.IXmlReader	CastleManorManager: Manor data loaded.
2022.05.08 22:37:07,972	INFO	1	com.l2jserver.gameserver.instancemanager.MercTicketManager	MercTicketManager: Loaded: 0 Mercenary Tickets
2022.05.08 22:37:07,972	INFO	1	com.l2jserver.gameserver.instancemanager.QuestManager	QuestManager: Loaded: 520 quests.
2022.05.08 22:37:07,972	INFO	1	com.l2jserver.gameserver.instancemanager.QuestManager	QuestManager: Loaded: 268 scripts.
2022.05.08 22:37:07,972	INFO	1	com.l2jserver.gameserver.script.faenor.FaenorEventParser	Event ID: (Valentines Event) has passed... Ignored.
2022.05.08 22:37:07,972	INFO	1	com.l2jserver.gameserver.script.faenor.FaenorScriptEngine	FaenorScriptEngine: Loaded  Valentines.xml successfully.
2022.05.08 22:37:07,972	INFO	1	com.l2jserver.gameserver.GameServer	AutoSpawnHandler: Loaded 129 handlers in total.
2022.05.08 22:37:07,988	INFO	1	com.l2jserver.gameserver.taskmanager.TaskManager	TaskManager: Loaded: 13 Tasks
2022.05.08 22:37:07,988	INFO	1	com.l2jserver.gameserver.instancemanager.MailManager	MailManager: Successfully loaded 0 messages.
2022.05.08 22:37:08,004	INFO	1	com.l2jserver.gameserver.instancemanager.PunishmentManager	PunishmentManager: Loaded 0 active and 0 expired punishments.
2022.05.08 22:37:08,005	INFO	1	com.l2jserver.gameserver.GameServer	IdFactory: Free ObjectID's remaining: 1879001258
2022.05.08 22:37:08,006	INFO	1	com.l2jserver.gameserver.model.entity.TvTManager	TvTEventEngine[TvTManager.TvTManager()]: Engine is disabled.
2022.05.08 22:37:10,101	INFO	1	com.l2jserver.gameserver.GameServer	GameServer: Started, free memory 1905 Mb of 3641 Mb
2022.05.08 22:37:10,186	INFO	257	com.l2jserver.gameserver.LoginServerThread	Connecting to login on 127.0.0.1:9014
2022.05.08 22:37:10,564	INFO	1	com.l2jserver.gameserver.GameServer	GameServer: is now listening on: *:7777
2022.05.08 22:37:10,564	INFO	1	com.l2jserver.gameserver.GameServer	GameServer: Maximum numbers of connected players: 500
2022.05.08 22:37:10,565	INFO	1	com.l2jserver.gameserver.GameServer	GameServer: Server loaded in 46 seconds.
2022.05.08 22:37:10,567	INFO	1	com.l2jserver.gameserver.GameServer	----------------------------------------------------=[ UPnP ]
2022.05.08 22:37:10,570	INFO	1	com.l2jserver.UPnPService	Looking for UPnP Gateway Devices...
2022.05.08 22:37:10,617	INFO	257	com.l2jserver.gameserver.LoginServerThread	Registered on login as Server 1: Bartz
2022.05.08 22:37:15,524	INFO	1	com.l2jserver.UPnPService	Using UPnP gateway: MitraStar GPT-2741GNAC Internet Sharing Gateway
2022.05.08 22:37:15,767	INFO	1	com.l2jserver.UPnPService	Using local address: 192.168.1.100 External address: 186.107.185.96
2022.05.08 22:37:16,302	INFO	1	com.l2jserver.UPnPService	Mapping successful on 192.168.1.100:7777
2022.05.08 22:37:16,303	INFO	1	com.l2jserver.gameserver.GameServer	GameServer: Telnet server is currently disabled.
2022.05.08 22:38:02,297	INFO	268	com.l2jserver.gameserver.model.actor.instance.L2PcInstance	Master access level set for character Waizatsu.
2022.05.08 22:42:49,327	INFO	269	com.l2jserver.gameserver.model.actor.instance.L2PcInstance	Master access level set for character Waizatsu.
2022.05.08 22:45:28,025	INFO	29	com.l2jserver.gameserver.instancemanager.GlobalVariablesManager	GlobalVariablesManager: Stored 7 variables.
2022.05.08 22:51:45,938	INFO	29	com.l2jserver.gameserver.SevenSigns	SevenSigns: The Competition (Quest Event) period has begun!
2022.05.08 22:51:45,938	INFO	29	com.l2jserver.gameserver.SevenSigns	SevenSigns: Next period change set to Mon May 09 18:00:45 CLT 2022.
2022.05.08 22:52:08,025	INFO	26	com.l2jserver.gameserver.taskmanager.tasks.TaskOlympiadSave	Olympiad System: Data updated.
2022.05.08 22:54:59,294	INFO	269	com.l2jserver.gameserver.model.actor.instance.L2PcInstance	Master access level set for character Waizatsu.
2022.05.08 23:00:26,092	INFO	270	com.l2jserver.gameserver.model.actor.instance.L2PcInstance	Master access level set for character Waizatsu.
2022.05.08 23:04:10,644	INFO	271	com.l2jserver.gameserver.model.actor.instance.L2PcInstance	Master access level set for character Waizatsu.
2022.05.08 23:07:08,019	INFO	25	com.l2jserver.gameserver.taskmanager.tasks.TaskSevenSignsUpdate	SevenSigns: Data updated successfully.
2022.05.08 23:09:27,639	WARNING	269	com.l2jserver.gameserver.datatables.SkillData	SkillData: No skill info found for skill id 99001 and skill level 1.
2022.05.08 23:09:27,640	WARNING	269	com.l2jserver.gameserver.model.itemcontainer.Inventory	Inventory.ItemSkillsListener.Weapon: Incorrect skill: [SkillId: 99001 Level: 1].
2022.05.08 23:09:28,535	WARNING	271	com.l2jserver.gameserver.datatables.SkillData	SkillData: No skill info found for skill id 99001 and skill level 1.
2022.05.08 23:09:30,030	WARNING	268	com.l2jserver.gameserver.datatables.SkillData	SkillData: No skill info found for skill id 99001 and skill level 1.
2022.05.08 23:09:30,426	WARNING	270	com.l2jserver.gameserver.datatables.SkillData	SkillData: No skill info found for skill id 99001 and skill level 1.
2022.05.08 23:09:30,430	WARNING	270	com.l2jserver.gameserver.datatables.SkillData	SkillData: No skill info found for skill id 99002 and skill level 1.
2022.05.08 23:09:30,430	WARNING	270	com.l2jserver.gameserver.model.itemcontainer.Inventory	Inventory.ItemSkillsListener.Weapon: Incorrect skill: [SkillId: 99002 Level: 1].
2022.05.08 23:09:31,125	WARNING	269	com.l2jserver.gameserver.datatables.SkillData	SkillData: No skill info found for skill id 99001 and skill level 1.
2022.05.08 23:09:31,125	WARNING	269	com.l2jserver.gameserver.datatables.SkillData	SkillData: No skill info found for skill id 99002 and skill level 1.
2022.05.08 23:09:35,807	WARNING	271	com.l2jserver.gameserver.datatables.SkillData	SkillData: No skill info found for skill id 99001 and skill level 1.
2022.05.08 23:09:35,807	WARNING	271	com.l2jserver.gameserver.datatables.SkillData	SkillData: No skill info found for skill id 99002 and skill level 1.
2022.05.08 23:09:56,512	WARNING	268	com.l2jserver.gameserver.datatables.SkillData	SkillData: No skill info found for skill id 99001 and skill level 1.
2022.05.08 23:09:56,512	WARNING	268	com.l2jserver.gameserver.datatables.SkillData	SkillData: No skill info found for skill id 99002 and skill level 1.
2022.05.08 23:10:00,790	WARNING	271	com.l2jserver.gameserver.datatables.SkillData	SkillData: No skill info found for skill id 99001 and skill level 1.
2022.05.08 23:10:00,790	WARNING	271	com.l2jserver.gameserver.datatables.SkillData	SkillData: No skill info found for skill id 99002 and skill level 1.
2022.05.08 23:10:20,543	WARNING	270	com.l2jserver.gameserver.datatables.SkillData	SkillData: No skill info found for skill id 99001 and skill level 1.
2022.05.08 23:10:20,543	WARNING	270	com.l2jserver.gameserver.datatables.SkillData	SkillData: No skill info found for skill id 99002 and skill level 1.
2022.05.08 23:10:33,336	WARNING	269	com.l2jserver.gameserver.datatables.SkillData	SkillData: No skill info found for skill id 99001 and skill level 1.
2022.05.08 23:10:33,336	WARNING	269	com.l2jserver.gameserver.datatables.SkillData	SkillData: No skill info found for skill id 99002 and skill level 1.
2022.05.08 23:10:36,868	WARNING	268	com.l2jserver.gameserver.datatables.SkillData	SkillData: No skill info found for skill id 99001 and skill level 1.
2022.05.08 23:10:36,868	WARNING	268	com.l2jserver.gameserver.datatables.SkillData	SkillData: No skill info found for skill id 99002 and skill level 1.
2022.05.08 23:10:38,988	WARNING	271	com.l2jserver.gameserver.datatables.SkillData	SkillData: No skill info found for skill id 99002 and skill level 1.
2022.05.08 23:10:38,989	WARNING	271	com.l2jserver.gameserver.model.itemcontainer.Inventory	Inventory.ItemSkillsListener.Weapon: Incorrect skill: [SkillId: 99002 Level: 1].
2022.05.08 23:10:38,990	WARNING	271	com.l2jserver.gameserver.datatables.SkillData	SkillData: No skill info found for skill id 99001 and skill level 1.
2022.05.08 23:10:39,818	WARNING	270	com.l2jserver.gameserver.datatables.SkillData	SkillData: No skill info found for skill id 99001 and skill level 1.
2022.05.08 23:10:39,818	WARNING	270	com.l2jserver.gameserver.model.itemcontainer.Inventory	Inventory.ItemSkillsListener.Weapon: Incorrect skill: [SkillId: 99001 Level: 1].
2022.05.08 23:21:48,162	WARNING	268	com.l2jserver.gameserver.network.clientpackets.L2GameClientPacket	L2PetInstance:Amon[268483339](16042) Level: 86 Owner: L2PcInstance:Waizatsu[268482253] requested missing skill Skill02!
2022.05.08 23:21:48,669	WARNING	269	com.l2jserver.gameserver.network.clientpackets.L2GameClientPacket	L2PetInstance:Amon[268483339](16042) Level: 86 Owner: L2PcInstance:Waizatsu[268482253] requested missing skill Skill04!
2022.05.08 23:21:49,607	WARNING	271	com.l2jserver.gameserver.network.clientpackets.L2GameClientPacket	L2PetInstance:Amon[268483339](16042) Level: 86 Owner: L2PcInstance:Waizatsu[268482253] requested missing skill Skill04!
2022.05.08 23:21:50,032	WARNING	268	com.l2jserver.gameserver.network.clientpackets.L2GameClientPacket	L2PetInstance:Amon[268483339](16042) Level: 86 Owner: L2PcInstance:Waizatsu[268482253] requested missing skill Skill01!
2022.05.08 23:22:05,059	WARNING	268	com.l2jserver.gameserver.network.clientpackets.L2GameClientPacket	L2PetInstance:Amon[268483339](16042) Level: 86 Owner: L2PcInstance:Waizatsu[268482253] requested missing skill Skill03!
2022.05.08 23:22:06,688	WARNING	269	com.l2jserver.gameserver.network.clientpackets.L2GameClientPacket	L2PetInstance:Amon[268483339](16042) Level: 86 Owner: L2PcInstance:Waizatsu[268482253] requested missing skill Skill02!
2022.05.08 23:22:07,533	WARNING	270	com.l2jserver.gameserver.network.clientpackets.L2GameClientPacket	L2PetInstance:Amon[268483339](16042) Level: 86 Owner: L2PcInstance:Waizatsu[268482253] requested missing skill Skill04!
2022.05.08 23:22:07,766	WARNING	271	com.l2jserver.gameserver.network.clientpackets.L2GameClientPacket	L2PetInstance:Amon[268483339](16042) Level: 86 Owner: L2PcInstance:Waizatsu[268482253] requested missing skill Skill04!
2022.05.08 23:22:08,002	INFO	26	com.l2jserver.gameserver.taskmanager.tasks.TaskOlympiadSave	Olympiad System: Data updated.
