2022.08.26 11:03:02,933	INFO	1	com.l2jserver.gameserver.GameServer	------------------------------------------------=[ Database ]
2022.08.26 11:03:03,032	INFO	1	com.l2jserver.gameserver.dao.factory.impl.DAOFactory	Using MySQL DAO Factory.
2022.08.26 11:03:03,037	INFO	1	com.l2jserver.commons.database.pool.impl.ConnectionFactory	Using HikariCP connection pool.
2022.08.26 11:03:03,038	INFO	1	com.l2jserver.gameserver.GameServer	GameServer: Used memory: 40MB.
2022.08.26 11:03:03,040	INFO	1	com.zaxxer.hikari.HikariDataSource	HikariPool-1 - Starting...
2022.08.26 11:03:03,220	INFO	1	com.zaxxer.hikari.HikariDataSource	HikariPool-1 - Start completed.
2022.08.26 11:03:03,237	INFO	1	com.l2jserver.gameserver.idfactory.BitSetIDFactory	Updated characters online status.
2022.08.26 11:03:03,667	INFO	1	com.l2jserver.gameserver.idfactory.BitSetIDFactory	Cleaned 0 elements from database in 0 s
2022.08.26 11:03:03,676	INFO	1	com.l2jserver.gameserver.idfactory.BitSetIDFactory	Cleaned 1 expired timestamps from database.
2022.08.26 11:03:03,700	INFO	1	com.l2jserver.gameserver.idfactory.BitSetIDFactory	BitSetIDFactory: 102912 id's available.
2022.08.26 11:03:03,701	INFO	1	com.l2jserver.gameserver.GameServer	-------------------------------------------------=[ Engines ]
2022.08.26 11:03:04,256	INFO	1	com.l2jserver.gameserver.scripting.L2ScriptEngineManager	Script Engine: java 1.8 - Language: java - Language Version: 1.8
2022.08.26 11:03:04,494	INFO	1	com.l2jserver.gameserver.scripting.L2ScriptEngineManager	Script Engine: jython 2.2.1 - Language: python - Language Version: 2.2.1
2022.08.26 11:03:04,715	INFO	1	com.l2jserver.gameserver.scripting.L2ScriptEngineManager	Script Engine: Oracle Nashorn 1.8.0_341 - Language: ECMAScript - Language Version: ECMA - 262 Edition 5.1
2022.08.26 11:03:04,756	INFO	1	com.l2jserver.gameserver.GameServer	---------------------------------------------------=[ World ]
2022.08.26 11:03:04,775	INFO	1	com.l2jserver.util.data.xml.IXmlReader	InstanceManager: Multiverse Instance created.
2022.08.26 11:03:04,775	INFO	1	com.l2jserver.util.data.xml.IXmlReader	InstanceManager: Universe Instance created.
2022.08.26 11:03:04,913	INFO	1	com.l2jserver.util.data.xml.IXmlReader	InstanceManager: Loaded 160 instance names.
2022.08.26 11:03:04,926	INFO	1	com.l2jserver.gameserver.model.L2World	L2World: (128 by 136) World Region Grid set up.
2022.08.26 11:03:05,076	INFO	1	com.l2jserver.util.data.xml.IXmlReader	MapRegionManager: Loaded 57 map regions.
2022.08.26 11:03:05,116	INFO	1	com.l2jserver.gameserver.instancemanager.GlobalVariablesManager	GlobalVariablesManager: Loaded 6 variables.
2022.08.26 11:03:05,116	INFO	1	com.l2jserver.gameserver.GameServer	----------------------------------------------------=[ Data ]
2022.08.26 11:03:05,151	INFO	1	com.l2jserver.util.data.xml.IXmlReader	CategoryData: Loaded 124 Categories.
2022.08.26 11:03:05,162	INFO	1	com.l2jserver.util.data.xml.IXmlReader	SecondaryAuthData: Loaded 328 forbidden passwords.
2022.08.26 11:03:05,163	INFO	1	com.l2jserver.gameserver.GameServer	-------------------------------------------------=[ Effects ]
2022.08.26 11:03:08,434	INFO	1	handlers.EffectMasterHandler	EffectMasterHandler: Loaded 160 effect handlers.
2022.08.26 11:03:08,434	INFO	1	com.l2jserver.gameserver.GameServer	------------------------------------=[ Enchant Skill Groups ]
2022.08.26 11:03:08,453	INFO	1	com.l2jserver.util.data.xml.IXmlReader	EnchantSkillGroupsData: Loaded 4 groups and 90 routes.
2022.08.26 11:03:08,453	INFO	1	com.l2jserver.gameserver.GameServer	---------------------------------------------=[ Skill Trees ]
2022.08.26 11:03:08,831	INFO	1	com.l2jserver.util.data.xml.IXmlReader	Loaded 17176 Class Skills for 103 Class Skill Trees.
2022.08.26 11:03:08,832	INFO	1	com.l2jserver.util.data.xml.IXmlReader	Loaded 76 Sub-Class Skills.
2022.08.26 11:03:08,833	INFO	1	com.l2jserver.util.data.xml.IXmlReader	Loaded 77 Transfer Skills for 3 Transfer Skill Trees.
2022.08.26 11:03:08,833	INFO	1	com.l2jserver.util.data.xml.IXmlReader	Loaded 117 Fishing Skills, 8 Dwarven only Fishing Skills.
2022.08.26 11:03:08,834	INFO	1	com.l2jserver.util.data.xml.IXmlReader	Loaded 3 Collect Skills.
2022.08.26 11:03:08,834	INFO	1	com.l2jserver.util.data.xml.IXmlReader	Loaded 74 Pledge Skills, 44 for Pledge and 30 Residential.
2022.08.26 11:03:08,835	INFO	1	com.l2jserver.util.data.xml.IXmlReader	Loaded 18 Sub-Pledge Skills.
2022.08.26 11:03:08,835	INFO	1	com.l2jserver.util.data.xml.IXmlReader	Loaded 32 Transform Skills.
2022.08.26 11:03:08,836	INFO	1	com.l2jserver.util.data.xml.IXmlReader	Loaded 8 Noble Skills.
2022.08.26 11:03:08,836	INFO	1	com.l2jserver.util.data.xml.IXmlReader	Loaded 5 Hero Skills.
2022.08.26 11:03:08,837	INFO	1	com.l2jserver.util.data.xml.IXmlReader	Loaded 46 Game Master Skills.
2022.08.26 11:03:08,837	INFO	1	com.l2jserver.util.data.xml.IXmlReader	Loaded 46 Game Master Aura Skills.
2022.08.26 11:03:08,838	INFO	1	com.l2jserver.gameserver.GameServer	--------------------------------------------------=[ Skills ]
2022.08.26 11:03:12,116	INFO	1	com.l2jserver.gameserver.engines.DocumentEngine	DocumentEngine: Loaded 65961 Skill templates from XML files.
2022.08.26 11:03:12,153	INFO	1	com.l2jserver.gameserver.data.sql.impl.SummonSkillsTable	SummonSkillsTable: Loaded 1891 skills.
2022.08.26 11:03:12,153	INFO	1	com.l2jserver.gameserver.GameServer	---------------------------------------------------=[ Items ]
2022.08.26 11:03:13,458	INFO	1	com.l2jserver.gameserver.datatables.ItemTable	ItemTable: Highest item id used:102036
2022.08.26 11:03:13,461	INFO	1	com.l2jserver.gameserver.datatables.ItemTable	ItemTable: Loaded: 11481 Etc Items
2022.08.26 11:03:13,461	INFO	1	com.l2jserver.gameserver.datatables.ItemTable	ItemTable: Loaded: 3928 Armor Items
2022.08.26 11:03:13,461	INFO	1	com.l2jserver.gameserver.datatables.ItemTable	ItemTable: Loaded: 4163 Weapon Items
2022.08.26 11:03:13,462	INFO	1	com.l2jserver.gameserver.datatables.ItemTable	ItemTable: Loaded: 19572 Items in total.
2022.08.26 11:03:13,469	INFO	1	com.l2jserver.util.data.xml.IXmlReader	EnchantItemGroupsData: Loaded: 4 item group templates.
2022.08.26 11:03:13,470	INFO	1	com.l2jserver.util.data.xml.IXmlReader	EnchantItemGroupsData: Loaded: 1 scroll group templates.
2022.08.26 11:03:13,478	INFO	1	com.l2jserver.util.data.xml.IXmlReader	EnchantItemData: Loaded 63 Enchant Scrolls.
2022.08.26 11:03:13,478	INFO	1	com.l2jserver.util.data.xml.IXmlReader	EnchantItemData: Loaded 20 Support Items.
2022.08.26 11:03:13,493	INFO	1	com.l2jserver.util.data.xml.IXmlReader	EnchantItemOptionsData: Loaded: 23 Items and 1093 Options.
2022.08.26 11:03:14,619	INFO	1	com.l2jserver.util.data.xml.IXmlReader	OptionData: Loaded: 24985 Options.
2022.08.26 11:03:14,627	INFO	1	com.l2jserver.util.data.xml.IXmlReader	EnchantItemHPBonusData: Loaded 6 Enchant HP Bonuses.
2022.08.26 11:03:14,631	INFO	1	com.l2jserver.gameserver.datatables.MerchantPriceConfigTable	MerchantPriceConfigTable: Loaded 28 merchant price configs.
2022.08.26 11:03:15,784	INFO	1	com.l2jserver.util.data.xml.IXmlReader	BuyListData: Loaded 760 BuyLists.
2022.08.26 11:03:16,298	INFO	1	com.l2jserver.util.data.xml.IXmlReader	MultisellData: Loaded 192 multisell lists.
2022.08.26 11:03:16,327	INFO	1	com.l2jserver.util.data.xml.IXmlReader	RecipeData: Loaded 1000 recipes.
2022.08.26 11:03:16,379	INFO	1	com.l2jserver.util.data.xml.IXmlReader	ArmorSetsData: Loaded 208 Armor sets.
2022.08.26 11:03:16,391	INFO	1	com.l2jserver.util.data.xml.IXmlReader	FishData: Loaded 278 Fish.
2022.08.26 11:03:16,395	INFO	1	com.l2jserver.util.data.xml.IXmlReader	FishingMonstersData: Loaded 8 Fishing Monsters.
2022.08.26 11:03:16,397	INFO	1	com.l2jserver.util.data.xml.IXmlReader	FishingRodsData: Loaded 6 Fishing Rods.
2022.08.26 11:03:16,420	INFO	1	com.l2jserver.util.data.xml.IXmlReader	HennaData: Loaded 180 Henna data.
2022.08.26 11:03:16,420	INFO	1	com.l2jserver.gameserver.GameServer	----------------------------------------------=[ Characters ]
2022.08.26 11:03:16,425	INFO	1	com.l2jserver.util.data.xml.IXmlReader	ClassListData: Loaded 107 Class data.
2022.08.26 11:03:16,430	INFO	1	com.l2jserver.util.data.xml.IXmlReader	InitialEquipmentData: Loaded 11 Initial Equipment data.
2022.08.26 11:03:16,435	INFO	1	com.l2jserver.util.data.xml.IXmlReader	InitialShortcutData: Loaded 5 Initial Global Shortcuts data.
2022.08.26 11:03:16,436	INFO	1	com.l2jserver.util.data.xml.IXmlReader	InitialShortcutData: Loaded 4 Initial Shortcuts data.
2022.08.26 11:03:16,436	INFO	1	com.l2jserver.util.data.xml.IXmlReader	InitialShortcutData: Loaded 0 Macros presets.
2022.08.26 11:03:16,469	INFO	1	com.l2jserver.util.data.xml.IXmlReader	KarmaData: Loaded 85 karma modifiers.
2022.08.26 11:03:16,472	INFO	1	com.l2jserver.util.data.xml.IXmlReader	HitConditionBonusData: Loaded Hit Condition bonuses.
2022.08.26 11:03:16,824	INFO	1	com.l2jserver.util.data.xml.IXmlReader	PlayerTemplateData: Loaded 103 character templates.
2022.08.26 11:03:16,824	INFO	1	com.l2jserver.util.data.xml.IXmlReader	PlayerTemplateData: Loaded 52530 level up gain records.
2022.08.26 11:03:16,829	INFO	1	com.l2jserver.util.data.xml.IXmlReader	PlayerCreationPointData: Loaded 62 character creation points.
2022.08.26 11:03:16,831	INFO	1	com.l2jserver.gameserver.data.sql.impl.CharNameTable	CharNameTable: Loaded 2 char names.
2022.08.26 11:03:16,837	INFO	1	com.l2jserver.util.data.xml.IXmlReader	AdminData: Loaded: 10 Access Levels.
2022.08.26 11:03:16,843	INFO	1	com.l2jserver.util.data.xml.IXmlReader	AdminData: Loaded: 444 Access Commands.
2022.08.26 11:03:16,846	INFO	1	com.l2jserver.gameserver.instancemanager.RaidBossPointsManager	RaidBossPointsManager: Loaded 2 Characters Raid Points.
2022.08.26 11:03:17,276	INFO	1	com.l2jserver.util.data.xml.IXmlReader	PetDataTable: Loaded 52 Pets.
2022.08.26 11:03:17,287	INFO	1	com.l2jserver.gameserver.GameServer	---------------------------------------------------=[ Clans ]
2022.08.26 11:03:17,298	INFO	1	com.l2jserver.gameserver.communitybbs.Manager.ForumsBBSManager	Loaded 4 forums. Last forum id used: 4
2022.08.26 11:03:17,299	INFO	1	com.l2jserver.gameserver.data.sql.impl.ClanTable	ClanTable: Restored 0 clans from the database.
2022.08.26 11:03:17,327	INFO	1	com.l2jserver.gameserver.instancemanager.CHSiegeManager	CHSiegeManager: Loaded 6 conquerable clan halls.
2022.08.26 11:03:17,444	INFO	1	com.l2jserver.gameserver.instancemanager.AuctionManager	AuctionManager: Loaded: 38 auction(s)
2022.08.26 11:03:17,445	INFO	1	com.l2jserver.gameserver.instancemanager.ClanHallManager	ClanHallManager: Loaded: 0 clan halls
2022.08.26 11:03:17,445	INFO	1	com.l2jserver.gameserver.instancemanager.ClanHallManager	ClanHallManager: Loaded: 38 free clan halls
2022.08.26 11:03:17,446	INFO	1	com.l2jserver.gameserver.GameServer	-------------------------------------------------=[ Geodata ]
2022.08.26 11:03:17,459	INFO	1	com.l2jserver.gameserver.GeoData	GeoData: Loading 11_23.l2j...
2022.08.26 11:03:17,510	INFO	1	com.l2jserver.gameserver.GeoData	GeoData: Loading 11_24.l2j...
2022.08.26 11:03:17,552	INFO	1	com.l2jserver.gameserver.GeoData	GeoData: Loading 11_25.l2j...
2022.08.26 11:03:17,590	INFO	1	com.l2jserver.gameserver.GeoData	GeoData: Loading 11_26.l2j...
2022.08.26 11:03:17,638	INFO	1	com.l2jserver.gameserver.GeoData	GeoData: Loading 12_23.l2j...
2022.08.26 11:03:17,690	INFO	1	com.l2jserver.gameserver.GeoData	GeoData: Loading 12_24.l2j...
2022.08.26 11:03:17,888	INFO	1	com.l2jserver.gameserver.GeoData	GeoData: Loading 12_25.l2j...
2022.08.26 11:03:18,040	INFO	1	com.l2jserver.gameserver.GeoData	GeoData: Loading 12_26.l2j...
2022.08.26 11:03:18,080	INFO	1	com.l2jserver.gameserver.GeoData	GeoData: Loading 13_21.l2j...
2022.08.26 11:03:18,089	INFO	1	com.l2jserver.gameserver.GeoData	GeoData: Loading 13_22.l2j...
2022.08.26 11:03:18,100	INFO	1	com.l2jserver.gameserver.GeoData	GeoData: Loading 13_23.l2j...
2022.08.26 11:03:18,278	INFO	1	com.l2jserver.gameserver.GeoData	GeoData: Loading 13_24.l2j...
2022.08.26 11:03:18,484	INFO	1	com.l2jserver.gameserver.GeoData	GeoData: Loading 13_25.l2j...
2022.08.26 11:03:18,606	INFO	1	com.l2jserver.gameserver.GeoData	GeoData: Loading 13_26.l2j...
2022.08.26 11:03:18,656	INFO	1	com.l2jserver.gameserver.GeoData	GeoData: Loading 14_21.l2j...
2022.08.26 11:03:18,666	INFO	1	com.l2jserver.gameserver.GeoData	GeoData: Loading 14_22.l2j...
2022.08.26 11:03:18,837	INFO	1	com.l2jserver.gameserver.GeoData	GeoData: Loading 14_23.l2j...
2022.08.26 11:03:19,401	INFO	1	com.l2jserver.gameserver.GeoData	GeoData: Loading 14_24.l2j...
2022.08.26 11:03:19,567	INFO	1	com.l2jserver.gameserver.GeoData	GeoData: Loading 14_25.l2j...
2022.08.26 11:03:19,791	INFO	1	com.l2jserver.gameserver.GeoData	GeoData: Loading 14_26.l2j...
2022.08.26 11:03:19,835	INFO	1	com.l2jserver.gameserver.GeoData	GeoData: Loading 15_10.l2j...
2022.08.26 11:03:19,890	INFO	1	com.l2jserver.gameserver.GeoData	GeoData: Loading 15_11.l2j...
2022.08.26 11:03:19,946	INFO	1	com.l2jserver.gameserver.GeoData	GeoData: Loading 15_12.l2j...
2022.08.26 11:03:19,975	INFO	1	com.l2jserver.gameserver.GeoData	GeoData: Loading 15_18.l2j...
2022.08.26 11:03:20,014	INFO	1	com.l2jserver.gameserver.GeoData	GeoData: Loading 15_19.l2j...
2022.08.26 11:03:20,055	INFO	1	com.l2jserver.gameserver.GeoData	GeoData: Loading 15_20.l2j...
2022.08.26 11:03:20,061	INFO	1	com.l2jserver.gameserver.GeoData	GeoData: Loading 15_21.l2j...
2022.08.26 11:03:20,067	INFO	1	com.l2jserver.gameserver.GeoData	GeoData: Loading 15_22.l2j...
2022.08.26 11:03:20,080	INFO	1	com.l2jserver.gameserver.GeoData	GeoData: Loading 15_23.l2j...
2022.08.26 11:03:20,111	INFO	1	com.l2jserver.gameserver.GeoData	GeoData: Loading 15_24.l2j...
2022.08.26 11:03:20,119	INFO	1	com.l2jserver.gameserver.GeoData	GeoData: Loading 15_25.l2j...
2022.08.26 11:03:20,166	INFO	1	com.l2jserver.gameserver.GeoData	GeoData: Loading 15_26.l2j...
2022.08.26 11:03:20,198	INFO	1	com.l2jserver.gameserver.GeoData	GeoData: Loading 16_10.l2j...
2022.08.26 11:03:20,614	INFO	1	com.l2jserver.gameserver.GeoData	GeoData: Loading 16_11.l2j...
2022.08.26 11:03:20,636	INFO	1	com.l2jserver.gameserver.GeoData	GeoData: Loading 16_12.l2j...
2022.08.26 11:03:20,668	INFO	1	com.l2jserver.gameserver.GeoData	GeoData: Loading 16_13.l2j...
2022.08.26 11:03:20,707	INFO	1	com.l2jserver.gameserver.GeoData	GeoData: Loading 16_14.l2j...
2022.08.26 11:03:20,716	INFO	1	com.l2jserver.gameserver.GeoData	GeoData: Loading 16_15.l2j...
2022.08.26 11:03:20,727	INFO	1	com.l2jserver.gameserver.GeoData	GeoData: Loading 16_16.l2j...
2022.08.26 11:03:20,736	INFO	1	com.l2jserver.gameserver.GeoData	GeoData: Loading 16_17.l2j...
2022.08.26 11:03:20,768	INFO	1	com.l2jserver.gameserver.GeoData	GeoData: Loading 16_18.l2j...
2022.08.26 11:03:20,806	INFO	1	com.l2jserver.gameserver.GeoData	GeoData: Loading 16_19.l2j...
2022.08.26 11:03:20,958	INFO	1	com.l2jserver.gameserver.GeoData	GeoData: Loading 16_20.l2j...
2022.08.26 11:03:21,132	INFO	1	com.l2jserver.gameserver.GeoData	GeoData: Loading 16_21.l2j...
2022.08.26 11:03:21,175	INFO	1	com.l2jserver.gameserver.GeoData	GeoData: Loading 16_22.l2j...
2022.08.26 11:03:21,184	INFO	1	com.l2jserver.gameserver.GeoData	GeoData: Loading 16_23.l2j...
2022.08.26 11:03:21,193	INFO	1	com.l2jserver.gameserver.GeoData	GeoData: Loading 16_24.l2j...
2022.08.26 11:03:21,276	INFO	1	com.l2jserver.gameserver.GeoData	GeoData: Loading 16_25.l2j...
2022.08.26 11:03:21,400	INFO	1	com.l2jserver.gameserver.GeoData	GeoData: Loading 16_26.l2j...
2022.08.26 11:03:21,407	INFO	1	com.l2jserver.gameserver.GeoData	GeoData: Loading 17_10.l2j...
2022.08.26 11:03:21,425	INFO	1	com.l2jserver.gameserver.GeoData	GeoData: Loading 17_11.l2j...
2022.08.26 11:03:21,449	INFO	1	com.l2jserver.gameserver.GeoData	GeoData: Loading 17_12.l2j...
2022.08.26 11:03:21,485	INFO	1	com.l2jserver.gameserver.GeoData	GeoData: Loading 17_13.l2j...
2022.08.26 11:03:21,503	INFO	1	com.l2jserver.gameserver.GeoData	GeoData: Loading 17_14.l2j...
2022.08.26 11:03:21,510	INFO	1	com.l2jserver.gameserver.GeoData	GeoData: Loading 17_15.l2j...
2022.08.26 11:03:21,564	INFO	1	com.l2jserver.gameserver.GeoData	GeoData: Loading 17_16.l2j...
2022.08.26 11:03:21,768	INFO	1	com.l2jserver.gameserver.GeoData	GeoData: Loading 17_17.l2j...
2022.08.26 11:03:21,805	INFO	1	com.l2jserver.gameserver.GeoData	GeoData: Loading 17_18.l2j...
2022.08.26 11:03:21,815	INFO	1	com.l2jserver.gameserver.GeoData	GeoData: Loading 17_19.l2j...
2022.08.26 11:03:21,973	INFO	1	com.l2jserver.gameserver.GeoData	GeoData: Loading 17_20.l2j...
2022.08.26 11:03:22,139	INFO	1	com.l2jserver.gameserver.GeoData	GeoData: Loading 17_21.l2j...
2022.08.26 11:03:22,297	INFO	1	com.l2jserver.gameserver.GeoData	GeoData: Loading 17_22.l2j...
2022.08.26 11:03:22,468	INFO	1	com.l2jserver.gameserver.GeoData	GeoData: Loading 17_23.l2j...
2022.08.26 11:03:22,508	INFO	1	com.l2jserver.gameserver.GeoData	GeoData: Loading 17_24.l2j...
2022.08.26 11:03:22,537	INFO	1	com.l2jserver.gameserver.GeoData	GeoData: Loading 17_25.l2j...
2022.08.26 11:03:22,667	INFO	1	com.l2jserver.gameserver.GeoData	GeoData: Loading 17_26.l2j...
2022.08.26 11:03:22,675	INFO	1	com.l2jserver.gameserver.GeoData	GeoData: Loading 18_10.l2j...
2022.08.26 11:03:22,718	INFO	1	com.l2jserver.gameserver.GeoData	GeoData: Loading 18_11.l2j...
2022.08.26 11:03:22,731	INFO	1	com.l2jserver.gameserver.GeoData	GeoData: Loading 18_12.l2j...
2022.08.26 11:03:22,744	INFO	1	com.l2jserver.gameserver.GeoData	GeoData: Loading 18_13.l2j...
2022.08.26 11:03:22,753	INFO	1	com.l2jserver.gameserver.GeoData	GeoData: Loading 18_14.l2j...
2022.08.26 11:03:22,891	INFO	1	com.l2jserver.gameserver.GeoData	GeoData: Loading 18_15.l2j...
2022.08.26 11:03:22,947	INFO	1	com.l2jserver.gameserver.GeoData	GeoData: Loading 18_16.l2j...
2022.08.26 11:03:23,047	INFO	1	com.l2jserver.gameserver.GeoData	GeoData: Loading 18_17.l2j...
2022.08.26 11:03:23,052	INFO	1	com.l2jserver.gameserver.GeoData	GeoData: Loading 18_18.l2j...
2022.08.26 11:03:23,059	INFO	1	com.l2jserver.gameserver.GeoData	GeoData: Loading 18_19.l2j...
2022.08.26 11:03:23,155	INFO	1	com.l2jserver.gameserver.GeoData	GeoData: Loading 18_20.l2j...
2022.08.26 11:03:23,282	INFO	1	com.l2jserver.gameserver.GeoData	GeoData: Loading 18_21.l2j...
2022.08.26 11:03:23,436	INFO	1	com.l2jserver.gameserver.GeoData	GeoData: Loading 18_22.l2j...
2022.08.26 11:03:23,623	INFO	1	com.l2jserver.gameserver.GeoData	GeoData: Loading 18_23.l2j...
2022.08.26 11:03:23,760	INFO	1	com.l2jserver.gameserver.GeoData	GeoData: Loading 18_24.l2j...
2022.08.26 11:03:23,939	INFO	1	com.l2jserver.gameserver.GeoData	GeoData: Loading 18_25.l2j...
2022.08.26 11:03:23,962	INFO	1	com.l2jserver.gameserver.GeoData	GeoData: Loading 18_26.l2j...
2022.08.26 11:03:23,974	INFO	1	com.l2jserver.gameserver.GeoData	GeoData: Loading 19_10.l2j...
2022.08.26 11:03:24,004	INFO	1	com.l2jserver.gameserver.GeoData	GeoData: Loading 19_11.l2j...
2022.08.26 11:03:24,018	INFO	1	com.l2jserver.gameserver.GeoData	GeoData: Loading 19_12.l2j...
2022.08.26 11:03:24,043	INFO	1	com.l2jserver.gameserver.GeoData	GeoData: Loading 19_13.l2j...
2022.08.26 11:03:24,263	INFO	1	com.l2jserver.gameserver.GeoData	GeoData: Loading 19_14.l2j...
2022.08.26 11:03:24,522	INFO	1	com.l2jserver.gameserver.GeoData	GeoData: Loading 19_15.l2j...
2022.08.26 11:03:24,675	INFO	1	com.l2jserver.gameserver.GeoData	GeoData: Loading 19_16.l2j...
2022.08.26 11:03:24,812	INFO	1	com.l2jserver.gameserver.GeoData	GeoData: Loading 19_17.l2j...
2022.08.26 11:03:25,010	INFO	1	com.l2jserver.gameserver.GeoData	GeoData: Loading 19_18.l2j...
2022.08.26 11:03:25,211	INFO	1	com.l2jserver.gameserver.GeoData	GeoData: Loading 19_19.l2j...
2022.08.26 11:03:25,382	INFO	1	com.l2jserver.gameserver.GeoData	GeoData: Loading 19_20.l2j...
2022.08.26 11:03:25,623	INFO	1	com.l2jserver.gameserver.GeoData	GeoData: Loading 19_21.l2j...
2022.08.26 11:03:25,788	INFO	1	com.l2jserver.gameserver.GeoData	GeoData: Loading 19_22.l2j...
2022.08.26 11:03:25,932	INFO	1	com.l2jserver.gameserver.GeoData	GeoData: Loading 19_23.l2j...
2022.08.26 11:03:26,153	INFO	1	com.l2jserver.gameserver.GeoData	GeoData: Loading 19_24.l2j...
2022.08.26 11:03:26,291	INFO	1	com.l2jserver.gameserver.GeoData	GeoData: Loading 19_25.l2j...
2022.08.26 11:03:26,434	INFO	1	com.l2jserver.gameserver.GeoData	GeoData: Loading 19_26.l2j...
2022.08.26 11:03:26,500	INFO	1	com.l2jserver.gameserver.GeoData	GeoData: Loading 20_10.l2j...
2022.08.26 11:03:26,530	INFO	1	com.l2jserver.gameserver.GeoData	GeoData: Loading 20_11.l2j...
2022.08.26 11:03:26,546	INFO	1	com.l2jserver.gameserver.GeoData	GeoData: Loading 20_12.l2j...
2022.08.26 11:03:26,564	INFO	1	com.l2jserver.gameserver.GeoData	GeoData: Loading 20_13.l2j...
2022.08.26 11:03:26,690	INFO	1	com.l2jserver.gameserver.GeoData	GeoData: Loading 20_14.l2j...
2022.08.26 11:03:26,938	INFO	1	com.l2jserver.gameserver.GeoData	GeoData: Loading 20_15.l2j...
2022.08.26 11:03:27,033	INFO	1	com.l2jserver.gameserver.GeoData	GeoData: Loading 20_16.l2j...
2022.08.26 11:03:27,150	INFO	1	com.l2jserver.gameserver.GeoData	GeoData: Loading 20_17.l2j...
2022.08.26 11:03:27,285	INFO	1	com.l2jserver.gameserver.GeoData	GeoData: Loading 20_18.l2j...
2022.08.26 11:03:27,435	INFO	1	com.l2jserver.gameserver.GeoData	GeoData: Loading 20_19.l2j...
2022.08.26 11:03:27,580	INFO	1	com.l2jserver.gameserver.GeoData	GeoData: Loading 20_20.l2j...
2022.08.26 11:03:27,805	INFO	1	com.l2jserver.gameserver.GeoData	GeoData: Loading 20_21.l2j...
2022.08.26 11:03:28,035	INFO	1	com.l2jserver.gameserver.GeoData	GeoData: Loading 20_22.l2j...
2022.08.26 11:03:28,298	INFO	1	com.l2jserver.gameserver.GeoData	GeoData: Loading 20_23.l2j...
2022.08.26 11:03:28,487	INFO	1	com.l2jserver.gameserver.GeoData	GeoData: Loading 20_24.l2j...
2022.08.26 11:03:28,514	INFO	1	com.l2jserver.gameserver.GeoData	GeoData: Loading 20_25.l2j...
2022.08.26 11:03:28,698	INFO	1	com.l2jserver.gameserver.GeoData	GeoData: Loading 20_26.l2j...
2022.08.26 11:03:28,732	INFO	1	com.l2jserver.gameserver.GeoData	GeoData: Loading 21_10.l2j...
2022.08.26 11:03:28,795	INFO	1	com.l2jserver.gameserver.GeoData	GeoData: Loading 21_11.l2j...
2022.08.26 11:03:28,811	INFO	1	com.l2jserver.gameserver.GeoData	GeoData: Loading 21_12.l2j...
2022.08.26 11:03:28,821	INFO	1	com.l2jserver.gameserver.GeoData	GeoData: Loading 21_13.l2j...
2022.08.26 11:03:28,831	INFO	1	com.l2jserver.gameserver.GeoData	GeoData: Loading 21_14.l2j...
2022.08.26 11:03:29,085	INFO	1	com.l2jserver.gameserver.GeoData	GeoData: Loading 21_15.l2j...
2022.08.26 11:03:29,265	INFO	1	com.l2jserver.gameserver.GeoData	GeoData: Loading 21_16.l2j...
2022.08.26 11:03:29,473	INFO	1	com.l2jserver.gameserver.GeoData	GeoData: Loading 21_17.l2j...
2022.08.26 11:03:29,586	INFO	1	com.l2jserver.gameserver.GeoData	GeoData: Loading 21_18.l2j...
2022.08.26 11:03:29,787	INFO	1	com.l2jserver.gameserver.GeoData	GeoData: Loading 21_19.l2j...
2022.08.26 11:03:29,947	INFO	1	com.l2jserver.gameserver.GeoData	GeoData: Loading 21_20.l2j...
2022.08.26 11:03:30,250	INFO	1	com.l2jserver.gameserver.GeoData	GeoData: Loading 21_21.l2j...
2022.08.26 11:03:30,499	INFO	1	com.l2jserver.gameserver.GeoData	GeoData: Loading 21_22.l2j...
2022.08.26 11:03:30,735	INFO	1	com.l2jserver.gameserver.GeoData	GeoData: Loading 21_23.l2j...
2022.08.26 11:03:30,923	INFO	1	com.l2jserver.gameserver.GeoData	GeoData: Loading 21_24.l2j...
2022.08.26 11:03:31,093	INFO	1	com.l2jserver.gameserver.GeoData	GeoData: Loading 21_25.l2j...
2022.08.26 11:03:31,110	INFO	1	com.l2jserver.gameserver.GeoData	GeoData: Loading 22_10.l2j...
2022.08.26 11:03:31,130	INFO	1	com.l2jserver.gameserver.GeoData	GeoData: Loading 22_11.l2j...
2022.08.26 11:03:31,306	INFO	1	com.l2jserver.gameserver.GeoData	GeoData: Loading 22_12.l2j...
2022.08.26 11:03:31,313	INFO	1	com.l2jserver.gameserver.GeoData	GeoData: Loading 22_13.l2j...
2022.08.26 11:03:31,555	INFO	1	com.l2jserver.gameserver.GeoData	GeoData: Loading 22_14.l2j...
2022.08.26 11:03:31,758	INFO	1	com.l2jserver.gameserver.GeoData	GeoData: Loading 22_15.l2j...
2022.08.26 11:03:31,967	INFO	1	com.l2jserver.gameserver.GeoData	GeoData: Loading 22_16.l2j...
2022.08.26 11:03:32,212	INFO	1	com.l2jserver.gameserver.GeoData	GeoData: Loading 22_17.l2j...
2022.08.26 11:03:32,365	INFO	1	com.l2jserver.gameserver.GeoData	GeoData: Loading 22_18.l2j...
2022.08.26 11:03:32,564	INFO	1	com.l2jserver.gameserver.GeoData	GeoData: Loading 22_19.l2j...
2022.08.26 11:03:32,787	INFO	1	com.l2jserver.gameserver.GeoData	GeoData: Loading 22_20.l2j...
2022.08.26 11:03:33,035	INFO	1	com.l2jserver.gameserver.GeoData	GeoData: Loading 22_21.l2j...
2022.08.26 11:03:33,179	INFO	1	com.l2jserver.gameserver.GeoData	GeoData: Loading 22_22.l2j...
2022.08.26 11:03:33,348	INFO	1	com.l2jserver.gameserver.GeoData	GeoData: Loading 22_23.l2j...
2022.08.26 11:03:33,551	INFO	1	com.l2jserver.gameserver.GeoData	GeoData: Loading 22_24.l2j...
2022.08.26 11:03:33,701	INFO	1	com.l2jserver.gameserver.GeoData	GeoData: Loading 22_25.l2j...
2022.08.26 11:03:33,850	INFO	1	com.l2jserver.gameserver.GeoData	GeoData: Loading 22_26.l2j...
2022.08.26 11:03:33,880	INFO	1	com.l2jserver.gameserver.GeoData	GeoData: Loading 23_10.l2j...
2022.08.26 11:03:33,893	INFO	1	com.l2jserver.gameserver.GeoData	GeoData: Loading 23_11.l2j...
2022.08.26 11:03:34,027	INFO	1	com.l2jserver.gameserver.GeoData	GeoData: Loading 23_12.l2j...
2022.08.26 11:03:34,207	INFO	1	com.l2jserver.gameserver.GeoData	GeoData: Loading 23_13.l2j...
2022.08.26 11:03:34,416	INFO	1	com.l2jserver.gameserver.GeoData	GeoData: Loading 23_14.l2j...
2022.08.26 11:03:34,713	INFO	1	com.l2jserver.gameserver.GeoData	GeoData: Loading 23_15.l2j...
2022.08.26 11:03:34,937	INFO	1	com.l2jserver.gameserver.GeoData	GeoData: Loading 23_16.l2j...
2022.08.26 11:03:35,137	INFO	1	com.l2jserver.gameserver.GeoData	GeoData: Loading 23_17.l2j...
2022.08.26 11:03:35,307	INFO	1	com.l2jserver.gameserver.GeoData	GeoData: Loading 23_18.l2j...
2022.08.26 11:03:35,589	INFO	1	com.l2jserver.gameserver.GeoData	GeoData: Loading 23_19.l2j...
2022.08.26 11:03:35,761	INFO	1	com.l2jserver.gameserver.GeoData	GeoData: Loading 23_20.l2j...
2022.08.26 11:03:35,937	INFO	1	com.l2jserver.gameserver.GeoData	GeoData: Loading 23_21.l2j...
2022.08.26 11:03:36,125	INFO	1	com.l2jserver.gameserver.GeoData	GeoData: Loading 23_22.l2j...
2022.08.26 11:03:36,300	INFO	1	com.l2jserver.gameserver.GeoData	GeoData: Loading 23_23.l2j...
2022.08.26 11:03:36,437	INFO	1	com.l2jserver.gameserver.GeoData	GeoData: Loading 23_24.l2j...
2022.08.26 11:03:36,605	INFO	1	com.l2jserver.gameserver.GeoData	GeoData: Loading 23_25.l2j...
2022.08.26 11:03:36,716	INFO	1	com.l2jserver.gameserver.GeoData	GeoData: Loading 23_26.l2j...
2022.08.26 11:03:36,725	INFO	1	com.l2jserver.gameserver.GeoData	GeoData: Loading 24_10.l2j...
2022.08.26 11:03:36,733	INFO	1	com.l2jserver.gameserver.GeoData	GeoData: Loading 24_11.l2j...
2022.08.26 11:03:36,885	INFO	1	com.l2jserver.gameserver.GeoData	GeoData: Loading 24_12.l2j...
2022.08.26 11:03:37,146	INFO	1	com.l2jserver.gameserver.GeoData	GeoData: Loading 24_13.l2j...
2022.08.26 11:03:37,220	INFO	1	com.l2jserver.gameserver.GeoData	GeoData: Loading 24_14.l2j...
2022.08.26 11:03:37,401	INFO	1	com.l2jserver.gameserver.GeoData	GeoData: Loading 24_15.l2j...
2022.08.26 11:03:37,565	INFO	1	com.l2jserver.gameserver.GeoData	GeoData: Loading 24_16.l2j...
2022.08.26 11:03:37,771	INFO	1	com.l2jserver.gameserver.GeoData	GeoData: Loading 24_17.l2j...
2022.08.26 11:03:37,949	INFO	1	com.l2jserver.gameserver.GeoData	GeoData: Loading 24_18.l2j...
2022.08.26 11:03:38,146	INFO	1	com.l2jserver.gameserver.GeoData	GeoData: Loading 24_19.l2j...
2022.08.26 11:03:38,293	INFO	1	com.l2jserver.gameserver.GeoData	GeoData: Loading 24_20.l2j...
2022.08.26 11:03:38,537	INFO	1	com.l2jserver.gameserver.GeoData	GeoData: Loading 24_21.l2j...
2022.08.26 11:03:38,617	INFO	1	com.l2jserver.gameserver.GeoData	GeoData: Loading 24_22.l2j...
2022.08.26 11:03:38,882	INFO	1	com.l2jserver.gameserver.GeoData	GeoData: Loading 24_23.l2j...
2022.08.26 11:03:39,073	INFO	1	com.l2jserver.gameserver.GeoData	GeoData: Loading 24_24.l2j...
2022.08.26 11:03:39,124	INFO	1	com.l2jserver.gameserver.GeoData	GeoData: Loading 24_25.l2j...
2022.08.26 11:03:39,155	INFO	1	com.l2jserver.gameserver.GeoData	GeoData: Loading 24_26.l2j...
2022.08.26 11:03:39,166	INFO	1	com.l2jserver.gameserver.GeoData	GeoData: Loading 25_10.l2j...
2022.08.26 11:03:39,175	INFO	1	com.l2jserver.gameserver.GeoData	GeoData: Loading 25_11.l2j...
2022.08.26 11:03:39,328	INFO	1	com.l2jserver.gameserver.GeoData	GeoData: Loading 25_12.l2j...
2022.08.26 11:03:39,576	INFO	1	com.l2jserver.gameserver.GeoData	GeoData: Loading 25_14.l2j...
2022.08.26 11:03:39,902	INFO	1	com.l2jserver.gameserver.GeoData	GeoData: Loading 25_15.l2j...
2022.08.26 11:03:40,122	INFO	1	com.l2jserver.gameserver.GeoData	GeoData: Loading 25_16.l2j...
2022.08.26 11:03:40,308	INFO	1	com.l2jserver.gameserver.GeoData	GeoData: Loading 25_17.l2j...
2022.08.26 11:03:40,485	INFO	1	com.l2jserver.gameserver.GeoData	GeoData: Loading 25_18.l2j...
2022.08.26 11:03:40,585	INFO	1	com.l2jserver.gameserver.GeoData	GeoData: Loading 25_19.l2j...
2022.08.26 11:03:40,802	INFO	1	com.l2jserver.gameserver.GeoData	GeoData: Loading 25_20.l2j...
2022.08.26 11:03:40,860	INFO	1	com.l2jserver.gameserver.GeoData	GeoData: Loading 25_21.l2j...
2022.08.26 11:03:40,881	INFO	1	com.l2jserver.gameserver.GeoData	GeoData: Loading 25_22.l2j...
2022.08.26 11:03:40,888	INFO	1	com.l2jserver.gameserver.GeoData	GeoData: Loading 25_23.l2j...
2022.08.26 11:03:40,904	INFO	1	com.l2jserver.gameserver.GeoData	GeoData: Loading 25_24.l2j...
2022.08.26 11:03:40,910	INFO	1	com.l2jserver.gameserver.GeoData	GeoData: Loading 26_11.l2j...
2022.08.26 11:03:40,939	INFO	1	com.l2jserver.gameserver.GeoData	GeoData: Loading 26_12.l2j...
2022.08.26 11:03:41,003	INFO	1	com.l2jserver.gameserver.GeoData	GeoData: Loading 26_14.l2j...
2022.08.26 11:03:41,074	INFO	1	com.l2jserver.gameserver.GeoData	GeoData: Loading 26_15.l2j...
2022.08.26 11:03:41,081	INFO	1	com.l2jserver.gameserver.GeoData	GeoData: Loading 26_16.l2j...
2022.08.26 11:03:41,087	INFO	1	com.l2jserver.gameserver.GeoData	GeoData: Loaded 203 regions.
2022.08.26 11:03:41,088	INFO	1	com.l2jserver.gameserver.GameServer	----------------------------------------------------=[ NPCs ]
2022.08.26 11:03:41,095	INFO	1	com.l2jserver.util.data.xml.IXmlReader	SkillLearnData: Loaded 256 Skill Learn data.
2022.08.26 11:03:41,107	INFO	1	com.l2jserver.util.data.xml.IXmlReader	MinionData: Loaded 128 minions data.
2022.08.26 11:03:43,638	INFO	1	com.l2jserver.util.data.xml.IXmlReader	NpcData: Loaded 10461 NPCs.
2022.08.26 11:03:44,088	INFO	1	com.l2jserver.util.data.xml.IXmlReader	WalkingManager: Loaded 123 walking routes.
2022.08.26 11:03:45,879	INFO	1	com.l2jserver.util.data.xml.IXmlReader	StaticObjectData: Loaded 51 static object templates.
2022.08.26 11:03:46,073	INFO	1	com.l2jserver.gameserver.instancemanager.GrandBossManager	GrandBossManager: Queen Ant(29001) status is 0.
2022.08.26 11:03:46,074	INFO	1	com.l2jserver.gameserver.instancemanager.GrandBossManager	GrandBossManager: Core(29006) status is 0.
2022.08.26 11:03:46,076	INFO	1	com.l2jserver.gameserver.instancemanager.GrandBossManager	GrandBossManager: Orfen(29014) status is 0.
2022.08.26 11:03:46,076	INFO	1	com.l2jserver.gameserver.instancemanager.GrandBossManager	GrandBossManager: Baium(29020) status is 0.
2022.08.26 11:03:46,077	INFO	1	com.l2jserver.gameserver.instancemanager.GrandBossManager	GrandBossManager: Valakas(29028) status is 0.
2022.08.26 11:03:46,077	INFO	1	com.l2jserver.gameserver.instancemanager.GrandBossManager	GrandBossManager: Antharas(29068) status is 0.
2022.08.26 11:03:46,077	INFO	1	com.l2jserver.gameserver.instancemanager.GrandBossManager	GrandBossManager: Beleth(29118) status is 0.
2022.08.26 11:03:46,078	INFO	1	com.l2jserver.gameserver.instancemanager.GrandBossManager	GrandBossManager: Loaded 7 Instances
2022.08.26 11:03:46,333	INFO	1	com.l2jserver.util.data.xml.IXmlReader	DoorData: Loaded 1301 Door templates for 22 regions.
2022.08.26 11:03:47,019	INFO	1	com.l2jserver.util.data.xml.IXmlReader	ZoneManager: Loaded 28 zone classes and 2793 zones.
2022.08.26 11:03:47,019	INFO	1	com.l2jserver.util.data.xml.IXmlReader	ZoneManager: Loaded 0 NPC spawn territoriers.
2022.08.26 11:03:47,033	INFO	1	com.l2jserver.gameserver.instancemanager.CastleManager	CastleManager: Loaded: 9 castles
2022.08.26 11:03:47,040	INFO	1	com.l2jserver.gameserver.data.sql.impl.NpcBufferTable	NpcBufferTable: Loaded 1 buffers and 10 skills.
2022.08.26 11:03:47,049	INFO	1	com.l2jserver.gameserver.instancemanager.GrandBossManager	GrandBossManager: Initialized 12 Grand Boss Zones
2022.08.26 11:03:47,051	INFO	1	com.l2jserver.gameserver.GameServer	-----------------------------------------=[ Auction Manager ]
2022.08.26 11:03:47,071	INFO	1	com.l2jserver.gameserver.model.itemauction.ItemAuctionInstance	Clearing expired auction ID 4.
2022.08.26 11:03:47,081	INFO	1	com.l2jserver.gameserver.model.itemauction.ItemAuctionInstance	Loaded 82 item(s) and registered 1 auction(s) for NPC ID 32320.
2022.08.26 11:03:47,088	INFO	1	com.l2jserver.gameserver.model.itemauction.ItemAuctionInstance	Schedule current auction ID 7 for NPC ID 32320.
2022.08.26 11:03:47,090	INFO	22	com.l2jserver.gameserver.model.itemauction.ItemAuctionInstance$ScheduleAuctionTask	Auction ID 7 has started for NPC ID 32320.
2022.08.26 11:03:47,091	INFO	1	com.l2jserver.gameserver.model.itemauction.ItemAuctionInstance	Clearing expired auction ID 5.
2022.08.26 11:03:47,092	INFO	22	com.l2jserver.gameserver.model.itemauction.ItemAuctionInstance	Schedule current auction ID 7 for NPC ID 32320.
2022.08.26 11:03:47,094	INFO	1	com.l2jserver.gameserver.model.itemauction.ItemAuctionInstance	Loaded 82 item(s) and registered 1 auction(s) for NPC ID 32321.
2022.08.26 11:03:47,096	INFO	1	com.l2jserver.gameserver.model.itemauction.ItemAuctionInstance	Schedule current auction ID 8 for NPC ID 32321.
2022.08.26 11:03:47,098	INFO	1	com.l2jserver.gameserver.model.itemauction.ItemAuctionInstance	Clearing expired auction ID 6.
2022.08.26 11:03:47,098	INFO	15	com.l2jserver.gameserver.model.itemauction.ItemAuctionInstance$ScheduleAuctionTask	Auction ID 8 has started for NPC ID 32321.
2022.08.26 11:03:47,099	INFO	15	com.l2jserver.gameserver.model.itemauction.ItemAuctionInstance	Schedule current auction ID 8 for NPC ID 32321.
2022.08.26 11:03:47,101	INFO	1	com.l2jserver.gameserver.model.itemauction.ItemAuctionInstance	Loaded 82 item(s) and registered 1 auction(s) for NPC ID 32322.
2022.08.26 11:03:47,103	INFO	1	com.l2jserver.gameserver.model.itemauction.ItemAuctionInstance	Schedule current auction ID 9 for NPC ID 32322.
2022.08.26 11:03:47,104	INFO	1	com.l2jserver.gameserver.instancemanager.ItemAuctionManager	Loaded 3 auction manager instance(s).
2022.08.26 11:03:47,104	INFO	1	com.l2jserver.gameserver.GameServer	------------------------------------------------=[ Olympiad ]
2022.08.26 11:03:47,106	INFO	26	com.l2jserver.gameserver.model.itemauction.ItemAuctionInstance$ScheduleAuctionTask	Auction ID 9 has started for NPC ID 32322.
2022.08.26 11:03:47,106	INFO	26	com.l2jserver.gameserver.model.itemauction.ItemAuctionInstance	Schedule current auction ID 9 for NPC ID 32322.
2022.08.26 11:03:47,227	INFO	20	com.l2jserver.gameserver.model.itemauction.ItemAuctionInstance	Auction ID 7 has finished. There have not been any bid for instance ID 32320.
2022.08.26 11:03:47,227	INFO	24	com.l2jserver.gameserver.model.itemauction.ItemAuctionInstance	Auction ID 9 has finished. There have not been any bid for instance ID 32322.
2022.08.26 11:03:47,227	INFO	25	com.l2jserver.gameserver.model.itemauction.ItemAuctionInstance	Auction ID 8 has finished. There have not been any bid for instance ID 32321.
2022.08.26 11:03:47,227	INFO	20	com.l2jserver.gameserver.model.itemauction.ItemAuctionInstance	Schedule next auction ID 10 on 17:00:00 26.08.22 for NPC ID 32320.
2022.08.26 11:03:47,228	INFO	25	com.l2jserver.gameserver.model.itemauction.ItemAuctionInstance	Schedule next auction ID 11 on 17:00:00 29.08.22 for NPC ID 32321.
2022.08.26 11:03:47,228	INFO	24	com.l2jserver.gameserver.model.itemauction.ItemAuctionInstance	Schedule next auction ID 12 on 17:00:00 31.08.22 for NPC ID 32322.
2022.08.26 11:03:47,233	INFO	1	com.l2jserver.gameserver.model.olympiad.Olympiad	Olympiad System: Loading Olympiad System....
2022.08.26 11:03:47,233	INFO	1	com.l2jserver.gameserver.model.olympiad.Olympiad	Olympiad System: Currently in Olympiad Period
2022.08.26 11:03:47,234	INFO	1	com.l2jserver.gameserver.model.olympiad.Olympiad	Olympiad System: 8696 minutes until period ends
2022.08.26 11:03:47,234	INFO	1	com.l2jserver.gameserver.model.olympiad.Olympiad	Olympiad System: Next weekly change is in 10079 minutes
2022.08.26 11:03:47,234	INFO	1	com.l2jserver.gameserver.model.olympiad.Olympiad	Olympiad System: Loaded 0 Nobles
2022.08.26 11:03:47,238	INFO	1	com.l2jserver.gameserver.model.olympiad.Olympiad	Olympiad System: Competition Period Starts in 0 days, 6 hours and 56 mins.
2022.08.26 11:03:47,244	INFO	1	com.l2jserver.gameserver.model.olympiad.Olympiad	Olympiad System: Event starts/started : Fri Aug 26 18:00:47 CLT 2022
2022.08.26 11:03:47,249	INFO	1	com.l2jserver.gameserver.model.entity.Hero	Hero System: Loaded 0 Heroes.
2022.08.26 11:03:47,250	INFO	1	com.l2jserver.gameserver.model.entity.Hero	Hero System: Loaded 0 all time Heroes.
2022.08.26 11:03:47,250	INFO	1	com.l2jserver.gameserver.GameServer	---------------------------------------------=[ Seven Signs ]
2022.08.26 11:03:47,265	INFO	1	com.l2jserver.gameserver.SevenSigns	SevenSigns: Currently in the Competition (Quest Event) period.
2022.08.26 11:03:47,265	INFO	1	com.l2jserver.gameserver.SevenSigns	SevenSigns: The Seal of Avarice remains unclaimed.
2022.08.26 11:03:47,265	INFO	1	com.l2jserver.gameserver.SevenSigns	SevenSigns: The Seal of Gnosis remains unclaimed.
2022.08.26 11:03:47,266	INFO	1	com.l2jserver.gameserver.SevenSigns	SevenSigns: The Seal of Strife remains unclaimed.
2022.08.26 11:03:47,266	INFO	1	com.l2jserver.gameserver.SevenSigns	SevenSigns: The competition, if the current trend continues, will end in a tie this week.
2022.08.26 11:03:47,267	INFO	1	com.l2jserver.gameserver.SevenSigns	SevenSigns: Next period change was in the past (server was offline), changing periods now!
2022.08.26 11:03:47,268	INFO	1	com.l2jserver.gameserver.SevenSigns	SevenSigns: Next period begins in 0 days, 0 hours and 0 mins.
2022.08.26 11:03:47,269	INFO	1	com.l2jserver.gameserver.GameServer	---------------------------------------------------=[ Cache ]
2022.08.26 11:03:47,274	INFO	1	com.l2jserver.gameserver.cache.HtmCache	Cache[HTML]: Running lazy cache
2022.08.26 11:03:47,284	INFO	1	com.l2jserver.gameserver.data.sql.impl.CrestTable	CrestTable: Loaded 0 Crests.
2022.08.26 11:03:47,286	INFO	29	com.l2jserver.gameserver.SevenSignsFestival	SevenSignsFestival: The first Festival of Darkness cycle begins in 2 minute(s).
2022.08.26 11:03:47,297	INFO	1	com.l2jserver.gameserver.data.sql.impl.TeleportLocationTable	TeleportLocationTable: Loaded 957 Teleport Location Templates.
2022.08.26 11:03:47,303	INFO	1	com.l2jserver.util.data.xml.IXmlReader	UIData: Loaded 4 keys 5 categories.
2022.08.26 11:03:47,346	INFO	29	com.l2jserver.gameserver.SevenSigns	SevenSigns: The Quest Event Results period has begun!
2022.08.26 11:03:47,346	INFO	29	com.l2jserver.gameserver.SevenSigns	SevenSigns: Next period change set to Fri Aug 26 11:18:47 CLT 2022.
2022.08.26 11:03:47,381	INFO	1	com.l2jserver.gameserver.datatables.AugmentationData	AugmentationData: Loaded: 33960 augmentations.
2022.08.26 11:03:47,381	INFO	1	com.l2jserver.gameserver.datatables.AugmentationData	AugmentationData: Loaded: 2754 accessory augmentations.
2022.08.26 11:03:47,387	INFO	1	com.l2jserver.gameserver.instancemanager.CursedWeaponsManager	CursedWeaponsManager: Loaded : 0 cursed weapon(s).
2022.08.26 11:03:47,878	INFO	1	com.l2jserver.util.data.xml.IXmlReader	TransformData: Loaded: 111 transform templates.
2022.08.26 11:03:47,906	INFO	1	com.l2jserver.gameserver.datatables.BotReportTable	BotReportTable: Loaded 0 bot reports
2022.08.26 11:03:47,906	INFO	1	com.l2jserver.gameserver.GameServer	-------------------------------------------------=[ Scripts ]
2022.08.26 11:03:47,919	INFO	1	com.l2jserver.gameserver.instancemanager.AirShipManager	AirShipManager: Loaded 0 private airships
2022.08.26 11:03:47,920	INFO	1	com.l2jserver.gameserver.GameServer	GameServer: Loading server scripts:
2022.08.26 11:03:49,122	INFO	1	handlers.MasterHandler	Loading Handlers...
2022.08.26 11:03:49,179	INFO	1	handlers.MasterHandler	ActionHandler: Loaded 10 Handlers
2022.08.26 11:03:49,179	INFO	1	handlers.MasterHandler	ActionShiftHandler: Loaded 6 Handlers
2022.08.26 11:03:49,180	INFO	1	handlers.MasterHandler	AdminCommandHandler: Loaded 447 Handlers
2022.08.26 11:03:49,181	INFO	1	handlers.MasterHandler	BypassHandler: Loaded 48 Handlers
2022.08.26 11:03:49,181	INFO	1	handlers.MasterHandler	ChatHandler: Loaded 14 Handlers
2022.08.26 11:03:49,181	INFO	1	handlers.MasterHandler	CommunityBoardHandler: Loaded 15 Handlers
2022.08.26 11:03:49,182	INFO	1	handlers.MasterHandler	ItemHandler: Loaded 31 Handlers
2022.08.26 11:03:49,182	INFO	1	handlers.MasterHandler	PunishmentHandler: Loaded 3 Handlers
2022.08.26 11:03:49,183	INFO	1	handlers.MasterHandler	UserCommandHandler: Loaded 17 Handlers
2022.08.26 11:03:49,183	INFO	1	handlers.MasterHandler	VoicedCommandHandler: Loaded 1 Handlers
2022.08.26 11:03:49,184	INFO	1	handlers.MasterHandler	TargetHandler: Loaded 35 Handlers
2022.08.26 11:03:49,184	INFO	1	handlers.MasterHandler	TelnetHandler: Loaded 20 Handlers
2022.08.26 11:03:49,185	INFO	1	handlers.MasterHandler	Handlers Loaded...
2022.08.26 11:03:52,819	INFO	1	com.l2jserver.util.data.xml.IXmlReader	NpcBuffersData: Loaded: 33 buffers data.
2022.08.26 11:03:56,394	INFO	1	com.l2jserver.gameserver.model.events.AbstractScript	Handy's Block Checker Event is enabled
2022.08.26 11:04:03,592	INFO	1	instances.InstanceLoader	InstanceLoader: Loading Instances scripts.
2022.08.26 11:04:03,816	INFO	1	gracia.GraciaLoader	GraciaLoader: Loading Gracia related scripts.
2022.08.26 11:04:04,088	INFO	1	hellbound.HellboundLoader	HellboundLoader: Loading Hellbound related scripts:
2022.08.26 11:04:04,093	INFO	1	com.l2jserver.util.data.xml.IXmlReader	HellboundPointData: Loaded 47 trust point reward data.
2022.08.26 11:04:04,108	INFO	1	com.l2jserver.util.data.xml.IXmlReader	HellboundSpawns: Loaded 598 Hellbound spawns.
2022.08.26 11:04:04,110	INFO	1	com.l2jserver.gameserver.model.events.AbstractScript	HellboundEngine: Level: 0
2022.08.26 11:04:04,110	INFO	1	com.l2jserver.gameserver.model.events.AbstractScript	HellboundEngine: Trust: 0
2022.08.26 11:04:04,111	INFO	1	com.l2jserver.gameserver.model.events.AbstractScript	HellboundEngine: Status: locked.
2022.08.26 11:04:04,189	INFO	1	com.l2jserver.gameserver.instancemanager.RaidBossSpawnManager	RaidBossSpawnManager: Loaded 187 Instances
2022.08.26 11:04:04,189	INFO	1	com.l2jserver.gameserver.instancemanager.RaidBossSpawnManager	RaidBossSpawnManager: Scheduled 0 Instances
2022.08.26 11:04:06,685	INFO	1	com.l2jserver.gameserver.model.events.AbstractScript	[EnhanceYourWeapon] Loaded 54 Soul Crystal data.
2022.08.26 11:04:06,686	INFO	1	com.l2jserver.gameserver.model.events.AbstractScript	[EnhanceYourWeapon] Loaded 240 npc Leveling info data.
2022.08.26 11:04:06,844	INFO	1	com.l2jserver.gameserver.model.events.AbstractScript	TerritoryWarSuperClass: Siege date: Sun Aug 28 22:00:00 CLT 2022
2022.08.26 11:04:09,672	INFO	1	com.l2jserver.gameserver.model.entity.clanhall.ClanHallSiegeEngine	Bandit StrongHold siege scheduled for Fri Sep 09 12:00:00 CLST 2022.
2022.08.26 11:04:09,776	INFO	1	com.l2jserver.gameserver.model.entity.clanhall.ClanHallSiegeEngine	Beast Farm siege scheduled for Fri Sep 09 12:00:00 CLST 2022.
2022.08.26 11:04:09,856	INFO	1	com.l2jserver.gameserver.model.entity.clanhall.ClanHallSiegeEngine	Devastated Castle siege scheduled for Fri Sep 09 12:00:00 CLST 2022.
2022.08.26 11:04:09,940	INFO	1	com.l2jserver.gameserver.model.entity.clanhall.ClanHallSiegeEngine	Fortress of Resistance siege scheduled for Fri Sep 09 12:00:00 CLST 2022.
2022.08.26 11:04:10,014	INFO	1	com.l2jserver.gameserver.model.entity.clanhall.ClanHallSiegeEngine	Fortresss of the Dead siege scheduled for Fri Sep 09 12:00:00 CLST 2022.
2022.08.26 11:04:10,103	INFO	1	com.l2jserver.gameserver.model.entity.clanhall.ClanHallSiegeEngine	Rainbow Springs siege scheduled for Fri Sep 09 12:00:00 CLST 2022.
2022.08.26 11:04:10,777	INFO	1	com.l2jserver.util.data.xml.IXmlReader	SpawnTable: Loaded 3765 npc spawns.
2022.08.26 11:04:10,835	INFO	1	com.l2jserver.util.data.xml.IXmlReader	SpawnTable: Loaded 1190 npc spawns from XML.
2022.08.26 11:04:10,836	INFO	1	com.l2jserver.gameserver.instancemanager.DayNightSpawnManager	DayNightSpawnManager: Removed 0 night creatures
2022.08.26 11:04:10,838	INFO	1	com.l2jserver.gameserver.instancemanager.DayNightSpawnManager	DayNightSpawnManager: Spawned 232 day creatures
2022.08.26 11:04:10,850	INFO	1	com.l2jserver.gameserver.instancemanager.FourSepulchersManager	FourSepulchersManager: loaded 20 Mysterious-Box spawns.
2022.08.26 11:04:10,865	INFO	1	com.l2jserver.gameserver.instancemanager.FourSepulchersManager	FourSepulchersManager: loaded 716 Physical type monsters spawns.
2022.08.26 11:04:10,880	INFO	1	com.l2jserver.gameserver.instancemanager.FourSepulchersManager	FourSepulchersManager: loaded 716 Magical type monsters spawns.
2022.08.26 11:04:10,883	INFO	1	com.l2jserver.gameserver.instancemanager.FourSepulchersManager	FourSepulchersManager: loaded 92 Church of duke monsters spawns.
2022.08.26 11:04:10,886	INFO	1	com.l2jserver.gameserver.instancemanager.FourSepulchersManager	FourSepulchersManager: loaded 68 Emperor's grave NPC spawns.
2022.08.26 11:04:10,887	INFO	1	com.l2jserver.gameserver.instancemanager.FourSepulchersManager	FourSepulchersManager: spawned Conquerors' Sepulcher Manager
2022.08.26 11:04:10,887	INFO	1	com.l2jserver.gameserver.instancemanager.FourSepulchersManager	FourSepulchersManager: spawned Emperors' Sepulcher Manager
2022.08.26 11:04:10,887	INFO	1	com.l2jserver.gameserver.instancemanager.FourSepulchersManager	FourSepulchersManager: spawned Great Sages' Sepulcher Manager
2022.08.26 11:04:10,888	INFO	1	com.l2jserver.gameserver.instancemanager.FourSepulchersManager	FourSepulchersManager: spawned Judges' Sepulcher Manager
2022.08.26 11:04:10,889	INFO	1	com.l2jserver.gameserver.instancemanager.FourSepulchersManager	FourSepulchersManager: Beginning in Attack time
2022.08.26 11:04:10,896	INFO	1	com.l2jserver.gameserver.instancemanager.DimensionalRiftManager	DimensionalRiftManager: Loaded 7 room types with 56 rooms.
2022.08.26 11:04:10,901	INFO	1	com.l2jserver.gameserver.instancemanager.DimensionalRiftManager	DimensionalRiftManager: Loaded 462 dimensional rift spawns, 0 errors.
2022.08.26 11:04:10,902	INFO	1	com.l2jserver.gameserver.GameServer	---------------------------------------------------=[ Siege ]
2022.08.26 11:04:10,910	INFO	1	com.l2jserver.util.data.xml.IXmlReader	SiegeScheduleData: Loaded: 2 siege schedulers.
2022.08.26 11:04:10,923	INFO	1	com.l2jserver.gameserver.model.entity.Siege	Siege of Gludio: Sun Aug 28 16:00:00 CLT 2022
2022.08.26 11:04:10,926	INFO	1	com.l2jserver.gameserver.model.entity.Siege	Siege of Dion: Sun Aug 28 16:00:00 CLT 2022
2022.08.26 11:04:10,928	INFO	1	com.l2jserver.gameserver.model.entity.Siege	Siege of Giran: Sun Aug 28 16:00:00 CLT 2022
2022.08.26 11:04:10,931	INFO	1	com.l2jserver.gameserver.model.entity.Siege	Siege of Oren: Sun Aug 28 16:00:00 CLT 2022
2022.08.26 11:04:10,934	INFO	1	com.l2jserver.gameserver.model.entity.Siege	Siege of Aden: Sun Aug 28 16:00:00 CLT 2022
2022.08.26 11:04:10,936	INFO	1	com.l2jserver.gameserver.model.entity.Siege	Siege of Innadril: Sun Aug 28 20:00:00 CLT 2022
2022.08.26 11:04:10,937	INFO	1	com.l2jserver.gameserver.model.entity.Siege	Siege of Goddard: Sun Aug 28 20:00:00 CLT 2022
2022.08.26 11:04:10,939	INFO	1	com.l2jserver.gameserver.model.entity.Siege	Siege of Rune: Sun Aug 28 20:00:00 CLT 2022
2022.08.26 11:04:10,942	INFO	1	com.l2jserver.gameserver.model.entity.Siege	Siege of Schuttgart: Sun Aug 28 20:00:00 CLT 2022
2022.08.26 11:04:11,003	INFO	1	com.l2jserver.gameserver.instancemanager.FortManager	FortManager: Loaded: 21 fortress
2022.08.26 11:04:11,085	INFO	1	com.l2jserver.util.data.xml.IXmlReader	CastleManorManager: Loaded 258 seeds.
2022.08.26 11:04:11,108	INFO	1	com.l2jserver.util.data.xml.IXmlReader	CastleManorManager: Manor data loaded.
2022.08.26 11:04:11,117	INFO	1	com.l2jserver.gameserver.instancemanager.MercTicketManager	MercTicketManager: Loaded: 0 Mercenary Tickets
2022.08.26 11:04:11,118	INFO	1	com.l2jserver.gameserver.instancemanager.QuestManager	QuestManager: Loaded: 520 quests.
2022.08.26 11:04:11,118	INFO	1	com.l2jserver.gameserver.instancemanager.QuestManager	QuestManager: Loaded: 268 scripts.
2022.08.26 11:04:11,131	INFO	1	com.l2jserver.gameserver.script.faenor.FaenorEventParser	Event ID: (Valentines Event) has passed... Ignored.
2022.08.26 11:04:11,131	INFO	1	com.l2jserver.gameserver.script.faenor.FaenorScriptEngine	FaenorScriptEngine: Loaded  Valentines.xml successfully.
2022.08.26 11:04:11,132	INFO	1	com.l2jserver.gameserver.GameServer	AutoSpawnHandler: Loaded 129 handlers in total.
2022.08.26 11:04:11,149	INFO	1	com.l2jserver.gameserver.taskmanager.TaskManager	TaskManager: Loaded: 13 Tasks
2022.08.26 11:04:11,152	INFO	1	com.l2jserver.gameserver.instancemanager.MailManager	MailManager: Successfully loaded 0 messages.
2022.08.26 11:04:11,162	INFO	1	com.l2jserver.gameserver.instancemanager.PunishmentManager	PunishmentManager: Loaded 0 active and 0 expired punishments.
2022.08.26 11:04:11,162	INFO	1	com.l2jserver.gameserver.GameServer	IdFactory: Free ObjectID's remaining: 1879002194
2022.08.26 11:04:11,163	INFO	1	com.l2jserver.gameserver.model.entity.TvTManager	TvTEventEngine[TvTManager.TvTManager()]: Engine is disabled.
2022.08.26 11:04:12,689	INFO	1	com.l2jserver.gameserver.GameServer	GameServer: Started, free memory 5552 Mb of 7282 Mb
2022.08.26 11:04:12,824	INFO	257	com.l2jserver.gameserver.LoginServerThread	Connecting to login on 127.0.0.1:9014
2022.08.26 11:04:13,094	INFO	1	com.l2jserver.gameserver.GameServer	GameServer: is now listening on: *:7777
2022.08.26 11:04:13,095	INFO	1	com.l2jserver.gameserver.GameServer	GameServer: Maximum numbers of connected players: 500
2022.08.26 11:04:13,095	INFO	1	com.l2jserver.gameserver.GameServer	GameServer: Server loaded in 70 seconds.
2022.08.26 11:04:13,096	INFO	1	com.l2jserver.gameserver.GameServer	----------------------------------------------------=[ UPnP ]
2022.08.26 11:04:13,098	INFO	1	com.l2jserver.UPnPService	Looking for UPnP Gateway Devices...
2022.08.26 11:04:13,157	INFO	257	com.l2jserver.gameserver.LoginServerThread	Registered on login as Server 1: Bartz
2022.08.26 11:04:22,443	INFO	1	com.l2jserver.UPnPService	No UPnP gateways found.
2022.08.26 11:04:22,443	INFO	1	com.l2jserver.gameserver.GameServer	GameServer: Telnet server is currently disabled.
2022.08.26 11:04:39,635	INFO	268	com.l2jserver.gameserver.model.actor.instance.L2PcInstance	Master access level set for character Waizatsu.
2022.08.26 11:12:31,175	INFO	27	com.l2jserver.gameserver.instancemanager.GlobalVariablesManager	GlobalVariablesManager: Stored 6 variables.
