2022.07.03 12:46:42,813	INFO	1	com.l2jserver.gameserver.GameServer	------------------------------------------------=[ Database ]
2022.07.03 12:46:42,892	INFO	1	com.l2jserver.gameserver.dao.factory.impl.DAOFactory	Using MySQL DAO Factory.
2022.07.03 12:46:42,897	INFO	1	com.l2jserver.commons.database.pool.impl.ConnectionFactory	Using HikariCP connection pool.
2022.07.03 12:46:42,898	INFO	1	com.l2jserver.gameserver.GameServer	GameServer: Used memory: 40MB.
2022.07.03 12:46:42,900	INFO	1	com.zaxxer.hikari.HikariDataSource	HikariPool-1 - Starting...
2022.07.03 12:46:43,075	INFO	1	com.zaxxer.hikari.HikariDataSource	HikariPool-1 - Start completed.
2022.07.03 12:46:43,086	INFO	1	com.l2jserver.gameserver.idfactory.BitSetIDFactory	Updated characters online status.
2022.07.03 12:46:43,118	INFO	1	com.l2jserver.gameserver.idfactory.BitSetIDFactory	Cleaned 0 elements from database in 0 s
2022.07.03 12:46:43,125	INFO	1	com.l2jserver.gameserver.idfactory.BitSetIDFactory	Cleaned 0 expired timestamps from database.
2022.07.03 12:46:43,133	INFO	1	com.l2jserver.gameserver.idfactory.BitSetIDFactory	BitSetIDFactory: 102912 id's available.
2022.07.03 12:46:43,134	INFO	1	com.l2jserver.gameserver.GameServer	-------------------------------------------------=[ Engines ]
2022.07.03 12:46:43,143	INFO	1	com.l2jserver.gameserver.scripting.L2ScriptEngineManager	Script Engine: java 1.8 - Language: java - Language Version: 1.8
2022.07.03 12:46:43,417	INFO	1	com.l2jserver.gameserver.scripting.L2ScriptEngineManager	Script Engine: jython 2.2.1 - Language: python - Language Version: 2.2.1
2022.07.03 12:46:43,620	INFO	1	com.l2jserver.gameserver.scripting.L2ScriptEngineManager	Script Engine: Oracle Nashorn 1.8.0_333 - Language: ECMAScript - Language Version: ECMA - 262 Edition 5.1
2022.07.03 12:46:43,660	INFO	1	com.l2jserver.gameserver.GameServer	---------------------------------------------------=[ World ]
2022.07.03 12:46:43,665	INFO	1	com.l2jserver.util.data.xml.IXmlReader	InstanceManager: Multiverse Instance created.
2022.07.03 12:46:43,665	INFO	1	com.l2jserver.util.data.xml.IXmlReader	InstanceManager: Universe Instance created.
2022.07.03 12:46:43,793	INFO	1	com.l2jserver.util.data.xml.IXmlReader	InstanceManager: Loaded 160 instance names.
2022.07.03 12:46:43,806	INFO	1	com.l2jserver.gameserver.model.L2World	L2World: (128 by 136) World Region Grid set up.
2022.07.03 12:46:43,922	INFO	1	com.l2jserver.util.data.xml.IXmlReader	MapRegionManager: Loaded 57 map regions.
2022.07.03 12:46:43,951	INFO	1	com.l2jserver.gameserver.instancemanager.GlobalVariablesManager	GlobalVariablesManager: Loaded 6 variables.
2022.07.03 12:46:43,951	INFO	1	com.l2jserver.gameserver.GameServer	----------------------------------------------------=[ Data ]
2022.07.03 12:46:43,980	INFO	1	com.l2jserver.util.data.xml.IXmlReader	CategoryData: Loaded 124 Categories.
2022.07.03 12:46:43,984	INFO	1	com.l2jserver.util.data.xml.IXmlReader	SecondaryAuthData: Loaded 328 forbidden passwords.
2022.07.03 12:46:43,984	INFO	1	com.l2jserver.gameserver.GameServer	-------------------------------------------------=[ Effects ]
2022.07.03 12:46:44,865	INFO	1	handlers.EffectMasterHandler	EffectMasterHandler: Loaded 160 effect handlers.
2022.07.03 12:46:44,866	INFO	1	com.l2jserver.gameserver.GameServer	------------------------------------=[ Enchant Skill Groups ]
2022.07.03 12:46:44,879	INFO	1	com.l2jserver.util.data.xml.IXmlReader	EnchantSkillGroupsData: Loaded 4 groups and 90 routes.
2022.07.03 12:46:44,879	INFO	1	com.l2jserver.gameserver.GameServer	---------------------------------------------=[ Skill Trees ]
2022.07.03 12:46:45,181	INFO	1	com.l2jserver.util.data.xml.IXmlReader	Loaded 17176 Class Skills for 103 Class Skill Trees.
2022.07.03 12:46:45,181	INFO	1	com.l2jserver.util.data.xml.IXmlReader	Loaded 76 Sub-Class Skills.
2022.07.03 12:46:45,182	INFO	1	com.l2jserver.util.data.xml.IXmlReader	Loaded 77 Transfer Skills for 3 Transfer Skill Trees.
2022.07.03 12:46:45,183	INFO	1	com.l2jserver.util.data.xml.IXmlReader	Loaded 117 Fishing Skills, 8 Dwarven only Fishing Skills.
2022.07.03 12:46:45,183	INFO	1	com.l2jserver.util.data.xml.IXmlReader	Loaded 3 Collect Skills.
2022.07.03 12:46:45,184	INFO	1	com.l2jserver.util.data.xml.IXmlReader	Loaded 74 Pledge Skills, 44 for Pledge and 30 Residential.
2022.07.03 12:46:45,184	INFO	1	com.l2jserver.util.data.xml.IXmlReader	Loaded 18 Sub-Pledge Skills.
2022.07.03 12:46:45,185	INFO	1	com.l2jserver.util.data.xml.IXmlReader	Loaded 32 Transform Skills.
2022.07.03 12:46:45,186	INFO	1	com.l2jserver.util.data.xml.IXmlReader	Loaded 8 Noble Skills.
2022.07.03 12:46:45,187	INFO	1	com.l2jserver.util.data.xml.IXmlReader	Loaded 5 Hero Skills.
2022.07.03 12:46:45,187	INFO	1	com.l2jserver.util.data.xml.IXmlReader	Loaded 46 Game Master Skills.
2022.07.03 12:46:45,188	INFO	1	com.l2jserver.util.data.xml.IXmlReader	Loaded 46 Game Master Aura Skills.
2022.07.03 12:46:45,189	INFO	1	com.l2jserver.gameserver.GameServer	--------------------------------------------------=[ Skills ]
2022.07.03 12:46:47,946	INFO	1	com.l2jserver.gameserver.engines.DocumentEngine	DocumentEngine: Loaded 65961 Skill templates from XML files.
2022.07.03 12:46:47,980	INFO	1	com.l2jserver.gameserver.data.sql.impl.SummonSkillsTable	SummonSkillsTable: Loaded 1891 skills.
2022.07.03 12:46:47,980	INFO	1	com.l2jserver.gameserver.GameServer	---------------------------------------------------=[ Items ]
2022.07.03 12:46:48,663	INFO	1	com.l2jserver.gameserver.datatables.ItemTable	ItemTable: Highest item id used:102036
2022.07.03 12:46:48,666	INFO	1	com.l2jserver.gameserver.datatables.ItemTable	ItemTable: Loaded: 11481 Etc Items
2022.07.03 12:46:48,666	INFO	1	com.l2jserver.gameserver.datatables.ItemTable	ItemTable: Loaded: 3928 Armor Items
2022.07.03 12:46:48,666	INFO	1	com.l2jserver.gameserver.datatables.ItemTable	ItemTable: Loaded: 4163 Weapon Items
2022.07.03 12:46:48,667	INFO	1	com.l2jserver.gameserver.datatables.ItemTable	ItemTable: Loaded: 19572 Items in total.
2022.07.03 12:46:48,671	INFO	1	com.l2jserver.util.data.xml.IXmlReader	EnchantItemGroupsData: Loaded: 4 item group templates.
2022.07.03 12:46:48,671	INFO	1	com.l2jserver.util.data.xml.IXmlReader	EnchantItemGroupsData: Loaded: 1 scroll group templates.
2022.07.03 12:46:48,676	INFO	1	com.l2jserver.util.data.xml.IXmlReader	EnchantItemData: Loaded 63 Enchant Scrolls.
2022.07.03 12:46:48,676	INFO	1	com.l2jserver.util.data.xml.IXmlReader	EnchantItemData: Loaded 20 Support Items.
2022.07.03 12:46:48,685	INFO	1	com.l2jserver.util.data.xml.IXmlReader	EnchantItemOptionsData: Loaded: 23 Items and 1093 Options.
2022.07.03 12:46:49,376	INFO	1	com.l2jserver.util.data.xml.IXmlReader	OptionData: Loaded: 24985 Options.
2022.07.03 12:46:49,382	INFO	1	com.l2jserver.util.data.xml.IXmlReader	EnchantItemHPBonusData: Loaded 6 Enchant HP Bonuses.
2022.07.03 12:46:49,384	INFO	1	com.l2jserver.gameserver.datatables.MerchantPriceConfigTable	MerchantPriceConfigTable: Loaded 28 merchant price configs.
2022.07.03 12:46:50,128	INFO	1	com.l2jserver.util.data.xml.IXmlReader	BuyListData: Loaded 760 BuyLists.
2022.07.03 12:46:50,422	INFO	1	com.l2jserver.util.data.xml.IXmlReader	MultisellData: Loaded 192 multisell lists.
2022.07.03 12:46:50,445	INFO	1	com.l2jserver.util.data.xml.IXmlReader	RecipeData: Loaded 1000 recipes.
2022.07.03 12:46:50,474	INFO	1	com.l2jserver.util.data.xml.IXmlReader	ArmorSetsData: Loaded 208 Armor sets.
2022.07.03 12:46:50,480	INFO	1	com.l2jserver.util.data.xml.IXmlReader	FishData: Loaded 278 Fish.
2022.07.03 12:46:50,482	INFO	1	com.l2jserver.util.data.xml.IXmlReader	FishingMonstersData: Loaded 8 Fishing Monsters.
2022.07.03 12:46:50,484	INFO	1	com.l2jserver.util.data.xml.IXmlReader	FishingRodsData: Loaded 6 Fishing Rods.
2022.07.03 12:46:50,499	INFO	1	com.l2jserver.util.data.xml.IXmlReader	HennaData: Loaded 180 Henna data.
2022.07.03 12:46:50,499	INFO	1	com.l2jserver.gameserver.GameServer	----------------------------------------------=[ Characters ]
2022.07.03 12:46:50,502	INFO	1	com.l2jserver.util.data.xml.IXmlReader	ClassListData: Loaded 107 Class data.
2022.07.03 12:46:50,505	INFO	1	com.l2jserver.util.data.xml.IXmlReader	InitialEquipmentData: Loaded 11 Initial Equipment data.
2022.07.03 12:46:50,507	INFO	1	com.l2jserver.util.data.xml.IXmlReader	InitialShortcutData: Loaded 5 Initial Global Shortcuts data.
2022.07.03 12:46:50,508	INFO	1	com.l2jserver.util.data.xml.IXmlReader	InitialShortcutData: Loaded 4 Initial Shortcuts data.
2022.07.03 12:46:50,508	INFO	1	com.l2jserver.util.data.xml.IXmlReader	InitialShortcutData: Loaded 0 Macros presets.
2022.07.03 12:46:50,533	INFO	1	com.l2jserver.util.data.xml.IXmlReader	KarmaData: Loaded 85 karma modifiers.
2022.07.03 12:46:50,534	INFO	1	com.l2jserver.util.data.xml.IXmlReader	HitConditionBonusData: Loaded Hit Condition bonuses.
2022.07.03 12:46:50,741	INFO	1	com.l2jserver.util.data.xml.IXmlReader	PlayerTemplateData: Loaded 103 character templates.
2022.07.03 12:46:50,741	INFO	1	com.l2jserver.util.data.xml.IXmlReader	PlayerTemplateData: Loaded 52530 level up gain records.
2022.07.03 12:46:50,745	INFO	1	com.l2jserver.util.data.xml.IXmlReader	PlayerCreationPointData: Loaded 62 character creation points.
2022.07.03 12:46:50,768	INFO	1	com.l2jserver.gameserver.data.sql.impl.CharNameTable	CharNameTable: Loaded 2 char names.
2022.07.03 12:46:50,771	INFO	1	com.l2jserver.util.data.xml.IXmlReader	AdminData: Loaded: 10 Access Levels.
2022.07.03 12:46:50,774	INFO	1	com.l2jserver.util.data.xml.IXmlReader	AdminData: Loaded: 444 Access Commands.
2022.07.03 12:46:50,776	INFO	1	com.l2jserver.gameserver.instancemanager.RaidBossPointsManager	RaidBossPointsManager: Loaded 1 Characters Raid Points.
2022.07.03 12:46:51,019	INFO	1	com.l2jserver.util.data.xml.IXmlReader	PetDataTable: Loaded 52 Pets.
2022.07.03 12:46:51,025	INFO	1	com.l2jserver.gameserver.GameServer	---------------------------------------------------=[ Clans ]
2022.07.03 12:46:51,035	INFO	1	com.l2jserver.gameserver.communitybbs.Manager.ForumsBBSManager	Loaded 4 forums. Last forum id used: 4
2022.07.03 12:46:51,036	INFO	1	com.l2jserver.gameserver.data.sql.impl.ClanTable	ClanTable: Restored 0 clans from the database.
2022.07.03 12:46:51,043	INFO	1	com.l2jserver.gameserver.instancemanager.CHSiegeManager	CHSiegeManager: Loaded 6 conquerable clan halls.
2022.07.03 12:46:51,079	INFO	1	com.l2jserver.gameserver.instancemanager.AuctionManager	AuctionManager: Loaded: 38 auction(s)
2022.07.03 12:46:51,080	INFO	1	com.l2jserver.gameserver.instancemanager.ClanHallManager	ClanHallManager: Loaded: 0 clan halls
2022.07.03 12:46:51,081	INFO	1	com.l2jserver.gameserver.instancemanager.ClanHallManager	ClanHallManager: Loaded: 38 free clan halls
2022.07.03 12:46:51,081	INFO	1	com.l2jserver.gameserver.GameServer	-------------------------------------------------=[ Geodata ]
2022.07.03 12:46:51,088	INFO	1	com.l2jserver.gameserver.GeoData	GeoData: Loading 11_23.l2j...
2022.07.03 12:46:51,105	INFO	1	com.l2jserver.gameserver.GeoData	GeoData: Loading 11_24.l2j...
2022.07.03 12:46:51,110	INFO	1	com.l2jserver.gameserver.GeoData	GeoData: Loading 11_25.l2j...
2022.07.03 12:46:51,113	INFO	1	com.l2jserver.gameserver.GeoData	GeoData: Loading 11_26.l2j...
2022.07.03 12:46:51,119	INFO	1	com.l2jserver.gameserver.GeoData	GeoData: Loading 12_23.l2j...
2022.07.03 12:46:51,122	INFO	1	com.l2jserver.gameserver.GeoData	GeoData: Loading 12_24.l2j...
2022.07.03 12:46:51,140	INFO	1	com.l2jserver.gameserver.GeoData	GeoData: Loading 12_25.l2j...
2022.07.03 12:46:51,155	INFO	1	com.l2jserver.gameserver.GeoData	GeoData: Loading 12_26.l2j...
2022.07.03 12:46:51,162	INFO	1	com.l2jserver.gameserver.GeoData	GeoData: Loading 13_21.l2j...
2022.07.03 12:46:51,163	INFO	1	com.l2jserver.gameserver.GeoData	GeoData: Loading 13_22.l2j...
2022.07.03 12:46:51,165	INFO	1	com.l2jserver.gameserver.GeoData	GeoData: Loading 13_23.l2j...
2022.07.03 12:46:51,172	INFO	1	com.l2jserver.gameserver.GeoData	GeoData: Loading 13_24.l2j...
2022.07.03 12:46:51,180	INFO	1	com.l2jserver.gameserver.GeoData	GeoData: Loading 13_25.l2j...
2022.07.03 12:46:51,188	INFO	1	com.l2jserver.gameserver.GeoData	GeoData: Loading 13_26.l2j...
2022.07.03 12:46:51,193	INFO	1	com.l2jserver.gameserver.GeoData	GeoData: Loading 14_21.l2j...
2022.07.03 12:46:51,194	INFO	1	com.l2jserver.gameserver.GeoData	GeoData: Loading 14_22.l2j...
2022.07.03 12:46:51,205	INFO	1	com.l2jserver.gameserver.GeoData	GeoData: Loading 14_23.l2j...
2022.07.03 12:46:51,227	INFO	1	com.l2jserver.gameserver.GeoData	GeoData: Loading 14_24.l2j...
2022.07.03 12:46:51,242	INFO	1	com.l2jserver.gameserver.GeoData	GeoData: Loading 14_25.l2j...
2022.07.03 12:46:51,252	INFO	1	com.l2jserver.gameserver.GeoData	GeoData: Loading 14_26.l2j...
2022.07.03 12:46:51,256	INFO	1	com.l2jserver.gameserver.GeoData	GeoData: Loading 15_10.l2j...
2022.07.03 12:46:51,259	INFO	1	com.l2jserver.gameserver.GeoData	GeoData: Loading 15_11.l2j...
2022.07.03 12:46:51,262	INFO	1	com.l2jserver.gameserver.GeoData	GeoData: Loading 15_12.l2j...
2022.07.03 12:46:51,267	INFO	1	com.l2jserver.gameserver.GeoData	GeoData: Loading 15_18.l2j...
2022.07.03 12:46:51,268	INFO	1	com.l2jserver.gameserver.GeoData	GeoData: Loading 15_19.l2j...
2022.07.03 12:46:51,272	INFO	1	com.l2jserver.gameserver.GeoData	GeoData: Loading 15_20.l2j...
2022.07.03 12:46:51,273	INFO	1	com.l2jserver.gameserver.GeoData	GeoData: Loading 15_21.l2j...
2022.07.03 12:46:51,274	INFO	1	com.l2jserver.gameserver.GeoData	GeoData: Loading 15_22.l2j...
2022.07.03 12:46:51,276	INFO	1	com.l2jserver.gameserver.GeoData	GeoData: Loading 15_23.l2j...
2022.07.03 12:46:51,278	INFO	1	com.l2jserver.gameserver.GeoData	GeoData: Loading 15_24.l2j...
2022.07.03 12:46:51,279	INFO	1	com.l2jserver.gameserver.GeoData	GeoData: Loading 15_25.l2j...
2022.07.03 12:46:51,282	INFO	1	com.l2jserver.gameserver.GeoData	GeoData: Loading 15_26.l2j...
2022.07.03 12:46:51,284	INFO	1	com.l2jserver.gameserver.GeoData	GeoData: Loading 16_10.l2j...
2022.07.03 12:46:51,302	INFO	1	com.l2jserver.gameserver.GeoData	GeoData: Loading 16_11.l2j...
2022.07.03 12:46:51,304	INFO	1	com.l2jserver.gameserver.GeoData	GeoData: Loading 16_12.l2j...
2022.07.03 12:46:51,307	INFO	1	com.l2jserver.gameserver.GeoData	GeoData: Loading 16_13.l2j...
2022.07.03 12:46:51,309	INFO	1	com.l2jserver.gameserver.GeoData	GeoData: Loading 16_14.l2j...
2022.07.03 12:46:51,310	INFO	1	com.l2jserver.gameserver.GeoData	GeoData: Loading 16_15.l2j...
2022.07.03 12:46:51,311	INFO	1	com.l2jserver.gameserver.GeoData	GeoData: Loading 16_16.l2j...
2022.07.03 12:46:51,313	INFO	1	com.l2jserver.gameserver.GeoData	GeoData: Loading 16_17.l2j...
2022.07.03 12:46:51,314	INFO	1	com.l2jserver.gameserver.GeoData	GeoData: Loading 16_18.l2j...
2022.07.03 12:46:51,316	INFO	1	com.l2jserver.gameserver.GeoData	GeoData: Loading 16_19.l2j...
2022.07.03 12:46:51,326	INFO	1	com.l2jserver.gameserver.GeoData	GeoData: Loading 16_20.l2j...
2022.07.03 12:46:51,335	INFO	1	com.l2jserver.gameserver.GeoData	GeoData: Loading 16_21.l2j...
2022.07.03 12:46:51,338	INFO	1	com.l2jserver.gameserver.GeoData	GeoData: Loading 16_22.l2j...
2022.07.03 12:46:51,339	INFO	1	com.l2jserver.gameserver.GeoData	GeoData: Loading 16_23.l2j...
2022.07.03 12:46:51,340	INFO	1	com.l2jserver.gameserver.GeoData	GeoData: Loading 16_24.l2j...
2022.07.03 12:46:51,345	INFO	1	com.l2jserver.gameserver.GeoData	GeoData: Loading 16_25.l2j...
2022.07.03 12:46:51,351	INFO	1	com.l2jserver.gameserver.GeoData	GeoData: Loading 16_26.l2j...
2022.07.03 12:46:51,353	INFO	1	com.l2jserver.gameserver.GeoData	GeoData: Loading 17_10.l2j...
2022.07.03 12:46:51,355	INFO	1	com.l2jserver.gameserver.GeoData	GeoData: Loading 17_11.l2j...
2022.07.03 12:46:51,356	INFO	1	com.l2jserver.gameserver.GeoData	GeoData: Loading 17_12.l2j...
2022.07.03 12:46:51,358	INFO	1	com.l2jserver.gameserver.GeoData	GeoData: Loading 17_13.l2j...
2022.07.03 12:46:51,360	INFO	1	com.l2jserver.gameserver.GeoData	GeoData: Loading 17_14.l2j...
2022.07.03 12:46:51,361	INFO	1	com.l2jserver.gameserver.GeoData	GeoData: Loading 17_15.l2j...
2022.07.03 12:46:51,364	INFO	1	com.l2jserver.gameserver.GeoData	GeoData: Loading 17_16.l2j...
2022.07.03 12:46:51,377	INFO	1	com.l2jserver.gameserver.GeoData	GeoData: Loading 17_17.l2j...
2022.07.03 12:46:51,379	INFO	1	com.l2jserver.gameserver.GeoData	GeoData: Loading 17_18.l2j...
2022.07.03 12:46:51,380	INFO	1	com.l2jserver.gameserver.GeoData	GeoData: Loading 17_19.l2j...
2022.07.03 12:46:51,388	INFO	1	com.l2jserver.gameserver.GeoData	GeoData: Loading 17_20.l2j...
2022.07.03 12:46:51,396	INFO	1	com.l2jserver.gameserver.GeoData	GeoData: Loading 17_21.l2j...
2022.07.03 12:46:51,405	INFO	1	com.l2jserver.gameserver.GeoData	GeoData: Loading 17_22.l2j...
2022.07.03 12:46:51,414	INFO	1	com.l2jserver.gameserver.GeoData	GeoData: Loading 17_23.l2j...
2022.07.03 12:46:51,417	INFO	1	com.l2jserver.gameserver.GeoData	GeoData: Loading 17_24.l2j...
2022.07.03 12:46:51,421	INFO	1	com.l2jserver.gameserver.GeoData	GeoData: Loading 17_25.l2j...
2022.07.03 12:46:51,427	INFO	1	com.l2jserver.gameserver.GeoData	GeoData: Loading 17_26.l2j...
2022.07.03 12:46:51,428	INFO	1	com.l2jserver.gameserver.GeoData	GeoData: Loading 18_10.l2j...
2022.07.03 12:46:51,431	INFO	1	com.l2jserver.gameserver.GeoData	GeoData: Loading 18_11.l2j...
2022.07.03 12:46:51,433	INFO	1	com.l2jserver.gameserver.GeoData	GeoData: Loading 18_12.l2j...
2022.07.03 12:46:51,435	INFO	1	com.l2jserver.gameserver.GeoData	GeoData: Loading 18_13.l2j...
2022.07.03 12:46:51,436	INFO	1	com.l2jserver.gameserver.GeoData	GeoData: Loading 18_14.l2j...
2022.07.03 12:46:51,443	INFO	1	com.l2jserver.gameserver.GeoData	GeoData: Loading 18_15.l2j...
2022.07.03 12:46:51,448	INFO	1	com.l2jserver.gameserver.GeoData	GeoData: Loading 18_16.l2j...
2022.07.03 12:46:51,453	INFO	1	com.l2jserver.gameserver.GeoData	GeoData: Loading 18_17.l2j...
2022.07.03 12:46:51,454	INFO	1	com.l2jserver.gameserver.GeoData	GeoData: Loading 18_18.l2j...
2022.07.03 12:46:51,455	INFO	1	com.l2jserver.gameserver.GeoData	GeoData: Loading 18_19.l2j...
2022.07.03 12:46:51,462	INFO	1	com.l2jserver.gameserver.GeoData	GeoData: Loading 18_20.l2j...
2022.07.03 12:46:51,472	INFO	1	com.l2jserver.gameserver.GeoData	GeoData: Loading 18_21.l2j...
2022.07.03 12:46:51,481	INFO	1	com.l2jserver.gameserver.GeoData	GeoData: Loading 18_22.l2j...
2022.07.03 12:46:51,492	INFO	1	com.l2jserver.gameserver.GeoData	GeoData: Loading 18_23.l2j...
2022.07.03 12:46:51,501	INFO	1	com.l2jserver.gameserver.GeoData	GeoData: Loading 18_24.l2j...
2022.07.03 12:46:51,509	INFO	1	com.l2jserver.gameserver.GeoData	GeoData: Loading 18_25.l2j...
2022.07.03 12:46:51,511	INFO	1	com.l2jserver.gameserver.GeoData	GeoData: Loading 18_26.l2j...
2022.07.03 12:46:51,512	INFO	1	com.l2jserver.gameserver.GeoData	GeoData: Loading 19_10.l2j...
2022.07.03 12:46:51,515	INFO	1	com.l2jserver.gameserver.GeoData	GeoData: Loading 19_11.l2j...
2022.07.03 12:46:51,516	INFO	1	com.l2jserver.gameserver.GeoData	GeoData: Loading 19_12.l2j...
2022.07.03 12:46:51,518	INFO	1	com.l2jserver.gameserver.GeoData	GeoData: Loading 19_13.l2j...
2022.07.03 12:46:51,526	INFO	1	com.l2jserver.gameserver.GeoData	GeoData: Loading 19_14.l2j...
2022.07.03 12:46:51,534	INFO	1	com.l2jserver.gameserver.GeoData	GeoData: Loading 19_15.l2j...
2022.07.03 12:46:51,542	INFO	1	com.l2jserver.gameserver.GeoData	GeoData: Loading 19_16.l2j...
2022.07.03 12:46:51,546	INFO	1	com.l2jserver.gameserver.GeoData	GeoData: Loading 19_17.l2j...
2022.07.03 12:46:51,548	INFO	1	com.l2jserver.gameserver.GeoData	GeoData: Loading 19_18.l2j...
2022.07.03 12:46:51,557	INFO	1	com.l2jserver.gameserver.GeoData	GeoData: Loading 19_19.l2j...
2022.07.03 12:46:51,566	INFO	1	com.l2jserver.gameserver.GeoData	GeoData: Loading 19_20.l2j...
2022.07.03 12:46:51,760	INFO	1	com.l2jserver.gameserver.GeoData	GeoData: Loading 19_21.l2j...
2022.07.03 12:46:51,769	INFO	1	com.l2jserver.gameserver.GeoData	GeoData: Loading 19_22.l2j...
2022.07.03 12:46:51,782	INFO	1	com.l2jserver.gameserver.GeoData	GeoData: Loading 19_23.l2j...
2022.07.03 12:46:51,792	INFO	1	com.l2jserver.gameserver.GeoData	GeoData: Loading 19_24.l2j...
2022.07.03 12:46:51,799	INFO	1	com.l2jserver.gameserver.GeoData	GeoData: Loading 19_25.l2j...
2022.07.03 12:46:51,809	INFO	1	com.l2jserver.gameserver.GeoData	GeoData: Loading 19_26.l2j...
2022.07.03 12:46:51,813	INFO	1	com.l2jserver.gameserver.GeoData	GeoData: Loading 20_10.l2j...
2022.07.03 12:46:51,815	INFO	1	com.l2jserver.gameserver.GeoData	GeoData: Loading 20_11.l2j...
2022.07.03 12:46:51,816	INFO	1	com.l2jserver.gameserver.GeoData	GeoData: Loading 20_12.l2j...
2022.07.03 12:46:51,818	INFO	1	com.l2jserver.gameserver.GeoData	GeoData: Loading 20_13.l2j...
2022.07.03 12:46:51,825	INFO	1	com.l2jserver.gameserver.GeoData	GeoData: Loading 20_14.l2j...
2022.07.03 12:46:51,835	INFO	1	com.l2jserver.gameserver.GeoData	GeoData: Loading 20_15.l2j...
2022.07.03 12:46:51,841	INFO	1	com.l2jserver.gameserver.GeoData	GeoData: Loading 20_16.l2j...
2022.07.03 12:46:51,847	INFO	1	com.l2jserver.gameserver.GeoData	GeoData: Loading 20_17.l2j...
2022.07.03 12:46:51,856	INFO	1	com.l2jserver.gameserver.GeoData	GeoData: Loading 20_18.l2j...
2022.07.03 12:46:51,863	INFO	1	com.l2jserver.gameserver.GeoData	GeoData: Loading 20_19.l2j...
2022.07.03 12:46:51,871	INFO	1	com.l2jserver.gameserver.GeoData	GeoData: Loading 20_20.l2j...
2022.07.03 12:46:51,881	INFO	1	com.l2jserver.gameserver.GeoData	GeoData: Loading 20_21.l2j...
2022.07.03 12:46:51,896	INFO	1	com.l2jserver.gameserver.GeoData	GeoData: Loading 20_22.l2j...
2022.07.03 12:46:51,905	INFO	1	com.l2jserver.gameserver.GeoData	GeoData: Loading 20_23.l2j...
2022.07.03 12:46:51,914	INFO	1	com.l2jserver.gameserver.GeoData	GeoData: Loading 20_24.l2j...
2022.07.03 12:46:51,916	INFO	1	com.l2jserver.gameserver.GeoData	GeoData: Loading 20_25.l2j...
2022.07.03 12:46:51,924	INFO	1	com.l2jserver.gameserver.GeoData	GeoData: Loading 20_26.l2j...
2022.07.03 12:46:51,927	INFO	1	com.l2jserver.gameserver.GeoData	GeoData: Loading 21_10.l2j...
2022.07.03 12:46:51,928	INFO	1	com.l2jserver.gameserver.GeoData	GeoData: Loading 21_11.l2j...
2022.07.03 12:46:51,930	INFO	1	com.l2jserver.gameserver.GeoData	GeoData: Loading 21_12.l2j...
2022.07.03 12:46:51,931	INFO	1	com.l2jserver.gameserver.GeoData	GeoData: Loading 21_13.l2j...
2022.07.03 12:46:51,931	INFO	1	com.l2jserver.gameserver.GeoData	GeoData: Loading 21_14.l2j...
2022.07.03 12:46:51,941	INFO	1	com.l2jserver.gameserver.GeoData	GeoData: Loading 21_15.l2j...
2022.07.03 12:46:51,951	INFO	1	com.l2jserver.gameserver.GeoData	GeoData: Loading 21_16.l2j...
2022.07.03 12:46:51,960	INFO	1	com.l2jserver.gameserver.GeoData	GeoData: Loading 21_17.l2j...
2022.07.03 12:46:51,964	INFO	1	com.l2jserver.gameserver.GeoData	GeoData: Loading 21_18.l2j...
2022.07.03 12:46:51,973	INFO	1	com.l2jserver.gameserver.GeoData	GeoData: Loading 21_19.l2j...
2022.07.03 12:46:51,981	INFO	1	com.l2jserver.gameserver.GeoData	GeoData: Loading 21_20.l2j...
2022.07.03 12:46:51,990	INFO	1	com.l2jserver.gameserver.GeoData	GeoData: Loading 21_21.l2j...
2022.07.03 12:46:52,001	INFO	1	com.l2jserver.gameserver.GeoData	GeoData: Loading 21_22.l2j...
2022.07.03 12:46:52,010	INFO	1	com.l2jserver.gameserver.GeoData	GeoData: Loading 21_23.l2j...
2022.07.03 12:46:52,019	INFO	1	com.l2jserver.gameserver.GeoData	GeoData: Loading 21_24.l2j...
2022.07.03 12:46:52,028	INFO	1	com.l2jserver.gameserver.GeoData	GeoData: Loading 21_25.l2j...
2022.07.03 12:46:52,030	INFO	1	com.l2jserver.gameserver.GeoData	GeoData: Loading 22_10.l2j...
2022.07.03 12:46:52,032	INFO	1	com.l2jserver.gameserver.GeoData	GeoData: Loading 22_11.l2j...
2022.07.03 12:46:52,039	INFO	1	com.l2jserver.gameserver.GeoData	GeoData: Loading 22_12.l2j...
2022.07.03 12:46:52,040	INFO	1	com.l2jserver.gameserver.GeoData	GeoData: Loading 22_13.l2j...
2022.07.03 12:46:52,049	INFO	1	com.l2jserver.gameserver.GeoData	GeoData: Loading 22_14.l2j...
2022.07.03 12:46:52,060	INFO	1	com.l2jserver.gameserver.GeoData	GeoData: Loading 22_15.l2j...
2022.07.03 12:46:52,070	INFO	1	com.l2jserver.gameserver.GeoData	GeoData: Loading 22_16.l2j...
2022.07.03 12:46:52,081	INFO	1	com.l2jserver.gameserver.GeoData	GeoData: Loading 22_17.l2j...
2022.07.03 12:46:52,089	INFO	1	com.l2jserver.gameserver.GeoData	GeoData: Loading 22_18.l2j...
2022.07.03 12:46:52,098	INFO	1	com.l2jserver.gameserver.GeoData	GeoData: Loading 22_19.l2j...
2022.07.03 12:46:52,107	INFO	1	com.l2jserver.gameserver.GeoData	GeoData: Loading 22_20.l2j...
2022.07.03 12:46:52,116	INFO	1	com.l2jserver.gameserver.GeoData	GeoData: Loading 22_21.l2j...
2022.07.03 12:46:52,126	INFO	1	com.l2jserver.gameserver.GeoData	GeoData: Loading 22_22.l2j...
2022.07.03 12:46:52,135	INFO	1	com.l2jserver.gameserver.GeoData	GeoData: Loading 22_23.l2j...
2022.07.03 12:46:52,144	INFO	1	com.l2jserver.gameserver.GeoData	GeoData: Loading 22_24.l2j...
2022.07.03 12:46:52,152	INFO	1	com.l2jserver.gameserver.GeoData	GeoData: Loading 22_25.l2j...
2022.07.03 12:46:52,160	INFO	1	com.l2jserver.gameserver.GeoData	GeoData: Loading 22_26.l2j...
2022.07.03 12:46:52,162	INFO	1	com.l2jserver.gameserver.GeoData	GeoData: Loading 23_10.l2j...
2022.07.03 12:46:52,163	INFO	1	com.l2jserver.gameserver.GeoData	GeoData: Loading 23_11.l2j...
2022.07.03 12:46:52,169	INFO	1	com.l2jserver.gameserver.GeoData	GeoData: Loading 23_12.l2j...
2022.07.03 12:46:52,178	INFO	1	com.l2jserver.gameserver.GeoData	GeoData: Loading 23_13.l2j...
2022.07.03 12:46:52,187	INFO	1	com.l2jserver.gameserver.GeoData	GeoData: Loading 23_14.l2j...
2022.07.03 12:46:52,200	INFO	1	com.l2jserver.gameserver.GeoData	GeoData: Loading 23_15.l2j...
2022.07.03 12:46:52,212	INFO	1	com.l2jserver.gameserver.GeoData	GeoData: Loading 23_16.l2j...
2022.07.03 12:46:52,222	INFO	1	com.l2jserver.gameserver.GeoData	GeoData: Loading 23_17.l2j...
2022.07.03 12:46:52,232	INFO	1	com.l2jserver.gameserver.GeoData	GeoData: Loading 23_18.l2j...
2022.07.03 12:46:52,242	INFO	1	com.l2jserver.gameserver.GeoData	GeoData: Loading 23_19.l2j...
2022.07.03 12:46:52,252	INFO	1	com.l2jserver.gameserver.GeoData	GeoData: Loading 23_20.l2j...
2022.07.03 12:46:52,261	INFO	1	com.l2jserver.gameserver.GeoData	GeoData: Loading 23_21.l2j...
2022.07.03 12:46:52,271	INFO	1	com.l2jserver.gameserver.GeoData	GeoData: Loading 23_22.l2j...
2022.07.03 12:46:52,298	INFO	1	com.l2jserver.gameserver.GeoData	GeoData: Loading 23_23.l2j...
2022.07.03 12:46:52,307	INFO	1	com.l2jserver.gameserver.GeoData	GeoData: Loading 23_24.l2j...
2022.07.03 12:46:52,316	INFO	1	com.l2jserver.gameserver.GeoData	GeoData: Loading 23_25.l2j...
2022.07.03 12:46:52,322	INFO	1	com.l2jserver.gameserver.GeoData	GeoData: Loading 23_26.l2j...
2022.07.03 12:46:52,323	INFO	1	com.l2jserver.gameserver.GeoData	GeoData: Loading 24_10.l2j...
2022.07.03 12:46:52,324	INFO	1	com.l2jserver.gameserver.GeoData	GeoData: Loading 24_11.l2j...
2022.07.03 12:46:52,332	INFO	1	com.l2jserver.gameserver.GeoData	GeoData: Loading 24_12.l2j...
2022.07.03 12:46:52,344	INFO	1	com.l2jserver.gameserver.GeoData	GeoData: Loading 24_13.l2j...
2022.07.03 12:46:52,349	INFO	1	com.l2jserver.gameserver.GeoData	GeoData: Loading 24_14.l2j...
2022.07.03 12:46:52,358	INFO	1	com.l2jserver.gameserver.GeoData	GeoData: Loading 24_15.l2j...
2022.07.03 12:46:52,368	INFO	1	com.l2jserver.gameserver.GeoData	GeoData: Loading 24_16.l2j...
2022.07.03 12:46:52,378	INFO	1	com.l2jserver.gameserver.GeoData	GeoData: Loading 24_17.l2j...
2022.07.03 12:46:52,386	INFO	1	com.l2jserver.gameserver.GeoData	GeoData: Loading 24_18.l2j...
2022.07.03 12:46:52,396	INFO	1	com.l2jserver.gameserver.GeoData	GeoData: Loading 24_19.l2j...
2022.07.03 12:46:52,405	INFO	1	com.l2jserver.gameserver.GeoData	GeoData: Loading 24_20.l2j...
2022.07.03 12:46:52,416	INFO	1	com.l2jserver.gameserver.GeoData	GeoData: Loading 24_21.l2j...
2022.07.03 12:46:52,422	INFO	1	com.l2jserver.gameserver.GeoData	GeoData: Loading 24_22.l2j...
2022.07.03 12:46:52,433	INFO	1	com.l2jserver.gameserver.GeoData	GeoData: Loading 24_23.l2j...
2022.07.03 12:46:52,442	INFO	1	com.l2jserver.gameserver.GeoData	GeoData: Loading 24_24.l2j...
2022.07.03 12:46:52,444	INFO	1	com.l2jserver.gameserver.GeoData	GeoData: Loading 24_25.l2j...
2022.07.03 12:46:52,446	INFO	1	com.l2jserver.gameserver.GeoData	GeoData: Loading 24_26.l2j...
2022.07.03 12:46:52,447	INFO	1	com.l2jserver.gameserver.GeoData	GeoData: Loading 25_10.l2j...
2022.07.03 12:46:52,448	INFO	1	com.l2jserver.gameserver.GeoData	GeoData: Loading 25_11.l2j...
2022.07.03 12:46:52,456	INFO	1	com.l2jserver.gameserver.GeoData	GeoData: Loading 25_12.l2j...
2022.07.03 12:46:52,468	INFO	1	com.l2jserver.gameserver.GeoData	GeoData: Loading 25_14.l2j...
2022.07.03 12:46:52,482	INFO	1	com.l2jserver.gameserver.GeoData	GeoData: Loading 25_15.l2j...
2022.07.03 12:46:52,494	INFO	1	com.l2jserver.gameserver.GeoData	GeoData: Loading 25_16.l2j...
2022.07.03 12:46:52,503	INFO	1	com.l2jserver.gameserver.GeoData	GeoData: Loading 25_17.l2j...
2022.07.03 12:46:52,514	INFO	1	com.l2jserver.gameserver.GeoData	GeoData: Loading 25_18.l2j...
2022.07.03 12:46:52,522	INFO	1	com.l2jserver.gameserver.GeoData	GeoData: Loading 25_19.l2j...
2022.07.03 12:46:52,534	INFO	1	com.l2jserver.gameserver.GeoData	GeoData: Loading 25_20.l2j...
2022.07.03 12:46:52,538	INFO	1	com.l2jserver.gameserver.GeoData	GeoData: Loading 25_21.l2j...
2022.07.03 12:46:52,540	INFO	1	com.l2jserver.gameserver.GeoData	GeoData: Loading 25_22.l2j...
2022.07.03 12:46:52,541	INFO	1	com.l2jserver.gameserver.GeoData	GeoData: Loading 25_23.l2j...
2022.07.03 12:46:52,543	INFO	1	com.l2jserver.gameserver.GeoData	GeoData: Loading 25_24.l2j...
2022.07.03 12:46:52,544	INFO	1	com.l2jserver.gameserver.GeoData	GeoData: Loading 26_11.l2j...
2022.07.03 12:46:52,547	INFO	1	com.l2jserver.gameserver.GeoData	GeoData: Loading 26_12.l2j...
2022.07.03 12:46:52,551	INFO	1	com.l2jserver.gameserver.GeoData	GeoData: Loading 26_14.l2j...
2022.07.03 12:46:52,554	INFO	1	com.l2jserver.gameserver.GeoData	GeoData: Loading 26_15.l2j...
2022.07.03 12:46:52,555	INFO	1	com.l2jserver.gameserver.GeoData	GeoData: Loading 26_16.l2j...
2022.07.03 12:46:52,557	INFO	1	com.l2jserver.gameserver.GeoData	GeoData: Loaded 203 regions.
2022.07.03 12:46:52,558	INFO	1	com.l2jserver.gameserver.GameServer	----------------------------------------------------=[ NPCs ]
2022.07.03 12:46:52,561	INFO	1	com.l2jserver.util.data.xml.IXmlReader	SkillLearnData: Loaded 256 Skill Learn data.
2022.07.03 12:46:52,569	INFO	1	com.l2jserver.util.data.xml.IXmlReader	MinionData: Loaded 128 minions data.
2022.07.03 12:46:54,297	INFO	1	com.l2jserver.util.data.xml.IXmlReader	NpcData: Loaded 10461 NPCs.
2022.07.03 12:46:54,741	INFO	1	com.l2jserver.util.data.xml.IXmlReader	WalkingManager: Loaded 123 walking routes.
2022.07.03 12:46:56,586	INFO	1	com.l2jserver.util.data.xml.IXmlReader	StaticObjectData: Loaded 51 static object templates.
2022.07.03 12:46:56,730	INFO	1	com.l2jserver.gameserver.instancemanager.GrandBossManager	GrandBossManager: Queen Ant(29001) status is 0.
2022.07.03 12:46:56,732	INFO	1	com.l2jserver.gameserver.instancemanager.GrandBossManager	GrandBossManager: Core(29006) status is 0.
2022.07.03 12:46:56,733	INFO	1	com.l2jserver.gameserver.instancemanager.GrandBossManager	GrandBossManager: Orfen(29014) status is 0.
2022.07.03 12:46:56,734	INFO	1	com.l2jserver.gameserver.instancemanager.GrandBossManager	GrandBossManager: Baium(29020) status is 0.
2022.07.03 12:46:56,735	INFO	1	com.l2jserver.gameserver.instancemanager.GrandBossManager	GrandBossManager: Valakas(29028) status is 0.
2022.07.03 12:46:56,735	INFO	1	com.l2jserver.gameserver.instancemanager.GrandBossManager	GrandBossManager: Antharas(29068) status is 0.
2022.07.03 12:46:56,736	INFO	1	com.l2jserver.gameserver.instancemanager.GrandBossManager	GrandBossManager: Beleth(29118) status is 0.
2022.07.03 12:46:56,737	INFO	1	com.l2jserver.gameserver.instancemanager.GrandBossManager	GrandBossManager: Loaded 7 Instances
2022.07.03 12:46:56,960	INFO	1	com.l2jserver.util.data.xml.IXmlReader	DoorData: Loaded 1301 Door templates for 22 regions.
2022.07.03 12:46:58,233	INFO	1	com.l2jserver.util.data.xml.IXmlReader	ZoneManager: Loaded 28 zone classes and 2793 zones.
2022.07.03 12:46:58,233	INFO	1	com.l2jserver.util.data.xml.IXmlReader	ZoneManager: Loaded 0 NPC spawn territoriers.
2022.07.03 12:46:58,250	INFO	1	com.l2jserver.gameserver.instancemanager.CastleManager	CastleManager: Loaded: 9 castles
2022.07.03 12:46:58,253	INFO	1	com.l2jserver.gameserver.data.sql.impl.NpcBufferTable	NpcBufferTable: Loaded 1 buffers and 10 skills.
2022.07.03 12:46:58,254	INFO	1	com.l2jserver.gameserver.instancemanager.GrandBossManager	GrandBossManager: Initialized 12 Grand Boss Zones
2022.07.03 12:46:58,255	INFO	1	com.l2jserver.gameserver.GameServer	-----------------------------------------=[ Auction Manager ]
2022.07.03 12:46:58,269	INFO	1	com.l2jserver.gameserver.model.itemauction.ItemAuctionInstance	Loaded 82 item(s) and registered 2 auction(s) for NPC ID 32320.
2022.07.03 12:46:58,272	INFO	1	com.l2jserver.gameserver.model.itemauction.ItemAuctionInstance	Schedule next auction ID 4 on 17:00:00 08.07.22 for NPC ID 32320.
2022.07.03 12:46:58,275	INFO	1	com.l2jserver.gameserver.model.itemauction.ItemAuctionInstance	Loaded 82 item(s) and registered 2 auction(s) for NPC ID 32321.
2022.07.03 12:46:58,275	INFO	1	com.l2jserver.gameserver.model.itemauction.ItemAuctionInstance	Schedule next auction ID 5 on 17:00:00 04.07.22 for NPC ID 32321.
2022.07.03 12:46:58,278	INFO	1	com.l2jserver.gameserver.model.itemauction.ItemAuctionInstance	Loaded 82 item(s) and registered 2 auction(s) for NPC ID 32322.
2022.07.03 12:46:58,278	INFO	1	com.l2jserver.gameserver.model.itemauction.ItemAuctionInstance	Schedule next auction ID 6 on 17:00:00 06.07.22 for NPC ID 32322.
2022.07.03 12:46:58,279	INFO	1	com.l2jserver.gameserver.instancemanager.ItemAuctionManager	Loaded 3 auction manager instance(s).
2022.07.03 12:46:58,280	INFO	1	com.l2jserver.gameserver.GameServer	------------------------------------------------=[ Olympiad ]
2022.07.03 12:46:58,424	INFO	1	com.l2jserver.gameserver.model.olympiad.Olympiad	Olympiad System: Loading Olympiad System....
2022.07.03 12:46:58,424	INFO	1	com.l2jserver.gameserver.model.olympiad.Olympiad	Olympiad System: Currently in Olympiad Period
2022.07.03 12:46:58,425	INFO	1	com.l2jserver.gameserver.model.olympiad.Olympiad	Olympiad System: 41713 minutes until period ends
2022.07.03 12:46:58,426	INFO	1	com.l2jserver.gameserver.model.olympiad.Olympiad	Olympiad System: Next weekly change is in 10079 minutes
2022.07.03 12:46:58,426	INFO	1	com.l2jserver.gameserver.model.olympiad.Olympiad	Olympiad System: Loaded 0 Nobles
2022.07.03 12:46:58,428	INFO	1	com.l2jserver.gameserver.model.olympiad.Olympiad	Olympiad System: Competition Period Starts in 0 days, 5 hours and 14 mins.
2022.07.03 12:46:58,431	INFO	1	com.l2jserver.gameserver.model.olympiad.Olympiad	Olympiad System: Event starts/started : Sun Jul 03 18:00:58 CLT 2022
2022.07.03 12:46:58,435	INFO	1	com.l2jserver.gameserver.model.entity.Hero	Hero System: Loaded 0 Heroes.
2022.07.03 12:46:58,436	INFO	1	com.l2jserver.gameserver.model.entity.Hero	Hero System: Loaded 0 all time Heroes.
2022.07.03 12:46:58,436	INFO	1	com.l2jserver.gameserver.GameServer	---------------------------------------------=[ Seven Signs ]
2022.07.03 12:46:58,442	INFO	1	com.l2jserver.gameserver.SevenSigns	SevenSigns: Currently in the Seal Validation period.
2022.07.03 12:46:58,442	INFO	1	com.l2jserver.gameserver.SevenSigns	SevenSigns: The Seal of Avarice remains unclaimed.
2022.07.03 12:46:58,443	INFO	1	com.l2jserver.gameserver.SevenSigns	SevenSigns: The Seal of Gnosis remains unclaimed.
2022.07.03 12:46:58,443	INFO	1	com.l2jserver.gameserver.SevenSigns	SevenSigns: The Seal of Strife remains unclaimed.
2022.07.03 12:46:58,449	INFO	1	com.l2jserver.gameserver.SevenSigns	SevenSigns: The competition ended with a tie last week.
2022.07.03 12:46:58,449	INFO	1	com.l2jserver.gameserver.SevenSigns	SevenSigns: Next period change set to Mon Jul 04 18:00:58 CLT 2022.
2022.07.03 12:46:58,450	INFO	1	com.l2jserver.gameserver.SevenSigns	SevenSigns: Next period begins in 1 days, 5 hours and 13 mins.
2022.07.03 12:46:58,450	INFO	1	com.l2jserver.gameserver.GameServer	---------------------------------------------------=[ Cache ]
2022.07.03 12:46:58,451	INFO	1	com.l2jserver.gameserver.cache.HtmCache	Cache[HTML]: Running lazy cache
2022.07.03 12:46:58,458	INFO	1	com.l2jserver.gameserver.data.sql.impl.CrestTable	CrestTable: Loaded 0 Crests.
2022.07.03 12:46:58,466	INFO	1	com.l2jserver.gameserver.data.sql.impl.TeleportLocationTable	TeleportLocationTable: Loaded 957 Teleport Location Templates.
2022.07.03 12:46:58,470	INFO	1	com.l2jserver.util.data.xml.IXmlReader	UIData: Loaded 4 keys 5 categories.
2022.07.03 12:46:58,517	INFO	1	com.l2jserver.gameserver.datatables.AugmentationData	AugmentationData: Loaded: 33960 augmentations.
2022.07.03 12:46:58,517	INFO	1	com.l2jserver.gameserver.datatables.AugmentationData	AugmentationData: Loaded: 2754 accessory augmentations.
2022.07.03 12:46:58,521	INFO	1	com.l2jserver.gameserver.instancemanager.CursedWeaponsManager	CursedWeaponsManager: Loaded : 0 cursed weapon(s).
2022.07.03 12:46:58,812	INFO	1	com.l2jserver.util.data.xml.IXmlReader	TransformData: Loaded: 111 transform templates.
2022.07.03 12:46:58,822	INFO	1	com.l2jserver.gameserver.datatables.BotReportTable	BotReportTable: Loaded 0 bot reports
2022.07.03 12:46:58,823	INFO	1	com.l2jserver.gameserver.GameServer	-------------------------------------------------=[ Scripts ]
2022.07.03 12:46:58,827	INFO	1	com.l2jserver.gameserver.instancemanager.AirShipManager	AirShipManager: Loaded 0 private airships
2022.07.03 12:46:58,828	INFO	1	com.l2jserver.gameserver.GameServer	GameServer: Loading server scripts:
2022.07.03 12:46:59,870	INFO	1	handlers.MasterHandler	Loading Handlers...
2022.07.03 12:46:59,915	INFO	1	handlers.MasterHandler	ActionHandler: Loaded 10 Handlers
2022.07.03 12:46:59,915	INFO	1	handlers.MasterHandler	ActionShiftHandler: Loaded 6 Handlers
2022.07.03 12:46:59,916	INFO	1	handlers.MasterHandler	AdminCommandHandler: Loaded 447 Handlers
2022.07.03 12:46:59,917	INFO	1	handlers.MasterHandler	BypassHandler: Loaded 48 Handlers
2022.07.03 12:46:59,917	INFO	1	handlers.MasterHandler	ChatHandler: Loaded 14 Handlers
2022.07.03 12:46:59,918	INFO	1	handlers.MasterHandler	CommunityBoardHandler: Loaded 15 Handlers
2022.07.03 12:46:59,918	INFO	1	handlers.MasterHandler	ItemHandler: Loaded 31 Handlers
2022.07.03 12:46:59,918	INFO	1	handlers.MasterHandler	PunishmentHandler: Loaded 3 Handlers
2022.07.03 12:46:59,918	INFO	1	handlers.MasterHandler	UserCommandHandler: Loaded 17 Handlers
2022.07.03 12:46:59,918	INFO	1	handlers.MasterHandler	VoicedCommandHandler: Loaded 1 Handlers
2022.07.03 12:46:59,918	INFO	1	handlers.MasterHandler	TargetHandler: Loaded 35 Handlers
2022.07.03 12:46:59,919	INFO	1	handlers.MasterHandler	TelnetHandler: Loaded 20 Handlers
2022.07.03 12:46:59,919	INFO	1	handlers.MasterHandler	Handlers Loaded...
2022.07.03 12:47:03,856	INFO	1	com.l2jserver.util.data.xml.IXmlReader	NpcBuffersData: Loaded: 33 buffers data.
2022.07.03 12:47:07,376	INFO	1	com.l2jserver.gameserver.model.events.AbstractScript	Handy's Block Checker Event is enabled
2022.07.03 12:47:14,258	INFO	1	instances.InstanceLoader	InstanceLoader: Loading Instances scripts.
2022.07.03 12:47:14,449	INFO	1	gracia.GraciaLoader	GraciaLoader: Loading Gracia related scripts.
2022.07.03 12:47:14,665	INFO	1	hellbound.HellboundLoader	HellboundLoader: Loading Hellbound related scripts:
2022.07.03 12:47:14,668	INFO	1	com.l2jserver.util.data.xml.IXmlReader	HellboundPointData: Loaded 47 trust point reward data.
2022.07.03 12:47:14,681	INFO	1	com.l2jserver.util.data.xml.IXmlReader	HellboundSpawns: Loaded 598 Hellbound spawns.
2022.07.03 12:47:14,683	INFO	1	com.l2jserver.gameserver.model.events.AbstractScript	HellboundEngine: Level: 0
2022.07.03 12:47:14,683	INFO	1	com.l2jserver.gameserver.model.events.AbstractScript	HellboundEngine: Trust: 0
2022.07.03 12:47:14,684	INFO	1	com.l2jserver.gameserver.model.events.AbstractScript	HellboundEngine: Status: locked.
2022.07.03 12:47:14,738	INFO	1	com.l2jserver.gameserver.instancemanager.RaidBossSpawnManager	RaidBossSpawnManager: Loaded 188 Instances
2022.07.03 12:47:14,738	INFO	1	com.l2jserver.gameserver.instancemanager.RaidBossSpawnManager	RaidBossSpawnManager: Scheduled 0 Instances
2022.07.03 12:47:16,074	INFO	1	com.l2jserver.gameserver.model.events.AbstractScript	[EnhanceYourWeapon] Loaded 54 Soul Crystal data.
2022.07.03 12:47:16,074	INFO	1	com.l2jserver.gameserver.model.events.AbstractScript	[EnhanceYourWeapon] Loaded 240 npc Leveling info data.
2022.07.03 12:47:16,222	INFO	1	com.l2jserver.gameserver.model.events.AbstractScript	TerritoryWarSuperClass: Siege date: Sun Jul 03 22:00:00 CLT 2022
2022.07.03 12:47:19,010	INFO	1	com.l2jserver.gameserver.model.entity.clanhall.ClanHallSiegeEngine	Bandit StrongHold siege scheduled for Sun Jul 17 12:00:00 CLT 2022.
2022.07.03 12:47:19,121	INFO	1	com.l2jserver.gameserver.model.entity.clanhall.ClanHallSiegeEngine	Beast Farm siege scheduled for Sun Jul 17 12:00:00 CLT 2022.
2022.07.03 12:47:19,200	INFO	1	com.l2jserver.gameserver.model.entity.clanhall.ClanHallSiegeEngine	Devastated Castle siege scheduled for Sun Jul 17 12:00:00 CLT 2022.
2022.07.03 12:47:19,279	INFO	1	com.l2jserver.gameserver.model.entity.clanhall.ClanHallSiegeEngine	Fortress of Resistance siege scheduled for Sun Jul 17 12:00:00 CLT 2022.
2022.07.03 12:47:19,353	INFO	1	com.l2jserver.gameserver.model.entity.clanhall.ClanHallSiegeEngine	Fortresss of the Dead siege scheduled for Sun Jul 17 12:00:00 CLT 2022.
2022.07.03 12:47:19,438	INFO	1	com.l2jserver.gameserver.model.entity.clanhall.ClanHallSiegeEngine	Rainbow Springs siege scheduled for Sun Jul 17 12:00:00 CLT 2022.
2022.07.03 12:47:20,131	INFO	1	com.l2jserver.util.data.xml.IXmlReader	SpawnTable: Loaded 3765 npc spawns.
2022.07.03 12:47:20,163	INFO	1	com.l2jserver.util.data.xml.IXmlReader	SpawnTable: Loaded 1190 npc spawns from XML.
2022.07.03 12:47:20,163	INFO	1	com.l2jserver.gameserver.instancemanager.DayNightSpawnManager	DayNightSpawnManager: Removed 0 day creatures
2022.07.03 12:47:20,167	INFO	1	com.l2jserver.gameserver.instancemanager.DayNightSpawnManager	DayNightSpawnManager: Spawned 553 night creatures
2022.07.03 12:47:20,167	INFO	1	com.l2jserver.gameserver.instancemanager.DayNightSpawnManager	DayNightSpawnManager: Spawning Hellman raidboss
2022.07.03 12:47:20,172	INFO	1	com.l2jserver.gameserver.instancemanager.FourSepulchersManager	FourSepulchersManager: loaded 20 Mysterious-Box spawns.
2022.07.03 12:47:20,190	INFO	1	com.l2jserver.gameserver.instancemanager.FourSepulchersManager	FourSepulchersManager: loaded 716 Physical type monsters spawns.
2022.07.03 12:47:20,206	INFO	1	com.l2jserver.gameserver.instancemanager.FourSepulchersManager	FourSepulchersManager: loaded 716 Magical type monsters spawns.
2022.07.03 12:47:20,210	INFO	1	com.l2jserver.gameserver.instancemanager.FourSepulchersManager	FourSepulchersManager: loaded 92 Church of duke monsters spawns.
2022.07.03 12:47:20,214	INFO	1	com.l2jserver.gameserver.instancemanager.FourSepulchersManager	FourSepulchersManager: loaded 68 Emperor's grave NPC spawns.
2022.07.03 12:47:20,215	INFO	1	com.l2jserver.gameserver.instancemanager.FourSepulchersManager	FourSepulchersManager: spawned Conquerors' Sepulcher Manager
2022.07.03 12:47:20,215	INFO	1	com.l2jserver.gameserver.instancemanager.FourSepulchersManager	FourSepulchersManager: spawned Emperors' Sepulcher Manager
2022.07.03 12:47:20,216	INFO	1	com.l2jserver.gameserver.instancemanager.FourSepulchersManager	FourSepulchersManager: spawned Great Sages' Sepulcher Manager
2022.07.03 12:47:20,216	INFO	1	com.l2jserver.gameserver.instancemanager.FourSepulchersManager	FourSepulchersManager: spawned Judges' Sepulcher Manager
2022.07.03 12:47:20,217	INFO	1	com.l2jserver.gameserver.instancemanager.FourSepulchersManager	FourSepulchersManager: Beginning in Attack time
2022.07.03 12:47:20,219	INFO	1	com.l2jserver.gameserver.instancemanager.DimensionalRiftManager	DimensionalRiftManager: Loaded 7 room types with 56 rooms.
2022.07.03 12:47:20,222	INFO	1	com.l2jserver.gameserver.instancemanager.DimensionalRiftManager	DimensionalRiftManager: Loaded 462 dimensional rift spawns, 0 errors.
2022.07.03 12:47:20,222	INFO	1	com.l2jserver.gameserver.GameServer	---------------------------------------------------=[ Siege ]
2022.07.03 12:47:20,228	INFO	1	com.l2jserver.gameserver.model.entity.Siege	Siege of Gludio: Sun Jul 03 16:00:00 CLT 2022
2022.07.03 12:47:20,229	INFO	1	com.l2jserver.gameserver.model.entity.Siege	Siege of Dion: Sun Jul 03 16:00:00 CLT 2022
2022.07.03 12:47:20,230	INFO	1	com.l2jserver.gameserver.model.entity.Siege	Siege of Giran: Sun Jul 03 16:00:00 CLT 2022
2022.07.03 12:47:20,230	INFO	1	com.l2jserver.gameserver.model.entity.Siege	Siege of Oren: Sun Jul 03 16:00:00 CLT 2022
2022.07.03 12:47:20,231	INFO	1	com.l2jserver.gameserver.model.entity.Siege	Siege of Aden: Sun Jul 03 16:00:00 CLT 2022
2022.07.03 12:47:20,231	INFO	1	com.l2jserver.gameserver.model.entity.Siege	Siege of Innadril: Sun Jul 03 20:00:00 CLT 2022
2022.07.03 12:47:20,232	INFO	1	com.l2jserver.gameserver.model.entity.Siege	Siege of Goddard: Sun Jul 03 20:00:00 CLT 2022
2022.07.03 12:47:20,232	INFO	1	com.l2jserver.gameserver.model.entity.Siege	Siege of Rune: Sun Jul 03 20:00:00 CLT 2022
2022.07.03 12:47:20,232	INFO	1	com.l2jserver.gameserver.model.entity.Siege	Siege of Schuttgart: Sun Jul 03 20:00:00 CLT 2022
2022.07.03 12:47:20,283	INFO	1	com.l2jserver.gameserver.instancemanager.FortManager	FortManager: Loaded: 21 fortress
2022.07.03 12:47:20,360	INFO	1	com.l2jserver.util.data.xml.IXmlReader	SiegeScheduleData: Loaded: 2 siege schedulers.
2022.07.03 12:47:20,366	INFO	1	com.l2jserver.util.data.xml.IXmlReader	CastleManorManager: Loaded 258 seeds.
2022.07.03 12:47:20,374	INFO	1	com.l2jserver.util.data.xml.IXmlReader	CastleManorManager: Manor data loaded.
2022.07.03 12:47:20,375	INFO	1	com.l2jserver.gameserver.instancemanager.MercTicketManager	MercTicketManager: Loaded: 0 Mercenary Tickets
2022.07.03 12:47:20,375	INFO	1	com.l2jserver.gameserver.instancemanager.QuestManager	QuestManager: Loaded: 520 quests.
2022.07.03 12:47:20,376	INFO	1	com.l2jserver.gameserver.instancemanager.QuestManager	QuestManager: Loaded: 268 scripts.
2022.07.03 12:47:20,408	INFO	1	com.l2jserver.gameserver.SevenSignsFestival	SevenSignsFestival: Initialization bypassed due to Seal Validation in effect.
2022.07.03 12:47:20,413	INFO	1	com.l2jserver.gameserver.script.faenor.FaenorEventParser	Event ID: (Valentines Event) has passed... Ignored.
2022.07.03 12:47:20,413	INFO	1	com.l2jserver.gameserver.script.faenor.FaenorScriptEngine	FaenorScriptEngine: Loaded  Valentines.xml successfully.
2022.07.03 12:47:20,414	INFO	1	com.l2jserver.gameserver.GameServer	AutoSpawnHandler: Loaded 129 handlers in total.
2022.07.03 12:47:20,423	INFO	1	com.l2jserver.gameserver.taskmanager.TaskManager	TaskManager: Loaded: 13 Tasks
2022.07.03 12:47:20,425	INFO	1	com.l2jserver.gameserver.instancemanager.MailManager	MailManager: Successfully loaded 0 messages.
2022.07.03 12:47:20,427	INFO	1	com.l2jserver.gameserver.instancemanager.PunishmentManager	PunishmentManager: Loaded 0 active and 0 expired punishments.
2022.07.03 12:47:20,427	INFO	1	com.l2jserver.gameserver.GameServer	IdFactory: Free ObjectID's remaining: 1879001935
2022.07.03 12:47:20,428	INFO	1	com.l2jserver.gameserver.model.entity.TvTManager	TvTEventEngine[TvTManager.TvTManager()]: Engine is disabled.
2022.07.03 12:47:22,164	INFO	1	com.l2jserver.gameserver.GameServer	GameServer: Started, free memory 5550 Mb of 7282 Mb
2022.07.03 12:47:22,206	INFO	257	com.l2jserver.gameserver.LoginServerThread	Connecting to login on 127.0.0.1:9014
2022.07.03 12:47:22,431	INFO	1	com.l2jserver.gameserver.GameServer	GameServer: is now listening on: *:7777
2022.07.03 12:47:22,431	INFO	1	com.l2jserver.gameserver.GameServer	GameServer: Maximum numbers of connected players: 500
2022.07.03 12:47:22,433	INFO	1	com.l2jserver.gameserver.GameServer	GameServer: Server loaded in 39 seconds.
2022.07.03 12:47:22,433	INFO	1	com.l2jserver.gameserver.GameServer	----------------------------------------------------=[ UPnP ]
2022.07.03 12:47:22,435	INFO	1	com.l2jserver.UPnPService	Looking for UPnP Gateway Devices...
2022.07.03 12:47:22,493	INFO	257	com.l2jserver.gameserver.LoginServerThread	Registered on login as Server 1: Bartz
2022.07.03 12:47:22,860	INFO	1	com.l2jserver.UPnPService	Using UPnP gateway: ARRIS TG862G Router
2022.07.03 12:47:22,868	INFO	1	com.l2jserver.UPnPService	Using local address: 192.168.0.15 External address: 186.20.204.244
2022.07.03 12:47:22,945	INFO	1	com.l2jserver.UPnPService	Mapping successful on 192.168.0.15:7777
2022.07.03 12:47:22,945	INFO	1	com.l2jserver.gameserver.GameServer	GameServer: Telnet server is currently disabled.
2022.07.03 12:47:39,931	INFO	264	com.l2jserver.gameserver.model.actor.instance.L2PcInstance	Master access level set for character Thor.
2022.07.03 12:55:40,435	INFO	26	com.l2jserver.gameserver.instancemanager.GlobalVariablesManager	GlobalVariablesManager: Stored 6 variables.
2022.07.03 12:59:46,303	INFO	19	com.l2jserver.gameserver.instancemanager.RaidBossSpawnManager	RaidBossSpawnManager: Updated Death Lord Ipos respawn time to Mon Jul 04 04:19:19 CLT 2022
2022.07.03 13:00:00,007	INFO	125	com.l2jserver.gameserver.instancemanager.DayNightSpawnManager	DayNightSpawnManager: Removed 553 night creatures
2022.07.03 13:00:00,011	INFO	125	com.l2jserver.gameserver.instancemanager.DayNightSpawnManager	DayNightSpawnManager: Spawned 232 day creatures
2022.07.03 13:00:00,013	INFO	125	com.l2jserver.gameserver.instancemanager.DayNightSpawnManager	DayNightSpawnManager: Deleting Hellman raidboss
2022.07.03 13:04:39,452	INFO	265	com.l2jserver.gameserver.model.actor.instance.L2PcInstance	Master access level set for character Waizatsu.
2022.07.03 13:07:53,320	INFO	124	com.l2jserver.gameserver.instancemanager.RaidBossSpawnManager	RaidBossSpawnManager: Updated Ember respawn time to Tue Jul 05 04:59:52 CLT 2022
