2022.06.17 19:13:29,476	INFO	1	com.l2jserver.gameserver.GameServer	------------------------------------------------=[ Database ]
2022.06.17 19:13:29,556	INFO	1	com.l2jserver.gameserver.dao.factory.impl.DAOFactory	Using MySQL DAO Factory.
2022.06.17 19:13:29,561	INFO	1	com.l2jserver.commons.database.pool.impl.ConnectionFactory	Using HikariCP connection pool.
2022.06.17 19:13:29,561	INFO	1	com.l2jserver.gameserver.GameServer	GameServer: Used memory: 15MB.
2022.06.17 19:13:29,563	INFO	1	com.zaxxer.hikari.HikariDataSource	HikariPool-1 - Starting...
2022.06.17 19:13:29,730	INFO	1	com.zaxxer.hikari.HikariDataSource	HikariPool-1 - Start completed.
2022.06.17 19:13:29,735	INFO	1	com.l2jserver.gameserver.idfactory.BitSetIDFactory	Updated characters online status.
2022.06.17 19:13:29,770	INFO	1	com.l2jserver.gameserver.idfactory.BitSetIDFactory	Cleaned 0 elements from database in 0 s
2022.06.17 19:13:29,778	INFO	1	com.l2jserver.gameserver.idfactory.BitSetIDFactory	Cleaned 0 expired timestamps from database.
2022.06.17 19:13:29,789	INFO	1	com.l2jserver.gameserver.idfactory.BitSetIDFactory	BitSetIDFactory: 102912 id's available.
2022.06.17 19:13:29,790	INFO	1	com.l2jserver.gameserver.GameServer	-------------------------------------------------=[ Engines ]
2022.06.17 19:13:30,457	INFO	1	com.l2jserver.gameserver.scripting.L2ScriptEngineManager	Script Engine: Oracle Nashorn 1.8.0_281 - Language: ECMAScript - Language Version: ECMA - 262 Edition 5.1
2022.06.17 19:13:31,871	INFO	1	com.l2jserver.gameserver.scripting.L2ScriptEngineManager	Script Engine: jython 2.2.1 - Language: python - Language Version: 2.2.1
2022.06.17 19:13:31,875	INFO	1	com.l2jserver.gameserver.scripting.L2ScriptEngineManager	Script Engine: java 1.8 - Language: java - Language Version: 1.8
2022.06.17 19:13:31,911	INFO	1	com.l2jserver.gameserver.GameServer	---------------------------------------------------=[ World ]
2022.06.17 19:13:31,920	INFO	1	com.l2jserver.util.data.xml.IXmlReader	InstanceManager: Multiverse Instance created.
2022.06.17 19:13:31,920	INFO	1	com.l2jserver.util.data.xml.IXmlReader	InstanceManager: Universe Instance created.
2022.06.17 19:13:32,100	INFO	1	com.l2jserver.util.data.xml.IXmlReader	InstanceManager: Loaded 160 instance names.
2022.06.17 19:13:32,115	INFO	1	com.l2jserver.gameserver.model.L2World	L2World: (128 by 136) World Region Grid set up.
2022.06.17 19:13:32,345	INFO	1	com.l2jserver.util.data.xml.IXmlReader	MapRegionManager: Loaded 57 map regions.
2022.06.17 19:13:32,355	INFO	1	com.l2jserver.gameserver.instancemanager.GlobalVariablesManager	GlobalVariablesManager: Loaded 0 variables.
2022.06.17 19:13:32,356	INFO	1	com.l2jserver.gameserver.GameServer	----------------------------------------------------=[ Data ]
2022.06.17 19:13:32,384	INFO	1	com.l2jserver.util.data.xml.IXmlReader	CategoryData: Loaded 124 Categories.
2022.06.17 19:13:32,391	INFO	1	com.l2jserver.util.data.xml.IXmlReader	SecondaryAuthData: Loaded 328 forbidden passwords.
2022.06.17 19:13:32,391	INFO	1	com.l2jserver.gameserver.GameServer	-------------------------------------------------=[ Effects ]
2022.06.17 19:13:34,873	INFO	1	handlers.EffectMasterHandler	EffectMasterHandler: Loaded 160 effect handlers.
2022.06.17 19:13:34,873	INFO	1	com.l2jserver.gameserver.GameServer	------------------------------------=[ Enchant Skill Groups ]
2022.06.17 19:13:34,888	INFO	1	com.l2jserver.util.data.xml.IXmlReader	EnchantSkillGroupsData: Loaded 4 groups and 90 routes.
2022.06.17 19:13:34,888	INFO	1	com.l2jserver.gameserver.GameServer	---------------------------------------------=[ Skill Trees ]
2022.06.17 19:13:35,211	INFO	1	com.l2jserver.util.data.xml.IXmlReader	Loaded 17176 Class Skills for 103 Class Skill Trees.
2022.06.17 19:13:35,212	INFO	1	com.l2jserver.util.data.xml.IXmlReader	Loaded 76 Sub-Class Skills.
2022.06.17 19:13:35,213	INFO	1	com.l2jserver.util.data.xml.IXmlReader	Loaded 77 Transfer Skills for 3 Transfer Skill Trees.
2022.06.17 19:13:35,213	INFO	1	com.l2jserver.util.data.xml.IXmlReader	Loaded 117 Fishing Skills, 8 Dwarven only Fishing Skills.
2022.06.17 19:13:35,214	INFO	1	com.l2jserver.util.data.xml.IXmlReader	Loaded 3 Collect Skills.
2022.06.17 19:13:35,214	INFO	1	com.l2jserver.util.data.xml.IXmlReader	Loaded 74 Pledge Skills, 44 for Pledge and 30 Residential.
2022.06.17 19:13:35,215	INFO	1	com.l2jserver.util.data.xml.IXmlReader	Loaded 18 Sub-Pledge Skills.
2022.06.17 19:13:35,215	INFO	1	com.l2jserver.util.data.xml.IXmlReader	Loaded 32 Transform Skills.
2022.06.17 19:13:35,216	INFO	1	com.l2jserver.util.data.xml.IXmlReader	Loaded 8 Noble Skills.
2022.06.17 19:13:35,216	INFO	1	com.l2jserver.util.data.xml.IXmlReader	Loaded 5 Hero Skills.
2022.06.17 19:13:35,217	INFO	1	com.l2jserver.util.data.xml.IXmlReader	Loaded 46 Game Master Skills.
2022.06.17 19:13:35,217	INFO	1	com.l2jserver.util.data.xml.IXmlReader	Loaded 46 Game Master Aura Skills.
2022.06.17 19:13:35,218	INFO	1	com.l2jserver.gameserver.GameServer	--------------------------------------------------=[ Skills ]
2022.06.17 19:13:38,824	INFO	1	com.l2jserver.gameserver.engines.DocumentEngine	DocumentEngine: Loaded 65961 Skill templates from XML files.
2022.06.17 19:13:38,855	INFO	1	com.l2jserver.gameserver.data.sql.impl.SummonSkillsTable	SummonSkillsTable: Loaded 1891 skills.
2022.06.17 19:13:38,855	INFO	1	com.l2jserver.gameserver.GameServer	---------------------------------------------------=[ Items ]
2022.06.17 19:13:40,365	INFO	1	com.l2jserver.gameserver.datatables.ItemTable	ItemTable: Highest item id used:102036
2022.06.17 19:13:40,368	INFO	1	com.l2jserver.gameserver.datatables.ItemTable	ItemTable: Loaded: 11481 Etc Items
2022.06.17 19:13:40,368	INFO	1	com.l2jserver.gameserver.datatables.ItemTable	ItemTable: Loaded: 3928 Armor Items
2022.06.17 19:13:40,369	INFO	1	com.l2jserver.gameserver.datatables.ItemTable	ItemTable: Loaded: 4163 Weapon Items
2022.06.17 19:13:40,369	INFO	1	com.l2jserver.gameserver.datatables.ItemTable	ItemTable: Loaded: 19572 Items in total.
2022.06.17 19:13:40,434	INFO	1	com.l2jserver.util.data.xml.IXmlReader	EnchantItemGroupsData: Loaded: 4 item group templates.
2022.06.17 19:13:40,434	INFO	1	com.l2jserver.util.data.xml.IXmlReader	EnchantItemGroupsData: Loaded: 1 scroll group templates.
2022.06.17 19:13:40,440	INFO	1	com.l2jserver.util.data.xml.IXmlReader	EnchantItemData: Loaded 63 Enchant Scrolls.
2022.06.17 19:13:40,440	INFO	1	com.l2jserver.util.data.xml.IXmlReader	EnchantItemData: Loaded 20 Support Items.
2022.06.17 19:13:40,448	INFO	1	com.l2jserver.util.data.xml.IXmlReader	EnchantItemOptionsData: Loaded: 23 Items and 1093 Options.
2022.06.17 19:13:41,558	INFO	1	com.l2jserver.util.data.xml.IXmlReader	OptionData: Loaded: 24985 Options.
2022.06.17 19:13:41,564	INFO	1	com.l2jserver.util.data.xml.IXmlReader	EnchantItemHPBonusData: Loaded 6 Enchant HP Bonuses.
2022.06.17 19:13:41,567	INFO	1	com.l2jserver.gameserver.datatables.MerchantPriceConfigTable	MerchantPriceConfigTable: Loaded 28 merchant price configs.
2022.06.17 19:13:42,805	INFO	1	com.l2jserver.util.data.xml.IXmlReader	BuyListData: Loaded 760 BuyLists.
2022.06.17 19:13:43,358	INFO	1	com.l2jserver.util.data.xml.IXmlReader	MultisellData: Loaded 192 multisell lists.
2022.06.17 19:13:43,388	INFO	1	com.l2jserver.util.data.xml.IXmlReader	RecipeData: Loaded 1000 recipes.
2022.06.17 19:13:43,423	INFO	1	com.l2jserver.util.data.xml.IXmlReader	ArmorSetsData: Loaded 208 Armor sets.
2022.06.17 19:13:43,430	INFO	1	com.l2jserver.util.data.xml.IXmlReader	FishData: Loaded 278 Fish.
2022.06.17 19:13:43,483	INFO	1	com.l2jserver.util.data.xml.IXmlReader	FishingMonstersData: Loaded 8 Fishing Monsters.
2022.06.17 19:13:43,486	INFO	1	com.l2jserver.util.data.xml.IXmlReader	FishingRodsData: Loaded 6 Fishing Rods.
2022.06.17 19:13:43,506	INFO	1	com.l2jserver.util.data.xml.IXmlReader	HennaData: Loaded 180 Henna data.
2022.06.17 19:13:43,507	INFO	1	com.l2jserver.gameserver.GameServer	----------------------------------------------=[ Characters ]
2022.06.17 19:13:43,510	INFO	1	com.l2jserver.util.data.xml.IXmlReader	ClassListData: Loaded 107 Class data.
2022.06.17 19:13:43,513	INFO	1	com.l2jserver.util.data.xml.IXmlReader	InitialEquipmentData: Loaded 11 Initial Equipment data.
2022.06.17 19:13:43,518	INFO	1	com.l2jserver.util.data.xml.IXmlReader	InitialShortcutData: Loaded 5 Initial Global Shortcuts data.
2022.06.17 19:13:43,518	INFO	1	com.l2jserver.util.data.xml.IXmlReader	InitialShortcutData: Loaded 4 Initial Shortcuts data.
2022.06.17 19:13:43,518	INFO	1	com.l2jserver.util.data.xml.IXmlReader	InitialShortcutData: Loaded 0 Macros presets.
2022.06.17 19:13:43,549	INFO	1	com.l2jserver.util.data.xml.IXmlReader	KarmaData: Loaded 85 karma modifiers.
2022.06.17 19:13:43,554	INFO	1	com.l2jserver.util.data.xml.IXmlReader	HitConditionBonusData: Loaded Hit Condition bonuses.
2022.06.17 19:13:44,109	INFO	1	com.l2jserver.util.data.xml.IXmlReader	PlayerTemplateData: Loaded 103 character templates.
2022.06.17 19:13:44,110	INFO	1	com.l2jserver.util.data.xml.IXmlReader	PlayerTemplateData: Loaded 52530 level up gain records.
2022.06.17 19:13:44,115	INFO	1	com.l2jserver.util.data.xml.IXmlReader	PlayerCreationPointData: Loaded 62 character creation points.
2022.06.17 19:13:44,117	INFO	1	com.l2jserver.gameserver.data.sql.impl.CharNameTable	CharNameTable: Loaded 0 char names.
2022.06.17 19:13:44,121	INFO	1	com.l2jserver.util.data.xml.IXmlReader	AdminData: Loaded: 10 Access Levels.
2022.06.17 19:13:44,124	INFO	1	com.l2jserver.util.data.xml.IXmlReader	AdminData: Loaded: 444 Access Commands.
2022.06.17 19:13:44,126	INFO	1	com.l2jserver.gameserver.instancemanager.RaidBossPointsManager	RaidBossPointsManager: Loaded 0 Characters Raid Points.
2022.06.17 19:13:44,623	INFO	1	com.l2jserver.util.data.xml.IXmlReader	PetDataTable: Loaded 52 Pets.
2022.06.17 19:13:44,626	INFO	1	com.l2jserver.gameserver.GameServer	---------------------------------------------------=[ Clans ]
2022.06.17 19:13:44,638	INFO	1	com.l2jserver.gameserver.communitybbs.Manager.ForumsBBSManager	Loaded 4 forums. Last forum id used: 4
2022.06.17 19:13:44,639	INFO	1	com.l2jserver.gameserver.data.sql.impl.ClanTable	ClanTable: Restored 0 clans from the database.
2022.06.17 19:13:44,708	INFO	1	com.l2jserver.gameserver.instancemanager.CHSiegeManager	CHSiegeManager: Loaded 6 conquerable clan halls.
2022.06.17 19:13:44,712	INFO	1	com.l2jserver.gameserver.instancemanager.AuctionManager	AuctionManager: Loaded: 0 auction(s)
2022.06.17 19:13:44,718	INFO	1	com.l2jserver.gameserver.instancemanager.AuctionManager	AuctionManager: Created auction for ClanHall: 22
2022.06.17 19:13:44,722	INFO	1	com.l2jserver.gameserver.instancemanager.AuctionManager	AuctionManager: Created auction for ClanHall: 23
2022.06.17 19:13:44,725	INFO	1	com.l2jserver.gameserver.instancemanager.AuctionManager	AuctionManager: Created auction for ClanHall: 24
2022.06.17 19:13:44,728	INFO	1	com.l2jserver.gameserver.instancemanager.AuctionManager	AuctionManager: Created auction for ClanHall: 25
2022.06.17 19:13:44,730	INFO	1	com.l2jserver.gameserver.instancemanager.AuctionManager	AuctionManager: Created auction for ClanHall: 26
2022.06.17 19:13:44,734	INFO	1	com.l2jserver.gameserver.instancemanager.AuctionManager	AuctionManager: Created auction for ClanHall: 27
2022.06.17 19:13:44,737	INFO	1	com.l2jserver.gameserver.instancemanager.AuctionManager	AuctionManager: Created auction for ClanHall: 28
2022.06.17 19:13:44,740	INFO	1	com.l2jserver.gameserver.instancemanager.AuctionManager	AuctionManager: Created auction for ClanHall: 29
2022.06.17 19:13:44,743	INFO	1	com.l2jserver.gameserver.instancemanager.AuctionManager	AuctionManager: Created auction for ClanHall: 30
2022.06.17 19:13:44,746	INFO	1	com.l2jserver.gameserver.instancemanager.AuctionManager	AuctionManager: Created auction for ClanHall: 31
2022.06.17 19:13:44,750	INFO	1	com.l2jserver.gameserver.instancemanager.AuctionManager	AuctionManager: Created auction for ClanHall: 32
2022.06.17 19:13:44,754	INFO	1	com.l2jserver.gameserver.instancemanager.AuctionManager	AuctionManager: Created auction for ClanHall: 33
2022.06.17 19:13:44,757	INFO	1	com.l2jserver.gameserver.instancemanager.AuctionManager	AuctionManager: Created auction for ClanHall: 36
2022.06.17 19:13:44,760	INFO	1	com.l2jserver.gameserver.instancemanager.AuctionManager	AuctionManager: Created auction for ClanHall: 37
2022.06.17 19:13:44,763	INFO	1	com.l2jserver.gameserver.instancemanager.AuctionManager	AuctionManager: Created auction for ClanHall: 38
2022.06.17 19:13:44,767	INFO	1	com.l2jserver.gameserver.instancemanager.AuctionManager	AuctionManager: Created auction for ClanHall: 39
2022.06.17 19:13:44,771	INFO	1	com.l2jserver.gameserver.instancemanager.AuctionManager	AuctionManager: Created auction for ClanHall: 40
2022.06.17 19:13:44,774	INFO	1	com.l2jserver.gameserver.instancemanager.AuctionManager	AuctionManager: Created auction for ClanHall: 41
2022.06.17 19:13:44,777	INFO	1	com.l2jserver.gameserver.instancemanager.AuctionManager	AuctionManager: Created auction for ClanHall: 42
2022.06.17 19:13:44,779	INFO	1	com.l2jserver.gameserver.instancemanager.AuctionManager	AuctionManager: Created auction for ClanHall: 43
2022.06.17 19:13:44,782	INFO	1	com.l2jserver.gameserver.instancemanager.AuctionManager	AuctionManager: Created auction for ClanHall: 44
2022.06.17 19:13:44,785	INFO	1	com.l2jserver.gameserver.instancemanager.AuctionManager	AuctionManager: Created auction for ClanHall: 45
2022.06.17 19:13:44,788	INFO	1	com.l2jserver.gameserver.instancemanager.AuctionManager	AuctionManager: Created auction for ClanHall: 46
2022.06.17 19:13:44,791	INFO	1	com.l2jserver.gameserver.instancemanager.AuctionManager	AuctionManager: Created auction for ClanHall: 47
2022.06.17 19:13:44,793	INFO	1	com.l2jserver.gameserver.instancemanager.AuctionManager	AuctionManager: Created auction for ClanHall: 48
2022.06.17 19:13:44,798	INFO	1	com.l2jserver.gameserver.instancemanager.AuctionManager	AuctionManager: Created auction for ClanHall: 49
2022.06.17 19:13:44,802	INFO	1	com.l2jserver.gameserver.instancemanager.AuctionManager	AuctionManager: Created auction for ClanHall: 50
2022.06.17 19:13:44,808	INFO	1	com.l2jserver.gameserver.instancemanager.AuctionManager	AuctionManager: Created auction for ClanHall: 51
2022.06.17 19:13:44,812	INFO	1	com.l2jserver.gameserver.instancemanager.AuctionManager	AuctionManager: Created auction for ClanHall: 52
2022.06.17 19:13:44,816	INFO	1	com.l2jserver.gameserver.instancemanager.AuctionManager	AuctionManager: Created auction for ClanHall: 53
2022.06.17 19:13:44,820	INFO	1	com.l2jserver.gameserver.instancemanager.AuctionManager	AuctionManager: Created auction for ClanHall: 54
2022.06.17 19:13:44,823	INFO	1	com.l2jserver.gameserver.instancemanager.AuctionManager	AuctionManager: Created auction for ClanHall: 55
2022.06.17 19:13:44,826	INFO	1	com.l2jserver.gameserver.instancemanager.AuctionManager	AuctionManager: Created auction for ClanHall: 56
2022.06.17 19:13:44,831	INFO	1	com.l2jserver.gameserver.instancemanager.AuctionManager	AuctionManager: Created auction for ClanHall: 57
2022.06.17 19:13:44,835	INFO	1	com.l2jserver.gameserver.instancemanager.AuctionManager	AuctionManager: Created auction for ClanHall: 58
2022.06.17 19:13:44,839	INFO	1	com.l2jserver.gameserver.instancemanager.AuctionManager	AuctionManager: Created auction for ClanHall: 59
2022.06.17 19:13:44,844	INFO	1	com.l2jserver.gameserver.instancemanager.AuctionManager	AuctionManager: Created auction for ClanHall: 60
2022.06.17 19:13:44,847	INFO	1	com.l2jserver.gameserver.instancemanager.AuctionManager	AuctionManager: Created auction for ClanHall: 61
2022.06.17 19:13:44,847	INFO	1	com.l2jserver.gameserver.instancemanager.ClanHallManager	ClanHallManager: Loaded: 0 clan halls
2022.06.17 19:13:44,848	INFO	1	com.l2jserver.gameserver.instancemanager.ClanHallManager	ClanHallManager: Loaded: 38 free clan halls
2022.06.17 19:13:44,848	INFO	1	com.l2jserver.gameserver.GameServer	-------------------------------------------------=[ Geodata ]
2022.06.17 19:13:44,855	INFO	1	com.l2jserver.gameserver.GeoData	GeoData: Loading 11_23.l2j...
2022.06.17 19:13:44,884	INFO	1	com.l2jserver.gameserver.GeoData	GeoData: Loading 11_24.l2j...
2022.06.17 19:13:44,894	INFO	1	com.l2jserver.gameserver.GeoData	GeoData: Loading 11_25.l2j...
2022.06.17 19:13:44,956	INFO	1	com.l2jserver.gameserver.GeoData	GeoData: Loading 11_26.l2j...
2022.06.17 19:13:45,198	INFO	1	com.l2jserver.gameserver.GeoData	GeoData: Loading 12_23.l2j...
2022.06.17 19:13:45,212	INFO	1	com.l2jserver.gameserver.GeoData	GeoData: Loading 12_24.l2j...
2022.06.17 19:13:45,446	INFO	1	com.l2jserver.gameserver.GeoData	GeoData: Loading 12_25.l2j...
2022.06.17 19:13:45,713	INFO	1	com.l2jserver.gameserver.GeoData	GeoData: Loading 12_26.l2j...
2022.06.17 19:13:45,913	INFO	1	com.l2jserver.gameserver.GeoData	GeoData: Loading 13_21.l2j...
2022.06.17 19:13:45,972	INFO	1	com.l2jserver.gameserver.GeoData	GeoData: Loading 13_22.l2j...
2022.06.17 19:13:45,976	INFO	1	com.l2jserver.gameserver.GeoData	GeoData: Loading 13_23.l2j...
2022.06.17 19:13:46,235	INFO	1	com.l2jserver.gameserver.GeoData	GeoData: Loading 13_24.l2j...
2022.06.17 19:13:46,550	INFO	1	com.l2jserver.gameserver.GeoData	GeoData: Loading 13_25.l2j...
2022.06.17 19:13:46,597	INFO	1	com.l2jserver.gameserver.GeoData	GeoData: Loading 13_26.l2j...
2022.06.17 19:13:46,624	INFO	1	com.l2jserver.gameserver.GeoData	GeoData: Loading 14_21.l2j...
2022.06.17 19:13:46,627	INFO	1	com.l2jserver.gameserver.GeoData	GeoData: Loading 14_22.l2j...
2022.06.17 19:13:46,688	INFO	1	com.l2jserver.gameserver.GeoData	GeoData: Loading 14_23.l2j...
2022.06.17 19:13:46,871	INFO	1	com.l2jserver.gameserver.GeoData	GeoData: Loading 14_24.l2j...
2022.06.17 19:13:46,902	INFO	1	com.l2jserver.gameserver.GeoData	GeoData: Loading 14_25.l2j...
2022.06.17 19:13:46,929	INFO	1	com.l2jserver.gameserver.GeoData	GeoData: Loading 14_26.l2j...
2022.06.17 19:13:46,964	INFO	1	com.l2jserver.gameserver.GeoData	GeoData: Loading 15_10.l2j...
2022.06.17 19:13:46,971	INFO	1	com.l2jserver.gameserver.GeoData	GeoData: Loading 15_11.l2j...
2022.06.17 19:13:46,986	INFO	1	com.l2jserver.gameserver.GeoData	GeoData: Loading 15_12.l2j...
2022.06.17 19:13:46,994	INFO	1	com.l2jserver.gameserver.GeoData	GeoData: Loading 15_18.l2j...
2022.06.17 19:13:47,003	INFO	1	com.l2jserver.gameserver.GeoData	GeoData: Loading 15_19.l2j...
2022.06.17 19:13:47,016	INFO	1	com.l2jserver.gameserver.GeoData	GeoData: Loading 15_20.l2j...
2022.06.17 19:13:47,018	INFO	1	com.l2jserver.gameserver.GeoData	GeoData: Loading 15_21.l2j...
2022.06.17 19:13:47,020	INFO	1	com.l2jserver.gameserver.GeoData	GeoData: Loading 15_22.l2j...
2022.06.17 19:13:47,024	INFO	1	com.l2jserver.gameserver.GeoData	GeoData: Loading 15_23.l2j...
2022.06.17 19:13:47,030	INFO	1	com.l2jserver.gameserver.GeoData	GeoData: Loading 15_24.l2j...
2022.06.17 19:13:47,032	INFO	1	com.l2jserver.gameserver.GeoData	GeoData: Loading 15_25.l2j...
2022.06.17 19:13:47,047	INFO	1	com.l2jserver.gameserver.GeoData	GeoData: Loading 15_26.l2j...
2022.06.17 19:13:47,056	INFO	1	com.l2jserver.gameserver.GeoData	GeoData: Loading 16_10.l2j...
2022.06.17 19:13:47,133	INFO	1	com.l2jserver.gameserver.GeoData	GeoData: Loading 16_11.l2j...
2022.06.17 19:13:47,138	INFO	1	com.l2jserver.gameserver.GeoData	GeoData: Loading 16_12.l2j...
2022.06.17 19:13:47,144	INFO	1	com.l2jserver.gameserver.GeoData	GeoData: Loading 16_13.l2j...
2022.06.17 19:13:47,155	INFO	1	com.l2jserver.gameserver.GeoData	GeoData: Loading 16_14.l2j...
2022.06.17 19:13:47,158	INFO	1	com.l2jserver.gameserver.GeoData	GeoData: Loading 16_15.l2j...
2022.06.17 19:13:47,161	INFO	1	com.l2jserver.gameserver.GeoData	GeoData: Loading 16_16.l2j...
2022.06.17 19:13:47,164	INFO	1	com.l2jserver.gameserver.GeoData	GeoData: Loading 16_17.l2j...
2022.06.17 19:13:47,167	INFO	1	com.l2jserver.gameserver.GeoData	GeoData: Loading 16_18.l2j...
2022.06.17 19:13:47,178	INFO	1	com.l2jserver.gameserver.GeoData	GeoData: Loading 16_19.l2j...
2022.06.17 19:13:47,221	INFO	1	com.l2jserver.gameserver.GeoData	GeoData: Loading 16_20.l2j...
2022.06.17 19:13:47,294	INFO	1	com.l2jserver.gameserver.GeoData	GeoData: Loading 16_21.l2j...
2022.06.17 19:13:47,308	INFO	1	com.l2jserver.gameserver.GeoData	GeoData: Loading 16_22.l2j...
2022.06.17 19:13:47,312	INFO	1	com.l2jserver.gameserver.GeoData	GeoData: Loading 16_23.l2j...
2022.06.17 19:13:47,315	INFO	1	com.l2jserver.gameserver.GeoData	GeoData: Loading 16_24.l2j...
2022.06.17 19:13:47,343	INFO	1	com.l2jserver.gameserver.GeoData	GeoData: Loading 16_25.l2j...
2022.06.17 19:13:47,385	INFO	1	com.l2jserver.gameserver.GeoData	GeoData: Loading 16_26.l2j...
2022.06.17 19:13:47,387	INFO	1	com.l2jserver.gameserver.GeoData	GeoData: Loading 17_10.l2j...
2022.06.17 19:13:47,391	INFO	1	com.l2jserver.gameserver.GeoData	GeoData: Loading 17_11.l2j...
2022.06.17 19:13:47,398	INFO	1	com.l2jserver.gameserver.GeoData	GeoData: Loading 17_12.l2j...
2022.06.17 19:13:47,411	INFO	1	com.l2jserver.gameserver.GeoData	GeoData: Loading 17_13.l2j...
2022.06.17 19:13:47,414	INFO	1	com.l2jserver.gameserver.GeoData	GeoData: Loading 17_14.l2j...
2022.06.17 19:13:47,416	INFO	1	com.l2jserver.gameserver.GeoData	GeoData: Loading 17_15.l2j...
2022.06.17 19:13:47,432	INFO	1	com.l2jserver.gameserver.GeoData	GeoData: Loading 17_16.l2j...
2022.06.17 19:13:47,509	INFO	1	com.l2jserver.gameserver.GeoData	GeoData: Loading 17_17.l2j...
2022.06.17 19:13:47,519	INFO	1	com.l2jserver.gameserver.GeoData	GeoData: Loading 17_18.l2j...
2022.06.17 19:13:47,522	INFO	1	com.l2jserver.gameserver.GeoData	GeoData: Loading 17_19.l2j...
2022.06.17 19:13:47,585	INFO	1	com.l2jserver.gameserver.GeoData	GeoData: Loading 17_20.l2j...
2022.06.17 19:13:47,643	INFO	1	com.l2jserver.gameserver.GeoData	GeoData: Loading 17_21.l2j...
2022.06.17 19:13:47,711	INFO	1	com.l2jserver.gameserver.GeoData	GeoData: Loading 17_22.l2j...
2022.06.17 19:13:47,777	INFO	1	com.l2jserver.gameserver.GeoData	GeoData: Loading 17_23.l2j...
2022.06.17 19:13:47,790	INFO	1	com.l2jserver.gameserver.GeoData	GeoData: Loading 17_24.l2j...
2022.06.17 19:13:47,806	INFO	1	com.l2jserver.gameserver.GeoData	GeoData: Loading 17_25.l2j...
2022.06.17 19:13:47,849	INFO	1	com.l2jserver.gameserver.GeoData	GeoData: Loading 17_26.l2j...
2022.06.17 19:13:47,851	INFO	1	com.l2jserver.gameserver.GeoData	GeoData: Loading 18_10.l2j...
2022.06.17 19:13:47,867	INFO	1	com.l2jserver.gameserver.GeoData	GeoData: Loading 18_11.l2j...
2022.06.17 19:13:47,883	INFO	1	com.l2jserver.gameserver.GeoData	GeoData: Loading 18_12.l2j...
2022.06.17 19:13:47,887	INFO	1	com.l2jserver.gameserver.GeoData	GeoData: Loading 18_13.l2j...
2022.06.17 19:13:47,890	INFO	1	com.l2jserver.gameserver.GeoData	GeoData: Loading 18_14.l2j...
2022.06.17 19:13:47,942	INFO	1	com.l2jserver.gameserver.GeoData	GeoData: Loading 18_15.l2j...
2022.06.17 19:13:47,959	INFO	1	com.l2jserver.gameserver.GeoData	GeoData: Loading 18_16.l2j...
2022.06.17 19:13:47,998	INFO	1	com.l2jserver.gameserver.GeoData	GeoData: Loading 18_17.l2j...
2022.06.17 19:13:48,000	INFO	1	com.l2jserver.gameserver.GeoData	GeoData: Loading 18_18.l2j...
2022.06.17 19:13:48,002	INFO	1	com.l2jserver.gameserver.GeoData	GeoData: Loading 18_19.l2j...
2022.06.17 19:13:48,040	INFO	1	com.l2jserver.gameserver.GeoData	GeoData: Loading 18_20.l2j...
2022.06.17 19:13:48,069	INFO	1	com.l2jserver.gameserver.GeoData	GeoData: Loading 18_21.l2j...
2022.06.17 19:13:48,098	INFO	1	com.l2jserver.gameserver.GeoData	GeoData: Loading 18_22.l2j...
2022.06.17 19:13:48,145	INFO	1	com.l2jserver.gameserver.GeoData	GeoData: Loading 18_23.l2j...
2022.06.17 19:13:48,211	INFO	1	com.l2jserver.gameserver.GeoData	GeoData: Loading 18_24.l2j...
2022.06.17 19:13:48,264	INFO	1	com.l2jserver.gameserver.GeoData	GeoData: Loading 18_25.l2j...
2022.06.17 19:13:48,269	INFO	1	com.l2jserver.gameserver.GeoData	GeoData: Loading 18_26.l2j...
2022.06.17 19:13:48,274	INFO	1	com.l2jserver.gameserver.GeoData	GeoData: Loading 19_10.l2j...
2022.06.17 19:13:48,284	INFO	1	com.l2jserver.gameserver.GeoData	GeoData: Loading 19_11.l2j...
2022.06.17 19:13:48,288	INFO	1	com.l2jserver.gameserver.GeoData	GeoData: Loading 19_12.l2j...
2022.06.17 19:13:48,294	INFO	1	com.l2jserver.gameserver.GeoData	GeoData: Loading 19_13.l2j...
2022.06.17 19:13:48,336	INFO	1	com.l2jserver.gameserver.GeoData	GeoData: Loading 19_14.l2j...
2022.06.17 19:13:48,397	INFO	1	com.l2jserver.gameserver.GeoData	GeoData: Loading 19_15.l2j...
2022.06.17 19:13:48,449	INFO	1	com.l2jserver.gameserver.GeoData	GeoData: Loading 19_16.l2j...
2022.06.17 19:13:48,465	INFO	1	com.l2jserver.gameserver.GeoData	GeoData: Loading 19_17.l2j...
2022.06.17 19:13:48,482	INFO	1	com.l2jserver.gameserver.GeoData	GeoData: Loading 19_18.l2j...
2022.06.17 19:13:48,532	INFO	1	com.l2jserver.gameserver.GeoData	GeoData: Loading 19_19.l2j...
2022.06.17 19:13:48,563	INFO	1	com.l2jserver.gameserver.GeoData	GeoData: Loading 19_20.l2j...
2022.06.17 19:13:48,644	INFO	1	com.l2jserver.gameserver.GeoData	GeoData: Loading 19_21.l2j...
2022.06.17 19:13:48,680	INFO	1	com.l2jserver.gameserver.GeoData	GeoData: Loading 19_22.l2j...
2022.06.17 19:13:48,729	INFO	1	com.l2jserver.gameserver.GeoData	GeoData: Loading 19_23.l2j...
2022.06.17 19:13:48,794	INFO	1	com.l2jserver.gameserver.GeoData	GeoData: Loading 19_24.l2j...
2022.06.17 19:13:48,837	INFO	1	com.l2jserver.gameserver.GeoData	GeoData: Loading 19_25.l2j...
2022.06.17 19:13:48,867	INFO	1	com.l2jserver.gameserver.GeoData	GeoData: Loading 19_26.l2j...
2022.06.17 19:13:48,895	INFO	1	com.l2jserver.gameserver.GeoData	GeoData: Loading 20_10.l2j...
2022.06.17 19:13:48,905	INFO	1	com.l2jserver.gameserver.GeoData	GeoData: Loading 20_11.l2j...
2022.06.17 19:13:48,910	INFO	1	com.l2jserver.gameserver.GeoData	GeoData: Loading 20_12.l2j...
2022.06.17 19:13:48,914	INFO	1	com.l2jserver.gameserver.GeoData	GeoData: Loading 20_13.l2j...
2022.06.17 19:13:48,957	INFO	1	com.l2jserver.gameserver.GeoData	GeoData: Loading 20_14.l2j...
2022.06.17 19:13:49,037	INFO	1	com.l2jserver.gameserver.GeoData	GeoData: Loading 20_15.l2j...
2022.06.17 19:13:50,107	INFO	1	com.l2jserver.gameserver.GeoData	GeoData: Loading 20_16.l2j...
2022.06.17 19:13:50,171	INFO	1	com.l2jserver.gameserver.GeoData	GeoData: Loading 20_17.l2j...
2022.06.17 19:13:50,214	INFO	1	com.l2jserver.gameserver.GeoData	GeoData: Loading 20_18.l2j...
2022.06.17 19:13:50,236	INFO	1	com.l2jserver.gameserver.GeoData	GeoData: Loading 20_19.l2j...
2022.06.17 19:13:50,268	INFO	1	com.l2jserver.gameserver.GeoData	GeoData: Loading 20_20.l2j...
2022.06.17 19:13:50,332	INFO	1	com.l2jserver.gameserver.GeoData	GeoData: Loading 20_21.l2j...
2022.06.17 19:13:50,389	INFO	1	com.l2jserver.gameserver.GeoData	GeoData: Loading 20_22.l2j...
2022.06.17 19:13:50,453	INFO	1	com.l2jserver.gameserver.GeoData	GeoData: Loading 20_23.l2j...
2022.06.17 19:13:50,511	INFO	1	com.l2jserver.gameserver.GeoData	GeoData: Loading 20_24.l2j...
2022.06.17 19:13:50,518	INFO	1	com.l2jserver.gameserver.GeoData	GeoData: Loading 20_25.l2j...
2022.06.17 19:13:50,575	INFO	1	com.l2jserver.gameserver.GeoData	GeoData: Loading 20_26.l2j...
2022.06.17 19:13:50,582	INFO	1	com.l2jserver.gameserver.GeoData	GeoData: Loading 21_10.l2j...
2022.06.17 19:13:50,592	INFO	1	com.l2jserver.gameserver.GeoData	GeoData: Loading 21_11.l2j...
2022.06.17 19:13:50,597	INFO	1	com.l2jserver.gameserver.GeoData	GeoData: Loading 21_12.l2j...
2022.06.17 19:13:50,601	INFO	1	com.l2jserver.gameserver.GeoData	GeoData: Loading 21_13.l2j...
2022.06.17 19:13:50,604	INFO	1	com.l2jserver.gameserver.GeoData	GeoData: Loading 21_14.l2j...
2022.06.17 19:13:50,670	INFO	1	com.l2jserver.gameserver.GeoData	GeoData: Loading 21_15.l2j...
2022.06.17 19:13:50,753	INFO	1	com.l2jserver.gameserver.GeoData	GeoData: Loading 21_16.l2j...
2022.06.17 19:13:50,804	INFO	1	com.l2jserver.gameserver.GeoData	GeoData: Loading 21_17.l2j...
2022.06.17 19:13:50,816	INFO	1	com.l2jserver.gameserver.GeoData	GeoData: Loading 21_18.l2j...
2022.06.17 19:13:50,843	INFO	1	com.l2jserver.gameserver.GeoData	GeoData: Loading 21_19.l2j...
2022.06.17 19:13:50,920	INFO	1	com.l2jserver.gameserver.GeoData	GeoData: Loading 21_20.l2j...
2022.06.17 19:13:50,978	INFO	1	com.l2jserver.gameserver.GeoData	GeoData: Loading 21_21.l2j...
2022.06.17 19:13:51,015	INFO	1	com.l2jserver.gameserver.GeoData	GeoData: Loading 21_22.l2j...
2022.06.17 19:13:51,094	INFO	1	com.l2jserver.gameserver.GeoData	GeoData: Loading 21_23.l2j...
2022.06.17 19:13:51,156	INFO	1	com.l2jserver.gameserver.GeoData	GeoData: Loading 21_24.l2j...
2022.06.17 19:13:51,206	INFO	1	com.l2jserver.gameserver.GeoData	GeoData: Loading 21_25.l2j...
2022.06.17 19:13:51,210	INFO	1	com.l2jserver.gameserver.GeoData	GeoData: Loading 22_10.l2j...
2022.06.17 19:13:51,216	INFO	1	com.l2jserver.gameserver.GeoData	GeoData: Loading 22_11.l2j...
2022.06.17 19:13:51,268	INFO	1	com.l2jserver.gameserver.GeoData	GeoData: Loading 22_12.l2j...
2022.06.17 19:13:51,270	INFO	1	com.l2jserver.gameserver.GeoData	GeoData: Loading 22_13.l2j...
2022.06.17 19:13:51,299	INFO	1	com.l2jserver.gameserver.GeoData	GeoData: Loading 22_14.l2j...
2022.06.17 19:13:51,388	INFO	1	com.l2jserver.gameserver.GeoData	GeoData: Loading 22_15.l2j...
2022.06.17 19:13:51,433	INFO	1	com.l2jserver.gameserver.GeoData	GeoData: Loading 22_16.l2j...
2022.06.17 19:13:51,509	INFO	1	com.l2jserver.gameserver.GeoData	GeoData: Loading 22_17.l2j...
2022.06.17 19:13:51,560	INFO	1	com.l2jserver.gameserver.GeoData	GeoData: Loading 22_18.l2j...
2022.06.17 19:13:51,590	INFO	1	com.l2jserver.gameserver.GeoData	GeoData: Loading 22_19.l2j...
2022.06.17 19:13:51,664	INFO	1	com.l2jserver.gameserver.GeoData	GeoData: Loading 22_20.l2j...
2022.06.17 19:13:51,727	INFO	1	com.l2jserver.gameserver.GeoData	GeoData: Loading 22_21.l2j...
2022.06.17 19:13:51,755	INFO	1	com.l2jserver.gameserver.GeoData	GeoData: Loading 22_22.l2j...
2022.06.17 19:13:51,837	INFO	1	com.l2jserver.gameserver.GeoData	GeoData: Loading 22_23.l2j...
2022.06.17 19:13:51,863	INFO	1	com.l2jserver.gameserver.GeoData	GeoData: Loading 22_24.l2j...
2022.06.17 19:13:51,932	INFO	1	com.l2jserver.gameserver.GeoData	GeoData: Loading 22_25.l2j...
2022.06.17 19:13:51,954	INFO	1	com.l2jserver.gameserver.GeoData	GeoData: Loading 22_26.l2j...
2022.06.17 19:13:51,976	INFO	1	com.l2jserver.gameserver.GeoData	GeoData: Loading 23_10.l2j...
2022.06.17 19:13:51,980	INFO	1	com.l2jserver.gameserver.GeoData	GeoData: Loading 23_11.l2j...
2022.06.17 19:13:52,025	INFO	1	com.l2jserver.gameserver.GeoData	GeoData: Loading 23_12.l2j...
2022.06.17 19:13:52,067	INFO	1	com.l2jserver.gameserver.GeoData	GeoData: Loading 23_13.l2j...
2022.06.17 19:13:52,130	INFO	1	com.l2jserver.gameserver.GeoData	GeoData: Loading 23_14.l2j...
2022.06.17 19:13:52,179	INFO	1	com.l2jserver.gameserver.GeoData	GeoData: Loading 23_15.l2j...
2022.06.17 19:13:52,229	INFO	1	com.l2jserver.gameserver.GeoData	GeoData: Loading 23_16.l2j...
2022.06.17 19:13:52,295	INFO	1	com.l2jserver.gameserver.GeoData	GeoData: Loading 23_17.l2j...
2022.06.17 19:13:52,344	INFO	1	com.l2jserver.gameserver.GeoData	GeoData: Loading 23_18.l2j...
2022.06.17 19:13:52,382	INFO	1	com.l2jserver.gameserver.GeoData	GeoData: Loading 23_19.l2j...
2022.06.17 19:13:52,418	INFO	1	com.l2jserver.gameserver.GeoData	GeoData: Loading 23_20.l2j...
2022.06.17 19:13:52,478	INFO	1	com.l2jserver.gameserver.GeoData	GeoData: Loading 23_21.l2j...
2022.06.17 19:13:52,546	INFO	1	com.l2jserver.gameserver.GeoData	GeoData: Loading 23_22.l2j...
2022.06.17 19:13:52,602	INFO	1	com.l2jserver.gameserver.GeoData	GeoData: Loading 23_23.l2j...
2022.06.17 19:13:52,634	INFO	1	com.l2jserver.gameserver.GeoData	GeoData: Loading 23_24.l2j...
2022.06.17 19:13:52,660	INFO	1	com.l2jserver.gameserver.GeoData	GeoData: Loading 23_25.l2j...
2022.06.17 19:13:52,690	INFO	1	com.l2jserver.gameserver.GeoData	GeoData: Loading 23_26.l2j...
2022.06.17 19:13:52,692	INFO	1	com.l2jserver.gameserver.GeoData	GeoData: Loading 24_10.l2j...
2022.06.17 19:13:52,705	INFO	1	com.l2jserver.gameserver.GeoData	GeoData: Loading 24_11.l2j...
2022.06.17 19:13:52,732	INFO	1	com.l2jserver.gameserver.GeoData	GeoData: Loading 24_12.l2j...
2022.06.17 19:13:52,795	INFO	1	com.l2jserver.gameserver.GeoData	GeoData: Loading 24_13.l2j...
2022.06.17 19:13:52,810	INFO	1	com.l2jserver.gameserver.GeoData	GeoData: Loading 24_14.l2j...
2022.06.17 19:13:52,854	INFO	1	com.l2jserver.gameserver.GeoData	GeoData: Loading 24_15.l2j...
2022.06.17 19:13:52,889	INFO	1	com.l2jserver.gameserver.GeoData	GeoData: Loading 24_16.l2j...
2022.06.17 19:13:53,113	INFO	1	com.l2jserver.gameserver.GeoData	GeoData: Loading 24_17.l2j...
2022.06.17 19:13:53,175	INFO	1	com.l2jserver.gameserver.GeoData	GeoData: Loading 24_18.l2j...
2022.06.17 19:13:53,225	INFO	1	com.l2jserver.gameserver.GeoData	GeoData: Loading 24_19.l2j...
2022.06.17 19:13:53,277	INFO	1	com.l2jserver.gameserver.GeoData	GeoData: Loading 24_20.l2j...
2022.06.17 19:13:53,353	INFO	1	com.l2jserver.gameserver.GeoData	GeoData: Loading 24_21.l2j...
2022.06.17 19:13:53,373	INFO	1	com.l2jserver.gameserver.GeoData	GeoData: Loading 24_22.l2j...
2022.06.17 19:13:53,469	INFO	1	com.l2jserver.gameserver.GeoData	GeoData: Loading 24_23.l2j...
2022.06.17 19:13:53,499	INFO	1	com.l2jserver.gameserver.GeoData	GeoData: Loading 24_24.l2j...
2022.06.17 19:13:53,530	INFO	1	com.l2jserver.gameserver.GeoData	GeoData: Loading 24_25.l2j...
2022.06.17 19:13:53,537	INFO	1	com.l2jserver.gameserver.GeoData	GeoData: Loading 24_26.l2j...
2022.06.17 19:13:53,541	INFO	1	com.l2jserver.gameserver.GeoData	GeoData: Loading 25_10.l2j...
2022.06.17 19:13:53,545	INFO	1	com.l2jserver.gameserver.GeoData	GeoData: Loading 25_11.l2j...
2022.06.17 19:13:53,597	INFO	1	com.l2jserver.gameserver.GeoData	GeoData: Loading 25_12.l2j...
2022.06.17 19:13:53,682	INFO	1	com.l2jserver.gameserver.GeoData	GeoData: Loading 25_14.l2j...
2022.06.17 19:13:53,783	INFO	1	com.l2jserver.gameserver.GeoData	GeoData: Loading 25_15.l2j...
2022.06.17 19:13:53,859	INFO	1	com.l2jserver.gameserver.GeoData	GeoData: Loading 25_16.l2j...
2022.06.17 19:13:53,924	INFO	1	com.l2jserver.gameserver.GeoData	GeoData: Loading 25_17.l2j...
2022.06.17 19:13:53,960	INFO	1	com.l2jserver.gameserver.GeoData	GeoData: Loading 25_18.l2j...
2022.06.17 19:13:54,002	INFO	1	com.l2jserver.gameserver.GeoData	GeoData: Loading 25_19.l2j...
2022.06.17 19:13:54,082	INFO	1	com.l2jserver.gameserver.GeoData	GeoData: Loading 25_20.l2j...
2022.06.17 19:13:54,092	INFO	1	com.l2jserver.gameserver.GeoData	GeoData: Loading 25_21.l2j...
2022.06.17 19:13:54,109	INFO	1	com.l2jserver.gameserver.GeoData	GeoData: Loading 25_22.l2j...
2022.06.17 19:13:54,112	INFO	1	com.l2jserver.gameserver.GeoData	GeoData: Loading 25_23.l2j...
2022.06.17 19:13:54,116	INFO	1	com.l2jserver.gameserver.GeoData	GeoData: Loading 25_24.l2j...
2022.06.17 19:13:54,118	INFO	1	com.l2jserver.gameserver.GeoData	GeoData: Loading 26_11.l2j...
2022.06.17 19:13:54,125	INFO	1	com.l2jserver.gameserver.GeoData	GeoData: Loading 26_12.l2j...
2022.06.17 19:13:54,147	INFO	1	com.l2jserver.gameserver.GeoData	GeoData: Loading 26_14.l2j...
2022.06.17 19:13:54,171	INFO	1	com.l2jserver.gameserver.GeoData	GeoData: Loading 26_15.l2j...
2022.06.17 19:13:54,172	INFO	1	com.l2jserver.gameserver.GeoData	GeoData: Loading 26_16.l2j...
2022.06.17 19:13:54,175	INFO	1	com.l2jserver.gameserver.GeoData	GeoData: Loaded 203 regions.
2022.06.17 19:13:54,175	INFO	1	com.l2jserver.gameserver.GameServer	----------------------------------------------------=[ NPCs ]
2022.06.17 19:13:54,180	INFO	1	com.l2jserver.util.data.xml.IXmlReader	SkillLearnData: Loaded 256 Skill Learn data.
2022.06.17 19:13:54,189	INFO	1	com.l2jserver.util.data.xml.IXmlReader	MinionData: Loaded 128 minions data.
2022.06.17 19:13:55,783	INFO	1	com.l2jserver.util.data.xml.IXmlReader	NpcData: Loaded 10461 NPCs.
2022.06.17 19:13:56,142	INFO	1	com.l2jserver.util.data.xml.IXmlReader	WalkingManager: Loaded 123 walking routes.
2022.06.17 19:13:56,162	INFO	1	com.l2jserver.util.data.xml.IXmlReader	StaticObjectData: Loaded 51 static object templates.
2022.06.17 19:13:56,281	INFO	1	com.l2jserver.gameserver.instancemanager.GrandBossManager	GrandBossManager: Queen Ant(29001) status is 0.
2022.06.17 19:13:56,282	INFO	1	com.l2jserver.gameserver.instancemanager.GrandBossManager	GrandBossManager: Core(29006) status is 0.
2022.06.17 19:13:56,283	INFO	1	com.l2jserver.gameserver.instancemanager.GrandBossManager	GrandBossManager: Orfen(29014) status is 0.
2022.06.17 19:13:56,283	INFO	1	com.l2jserver.gameserver.instancemanager.GrandBossManager	GrandBossManager: Baium(29020) status is 0.
2022.06.17 19:13:56,284	INFO	1	com.l2jserver.gameserver.instancemanager.GrandBossManager	GrandBossManager: Valakas(29028) status is 0.
2022.06.17 19:13:56,284	INFO	1	com.l2jserver.gameserver.instancemanager.GrandBossManager	GrandBossManager: Antharas(29068) status is 0.
2022.06.17 19:13:56,285	INFO	1	com.l2jserver.gameserver.instancemanager.GrandBossManager	GrandBossManager: Beleth(29118) status is 0.
2022.06.17 19:13:56,285	INFO	1	com.l2jserver.gameserver.instancemanager.GrandBossManager	GrandBossManager: Loaded 7 Instances
2022.06.17 19:13:56,513	INFO	1	com.l2jserver.util.data.xml.IXmlReader	DoorData: Loaded 1301 Door templates for 22 regions.
2022.06.17 19:13:59,478	INFO	1	com.l2jserver.util.data.xml.IXmlReader	ZoneManager: Loaded 28 zone classes and 2793 zones.
2022.06.17 19:13:59,478	INFO	1	com.l2jserver.util.data.xml.IXmlReader	ZoneManager: Loaded 0 NPC spawn territoriers.
2022.06.17 19:13:59,490	INFO	1	com.l2jserver.gameserver.instancemanager.CastleManager	CastleManager: Loaded: 9 castles
2022.06.17 19:13:59,492	INFO	1	com.l2jserver.gameserver.data.sql.impl.NpcBufferTable	NpcBufferTable: Loaded 1 buffers and 10 skills.
2022.06.17 19:13:59,493	INFO	1	com.l2jserver.gameserver.instancemanager.GrandBossManager	GrandBossManager: Initialized 12 Grand Boss Zones
2022.06.17 19:13:59,494	INFO	1	com.l2jserver.gameserver.GameServer	-----------------------------------------=[ Auction Manager ]
2022.06.17 19:13:59,501	INFO	1	com.l2jserver.gameserver.model.itemauction.ItemAuctionInstance	Loaded 82 item(s) and registered 0 auction(s) for NPC ID 32320.
2022.06.17 19:13:59,508	INFO	1	com.l2jserver.gameserver.model.itemauction.ItemAuctionInstance	Schedule next auction ID 1 on 17:00:00 24.06.22 for NPC ID 32320.
2022.06.17 19:13:59,509	INFO	1	com.l2jserver.gameserver.model.itemauction.ItemAuctionInstance	Loaded 82 item(s) and registered 0 auction(s) for NPC ID 32321.
2022.06.17 19:13:59,510	INFO	1	com.l2jserver.gameserver.model.itemauction.ItemAuctionInstance	Schedule next auction ID 2 on 17:00:00 20.06.22 for NPC ID 32321.
2022.06.17 19:13:59,512	INFO	1	com.l2jserver.gameserver.model.itemauction.ItemAuctionInstance	Loaded 82 item(s) and registered 0 auction(s) for NPC ID 32322.
2022.06.17 19:13:59,513	INFO	1	com.l2jserver.gameserver.model.itemauction.ItemAuctionInstance	Schedule next auction ID 3 on 17:00:00 22.06.22 for NPC ID 32322.
2022.06.17 19:13:59,513	INFO	1	com.l2jserver.gameserver.instancemanager.ItemAuctionManager	Loaded 3 auction manager instance(s).
2022.06.17 19:13:59,514	INFO	1	com.l2jserver.gameserver.GameServer	------------------------------------------------=[ Olympiad ]
2022.06.17 19:13:59,520	INFO	1	com.l2jserver.gameserver.model.olympiad.Olympiad	Olympiad System: failed to load data from database, trying to load from file.
2022.06.17 19:13:59,621	INFO	1	com.l2jserver.gameserver.model.olympiad.Olympiad	Olympiad System: Loading Olympiad System....
2022.06.17 19:13:59,622	INFO	1	com.l2jserver.gameserver.model.olympiad.Olympiad	Olympiad System: Currently in Olympiad Period
2022.06.17 19:13:59,622	INFO	1	com.l2jserver.gameserver.model.olympiad.Olympiad	Olympiad System: 19726 minutes until period ends
2022.06.17 19:13:59,623	INFO	1	com.l2jserver.gameserver.model.olympiad.Olympiad	Olympiad System: Next weekly change is in 10079 minutes
2022.06.17 19:13:59,623	INFO	1	com.l2jserver.gameserver.model.olympiad.Olympiad	Olympiad System: Loaded 0 Nobles
2022.06.17 19:13:59,625	INFO	1	com.l2jserver.gameserver.model.olympiad.Olympiad	Olympiad System: Competition Period Starts in 0 days, 0 hours and 0 mins.
2022.06.17 19:13:59,627	INFO	1	com.l2jserver.gameserver.model.olympiad.Olympiad	Olympiad System: Event starts/started : Fri Jun 17 18:00:59 CLT 2022
2022.06.17 19:13:59,631	INFO	1	com.l2jserver.gameserver.model.entity.Hero	Hero System: Loaded 0 Heroes.
2022.06.17 19:13:59,631	INFO	1	com.l2jserver.gameserver.model.entity.Hero	Hero System: Loaded 0 all time Heroes.
2022.06.17 19:13:59,632	INFO	1	com.l2jserver.gameserver.GameServer	---------------------------------------------=[ Seven Signs ]
2022.06.17 19:13:59,637	INFO	1	com.l2jserver.gameserver.SevenSigns	SevenSigns: Currently in the Competition (Quest Event) period.
2022.06.17 19:13:59,637	INFO	1	com.l2jserver.gameserver.SevenSigns	SevenSigns: The Seal of Avarice remains unclaimed.
2022.06.17 19:13:59,637	INFO	1	com.l2jserver.gameserver.SevenSigns	SevenSigns: The Seal of Gnosis remains unclaimed.
2022.06.17 19:13:59,638	INFO	1	com.l2jserver.gameserver.SevenSigns	SevenSigns: The Seal of Strife remains unclaimed.
2022.06.17 19:13:59,638	INFO	1	com.l2jserver.gameserver.SevenSigns	SevenSigns: The competition, if the current trend continues, will end in a tie this week.
2022.06.17 19:13:59,639	INFO	1	com.l2jserver.gameserver.SevenSigns	SevenSigns: Next period change set to Mon Jun 20 18:00:59 CLT 2022.
2022.06.17 19:13:59,640	INFO	1	com.l2jserver.gameserver.SevenSigns	SevenSigns: Next period begins in 2 days, 22 hours and 46 mins.
2022.06.17 19:13:59,640	INFO	1	com.l2jserver.gameserver.GameServer	---------------------------------------------------=[ Cache ]
2022.06.17 19:13:59,641	INFO	30	com.l2jserver.gameserver.model.olympiad.Olympiad	Olympiad System: Olympiad Game Started
2022.06.17 19:13:59,642	INFO	1	com.l2jserver.gameserver.cache.HtmCache	Cache[HTML]: Running lazy cache
2022.06.17 19:13:59,648	INFO	30	com.l2jserver.gameserver.model.olympiad.OlympiadGameManager	Olympiad System: Loaded 160 stadiums.
2022.06.17 19:13:59,649	INFO	1	com.l2jserver.gameserver.data.sql.impl.CrestTable	CrestTable: Loaded 0 Crests.
2022.06.17 19:13:59,656	INFO	1	com.l2jserver.gameserver.data.sql.impl.TeleportLocationTable	TeleportLocationTable: Loaded 957 Teleport Location Templates.
2022.06.17 19:13:59,662	INFO	1	com.l2jserver.util.data.xml.IXmlReader	UIData: Loaded 4 keys 5 categories.
2022.06.17 19:13:59,713	INFO	1	com.l2jserver.gameserver.datatables.AugmentationData	AugmentationData: Loaded: 33960 augmentations.
2022.06.17 19:13:59,713	INFO	1	com.l2jserver.gameserver.datatables.AugmentationData	AugmentationData: Loaded: 2754 accessory augmentations.
2022.06.17 19:13:59,717	INFO	1	com.l2jserver.gameserver.instancemanager.CursedWeaponsManager	CursedWeaponsManager: Loaded : 0 cursed weapon(s).
2022.06.17 19:14:00,006	INFO	1	com.l2jserver.util.data.xml.IXmlReader	TransformData: Loaded: 111 transform templates.
2022.06.17 19:14:00,012	INFO	1	com.l2jserver.gameserver.datatables.BotReportTable	BotReportTable: Loaded 0 bot reports
2022.06.17 19:14:00,013	INFO	1	com.l2jserver.gameserver.GameServer	-------------------------------------------------=[ Scripts ]
2022.06.17 19:14:00,018	INFO	1	com.l2jserver.gameserver.instancemanager.AirShipManager	AirShipManager: Loaded 0 private airships
2022.06.17 19:14:00,019	INFO	1	com.l2jserver.gameserver.GameServer	GameServer: Loading server scripts:
2022.06.17 19:14:01,189	INFO	1	handlers.MasterHandler	Loading Handlers...
2022.06.17 19:14:01,231	INFO	1	handlers.MasterHandler	ActionHandler: Loaded 10 Handlers
2022.06.17 19:14:01,231	INFO	1	handlers.MasterHandler	ActionShiftHandler: Loaded 6 Handlers
2022.06.17 19:14:01,232	INFO	1	handlers.MasterHandler	AdminCommandHandler: Loaded 447 Handlers
2022.06.17 19:14:01,232	INFO	1	handlers.MasterHandler	BypassHandler: Loaded 48 Handlers
2022.06.17 19:14:01,233	INFO	1	handlers.MasterHandler	ChatHandler: Loaded 14 Handlers
2022.06.17 19:14:01,233	INFO	1	handlers.MasterHandler	CommunityBoardHandler: Loaded 15 Handlers
2022.06.17 19:14:01,234	INFO	1	handlers.MasterHandler	ItemHandler: Loaded 31 Handlers
2022.06.17 19:14:01,234	INFO	1	handlers.MasterHandler	PunishmentHandler: Loaded 3 Handlers
2022.06.17 19:14:01,235	INFO	1	handlers.MasterHandler	UserCommandHandler: Loaded 17 Handlers
2022.06.17 19:14:01,236	INFO	1	handlers.MasterHandler	VoicedCommandHandler: Loaded 1 Handlers
2022.06.17 19:14:01,236	INFO	1	handlers.MasterHandler	TargetHandler: Loaded 35 Handlers
2022.06.17 19:14:01,237	INFO	1	handlers.MasterHandler	TelnetHandler: Loaded 20 Handlers
2022.06.17 19:14:01,237	INFO	1	handlers.MasterHandler	Handlers Loaded...
2022.06.17 19:14:04,883	INFO	1	com.l2jserver.util.data.xml.IXmlReader	NpcBuffersData: Loaded: 33 buffers data.
2022.06.17 19:14:08,329	INFO	1	com.l2jserver.gameserver.model.events.AbstractScript	Handy's Block Checker Event is enabled
2022.06.17 19:14:15,184	INFO	1	instances.InstanceLoader	InstanceLoader: Loading Instances scripts.
2022.06.17 19:14:15,390	INFO	1	gracia.GraciaLoader	GraciaLoader: Loading Gracia related scripts.
2022.06.17 19:14:15,609	INFO	1	hellbound.HellboundLoader	HellboundLoader: Loading Hellbound related scripts:
2022.06.17 19:14:15,612	INFO	1	com.l2jserver.util.data.xml.IXmlReader	HellboundPointData: Loaded 47 trust point reward data.
2022.06.17 19:14:15,627	INFO	1	com.l2jserver.util.data.xml.IXmlReader	HellboundSpawns: Loaded 598 Hellbound spawns.
2022.06.17 19:14:15,629	INFO	1	com.l2jserver.gameserver.model.events.AbstractScript	HellboundEngine: Level: 0
2022.06.17 19:14:15,630	INFO	1	com.l2jserver.gameserver.model.events.AbstractScript	HellboundEngine: Trust: 0
2022.06.17 19:14:15,631	INFO	1	com.l2jserver.gameserver.model.events.AbstractScript	HellboundEngine: Status: locked.
2022.06.17 19:14:15,686	INFO	1	com.l2jserver.gameserver.instancemanager.RaidBossSpawnManager	RaidBossSpawnManager: Loaded 187 Instances
2022.06.17 19:14:15,686	INFO	1	com.l2jserver.gameserver.instancemanager.RaidBossSpawnManager	RaidBossSpawnManager: Scheduled 0 Instances
2022.06.17 19:14:17,177	INFO	1	com.l2jserver.gameserver.model.events.AbstractScript	[EnhanceYourWeapon] Loaded 54 Soul Crystal data.
2022.06.17 19:14:17,177	INFO	1	com.l2jserver.gameserver.model.events.AbstractScript	[EnhanceYourWeapon] Loaded 240 npc Leveling info data.
2022.06.17 19:14:17,360	INFO	1	com.l2jserver.gameserver.model.events.AbstractScript	TerritoryWarSuperClass: Siege date: Sun Jun 19 22:00:00 CLT 2022
2022.06.17 19:14:18,320	INFO	1	com.l2jserver.gameserver.model.entity.clanhall.ClanHallSiegeEngine	Bandit StrongHold siege scheduled for Fri Jul 01 12:00:00 CLT 2022.
2022.06.17 19:14:18,417	INFO	1	com.l2jserver.gameserver.model.entity.clanhall.ClanHallSiegeEngine	Beast Farm siege scheduled for Fri Jul 01 12:00:00 CLT 2022.
2022.06.17 19:14:18,505	INFO	1	com.l2jserver.gameserver.model.entity.clanhall.ClanHallSiegeEngine	Devastated Castle siege scheduled for Fri Jul 01 12:00:00 CLT 2022.
2022.06.17 19:14:18,595	INFO	1	com.l2jserver.gameserver.model.entity.clanhall.ClanHallSiegeEngine	Fortress of Resistance siege scheduled for Fri Jul 01 12:00:00 CLT 2022.
2022.06.17 19:14:18,674	INFO	1	com.l2jserver.gameserver.model.entity.clanhall.ClanHallSiegeEngine	Fortresss of the Dead siege scheduled for Fri Jul 01 12:00:00 CLT 2022.
2022.06.17 19:14:18,763	INFO	1	com.l2jserver.gameserver.model.entity.clanhall.ClanHallSiegeEngine	Rainbow Springs siege scheduled for Fri Jul 01 12:00:00 CLT 2022.
2022.06.17 19:14:19,428	INFO	1	com.l2jserver.util.data.xml.IXmlReader	SpawnTable: Loaded 3765 npc spawns.
2022.06.17 19:14:19,469	INFO	1	com.l2jserver.util.data.xml.IXmlReader	SpawnTable: Loaded 1190 npc spawns from XML.
2022.06.17 19:14:19,469	INFO	1	com.l2jserver.gameserver.instancemanager.DayNightSpawnManager	DayNightSpawnManager: Removed 0 night creatures
2022.06.17 19:14:19,471	INFO	1	com.l2jserver.gameserver.instancemanager.DayNightSpawnManager	DayNightSpawnManager: Spawned 232 day creatures
2022.06.17 19:14:19,476	INFO	1	com.l2jserver.gameserver.instancemanager.FourSepulchersManager	FourSepulchersManager: loaded 20 Mysterious-Box spawns.
2022.06.17 19:14:19,491	INFO	1	com.l2jserver.gameserver.instancemanager.FourSepulchersManager	FourSepulchersManager: loaded 716 Physical type monsters spawns.
2022.06.17 19:14:19,507	INFO	1	com.l2jserver.gameserver.instancemanager.FourSepulchersManager	FourSepulchersManager: loaded 716 Magical type monsters spawns.
2022.06.17 19:14:19,511	INFO	1	com.l2jserver.gameserver.instancemanager.FourSepulchersManager	FourSepulchersManager: loaded 92 Church of duke monsters spawns.
2022.06.17 19:14:19,514	INFO	1	com.l2jserver.gameserver.instancemanager.FourSepulchersManager	FourSepulchersManager: loaded 68 Emperor's grave NPC spawns.
2022.06.17 19:14:19,514	INFO	1	com.l2jserver.gameserver.instancemanager.FourSepulchersManager	FourSepulchersManager: spawned Conquerors' Sepulcher Manager
2022.06.17 19:14:19,515	INFO	1	com.l2jserver.gameserver.instancemanager.FourSepulchersManager	FourSepulchersManager: spawned Emperors' Sepulcher Manager
2022.06.17 19:14:19,517	INFO	1	com.l2jserver.gameserver.instancemanager.FourSepulchersManager	FourSepulchersManager: spawned Great Sages' Sepulcher Manager
2022.06.17 19:14:19,517	INFO	1	com.l2jserver.gameserver.instancemanager.FourSepulchersManager	FourSepulchersManager: spawned Judges' Sepulcher Manager
2022.06.17 19:14:19,518	INFO	1	com.l2jserver.gameserver.instancemanager.FourSepulchersManager	FourSepulchersManager: Beginning in Attack time
2022.06.17 19:14:19,521	INFO	1	com.l2jserver.gameserver.instancemanager.DimensionalRiftManager	DimensionalRiftManager: Loaded 7 room types with 56 rooms.
2022.06.17 19:14:19,524	INFO	1	com.l2jserver.gameserver.instancemanager.DimensionalRiftManager	DimensionalRiftManager: Loaded 462 dimensional rift spawns, 0 errors.
2022.06.17 19:14:19,524	INFO	1	com.l2jserver.gameserver.GameServer	---------------------------------------------------=[ Siege ]
2022.06.17 19:14:19,533	INFO	1	com.l2jserver.util.data.xml.IXmlReader	SiegeScheduleData: Loaded: 2 siege schedulers.
2022.06.17 19:14:19,535	INFO	1	com.l2jserver.gameserver.model.entity.Siege	Siege of Gludio: Sun Jun 19 16:00:00 CLT 2022
2022.06.17 19:14:19,538	INFO	1	com.l2jserver.gameserver.model.entity.Siege	Siege of Dion: Sun Jun 19 16:00:00 CLT 2022
2022.06.17 19:14:19,539	INFO	1	com.l2jserver.gameserver.model.entity.Siege	Siege of Giran: Sun Jun 19 16:00:00 CLT 2022
2022.06.17 19:14:19,540	INFO	1	com.l2jserver.gameserver.model.entity.Siege	Siege of Oren: Sun Jun 19 16:00:00 CLT 2022
2022.06.17 19:14:19,542	INFO	1	com.l2jserver.gameserver.model.entity.Siege	Siege of Aden: Sun Jun 19 16:00:00 CLT 2022
2022.06.17 19:14:19,543	INFO	1	com.l2jserver.gameserver.model.entity.Siege	Siege of Innadril: Sun Jun 19 20:00:00 CLT 2022
2022.06.17 19:14:19,545	INFO	1	com.l2jserver.gameserver.model.entity.Siege	Siege of Goddard: Sun Jun 19 20:00:00 CLT 2022
2022.06.17 19:14:19,546	INFO	1	com.l2jserver.gameserver.model.entity.Siege	Siege of Rune: Sun Jun 19 20:00:00 CLT 2022
2022.06.17 19:14:19,548	INFO	1	com.l2jserver.gameserver.model.entity.Siege	Siege of Schuttgart: Sun Jun 19 20:00:00 CLT 2022
2022.06.17 19:14:19,615	INFO	1	com.l2jserver.gameserver.instancemanager.FortManager	FortManager: Loaded: 21 fortress
2022.06.17 19:14:19,682	INFO	1	com.l2jserver.util.data.xml.IXmlReader	CastleManorManager: Loaded 258 seeds.
2022.06.17 19:14:19,689	INFO	1	com.l2jserver.util.data.xml.IXmlReader	CastleManorManager: Manor data loaded.
2022.06.17 19:14:19,690	INFO	1	com.l2jserver.gameserver.instancemanager.MercTicketManager	MercTicketManager: Loaded: 0 Mercenary Tickets
2022.06.17 19:14:19,691	INFO	1	com.l2jserver.gameserver.instancemanager.QuestManager	QuestManager: Loaded: 520 quests.
2022.06.17 19:14:19,691	INFO	1	com.l2jserver.gameserver.instancemanager.QuestManager	QuestManager: Loaded: 268 scripts.
2022.06.17 19:14:19,724	INFO	1	com.l2jserver.gameserver.SevenSignsFestival	SevenSignsFestival: The first Festival of Darkness cycle begins in 2 minute(s).
2022.06.17 19:14:19,731	INFO	1	com.l2jserver.gameserver.script.faenor.FaenorEventParser	Event ID: (Valentines Event) has passed... Ignored.
2022.06.17 19:14:19,731	INFO	1	com.l2jserver.gameserver.script.faenor.FaenorScriptEngine	FaenorScriptEngine: Loaded  Valentines.xml successfully.
2022.06.17 19:14:19,732	INFO	1	com.l2jserver.gameserver.GameServer	AutoSpawnHandler: Loaded 129 handlers in total.
2022.06.17 19:14:20,793	INFO	1	com.l2jserver.gameserver.taskmanager.TaskManager	TaskManager: Loaded: 13 Tasks
2022.06.17 19:14:20,803	INFO	1	com.l2jserver.gameserver.instancemanager.MailManager	MailManager: Successfully loaded 0 messages.
2022.06.17 19:14:20,806	INFO	1	com.l2jserver.gameserver.instancemanager.PunishmentManager	PunishmentManager: Loaded 0 active and 0 expired punishments.
2022.06.17 19:14:20,807	INFO	1	com.l2jserver.gameserver.GameServer	IdFactory: Free ObjectID's remaining: 1879002321
2022.06.17 19:14:20,808	INFO	1	com.l2jserver.gameserver.model.entity.TvTManager	TvTEventEngine[TvTManager.TvTManager()]: Engine is disabled.
2022.06.17 19:14:22,710	INFO	1	com.l2jserver.gameserver.GameServer	GameServer: Started, free memory 1911 Mb of 3641 Mb
2022.06.17 19:14:22,753	INFO	257	com.l2jserver.gameserver.LoginServerThread	Connecting to login on 127.0.0.1:9014
2022.06.17 19:14:23,061	INFO	1	com.l2jserver.gameserver.GameServer	GameServer: is now listening on: *:7777
2022.06.17 19:14:23,062	INFO	1	com.l2jserver.gameserver.GameServer	GameServer: Maximum numbers of connected players: 500
2022.06.17 19:14:23,063	INFO	1	com.l2jserver.gameserver.GameServer	GameServer: Server loaded in 53 seconds.
2022.06.17 19:14:23,063	INFO	1	com.l2jserver.gameserver.GameServer	----------------------------------------------------=[ UPnP ]
2022.06.17 19:14:23,065	INFO	1	com.l2jserver.UPnPService	Looking for UPnP Gateway Devices...
2022.06.17 19:14:23,143	INFO	257	com.l2jserver.gameserver.LoginServerThread	Registered on login as Server 1: Bartz
2022.06.17 19:14:24,629	INFO	1	com.l2jserver.UPnPService	Using UPnP gateway: MitraStar GPT-2741GNAC Internet Sharing Gateway
2022.06.17 19:14:24,918	INFO	1	com.l2jserver.UPnPService	Using local address: 192.168.1.100 External address: 191.112.209.154
2022.06.17 19:14:25,990	INFO	1	com.l2jserver.UPnPService	Mapping successful on 192.168.1.100:7777
2022.06.17 19:14:25,991	INFO	1	com.l2jserver.gameserver.GameServer	GameServer: Telnet server is currently disabled.
2022.06.17 19:19:45,741	INFO	269	com.l2jserver.gameserver.model.actor.instance.L2PcInstance	Master access level set for character Waizatsu.
2022.06.17 19:22:41,864	INFO	27	com.l2jserver.gameserver.instancemanager.GlobalVariablesManager	GlobalVariablesManager: Stored 6 variables.
2022.06.17 19:29:20,796	INFO	28	com.l2jserver.gameserver.taskmanager.tasks.TaskOlympiadSave	Olympiad System: Data updated.
2022.06.17 19:44:20,789	INFO	27	com.l2jserver.gameserver.taskmanager.tasks.TaskSevenSignsUpdate	SevenSigns: Data updated successfully.
2022.06.17 19:52:40,810	INFO	15	com.l2jserver.gameserver.instancemanager.GlobalVariablesManager	GlobalVariablesManager: Stored 6 variables.
2022.06.17 19:59:20,801	INFO	30	com.l2jserver.gameserver.taskmanager.tasks.TaskOlympiadSave	Olympiad System: Data updated.
2022.06.17 20:00:00,014	INFO	224	com.l2jserver.gameserver.instancemanager.DayNightSpawnManager	DayNightSpawnManager: Removed 232 day creatures
2022.06.17 20:00:00,022	INFO	224	com.l2jserver.gameserver.instancemanager.DayNightSpawnManager	DayNightSpawnManager: Spawned 553 night creatures
2022.06.17 20:14:20,782	INFO	23	com.l2jserver.gameserver.taskmanager.tasks.TaskSevenSignsUpdate	SevenSigns: Data updated successfully.
2022.06.17 20:15:38,774	INFO	224	com.l2jserver.gameserver.instancemanager.RaidBossSpawnManager	RaidBossSpawnManager: Updated Varka's Commander Mos respawn time to Sun Jun 19 08:54:40 CLT 2022
2022.06.17 20:17:05,938	INFO	225	com.l2jserver.gameserver.instancemanager.RaidBossSpawnManager	RaidBossSpawnManager: Updated Ember respawn time to Sat Jun 18 15:53:23 CLT 2022
