2022.04.26 14:02:22,433	INFO	1	com.l2jserver.gameserver.GameServer	------------------------------------------------=[ Database ]
2022.04.26 14:02:22,502	INFO	1	com.l2jserver.gameserver.dao.factory.impl.DAOFactory	Using MySQL DAO Factory.
2022.04.26 14:02:22,506	INFO	1	com.l2jserver.commons.database.pool.impl.ConnectionFactory	Using HikariCP connection pool.
2022.04.26 14:02:22,507	INFO	1	com.l2jserver.gameserver.GameServer	GameServer: Used memory: 15MB.
2022.04.26 14:02:22,509	INFO	1	com.zaxxer.hikari.HikariDataSource	HikariPool-1 - Starting...
2022.04.26 14:02:22,671	INFO	1	com.zaxxer.hikari.HikariDataSource	HikariPool-1 - Start completed.
2022.04.26 14:02:22,686	INFO	1	com.l2jserver.gameserver.idfactory.BitSetIDFactory	Updated characters online status.
2022.04.26 14:02:22,715	INFO	1	com.l2jserver.gameserver.idfactory.BitSetIDFactory	Cleaned 0 elements from database in 0 s
2022.04.26 14:02:22,722	INFO	1	com.l2jserver.gameserver.idfactory.BitSetIDFactory	Cleaned 0 expired timestamps from database.
2022.04.26 14:02:22,732	INFO	1	com.l2jserver.gameserver.idfactory.BitSetIDFactory	BitSetIDFactory: 102912 id's available.
2022.04.26 14:02:22,733	INFO	1	com.l2jserver.gameserver.GameServer	-------------------------------------------------=[ Engines ]
2022.04.26 14:02:22,957	INFO	1	com.l2jserver.gameserver.scripting.L2ScriptEngineManager	Script Engine: Oracle Nashorn 1.8.0_331 - Language: ECMAScript - Language Version: ECMA - 262 Edition 5.1
2022.04.26 14:02:22,961	INFO	1	com.l2jserver.gameserver.scripting.L2ScriptEngineManager	Script Engine: java 1.8 - Language: java - Language Version: 1.8
2022.04.26 14:02:23,182	INFO	1	com.l2jserver.gameserver.scripting.L2ScriptEngineManager	Script Engine: jython 2.2.1 - Language: python - Language Version: 2.2.1
2022.04.26 14:02:23,225	INFO	1	com.l2jserver.gameserver.GameServer	---------------------------------------------------=[ World ]
2022.04.26 14:02:23,231	INFO	1	com.l2jserver.util.data.xml.IXmlReader	InstanceManager: Multiverse Instance created.
2022.04.26 14:02:23,231	INFO	1	com.l2jserver.util.data.xml.IXmlReader	InstanceManager: Universe Instance created.
2022.04.26 14:02:23,365	INFO	1	com.l2jserver.util.data.xml.IXmlReader	InstanceManager: Loaded 160 instance names.
2022.04.26 14:02:23,381	INFO	1	com.l2jserver.gameserver.model.L2World	L2World: (128 by 136) World Region Grid set up.
2022.04.26 14:02:23,508	INFO	1	com.l2jserver.util.data.xml.IXmlReader	MapRegionManager: Loaded 57 map regions.
2022.04.26 14:02:23,521	INFO	1	com.l2jserver.gameserver.instancemanager.GlobalVariablesManager	GlobalVariablesManager: Loaded 7 variables.
2022.04.26 14:02:23,521	INFO	1	com.l2jserver.gameserver.GameServer	----------------------------------------------------=[ Data ]
2022.04.26 14:02:23,549	INFO	1	com.l2jserver.util.data.xml.IXmlReader	CategoryData: Loaded 124 Categories.
2022.04.26 14:02:23,554	INFO	1	com.l2jserver.util.data.xml.IXmlReader	SecondaryAuthData: Loaded 328 forbidden passwords.
2022.04.26 14:02:23,554	INFO	1	com.l2jserver.gameserver.GameServer	-------------------------------------------------=[ Effects ]
2022.04.26 14:02:24,449	INFO	1	handlers.EffectMasterHandler	EffectMasterHandler: Loaded 160 effect handlers.
2022.04.26 14:02:24,449	INFO	1	com.l2jserver.gameserver.GameServer	------------------------------------=[ Enchant Skill Groups ]
2022.04.26 14:02:24,461	INFO	1	com.l2jserver.util.data.xml.IXmlReader	EnchantSkillGroupsData: Loaded 4 groups and 90 routes.
2022.04.26 14:02:24,461	INFO	1	com.l2jserver.gameserver.GameServer	---------------------------------------------=[ Skill Trees ]
2022.04.26 14:02:24,818	INFO	1	com.l2jserver.util.data.xml.IXmlReader	Loaded 17176 Class Skills for 103 Class Skill Trees.
2022.04.26 14:02:24,819	INFO	1	com.l2jserver.util.data.xml.IXmlReader	Loaded 76 Sub-Class Skills.
2022.04.26 14:02:24,819	INFO	1	com.l2jserver.util.data.xml.IXmlReader	Loaded 77 Transfer Skills for 3 Transfer Skill Trees.
2022.04.26 14:02:24,820	INFO	1	com.l2jserver.util.data.xml.IXmlReader	Loaded 117 Fishing Skills, 8 Dwarven only Fishing Skills.
2022.04.26 14:02:24,821	INFO	1	com.l2jserver.util.data.xml.IXmlReader	Loaded 3 Collect Skills.
2022.04.26 14:02:24,822	INFO	1	com.l2jserver.util.data.xml.IXmlReader	Loaded 74 Pledge Skills, 44 for Pledge and 30 Residential.
2022.04.26 14:02:24,822	INFO	1	com.l2jserver.util.data.xml.IXmlReader	Loaded 18 Sub-Pledge Skills.
2022.04.26 14:02:24,822	INFO	1	com.l2jserver.util.data.xml.IXmlReader	Loaded 32 Transform Skills.
2022.04.26 14:02:24,823	INFO	1	com.l2jserver.util.data.xml.IXmlReader	Loaded 8 Noble Skills.
2022.04.26 14:02:24,823	INFO	1	com.l2jserver.util.data.xml.IXmlReader	Loaded 5 Hero Skills.
2022.04.26 14:02:24,824	INFO	1	com.l2jserver.util.data.xml.IXmlReader	Loaded 46 Game Master Skills.
2022.04.26 14:02:24,824	INFO	1	com.l2jserver.util.data.xml.IXmlReader	Loaded 46 Game Master Aura Skills.
2022.04.26 14:02:24,825	INFO	1	com.l2jserver.gameserver.GameServer	--------------------------------------------------=[ Skills ]
2022.04.26 14:02:27,826	INFO	1	com.l2jserver.gameserver.engines.DocumentEngine	DocumentEngine: Loaded 65961 Skill templates from XML files.
2022.04.26 14:02:27,860	INFO	1	com.l2jserver.gameserver.data.sql.impl.SummonSkillsTable	SummonSkillsTable: Loaded 1891 skills.
2022.04.26 14:02:27,860	INFO	1	com.l2jserver.gameserver.GameServer	---------------------------------------------------=[ Items ]
2022.04.26 14:02:28,537	INFO	1	com.l2jserver.gameserver.datatables.ItemTable	ItemTable: Highest item id used:102036
2022.04.26 14:02:28,540	INFO	1	com.l2jserver.gameserver.datatables.ItemTable	ItemTable: Loaded: 11481 Etc Items
2022.04.26 14:02:28,541	INFO	1	com.l2jserver.gameserver.datatables.ItemTable	ItemTable: Loaded: 3923 Armor Items
2022.04.26 14:02:28,541	INFO	1	com.l2jserver.gameserver.datatables.ItemTable	ItemTable: Loaded: 4163 Weapon Items
2022.04.26 14:02:28,541	INFO	1	com.l2jserver.gameserver.datatables.ItemTable	ItemTable: Loaded: 19567 Items in total.
2022.04.26 14:02:28,546	INFO	1	com.l2jserver.util.data.xml.IXmlReader	EnchantItemGroupsData: Loaded: 4 item group templates.
2022.04.26 14:02:28,546	INFO	1	com.l2jserver.util.data.xml.IXmlReader	EnchantItemGroupsData: Loaded: 1 scroll group templates.
2022.04.26 14:02:28,552	INFO	1	com.l2jserver.util.data.xml.IXmlReader	EnchantItemData: Loaded 63 Enchant Scrolls.
2022.04.26 14:02:28,553	INFO	1	com.l2jserver.util.data.xml.IXmlReader	EnchantItemData: Loaded 20 Support Items.
2022.04.26 14:02:28,561	INFO	1	com.l2jserver.util.data.xml.IXmlReader	EnchantItemOptionsData: Loaded: 23 Items and 1093 Options.
2022.04.26 14:02:29,222	INFO	1	com.l2jserver.util.data.xml.IXmlReader	OptionData: Loaded: 24985 Options.
2022.04.26 14:02:29,229	INFO	1	com.l2jserver.util.data.xml.IXmlReader	EnchantItemHPBonusData: Loaded 6 Enchant HP Bonuses.
2022.04.26 14:02:29,231	INFO	1	com.l2jserver.gameserver.datatables.MerchantPriceConfigTable	MerchantPriceConfigTable: Loaded 28 merchant price configs.
2022.04.26 14:02:29,990	INFO	1	com.l2jserver.util.data.xml.IXmlReader	BuyListData: Loaded 760 BuyLists.
2022.04.26 14:02:30,268	INFO	1	com.l2jserver.util.data.xml.IXmlReader	MultisellData: Loaded 192 multisell lists.
2022.04.26 14:02:30,293	INFO	1	com.l2jserver.util.data.xml.IXmlReader	RecipeData: Loaded 1000 recipes.
2022.04.26 14:02:30,324	INFO	1	com.l2jserver.util.data.xml.IXmlReader	ArmorSetsData: Loaded 208 Armor sets.
2022.04.26 14:02:30,330	INFO	1	com.l2jserver.util.data.xml.IXmlReader	FishData: Loaded 278 Fish.
2022.04.26 14:02:30,332	INFO	1	com.l2jserver.util.data.xml.IXmlReader	FishingMonstersData: Loaded 8 Fishing Monsters.
2022.04.26 14:02:30,334	INFO	1	com.l2jserver.util.data.xml.IXmlReader	FishingRodsData: Loaded 6 Fishing Rods.
2022.04.26 14:02:30,352	INFO	1	com.l2jserver.util.data.xml.IXmlReader	HennaData: Loaded 180 Henna data.
2022.04.26 14:02:30,353	INFO	1	com.l2jserver.gameserver.GameServer	----------------------------------------------=[ Characters ]
2022.04.26 14:02:30,355	INFO	1	com.l2jserver.util.data.xml.IXmlReader	ClassListData: Loaded 107 Class data.
2022.04.26 14:02:30,358	INFO	1	com.l2jserver.util.data.xml.IXmlReader	InitialEquipmentData: Loaded 11 Initial Equipment data.
2022.04.26 14:02:30,361	INFO	1	com.l2jserver.util.data.xml.IXmlReader	InitialShortcutData: Loaded 5 Initial Global Shortcuts data.
2022.04.26 14:02:30,361	INFO	1	com.l2jserver.util.data.xml.IXmlReader	InitialShortcutData: Loaded 4 Initial Shortcuts data.
2022.04.26 14:02:30,361	INFO	1	com.l2jserver.util.data.xml.IXmlReader	InitialShortcutData: Loaded 0 Macros presets.
2022.04.26 14:02:30,389	INFO	1	com.l2jserver.util.data.xml.IXmlReader	KarmaData: Loaded 85 karma modifiers.
2022.04.26 14:02:30,391	INFO	1	com.l2jserver.util.data.xml.IXmlReader	HitConditionBonusData: Loaded Hit Condition bonuses.
2022.04.26 14:02:30,648	INFO	1	com.l2jserver.util.data.xml.IXmlReader	PlayerTemplateData: Loaded 103 character templates.
2022.04.26 14:02:30,649	INFO	1	com.l2jserver.util.data.xml.IXmlReader	PlayerTemplateData: Loaded 52530 level up gain records.
2022.04.26 14:02:30,652	INFO	1	com.l2jserver.util.data.xml.IXmlReader	PlayerCreationPointData: Loaded 62 character creation points.
2022.04.26 14:02:30,656	INFO	1	com.l2jserver.gameserver.data.sql.impl.CharNameTable	CharNameTable: Loaded 2 char names.
2022.04.26 14:02:30,659	INFO	1	com.l2jserver.util.data.xml.IXmlReader	AdminData: Loaded: 10 Access Levels.
2022.04.26 14:02:30,663	INFO	1	com.l2jserver.util.data.xml.IXmlReader	AdminData: Loaded: 444 Access Commands.
2022.04.26 14:02:30,665	INFO	1	com.l2jserver.gameserver.instancemanager.RaidBossPointsManager	RaidBossPointsManager: Loaded 2 Characters Raid Points.
2022.04.26 14:02:30,903	INFO	1	com.l2jserver.util.data.xml.IXmlReader	PetDataTable: Loaded 52 Pets.
2022.04.26 14:02:30,906	INFO	1	com.l2jserver.gameserver.GameServer	---------------------------------------------------=[ Clans ]
2022.04.26 14:02:30,916	INFO	1	com.l2jserver.gameserver.communitybbs.Manager.ForumsBBSManager	Loaded 5 forums. Last forum id used: 5
2022.04.26 14:02:30,936	INFO	1	com.l2jserver.gameserver.data.sql.impl.ClanTable	ClanTable: Restored 1 clans from the database.
2022.04.26 14:02:30,943	INFO	1	com.l2jserver.gameserver.instancemanager.CHSiegeManager	CHSiegeManager: Loaded 6 conquerable clan halls.
2022.04.26 14:02:30,985	INFO	1	com.l2jserver.gameserver.instancemanager.AuctionManager	AuctionManager: Loaded: 38 auction(s)
2022.04.26 14:02:30,988	INFO	1	com.l2jserver.gameserver.instancemanager.ClanHallManager	ClanHallManager: Loaded: 0 clan halls
2022.04.26 14:02:30,988	INFO	1	com.l2jserver.gameserver.instancemanager.ClanHallManager	ClanHallManager: Loaded: 38 free clan halls
2022.04.26 14:02:30,989	INFO	1	com.l2jserver.gameserver.GameServer	-------------------------------------------------=[ Geodata ]
2022.04.26 14:02:30,996	INFO	1	com.l2jserver.gameserver.GeoData	GeoData: Loading 11_23.l2j...
2022.04.26 14:02:31,012	INFO	1	com.l2jserver.gameserver.GeoData	GeoData: Loading 11_24.l2j...
2022.04.26 14:02:31,016	INFO	1	com.l2jserver.gameserver.GeoData	GeoData: Loading 11_25.l2j...
2022.04.26 14:02:31,019	INFO	1	com.l2jserver.gameserver.GeoData	GeoData: Loading 11_26.l2j...
2022.04.26 14:02:31,025	INFO	1	com.l2jserver.gameserver.GeoData	GeoData: Loading 12_23.l2j...
2022.04.26 14:02:31,030	INFO	1	com.l2jserver.gameserver.GeoData	GeoData: Loading 12_24.l2j...
2022.04.26 14:02:31,048	INFO	1	com.l2jserver.gameserver.GeoData	GeoData: Loading 12_25.l2j...
2022.04.26 14:02:31,064	INFO	1	com.l2jserver.gameserver.GeoData	GeoData: Loading 12_26.l2j...
2022.04.26 14:02:31,070	INFO	1	com.l2jserver.gameserver.GeoData	GeoData: Loading 13_21.l2j...
2022.04.26 14:02:31,072	INFO	1	com.l2jserver.gameserver.GeoData	GeoData: Loading 13_22.l2j...
2022.04.26 14:02:31,073	INFO	1	com.l2jserver.gameserver.GeoData	GeoData: Loading 13_23.l2j...
2022.04.26 14:02:31,079	INFO	1	com.l2jserver.gameserver.GeoData	GeoData: Loading 13_24.l2j...
2022.04.26 14:02:31,089	INFO	1	com.l2jserver.gameserver.GeoData	GeoData: Loading 13_25.l2j...
2022.04.26 14:02:31,096	INFO	1	com.l2jserver.gameserver.GeoData	GeoData: Loading 13_26.l2j...
2022.04.26 14:02:31,101	INFO	1	com.l2jserver.gameserver.GeoData	GeoData: Loading 14_21.l2j...
2022.04.26 14:02:31,102	INFO	1	com.l2jserver.gameserver.GeoData	GeoData: Loading 14_22.l2j...
2022.04.26 14:02:31,113	INFO	1	com.l2jserver.gameserver.GeoData	GeoData: Loading 14_23.l2j...
2022.04.26 14:02:31,136	INFO	1	com.l2jserver.gameserver.GeoData	GeoData: Loading 14_24.l2j...
2022.04.26 14:02:31,147	INFO	1	com.l2jserver.gameserver.GeoData	GeoData: Loading 14_25.l2j...
2022.04.26 14:02:31,157	INFO	1	com.l2jserver.gameserver.GeoData	GeoData: Loading 14_26.l2j...
2022.04.26 14:02:31,160	INFO	1	com.l2jserver.gameserver.GeoData	GeoData: Loading 15_10.l2j...
2022.04.26 14:02:31,163	INFO	1	com.l2jserver.gameserver.GeoData	GeoData: Loading 15_11.l2j...
2022.04.26 14:02:31,166	INFO	1	com.l2jserver.gameserver.GeoData	GeoData: Loading 15_12.l2j...
2022.04.26 14:02:31,170	INFO	1	com.l2jserver.gameserver.GeoData	GeoData: Loading 15_18.l2j...
2022.04.26 14:02:31,172	INFO	1	com.l2jserver.gameserver.GeoData	GeoData: Loading 15_19.l2j...
2022.04.26 14:02:31,174	INFO	1	com.l2jserver.gameserver.GeoData	GeoData: Loading 15_20.l2j...
2022.04.26 14:02:31,176	INFO	1	com.l2jserver.gameserver.GeoData	GeoData: Loading 15_21.l2j...
2022.04.26 14:02:31,177	INFO	1	com.l2jserver.gameserver.GeoData	GeoData: Loading 15_22.l2j...
2022.04.26 14:02:31,178	INFO	1	com.l2jserver.gameserver.GeoData	GeoData: Loading 15_23.l2j...
2022.04.26 14:02:31,180	INFO	1	com.l2jserver.gameserver.GeoData	GeoData: Loading 15_24.l2j...
2022.04.26 14:02:31,181	INFO	1	com.l2jserver.gameserver.GeoData	GeoData: Loading 15_25.l2j...
2022.04.26 14:02:31,184	INFO	1	com.l2jserver.gameserver.GeoData	GeoData: Loading 15_26.l2j...
2022.04.26 14:02:31,186	INFO	1	com.l2jserver.gameserver.GeoData	GeoData: Loading 16_10.l2j...
2022.04.26 14:02:31,204	INFO	1	com.l2jserver.gameserver.GeoData	GeoData: Loading 16_11.l2j...
2022.04.26 14:02:31,207	INFO	1	com.l2jserver.gameserver.GeoData	GeoData: Loading 16_12.l2j...
2022.04.26 14:02:31,210	INFO	1	com.l2jserver.gameserver.GeoData	GeoData: Loading 16_13.l2j...
2022.04.26 14:02:31,212	INFO	1	com.l2jserver.gameserver.GeoData	GeoData: Loading 16_14.l2j...
2022.04.26 14:02:31,213	INFO	1	com.l2jserver.gameserver.GeoData	GeoData: Loading 16_15.l2j...
2022.04.26 14:02:31,214	INFO	1	com.l2jserver.gameserver.GeoData	GeoData: Loading 16_16.l2j...
2022.04.26 14:02:31,216	INFO	1	com.l2jserver.gameserver.GeoData	GeoData: Loading 16_17.l2j...
2022.04.26 14:02:31,217	INFO	1	com.l2jserver.gameserver.GeoData	GeoData: Loading 16_18.l2j...
2022.04.26 14:02:31,219	INFO	1	com.l2jserver.gameserver.GeoData	GeoData: Loading 16_19.l2j...
2022.04.26 14:02:31,230	INFO	1	com.l2jserver.gameserver.GeoData	GeoData: Loading 16_20.l2j...
2022.04.26 14:02:31,241	INFO	1	com.l2jserver.gameserver.GeoData	GeoData: Loading 16_21.l2j...
2022.04.26 14:02:31,243	INFO	1	com.l2jserver.gameserver.GeoData	GeoData: Loading 16_22.l2j...
2022.04.26 14:02:31,244	INFO	1	com.l2jserver.gameserver.GeoData	GeoData: Loading 16_23.l2j...
2022.04.26 14:02:31,245	INFO	1	com.l2jserver.gameserver.GeoData	GeoData: Loading 16_24.l2j...
2022.04.26 14:02:31,250	INFO	1	com.l2jserver.gameserver.GeoData	GeoData: Loading 16_25.l2j...
2022.04.26 14:02:31,257	INFO	1	com.l2jserver.gameserver.GeoData	GeoData: Loading 16_26.l2j...
2022.04.26 14:02:31,259	INFO	1	com.l2jserver.gameserver.GeoData	GeoData: Loading 17_10.l2j...
2022.04.26 14:02:31,260	INFO	1	com.l2jserver.gameserver.GeoData	GeoData: Loading 17_11.l2j...
2022.04.26 14:02:31,262	INFO	1	com.l2jserver.gameserver.GeoData	GeoData: Loading 17_12.l2j...
2022.04.26 14:02:31,263	INFO	1	com.l2jserver.gameserver.GeoData	GeoData: Loading 17_13.l2j...
2022.04.26 14:02:31,265	INFO	1	com.l2jserver.gameserver.GeoData	GeoData: Loading 17_14.l2j...
2022.04.26 14:02:31,266	INFO	1	com.l2jserver.gameserver.GeoData	GeoData: Loading 17_15.l2j...
2022.04.26 14:02:31,270	INFO	1	com.l2jserver.gameserver.GeoData	GeoData: Loading 17_16.l2j...
2022.04.26 14:02:31,280	INFO	1	com.l2jserver.gameserver.GeoData	GeoData: Loading 17_17.l2j...
2022.04.26 14:02:31,282	INFO	1	com.l2jserver.gameserver.GeoData	GeoData: Loading 17_18.l2j...
2022.04.26 14:02:31,283	INFO	1	com.l2jserver.gameserver.GeoData	GeoData: Loading 17_19.l2j...
2022.04.26 14:02:31,292	INFO	1	com.l2jserver.gameserver.GeoData	GeoData: Loading 17_20.l2j...
2022.04.26 14:02:31,300	INFO	1	com.l2jserver.gameserver.GeoData	GeoData: Loading 17_21.l2j...
2022.04.26 14:02:31,310	INFO	1	com.l2jserver.gameserver.GeoData	GeoData: Loading 17_22.l2j...
2022.04.26 14:02:31,320	INFO	1	com.l2jserver.gameserver.GeoData	GeoData: Loading 17_23.l2j...
2022.04.26 14:02:31,324	INFO	1	com.l2jserver.gameserver.GeoData	GeoData: Loading 17_24.l2j...
2022.04.26 14:02:31,327	INFO	1	com.l2jserver.gameserver.GeoData	GeoData: Loading 17_25.l2j...
2022.04.26 14:02:31,337	INFO	1	com.l2jserver.gameserver.GeoData	GeoData: Loading 17_26.l2j...
2022.04.26 14:02:31,338	INFO	1	com.l2jserver.gameserver.GeoData	GeoData: Loading 18_10.l2j...
2022.04.26 14:02:31,342	INFO	1	com.l2jserver.gameserver.GeoData	GeoData: Loading 18_11.l2j...
2022.04.26 14:02:31,345	INFO	1	com.l2jserver.gameserver.GeoData	GeoData: Loading 18_12.l2j...
2022.04.26 14:02:31,348	INFO	1	com.l2jserver.gameserver.GeoData	GeoData: Loading 18_13.l2j...
2022.04.26 14:02:31,349	INFO	1	com.l2jserver.gameserver.GeoData	GeoData: Loading 18_14.l2j...
2022.04.26 14:02:31,360	INFO	1	com.l2jserver.gameserver.GeoData	GeoData: Loading 18_15.l2j...
2022.04.26 14:02:31,367	INFO	1	com.l2jserver.gameserver.GeoData	GeoData: Loading 18_16.l2j...
2022.04.26 14:02:31,375	INFO	1	com.l2jserver.gameserver.GeoData	GeoData: Loading 18_17.l2j...
2022.04.26 14:02:31,377	INFO	1	com.l2jserver.gameserver.GeoData	GeoData: Loading 18_18.l2j...
2022.04.26 14:02:31,379	INFO	1	com.l2jserver.gameserver.GeoData	GeoData: Loading 18_19.l2j...
2022.04.26 14:02:31,531	INFO	1	com.l2jserver.gameserver.GeoData	GeoData: Loading 18_20.l2j...
2022.04.26 14:02:31,543	INFO	1	com.l2jserver.gameserver.GeoData	GeoData: Loading 18_21.l2j...
2022.04.26 14:02:31,555	INFO	1	com.l2jserver.gameserver.GeoData	GeoData: Loading 18_22.l2j...
2022.04.26 14:02:31,565	INFO	1	com.l2jserver.gameserver.GeoData	GeoData: Loading 18_23.l2j...
2022.04.26 14:02:31,575	INFO	1	com.l2jserver.gameserver.GeoData	GeoData: Loading 18_24.l2j...
2022.04.26 14:02:31,584	INFO	1	com.l2jserver.gameserver.GeoData	GeoData: Loading 18_25.l2j...
2022.04.26 14:02:31,586	INFO	1	com.l2jserver.gameserver.GeoData	GeoData: Loading 18_26.l2j...
2022.04.26 14:02:31,588	INFO	1	com.l2jserver.gameserver.GeoData	GeoData: Loading 19_10.l2j...
2022.04.26 14:02:31,591	INFO	1	com.l2jserver.gameserver.GeoData	GeoData: Loading 19_11.l2j...
2022.04.26 14:02:31,592	INFO	1	com.l2jserver.gameserver.GeoData	GeoData: Loading 19_12.l2j...
2022.04.26 14:02:31,593	INFO	1	com.l2jserver.gameserver.GeoData	GeoData: Loading 19_13.l2j...
2022.04.26 14:02:31,599	INFO	1	com.l2jserver.gameserver.GeoData	GeoData: Loading 19_14.l2j...
2022.04.26 14:02:31,608	INFO	1	com.l2jserver.gameserver.GeoData	GeoData: Loading 19_15.l2j...
2022.04.26 14:02:31,616	INFO	1	com.l2jserver.gameserver.GeoData	GeoData: Loading 19_16.l2j...
2022.04.26 14:02:31,620	INFO	1	com.l2jserver.gameserver.GeoData	GeoData: Loading 19_17.l2j...
2022.04.26 14:02:31,623	INFO	1	com.l2jserver.gameserver.GeoData	GeoData: Loading 19_18.l2j...
2022.04.26 14:02:31,632	INFO	1	com.l2jserver.gameserver.GeoData	GeoData: Loading 19_19.l2j...
2022.04.26 14:02:31,641	INFO	1	com.l2jserver.gameserver.GeoData	GeoData: Loading 19_20.l2j...
2022.04.26 14:02:31,651	INFO	1	com.l2jserver.gameserver.GeoData	GeoData: Loading 19_21.l2j...
2022.04.26 14:02:31,660	INFO	1	com.l2jserver.gameserver.GeoData	GeoData: Loading 19_22.l2j...
2022.04.26 14:02:31,669	INFO	1	com.l2jserver.gameserver.GeoData	GeoData: Loading 19_23.l2j...
2022.04.26 14:02:31,680	INFO	1	com.l2jserver.gameserver.GeoData	GeoData: Loading 19_24.l2j...
2022.04.26 14:02:31,686	INFO	1	com.l2jserver.gameserver.GeoData	GeoData: Loading 19_25.l2j...
2022.04.26 14:02:31,695	INFO	1	com.l2jserver.gameserver.GeoData	GeoData: Loading 19_26.l2j...
2022.04.26 14:02:31,698	INFO	1	com.l2jserver.gameserver.GeoData	GeoData: Loading 20_10.l2j...
2022.04.26 14:02:31,700	INFO	1	com.l2jserver.gameserver.GeoData	GeoData: Loading 20_11.l2j...
2022.04.26 14:02:31,702	INFO	1	com.l2jserver.gameserver.GeoData	GeoData: Loading 20_12.l2j...
2022.04.26 14:02:31,703	INFO	1	com.l2jserver.gameserver.GeoData	GeoData: Loading 20_13.l2j...
2022.04.26 14:02:31,710	INFO	1	com.l2jserver.gameserver.GeoData	GeoData: Loading 20_14.l2j...
2022.04.26 14:02:31,721	INFO	1	com.l2jserver.gameserver.GeoData	GeoData: Loading 20_15.l2j...
2022.04.26 14:02:31,728	INFO	1	com.l2jserver.gameserver.GeoData	GeoData: Loading 20_16.l2j...
2022.04.26 14:02:31,735	INFO	1	com.l2jserver.gameserver.GeoData	GeoData: Loading 20_17.l2j...
2022.04.26 14:02:31,744	INFO	1	com.l2jserver.gameserver.GeoData	GeoData: Loading 20_18.l2j...
2022.04.26 14:02:31,751	INFO	1	com.l2jserver.gameserver.GeoData	GeoData: Loading 20_19.l2j...
2022.04.26 14:02:31,762	INFO	1	com.l2jserver.gameserver.GeoData	GeoData: Loading 20_20.l2j...
2022.04.26 14:02:31,773	INFO	1	com.l2jserver.gameserver.GeoData	GeoData: Loading 20_21.l2j...
2022.04.26 14:02:31,787	INFO	1	com.l2jserver.gameserver.GeoData	GeoData: Loading 20_22.l2j...
2022.04.26 14:02:31,797	INFO	1	com.l2jserver.gameserver.GeoData	GeoData: Loading 20_23.l2j...
2022.04.26 14:02:31,806	INFO	1	com.l2jserver.gameserver.GeoData	GeoData: Loading 20_24.l2j...
2022.04.26 14:02:31,808	INFO	1	com.l2jserver.gameserver.GeoData	GeoData: Loading 20_25.l2j...
2022.04.26 14:02:31,817	INFO	1	com.l2jserver.gameserver.GeoData	GeoData: Loading 20_26.l2j...
2022.04.26 14:02:31,819	INFO	1	com.l2jserver.gameserver.GeoData	GeoData: Loading 21_10.l2j...
2022.04.26 14:02:31,822	INFO	1	com.l2jserver.gameserver.GeoData	GeoData: Loading 21_11.l2j...
2022.04.26 14:02:31,823	INFO	1	com.l2jserver.gameserver.GeoData	GeoData: Loading 21_12.l2j...
2022.04.26 14:02:31,824	INFO	1	com.l2jserver.gameserver.GeoData	GeoData: Loading 21_13.l2j...
2022.04.26 14:02:31,825	INFO	1	com.l2jserver.gameserver.GeoData	GeoData: Loading 21_14.l2j...
2022.04.26 14:02:31,835	INFO	1	com.l2jserver.gameserver.GeoData	GeoData: Loading 21_15.l2j...
2022.04.26 14:02:31,845	INFO	1	com.l2jserver.gameserver.GeoData	GeoData: Loading 21_16.l2j...
2022.04.26 14:02:31,855	INFO	1	com.l2jserver.gameserver.GeoData	GeoData: Loading 21_17.l2j...
2022.04.26 14:02:31,860	INFO	1	com.l2jserver.gameserver.GeoData	GeoData: Loading 21_18.l2j...
2022.04.26 14:02:31,870	INFO	1	com.l2jserver.gameserver.GeoData	GeoData: Loading 21_19.l2j...
2022.04.26 14:02:31,879	INFO	1	com.l2jserver.gameserver.GeoData	GeoData: Loading 21_20.l2j...
2022.04.26 14:02:31,888	INFO	1	com.l2jserver.gameserver.GeoData	GeoData: Loading 21_21.l2j...
2022.04.26 14:02:31,899	INFO	1	com.l2jserver.gameserver.GeoData	GeoData: Loading 21_22.l2j...
2022.04.26 14:02:31,910	INFO	1	com.l2jserver.gameserver.GeoData	GeoData: Loading 21_23.l2j...
2022.04.26 14:02:31,919	INFO	1	com.l2jserver.gameserver.GeoData	GeoData: Loading 21_24.l2j...
2022.04.26 14:02:31,927	INFO	1	com.l2jserver.gameserver.GeoData	GeoData: Loading 21_25.l2j...
2022.04.26 14:02:31,929	INFO	1	com.l2jserver.gameserver.GeoData	GeoData: Loading 22_10.l2j...
2022.04.26 14:02:31,931	INFO	1	com.l2jserver.gameserver.GeoData	GeoData: Loading 22_11.l2j...
2022.04.26 14:02:31,939	INFO	1	com.l2jserver.gameserver.GeoData	GeoData: Loading 22_12.l2j...
2022.04.26 14:02:31,940	INFO	1	com.l2jserver.gameserver.GeoData	GeoData: Loading 22_13.l2j...
2022.04.26 14:02:31,949	INFO	1	com.l2jserver.gameserver.GeoData	GeoData: Loading 22_14.l2j...
2022.04.26 14:02:31,960	INFO	1	com.l2jserver.gameserver.GeoData	GeoData: Loading 22_15.l2j...
2022.04.26 14:02:33,447	INFO	1	com.l2jserver.gameserver.GeoData	GeoData: Loading 22_16.l2j...
2022.04.26 14:02:33,458	INFO	1	com.l2jserver.gameserver.GeoData	GeoData: Loading 22_17.l2j...
2022.04.26 14:02:33,467	INFO	1	com.l2jserver.gameserver.GeoData	GeoData: Loading 22_18.l2j...
2022.04.26 14:02:33,476	INFO	1	com.l2jserver.gameserver.GeoData	GeoData: Loading 22_19.l2j...
2022.04.26 14:02:33,487	INFO	1	com.l2jserver.gameserver.GeoData	GeoData: Loading 22_20.l2j...
2022.04.26 14:02:33,497	INFO	1	com.l2jserver.gameserver.GeoData	GeoData: Loading 22_21.l2j...
2022.04.26 14:02:33,506	INFO	1	com.l2jserver.gameserver.GeoData	GeoData: Loading 22_22.l2j...
2022.04.26 14:02:33,516	INFO	1	com.l2jserver.gameserver.GeoData	GeoData: Loading 22_23.l2j...
2022.04.26 14:02:33,525	INFO	1	com.l2jserver.gameserver.GeoData	GeoData: Loading 22_24.l2j...
2022.04.26 14:02:33,533	INFO	1	com.l2jserver.gameserver.GeoData	GeoData: Loading 22_25.l2j...
2022.04.26 14:02:33,542	INFO	1	com.l2jserver.gameserver.GeoData	GeoData: Loading 22_26.l2j...
2022.04.26 14:02:33,543	INFO	1	com.l2jserver.gameserver.GeoData	GeoData: Loading 23_10.l2j...
2022.04.26 14:02:33,544	INFO	1	com.l2jserver.gameserver.GeoData	GeoData: Loading 23_11.l2j...
2022.04.26 14:02:33,551	INFO	1	com.l2jserver.gameserver.GeoData	GeoData: Loading 23_12.l2j...
2022.04.26 14:02:33,561	INFO	1	com.l2jserver.gameserver.GeoData	GeoData: Loading 23_13.l2j...
2022.04.26 14:02:33,571	INFO	1	com.l2jserver.gameserver.GeoData	GeoData: Loading 23_14.l2j...
2022.04.26 14:02:33,584	INFO	1	com.l2jserver.gameserver.GeoData	GeoData: Loading 23_15.l2j...
2022.04.26 14:02:33,597	INFO	1	com.l2jserver.gameserver.GeoData	GeoData: Loading 23_16.l2j...
2022.04.26 14:02:33,608	INFO	1	com.l2jserver.gameserver.GeoData	GeoData: Loading 23_17.l2j...
2022.04.26 14:02:33,617	INFO	1	com.l2jserver.gameserver.GeoData	GeoData: Loading 23_18.l2j...
2022.04.26 14:02:33,629	INFO	1	com.l2jserver.gameserver.GeoData	GeoData: Loading 23_19.l2j...
2022.04.26 14:02:33,639	INFO	1	com.l2jserver.gameserver.GeoData	GeoData: Loading 23_20.l2j...
2022.04.26 14:02:33,649	INFO	1	com.l2jserver.gameserver.GeoData	GeoData: Loading 23_21.l2j...
2022.04.26 14:02:33,660	INFO	1	com.l2jserver.gameserver.GeoData	GeoData: Loading 23_22.l2j...
2022.04.26 14:02:33,669	INFO	1	com.l2jserver.gameserver.GeoData	GeoData: Loading 23_23.l2j...
2022.04.26 14:02:33,678	INFO	1	com.l2jserver.gameserver.GeoData	GeoData: Loading 23_24.l2j...
2022.04.26 14:02:33,686	INFO	1	com.l2jserver.gameserver.GeoData	GeoData: Loading 23_25.l2j...
2022.04.26 14:02:33,693	INFO	1	com.l2jserver.gameserver.GeoData	GeoData: Loading 23_26.l2j...
2022.04.26 14:02:33,694	INFO	1	com.l2jserver.gameserver.GeoData	GeoData: Loading 24_10.l2j...
2022.04.26 14:02:33,695	INFO	1	com.l2jserver.gameserver.GeoData	GeoData: Loading 24_11.l2j...
2022.04.26 14:02:33,703	INFO	1	com.l2jserver.gameserver.GeoData	GeoData: Loading 24_12.l2j...
2022.04.26 14:02:33,716	INFO	1	com.l2jserver.gameserver.GeoData	GeoData: Loading 24_13.l2j...
2022.04.26 14:02:33,721	INFO	1	com.l2jserver.gameserver.GeoData	GeoData: Loading 24_14.l2j...
2022.04.26 14:02:33,731	INFO	1	com.l2jserver.gameserver.GeoData	GeoData: Loading 24_15.l2j...
2022.04.26 14:02:33,741	INFO	1	com.l2jserver.gameserver.GeoData	GeoData: Loading 24_16.l2j...
2022.04.26 14:02:33,752	INFO	1	com.l2jserver.gameserver.GeoData	GeoData: Loading 24_17.l2j...
2022.04.26 14:02:33,761	INFO	1	com.l2jserver.gameserver.GeoData	GeoData: Loading 24_18.l2j...
2022.04.26 14:02:33,771	INFO	1	com.l2jserver.gameserver.GeoData	GeoData: Loading 24_19.l2j...
2022.04.26 14:02:33,779	INFO	1	com.l2jserver.gameserver.GeoData	GeoData: Loading 24_20.l2j...
2022.04.26 14:02:33,791	INFO	1	com.l2jserver.gameserver.GeoData	GeoData: Loading 24_21.l2j...
2022.04.26 14:02:33,797	INFO	1	com.l2jserver.gameserver.GeoData	GeoData: Loading 24_22.l2j...
2022.04.26 14:02:33,810	INFO	1	com.l2jserver.gameserver.GeoData	GeoData: Loading 24_23.l2j...
2022.04.26 14:02:33,820	INFO	1	com.l2jserver.gameserver.GeoData	GeoData: Loading 24_24.l2j...
2022.04.26 14:02:33,823	INFO	1	com.l2jserver.gameserver.GeoData	GeoData: Loading 24_25.l2j...
2022.04.26 14:02:33,825	INFO	1	com.l2jserver.gameserver.GeoData	GeoData: Loading 24_26.l2j...
2022.04.26 14:02:33,826	INFO	1	com.l2jserver.gameserver.GeoData	GeoData: Loading 25_10.l2j...
2022.04.26 14:02:33,827	INFO	1	com.l2jserver.gameserver.GeoData	GeoData: Loading 25_11.l2j...
2022.04.26 14:02:33,835	INFO	1	com.l2jserver.gameserver.GeoData	GeoData: Loading 25_12.l2j...
2022.04.26 14:02:33,848	INFO	1	com.l2jserver.gameserver.GeoData	GeoData: Loading 25_14.l2j...
2022.04.26 14:02:33,863	INFO	1	com.l2jserver.gameserver.GeoData	GeoData: Loading 25_15.l2j...
2022.04.26 14:02:33,875	INFO	1	com.l2jserver.gameserver.GeoData	GeoData: Loading 25_16.l2j...
2022.04.26 14:02:33,885	INFO	1	com.l2jserver.gameserver.GeoData	GeoData: Loading 25_17.l2j...
2022.04.26 14:02:33,897	INFO	1	com.l2jserver.gameserver.GeoData	GeoData: Loading 25_18.l2j...
2022.04.26 14:02:33,905	INFO	1	com.l2jserver.gameserver.GeoData	GeoData: Loading 25_19.l2j...
2022.04.26 14:02:33,917	INFO	1	com.l2jserver.gameserver.GeoData	GeoData: Loading 25_20.l2j...
2022.04.26 14:02:33,922	INFO	1	com.l2jserver.gameserver.GeoData	GeoData: Loading 25_21.l2j...
2022.04.26 14:02:33,924	INFO	1	com.l2jserver.gameserver.GeoData	GeoData: Loading 25_22.l2j...
2022.04.26 14:02:33,925	INFO	1	com.l2jserver.gameserver.GeoData	GeoData: Loading 25_23.l2j...
2022.04.26 14:02:33,927	INFO	1	com.l2jserver.gameserver.GeoData	GeoData: Loading 25_24.l2j...
2022.04.26 14:02:33,928	INFO	1	com.l2jserver.gameserver.GeoData	GeoData: Loading 26_11.l2j...
2022.04.26 14:02:33,931	INFO	1	com.l2jserver.gameserver.GeoData	GeoData: Loading 26_12.l2j...
2022.04.26 14:02:33,935	INFO	1	com.l2jserver.gameserver.GeoData	GeoData: Loading 26_14.l2j...
2022.04.26 14:02:33,939	INFO	1	com.l2jserver.gameserver.GeoData	GeoData: Loading 26_15.l2j...
2022.04.26 14:02:33,940	INFO	1	com.l2jserver.gameserver.GeoData	GeoData: Loading 26_16.l2j...
2022.04.26 14:02:33,942	INFO	1	com.l2jserver.gameserver.GeoData	GeoData: Loaded 203 regions.
2022.04.26 14:02:33,943	INFO	1	com.l2jserver.gameserver.GameServer	----------------------------------------------------=[ NPCs ]
2022.04.26 14:02:33,949	INFO	1	com.l2jserver.util.data.xml.IXmlReader	SkillLearnData: Loaded 256 Skill Learn data.
2022.04.26 14:02:33,958	INFO	1	com.l2jserver.util.data.xml.IXmlReader	MinionData: Loaded 128 minions data.
2022.04.26 14:02:35,791	INFO	1	com.l2jserver.util.data.xml.IXmlReader	NpcData: Loaded 10461 NPCs.
2022.04.26 14:02:36,244	INFO	1	com.l2jserver.util.data.xml.IXmlReader	WalkingManager: Loaded 123 walking routes.
2022.04.26 14:02:36,258	INFO	1	com.l2jserver.util.data.xml.IXmlReader	StaticObjectData: Loaded 51 static object templates.
2022.04.26 14:02:36,378	INFO	1	com.l2jserver.gameserver.instancemanager.GrandBossManager	GrandBossManager: Queen Ant(29001) status is 0.
2022.04.26 14:02:36,378	INFO	1	com.l2jserver.gameserver.instancemanager.GrandBossManager	GrandBossManager: Core(29006) status is 0.
2022.04.26 14:02:36,379	INFO	1	com.l2jserver.gameserver.instancemanager.GrandBossManager	GrandBossManager: Orfen(29014) status is 0.
2022.04.26 14:02:36,380	INFO	1	com.l2jserver.gameserver.instancemanager.GrandBossManager	GrandBossManager: Baium(29020) status is 0.
2022.04.26 14:02:36,381	INFO	1	com.l2jserver.gameserver.instancemanager.GrandBossManager	GrandBossManager: Valakas(29028) status is 0.
2022.04.26 14:02:36,382	INFO	1	com.l2jserver.gameserver.instancemanager.GrandBossManager	GrandBossManager: Antharas(29068) status is 0.
2022.04.26 14:02:36,382	INFO	1	com.l2jserver.gameserver.instancemanager.GrandBossManager	GrandBossManager: Beleth(29118) status is 0.
2022.04.26 14:02:36,383	INFO	1	com.l2jserver.gameserver.instancemanager.GrandBossManager	GrandBossManager: Loaded 7 Instances
2022.04.26 14:02:36,628	INFO	1	com.l2jserver.util.data.xml.IXmlReader	DoorData: Loaded 1301 Door templates for 22 regions.
2022.04.26 14:02:37,473	INFO	1	com.l2jserver.util.data.xml.IXmlReader	ZoneManager: Loaded 28 zone classes and 2793 zones.
2022.04.26 14:02:37,473	INFO	1	com.l2jserver.util.data.xml.IXmlReader	ZoneManager: Loaded 0 NPC spawn territoriers.
2022.04.26 14:02:37,491	INFO	1	com.l2jserver.gameserver.instancemanager.CastleManager	CastleManager: Loaded: 9 castles
2022.04.26 14:02:37,493	INFO	1	com.l2jserver.gameserver.data.sql.impl.NpcBufferTable	NpcBufferTable: Loaded 1 buffers and 10 skills.
2022.04.26 14:02:37,494	INFO	1	com.l2jserver.gameserver.instancemanager.GrandBossManager	GrandBossManager: Initialized 12 Grand Boss Zones
2022.04.26 14:02:37,495	INFO	1	com.l2jserver.gameserver.GameServer	-----------------------------------------=[ Auction Manager ]
2022.04.26 14:02:37,514	INFO	1	com.l2jserver.gameserver.model.itemauction.ItemAuctionInstance	Loaded 82 item(s) and registered 3 auction(s) for NPC ID 32320.
2022.04.26 14:02:37,517	INFO	1	com.l2jserver.gameserver.model.itemauction.ItemAuctionInstance	Schedule next auction ID 9 on 17:00:00 29.04.22 for NPC ID 32320.
2022.04.26 14:02:37,521	INFO	1	com.l2jserver.gameserver.model.itemauction.ItemAuctionInstance	Loaded 82 item(s) and registered 3 auction(s) for NPC ID 32321.
2022.04.26 14:02:37,521	INFO	1	com.l2jserver.gameserver.model.itemauction.ItemAuctionInstance	Schedule next auction ID 11 on 17:00:00 02.05.22 for NPC ID 32321.
2022.04.26 14:02:37,526	INFO	1	com.l2jserver.gameserver.model.itemauction.ItemAuctionInstance	Loaded 82 item(s) and registered 3 auction(s) for NPC ID 32322.
2022.04.26 14:02:37,526	INFO	1	com.l2jserver.gameserver.model.itemauction.ItemAuctionInstance	Schedule next auction ID 10 on 17:00:00 27.04.22 for NPC ID 32322.
2022.04.26 14:02:37,526	INFO	1	com.l2jserver.gameserver.instancemanager.ItemAuctionManager	Loaded 3 auction manager instance(s).
2022.04.26 14:02:37,527	INFO	1	com.l2jserver.gameserver.GameServer	------------------------------------------------=[ Olympiad ]
2022.04.26 14:02:37,536	INFO	1	com.l2jserver.gameserver.model.olympiad.Olympiad	Olympiad System: Loading Olympiad System....
2022.04.26 14:02:37,536	INFO	1	com.l2jserver.gameserver.model.olympiad.Olympiad	Olympiad System: Currently in Olympiad Period
2022.04.26 14:02:37,537	INFO	1	com.l2jserver.gameserver.model.olympiad.Olympiad	Olympiad System: 7077 minutes until period ends
2022.04.26 14:02:37,537	INFO	1	com.l2jserver.gameserver.model.olympiad.Olympiad	Olympiad System: Next weekly change is in 0 minutes
2022.04.26 14:02:37,538	INFO	1	com.l2jserver.gameserver.model.olympiad.Olympiad	Olympiad System: Loaded 0 Nobles
2022.04.26 14:02:37,540	INFO	1	com.l2jserver.gameserver.model.olympiad.Olympiad	Olympiad System: Competition Period Starts in 0 days, 3 hours and 57 mins.
2022.04.26 14:02:37,543	INFO	1	com.l2jserver.gameserver.model.olympiad.Olympiad	Olympiad System: Event starts/started : Tue Apr 26 18:00:37 CLT 2022
2022.04.26 14:02:37,547	INFO	15	com.l2jserver.gameserver.model.olympiad.Olympiad	Olympiad System: Added weekly points to nobles
2022.04.26 14:02:37,548	INFO	15	com.l2jserver.gameserver.model.olympiad.Olympiad	Olympiad System: Reset weekly matches to nobles
2022.04.26 14:02:37,549	INFO	1	com.l2jserver.gameserver.model.entity.Hero	Hero System: Loaded 0 Heroes.
2022.04.26 14:02:37,549	INFO	1	com.l2jserver.gameserver.model.entity.Hero	Hero System: Loaded 0 all time Heroes.
2022.04.26 14:02:37,550	INFO	1	com.l2jserver.gameserver.GameServer	---------------------------------------------=[ Seven Signs ]
2022.04.26 14:02:37,555	INFO	1	com.l2jserver.gameserver.SevenSigns	SevenSigns: Currently in the Seal Validation period.
2022.04.26 14:02:37,556	INFO	1	com.l2jserver.gameserver.SevenSigns	SevenSigns: The Seal of Avarice remains unclaimed.
2022.04.26 14:02:37,557	INFO	1	com.l2jserver.gameserver.SevenSigns	SevenSigns: The Seal of Gnosis remains unclaimed.
2022.04.26 14:02:37,558	INFO	1	com.l2jserver.gameserver.SevenSigns	SevenSigns: The Seal of Strife remains unclaimed.
2022.04.26 14:02:37,563	INFO	1	com.l2jserver.gameserver.SevenSigns	SevenSigns: The competition ended with a tie last week.
2022.04.26 14:02:37,563	INFO	1	com.l2jserver.gameserver.SevenSigns	SevenSigns: Next period change set to Mon May 02 18:00:37 CLT 2022.
2022.04.26 14:02:37,564	INFO	1	com.l2jserver.gameserver.SevenSigns	SevenSigns: Next period begins in 6 days, 3 hours and 57 mins.
2022.04.26 14:02:37,565	INFO	1	com.l2jserver.gameserver.GameServer	---------------------------------------------------=[ Cache ]
2022.04.26 14:02:37,567	INFO	1	com.l2jserver.gameserver.cache.HtmCache	Cache[HTML]: Running lazy cache
2022.04.26 14:02:37,579	INFO	1	com.l2jserver.gameserver.data.sql.impl.CrestTable	CrestTable: Loaded 2 Crests.
2022.04.26 14:02:37,584	INFO	1	com.l2jserver.gameserver.data.sql.impl.TeleportLocationTable	TeleportLocationTable: Loaded 957 Teleport Location Templates.
2022.04.26 14:02:37,589	INFO	1	com.l2jserver.util.data.xml.IXmlReader	UIData: Loaded 4 keys 5 categories.
2022.04.26 14:02:37,638	INFO	1	com.l2jserver.gameserver.datatables.AugmentationData	AugmentationData: Loaded: 33960 augmentations.
2022.04.26 14:02:37,638	INFO	1	com.l2jserver.gameserver.datatables.AugmentationData	AugmentationData: Loaded: 2754 accessory augmentations.
2022.04.26 14:02:37,642	INFO	1	com.l2jserver.gameserver.instancemanager.CursedWeaponsManager	CursedWeaponsManager: Loaded : 0 cursed weapon(s).
2022.04.26 14:02:37,894	INFO	1	com.l2jserver.util.data.xml.IXmlReader	TransformData: Loaded: 111 transform templates.
2022.04.26 14:02:37,903	INFO	1	com.l2jserver.gameserver.datatables.BotReportTable	BotReportTable: Loaded 0 bot reports
2022.04.26 14:02:37,903	INFO	1	com.l2jserver.gameserver.GameServer	-------------------------------------------------=[ Scripts ]
2022.04.26 14:02:37,909	INFO	1	com.l2jserver.gameserver.instancemanager.AirShipManager	AirShipManager: Loaded 0 private airships
2022.04.26 14:02:37,910	INFO	1	com.l2jserver.gameserver.GameServer	GameServer: Loading server scripts:
2022.04.26 14:02:39,066	INFO	1	handlers.MasterHandler	Loading Handlers...
2022.04.26 14:02:39,113	INFO	1	handlers.MasterHandler	ActionHandler: Loaded 10 Handlers
2022.04.26 14:02:39,113	INFO	1	handlers.MasterHandler	ActionShiftHandler: Loaded 6 Handlers
2022.04.26 14:02:39,114	INFO	1	handlers.MasterHandler	AdminCommandHandler: Loaded 447 Handlers
2022.04.26 14:02:39,114	INFO	1	handlers.MasterHandler	BypassHandler: Loaded 48 Handlers
2022.04.26 14:02:39,115	INFO	1	handlers.MasterHandler	ChatHandler: Loaded 14 Handlers
2022.04.26 14:02:39,115	INFO	1	handlers.MasterHandler	CommunityBoardHandler: Loaded 15 Handlers
2022.04.26 14:02:39,116	INFO	1	handlers.MasterHandler	ItemHandler: Loaded 31 Handlers
2022.04.26 14:02:39,116	INFO	1	handlers.MasterHandler	PunishmentHandler: Loaded 3 Handlers
2022.04.26 14:02:39,116	INFO	1	handlers.MasterHandler	UserCommandHandler: Loaded 17 Handlers
2022.04.26 14:02:39,117	INFO	1	handlers.MasterHandler	VoicedCommandHandler: Loaded 1 Handlers
2022.04.26 14:02:39,117	INFO	1	handlers.MasterHandler	TargetHandler: Loaded 35 Handlers
2022.04.26 14:02:39,118	INFO	1	handlers.MasterHandler	TelnetHandler: Loaded 20 Handlers
2022.04.26 14:02:39,118	INFO	1	handlers.MasterHandler	Handlers Loaded...
2022.04.26 14:02:46,158	INFO	1	com.l2jserver.util.data.xml.IXmlReader	NpcBuffersData: Loaded: 33 buffers data.
2022.04.26 14:02:49,902	INFO	1	com.l2jserver.gameserver.model.events.AbstractScript	Handy's Block Checker Event is enabled
2022.04.26 14:02:57,003	INFO	1	instances.InstanceLoader	InstanceLoader: Loading Instances scripts.
2022.04.26 14:02:57,193	INFO	1	gracia.GraciaLoader	GraciaLoader: Loading Gracia related scripts.
2022.04.26 14:02:57,398	INFO	1	hellbound.HellboundLoader	HellboundLoader: Loading Hellbound related scripts:
2022.04.26 14:02:57,401	INFO	1	com.l2jserver.util.data.xml.IXmlReader	HellboundPointData: Loaded 47 trust point reward data.
2022.04.26 14:02:57,419	INFO	1	com.l2jserver.util.data.xml.IXmlReader	HellboundSpawns: Loaded 598 Hellbound spawns.
2022.04.26 14:02:57,421	INFO	1	com.l2jserver.gameserver.model.events.AbstractScript	HellboundEngine: Level: 11
2022.04.26 14:02:57,421	INFO	1	com.l2jserver.gameserver.model.events.AbstractScript	HellboundEngine: Trust: 4000000
2022.04.26 14:02:57,422	INFO	1	com.l2jserver.gameserver.model.events.AbstractScript	HellboundEngine: Status: unlocked.
2022.04.26 14:02:57,491	INFO	1	com.l2jserver.gameserver.instancemanager.RaidBossSpawnManager	RaidBossSpawnManager: Loaded 189 Instances
2022.04.26 14:02:57,491	INFO	1	com.l2jserver.gameserver.instancemanager.RaidBossSpawnManager	RaidBossSpawnManager: Scheduled 0 Instances
2022.04.26 14:02:58,462	INFO	28	com.l2jserver.gameserver.model.events.AbstractScript	HellboundEngine: Spawned 598 NPCs.
2022.04.26 14:02:58,872	INFO	1	com.l2jserver.gameserver.model.events.AbstractScript	[EnhanceYourWeapon] Loaded 54 Soul Crystal data.
2022.04.26 14:02:58,872	INFO	1	com.l2jserver.gameserver.model.events.AbstractScript	[EnhanceYourWeapon] Loaded 240 npc Leveling info data.
2022.04.26 14:02:59,020	INFO	1	com.l2jserver.gameserver.model.events.AbstractScript	TerritoryWarSuperClass: Siege date: Sat Apr 30 20:00:00 CLT 2022
2022.04.26 14:03:00,016	INFO	1	com.l2jserver.gameserver.model.entity.clanhall.ClanHallSiegeEngine	Bandit StrongHold siege scheduled for Sun May 08 12:00:00 CLT 2022.
2022.04.26 14:03:00,108	INFO	1	com.l2jserver.gameserver.model.entity.clanhall.ClanHallSiegeEngine	Beast Farm siege scheduled for Sun May 08 12:00:00 CLT 2022.
2022.04.26 14:03:00,188	INFO	1	com.l2jserver.gameserver.model.entity.clanhall.ClanHallSiegeEngine	Devastated Castle siege scheduled for Sun May 08 12:00:00 CLT 2022.
2022.04.26 14:03:00,389	INFO	1	com.l2jserver.gameserver.model.entity.clanhall.ClanHallSiegeEngine	Fortress of Resistance siege scheduled for Sun May 08 12:00:00 CLT 2022.
2022.04.26 14:03:00,471	INFO	1	com.l2jserver.gameserver.model.entity.clanhall.ClanHallSiegeEngine	Fortresss of the Dead siege scheduled for Sun May 08 12:00:00 CLT 2022.
2022.04.26 14:03:00,554	INFO	1	com.l2jserver.gameserver.model.entity.clanhall.ClanHallSiegeEngine	Rainbow Springs siege scheduled for Sun May 08 12:00:00 CLT 2022.
2022.04.26 14:03:01,238	INFO	1	com.l2jserver.util.data.xml.IXmlReader	SpawnTable: Loaded 3771 npc spawns.
2022.04.26 14:03:01,271	INFO	1	com.l2jserver.util.data.xml.IXmlReader	SpawnTable: Loaded 1190 npc spawns from XML.
2022.04.26 14:03:01,272	INFO	1	com.l2jserver.gameserver.instancemanager.DayNightSpawnManager	DayNightSpawnManager: Removed 0 night creatures
2022.04.26 14:03:01,274	INFO	1	com.l2jserver.gameserver.instancemanager.DayNightSpawnManager	DayNightSpawnManager: Spawned 232 day creatures
2022.04.26 14:03:01,279	INFO	1	com.l2jserver.gameserver.instancemanager.FourSepulchersManager	FourSepulchersManager: loaded 20 Mysterious-Box spawns.
2022.04.26 14:03:01,296	INFO	1	com.l2jserver.gameserver.instancemanager.FourSepulchersManager	FourSepulchersManager: loaded 716 Physical type monsters spawns.
2022.04.26 14:03:01,312	INFO	1	com.l2jserver.gameserver.instancemanager.FourSepulchersManager	FourSepulchersManager: loaded 716 Magical type monsters spawns.
2022.04.26 14:03:01,316	INFO	1	com.l2jserver.gameserver.instancemanager.FourSepulchersManager	FourSepulchersManager: loaded 92 Church of duke monsters spawns.
2022.04.26 14:03:01,319	INFO	1	com.l2jserver.gameserver.instancemanager.FourSepulchersManager	FourSepulchersManager: loaded 68 Emperor's grave NPC spawns.
2022.04.26 14:03:01,319	INFO	1	com.l2jserver.gameserver.instancemanager.FourSepulchersManager	FourSepulchersManager: spawned Conquerors' Sepulcher Manager
2022.04.26 14:03:01,320	INFO	1	com.l2jserver.gameserver.instancemanager.FourSepulchersManager	FourSepulchersManager: spawned Emperors' Sepulcher Manager
2022.04.26 14:03:01,320	INFO	1	com.l2jserver.gameserver.instancemanager.FourSepulchersManager	FourSepulchersManager: spawned Great Sages' Sepulcher Manager
2022.04.26 14:03:01,321	INFO	1	com.l2jserver.gameserver.instancemanager.FourSepulchersManager	FourSepulchersManager: spawned Judges' Sepulcher Manager
2022.04.26 14:03:01,322	INFO	1	com.l2jserver.gameserver.instancemanager.FourSepulchersManager	FourSepulchersManager: Beginning in Attack time
2022.04.26 14:03:01,325	INFO	1	com.l2jserver.gameserver.instancemanager.DimensionalRiftManager	DimensionalRiftManager: Loaded 7 room types with 56 rooms.
2022.04.26 14:03:01,327	INFO	1	com.l2jserver.gameserver.instancemanager.DimensionalRiftManager	DimensionalRiftManager: Loaded 462 dimensional rift spawns, 0 errors.
2022.04.26 14:03:01,327	INFO	1	com.l2jserver.gameserver.GameServer	---------------------------------------------------=[ Siege ]
2022.04.26 14:03:01,333	INFO	1	com.l2jserver.gameserver.model.entity.Siege	Siege of Gludio: Sun May 01 16:00:00 CLT 2022
2022.04.26 14:03:01,334	INFO	1	com.l2jserver.gameserver.model.entity.Siege	Siege of Dion: Sun May 01 16:00:00 CLT 2022
2022.04.26 14:03:01,335	INFO	1	com.l2jserver.gameserver.model.entity.Siege	Siege of Giran: Sun May 01 16:00:00 CLT 2022
2022.04.26 14:03:01,335	INFO	1	com.l2jserver.gameserver.model.entity.Siege	Siege of Oren: Sun May 01 16:00:00 CLT 2022
2022.04.26 14:03:01,336	INFO	1	com.l2jserver.gameserver.model.entity.Siege	Siege of Aden: Sun May 01 16:00:00 CLT 2022
2022.04.26 14:03:01,339	INFO	1	com.l2jserver.gameserver.model.entity.Siege	Siege of Innadril: Sun May 01 20:00:00 CLT 2022
2022.04.26 14:03:01,339	INFO	1	com.l2jserver.gameserver.model.entity.Siege	Siege of Goddard: Sun May 01 20:00:00 CLT 2022
2022.04.26 14:03:01,340	INFO	1	com.l2jserver.gameserver.model.entity.Siege	Siege of Rune: Sun May 01 20:00:00 CLT 2022
2022.04.26 14:03:01,341	INFO	1	com.l2jserver.gameserver.model.entity.Siege	Siege of Schuttgart: Sun May 01 20:00:00 CLT 2022
2022.04.26 14:03:01,401	INFO	1	com.l2jserver.gameserver.instancemanager.FortManager	FortManager: Loaded: 21 fortress
2022.04.26 14:03:01,460	INFO	1	com.l2jserver.util.data.xml.IXmlReader	SiegeScheduleData: Loaded: 2 siege schedulers.
2022.04.26 14:03:01,466	INFO	1	com.l2jserver.util.data.xml.IXmlReader	CastleManorManager: Loaded 258 seeds.
2022.04.26 14:03:01,473	INFO	1	com.l2jserver.util.data.xml.IXmlReader	CastleManorManager: Manor data loaded.
2022.04.26 14:03:01,474	INFO	1	com.l2jserver.gameserver.instancemanager.MercTicketManager	MercTicketManager: Loaded: 0 Mercenary Tickets
2022.04.26 14:03:01,475	INFO	1	com.l2jserver.gameserver.instancemanager.QuestManager	QuestManager: Loaded: 520 quests.
2022.04.26 14:03:01,475	INFO	1	com.l2jserver.gameserver.instancemanager.QuestManager	QuestManager: Loaded: 268 scripts.
2022.04.26 14:03:01,512	INFO	1	com.l2jserver.gameserver.SevenSignsFestival	SevenSignsFestival: Initialization bypassed due to Seal Validation in effect.
2022.04.26 14:03:01,517	INFO	1	com.l2jserver.gameserver.script.faenor.FaenorEventParser	Event ID: (Valentines Event) has passed... Ignored.
2022.04.26 14:03:01,517	INFO	1	com.l2jserver.gameserver.script.faenor.FaenorScriptEngine	FaenorScriptEngine: Loaded  Valentines.xml successfully.
2022.04.26 14:03:01,519	INFO	1	com.l2jserver.gameserver.GameServer	AutoSpawnHandler: Loaded 129 handlers in total.
2022.04.26 14:03:01,531	INFO	1	com.l2jserver.gameserver.taskmanager.TaskManager	TaskManager: Loaded: 13 Tasks
2022.04.26 14:03:01,533	INFO	1	com.l2jserver.gameserver.instancemanager.MailManager	MailManager: Successfully loaded 0 messages.
2022.04.26 14:03:01,535	INFO	1	com.l2jserver.gameserver.instancemanager.PunishmentManager	PunishmentManager: Loaded 0 active and 0 expired punishments.
2022.04.26 14:03:01,536	INFO	1	com.l2jserver.gameserver.GameServer	IdFactory: Free ObjectID's remaining: 1879001238
2022.04.26 14:03:01,536	INFO	1	com.l2jserver.gameserver.model.entity.TvTManager	TvTEventEngine[TvTManager.TvTManager()]: Engine is disabled.
2022.04.26 14:03:03,655	INFO	1	com.l2jserver.gameserver.GameServer	GameServer: Started, free memory 1905 Mb of 3641 Mb
2022.04.26 14:03:03,695	INFO	257	com.l2jserver.gameserver.LoginServerThread	Connecting to login on 127.0.0.1:9014
2022.04.26 14:03:04,002	INFO	1	com.l2jserver.gameserver.GameServer	GameServer: is now listening on: *:7777
2022.04.26 14:03:04,003	INFO	1	com.l2jserver.gameserver.GameServer	GameServer: Maximum numbers of connected players: 500
2022.04.26 14:03:04,004	INFO	1	com.l2jserver.gameserver.GameServer	GameServer: Server loaded in 41 seconds.
2022.04.26 14:03:04,007	INFO	1	com.l2jserver.gameserver.GameServer	----------------------------------------------------=[ UPnP ]
2022.04.26 14:03:04,009	INFO	1	com.l2jserver.UPnPService	Looking for UPnP Gateway Devices...
2022.04.26 14:03:04,054	INFO	257	com.l2jserver.gameserver.LoginServerThread	Registered on login as Server 1: Bartz
2022.04.26 14:03:05,990	INFO	1	com.l2jserver.UPnPService	Using UPnP gateway: MitraStar GPT-2741GNAC Internet Sharing Gateway
2022.04.26 14:03:06,548	INFO	1	com.l2jserver.UPnPService	Using local address: 192.168.1.100 External address: 186.107.188.8
2022.04.26 14:03:07,517	INFO	1	com.l2jserver.UPnPService	Mapping successful on 192.168.1.100:7777
2022.04.26 14:03:07,518	INFO	1	com.l2jserver.gameserver.GameServer	GameServer: Telnet server is currently disabled.
2022.04.26 14:03:30,874	INFO	266	com.l2jserver.gameserver.model.actor.instance.L2PcInstance	Master access level set for character Waizatsu.
2022.04.26 14:03:30,886	SEVERE	266	com.l2jserver.gameserver.model.items.instance.L2ItemInstance	Item item_id=90003 not known, object_id=268482270
2022.04.26 14:03:30,889	SEVERE	266	com.l2jserver.gameserver.model.items.instance.L2ItemInstance	Item item_id=90012 not known, object_id=268482391
2022.04.26 14:03:30,895	SEVERE	266	com.l2jserver.gameserver.model.items.instance.L2ItemInstance	Item item_id=90014 not known, object_id=268482432
2022.04.26 14:03:30,900	SEVERE	266	com.l2jserver.gameserver.model.items.instance.L2ItemInstance	Item item_id=90002 not known, object_id=268482263
2022.04.26 14:03:30,909	SEVERE	266	com.l2jserver.gameserver.model.items.instance.L2ItemInstance	Item item_id=90009 not known, object_id=268482365
2022.04.26 14:03:30,911	SEVERE	266	com.l2jserver.gameserver.model.items.instance.L2ItemInstance	Item item_id=90010 not known, object_id=268482374
2022.04.26 14:03:30,914	SEVERE	266	com.l2jserver.gameserver.model.items.instance.L2ItemInstance	Item item_id=90016 not known, object_id=268482476
2022.04.26 14:03:30,923	SEVERE	266	com.l2jserver.gameserver.model.items.instance.L2ItemInstance	Item item_id=90011 not known, object_id=268482379
2022.04.26 14:03:30,924	SEVERE	266	com.l2jserver.gameserver.model.items.instance.L2ItemInstance	Item item_id=90001 not known, object_id=268482256
2022.04.26 14:03:30,928	SEVERE	266	com.l2jserver.gameserver.model.items.instance.L2ItemInstance	Item item_id=90000 not known, object_id=268482245
2022.04.26 14:03:30,928	SEVERE	266	com.l2jserver.gameserver.model.items.instance.L2ItemInstance	Item item_id=90005 not known, object_id=268482300
2022.04.26 14:03:30,932	SEVERE	266	com.l2jserver.gameserver.model.items.instance.L2ItemInstance	Item item_id=90006 not known, object_id=268482321
2022.04.26 14:03:30,940	SEVERE	266	com.l2jserver.gameserver.model.items.instance.L2ItemInstance	Item item_id=90013 not known, object_id=268482429
2022.04.26 14:03:30,942	SEVERE	266	com.l2jserver.gameserver.model.items.instance.L2ItemInstance	Item item_id=90004 not known, object_id=268482289
2022.04.26 14:03:30,944	SEVERE	266	com.l2jserver.gameserver.model.items.instance.L2ItemInstance	Item item_id=90015 not known, object_id=268482466
2022.04.26 14:03:30,944	SEVERE	266	com.l2jserver.gameserver.model.items.instance.L2ItemInstance	Item item_id=90008 not known, object_id=268482353
2022.04.26 14:03:30,946	SEVERE	266	com.l2jserver.gameserver.model.items.instance.L2ItemInstance	Item item_id=90007 not known, object_id=268482349
2022.04.26 14:08:30,538	INFO	267	com.l2jserver.gameserver.model.actor.instance.L2PcInstance	Master access level set for character Waizatsu.
2022.04.26 14:11:21,559	INFO	24	com.l2jserver.gameserver.instancemanager.GlobalVariablesManager	GlobalVariablesManager: Stored 7 variables.
