2022.08.26 14:07:09,142	INFO	1	com.l2jserver.gameserver.GameServer	------------------------------------------------=[ Database ]
2022.08.26 14:07:09,226	INFO	1	com.l2jserver.gameserver.dao.factory.impl.DAOFactory	Using MySQL DAO Factory.
2022.08.26 14:07:09,231	INFO	1	com.l2jserver.commons.database.pool.impl.ConnectionFactory	Using HikariCP connection pool.
2022.08.26 14:07:09,231	INFO	1	com.l2jserver.gameserver.GameServer	GameServer: Used memory: 40MB.
2022.08.26 14:07:09,235	INFO	1	com.zaxxer.hikari.HikariDataSource	HikariPool-1 - Starting...
2022.08.26 14:07:09,405	INFO	1	com.zaxxer.hikari.HikariDataSource	HikariPool-1 - Start completed.
2022.08.26 14:07:09,418	INFO	1	com.l2jserver.gameserver.idfactory.BitSetIDFactory	Updated characters online status.
2022.08.26 14:07:09,589	INFO	1	com.l2jserver.gameserver.idfactory.BitSetIDFactory	Cleaned 0 elements from database in 0 s
2022.08.26 14:07:09,597	INFO	1	com.l2jserver.gameserver.idfactory.BitSetIDFactory	Cleaned 0 expired timestamps from database.
2022.08.26 14:07:09,611	INFO	1	com.l2jserver.gameserver.idfactory.BitSetIDFactory	BitSetIDFactory: 102912 id's available.
2022.08.26 14:07:09,617	INFO	1	com.l2jserver.gameserver.GameServer	-------------------------------------------------=[ Engines ]
2022.08.26 14:07:10,116	INFO	1	com.l2jserver.gameserver.scripting.L2ScriptEngineManager	Script Engine: java 1.8 - Language: java - Language Version: 1.8
2022.08.26 14:07:10,314	INFO	1	com.l2jserver.gameserver.scripting.L2ScriptEngineManager	Script Engine: jython 2.2.1 - Language: python - Language Version: 2.2.1
2022.08.26 14:07:10,499	INFO	1	com.l2jserver.gameserver.scripting.L2ScriptEngineManager	Script Engine: Oracle Nashorn 1.8.0_341 - Language: ECMAScript - Language Version: ECMA - 262 Edition 5.1
2022.08.26 14:07:10,539	INFO	1	com.l2jserver.gameserver.GameServer	---------------------------------------------------=[ World ]
2022.08.26 14:07:10,545	INFO	1	com.l2jserver.util.data.xml.IXmlReader	InstanceManager: Multiverse Instance created.
2022.08.26 14:07:10,546	INFO	1	com.l2jserver.util.data.xml.IXmlReader	InstanceManager: Universe Instance created.
2022.08.26 14:07:10,678	INFO	1	com.l2jserver.util.data.xml.IXmlReader	InstanceManager: Loaded 160 instance names.
2022.08.26 14:07:10,691	INFO	1	com.l2jserver.gameserver.model.L2World	L2World: (128 by 136) World Region Grid set up.
2022.08.26 14:07:10,819	INFO	1	com.l2jserver.util.data.xml.IXmlReader	MapRegionManager: Loaded 57 map regions.
2022.08.26 14:07:10,832	INFO	1	com.l2jserver.gameserver.instancemanager.GlobalVariablesManager	GlobalVariablesManager: Loaded 6 variables.
2022.08.26 14:07:10,832	INFO	1	com.l2jserver.gameserver.GameServer	----------------------------------------------------=[ Data ]
2022.08.26 14:07:10,865	INFO	1	com.l2jserver.util.data.xml.IXmlReader	CategoryData: Loaded 124 Categories.
2022.08.26 14:07:10,871	INFO	1	com.l2jserver.util.data.xml.IXmlReader	SecondaryAuthData: Loaded 328 forbidden passwords.
2022.08.26 14:07:10,872	INFO	1	com.l2jserver.gameserver.GameServer	-------------------------------------------------=[ Effects ]
2022.08.26 14:07:12,988	INFO	1	handlers.EffectMasterHandler	EffectMasterHandler: Loaded 160 effect handlers.
2022.08.26 14:07:12,988	INFO	1	com.l2jserver.gameserver.GameServer	------------------------------------=[ Enchant Skill Groups ]
2022.08.26 14:07:12,998	INFO	1	com.l2jserver.util.data.xml.IXmlReader	EnchantSkillGroupsData: Loaded 4 groups and 90 routes.
2022.08.26 14:07:12,998	INFO	1	com.l2jserver.gameserver.GameServer	---------------------------------------------=[ Skill Trees ]
2022.08.26 14:07:13,299	INFO	1	com.l2jserver.util.data.xml.IXmlReader	Loaded 17176 Class Skills for 103 Class Skill Trees.
2022.08.26 14:07:13,300	INFO	1	com.l2jserver.util.data.xml.IXmlReader	Loaded 76 Sub-Class Skills.
2022.08.26 14:07:13,301	INFO	1	com.l2jserver.util.data.xml.IXmlReader	Loaded 77 Transfer Skills for 3 Transfer Skill Trees.
2022.08.26 14:07:13,301	INFO	1	com.l2jserver.util.data.xml.IXmlReader	Loaded 117 Fishing Skills, 8 Dwarven only Fishing Skills.
2022.08.26 14:07:13,302	INFO	1	com.l2jserver.util.data.xml.IXmlReader	Loaded 3 Collect Skills.
2022.08.26 14:07:13,302	INFO	1	com.l2jserver.util.data.xml.IXmlReader	Loaded 74 Pledge Skills, 44 for Pledge and 30 Residential.
2022.08.26 14:07:13,302	INFO	1	com.l2jserver.util.data.xml.IXmlReader	Loaded 18 Sub-Pledge Skills.
2022.08.26 14:07:13,303	INFO	1	com.l2jserver.util.data.xml.IXmlReader	Loaded 32 Transform Skills.
2022.08.26 14:07:13,303	INFO	1	com.l2jserver.util.data.xml.IXmlReader	Loaded 8 Noble Skills.
2022.08.26 14:07:13,304	INFO	1	com.l2jserver.util.data.xml.IXmlReader	Loaded 5 Hero Skills.
2022.08.26 14:07:13,304	INFO	1	com.l2jserver.util.data.xml.IXmlReader	Loaded 46 Game Master Skills.
2022.08.26 14:07:13,305	INFO	1	com.l2jserver.util.data.xml.IXmlReader	Loaded 46 Game Master Aura Skills.
2022.08.26 14:07:13,305	INFO	1	com.l2jserver.gameserver.GameServer	--------------------------------------------------=[ Skills ]
2022.08.26 14:07:16,099	INFO	1	com.l2jserver.gameserver.engines.DocumentEngine	DocumentEngine: Loaded 65961 Skill templates from XML files.
2022.08.26 14:07:16,132	INFO	1	com.l2jserver.gameserver.data.sql.impl.SummonSkillsTable	SummonSkillsTable: Loaded 1891 skills.
2022.08.26 14:07:16,133	INFO	1	com.l2jserver.gameserver.GameServer	---------------------------------------------------=[ Items ]
2022.08.26 14:07:16,904	INFO	1	com.l2jserver.gameserver.datatables.ItemTable	ItemTable: Highest item id used:102036
2022.08.26 14:07:16,908	INFO	1	com.l2jserver.gameserver.datatables.ItemTable	ItemTable: Loaded: 11481 Etc Items
2022.08.26 14:07:16,908	INFO	1	com.l2jserver.gameserver.datatables.ItemTable	ItemTable: Loaded: 3929 Armor Items
2022.08.26 14:07:16,909	INFO	1	com.l2jserver.gameserver.datatables.ItemTable	ItemTable: Loaded: 4164 Weapon Items
2022.08.26 14:07:16,909	INFO	1	com.l2jserver.gameserver.datatables.ItemTable	ItemTable: Loaded: 19574 Items in total.
2022.08.26 14:07:16,915	INFO	1	com.l2jserver.util.data.xml.IXmlReader	EnchantItemGroupsData: Loaded: 4 item group templates.
2022.08.26 14:07:16,915	INFO	1	com.l2jserver.util.data.xml.IXmlReader	EnchantItemGroupsData: Loaded: 1 scroll group templates.
2022.08.26 14:07:16,922	INFO	1	com.l2jserver.util.data.xml.IXmlReader	EnchantItemData: Loaded 63 Enchant Scrolls.
2022.08.26 14:07:16,922	INFO	1	com.l2jserver.util.data.xml.IXmlReader	EnchantItemData: Loaded 20 Support Items.
2022.08.26 14:07:16,931	INFO	1	com.l2jserver.util.data.xml.IXmlReader	EnchantItemOptionsData: Loaded: 23 Items and 1093 Options.
2022.08.26 14:07:17,710	INFO	1	com.l2jserver.util.data.xml.IXmlReader	OptionData: Loaded: 24985 Options.
2022.08.26 14:07:17,719	INFO	1	com.l2jserver.util.data.xml.IXmlReader	EnchantItemHPBonusData: Loaded 6 Enchant HP Bonuses.
2022.08.26 14:07:17,722	INFO	1	com.l2jserver.gameserver.datatables.MerchantPriceConfigTable	MerchantPriceConfigTable: Loaded 28 merchant price configs.
2022.08.26 14:07:18,629	INFO	1	com.l2jserver.util.data.xml.IXmlReader	BuyListData: Loaded 760 BuyLists.
2022.08.26 14:07:18,957	INFO	1	com.l2jserver.util.data.xml.IXmlReader	MultisellData: Loaded 192 multisell lists.
2022.08.26 14:07:18,981	INFO	1	com.l2jserver.util.data.xml.IXmlReader	RecipeData: Loaded 1000 recipes.
2022.08.26 14:07:19,016	INFO	1	com.l2jserver.util.data.xml.IXmlReader	ArmorSetsData: Loaded 208 Armor sets.
2022.08.26 14:07:19,024	INFO	1	com.l2jserver.util.data.xml.IXmlReader	FishData: Loaded 278 Fish.
2022.08.26 14:07:19,026	INFO	1	com.l2jserver.util.data.xml.IXmlReader	FishingMonstersData: Loaded 8 Fishing Monsters.
2022.08.26 14:07:19,028	INFO	1	com.l2jserver.util.data.xml.IXmlReader	FishingRodsData: Loaded 6 Fishing Rods.
2022.08.26 14:07:19,045	INFO	1	com.l2jserver.util.data.xml.IXmlReader	HennaData: Loaded 180 Henna data.
2022.08.26 14:07:19,046	INFO	1	com.l2jserver.gameserver.GameServer	----------------------------------------------=[ Characters ]
2022.08.26 14:07:19,049	INFO	1	com.l2jserver.util.data.xml.IXmlReader	ClassListData: Loaded 107 Class data.
2022.08.26 14:07:19,052	INFO	1	com.l2jserver.util.data.xml.IXmlReader	InitialEquipmentData: Loaded 11 Initial Equipment data.
2022.08.26 14:07:19,055	INFO	1	com.l2jserver.util.data.xml.IXmlReader	InitialShortcutData: Loaded 5 Initial Global Shortcuts data.
2022.08.26 14:07:19,056	INFO	1	com.l2jserver.util.data.xml.IXmlReader	InitialShortcutData: Loaded 4 Initial Shortcuts data.
2022.08.26 14:07:19,056	INFO	1	com.l2jserver.util.data.xml.IXmlReader	InitialShortcutData: Loaded 0 Macros presets.
2022.08.26 14:07:19,082	INFO	1	com.l2jserver.util.data.xml.IXmlReader	KarmaData: Loaded 85 karma modifiers.
2022.08.26 14:07:19,084	INFO	1	com.l2jserver.util.data.xml.IXmlReader	HitConditionBonusData: Loaded Hit Condition bonuses.
2022.08.26 14:07:19,320	INFO	1	com.l2jserver.util.data.xml.IXmlReader	PlayerTemplateData: Loaded 103 character templates.
2022.08.26 14:07:19,321	INFO	1	com.l2jserver.util.data.xml.IXmlReader	PlayerTemplateData: Loaded 52530 level up gain records.
2022.08.26 14:07:19,325	INFO	1	com.l2jserver.util.data.xml.IXmlReader	PlayerCreationPointData: Loaded 62 character creation points.
2022.08.26 14:07:19,327	INFO	1	com.l2jserver.gameserver.data.sql.impl.CharNameTable	CharNameTable: Loaded 2 char names.
2022.08.26 14:07:19,330	INFO	1	com.l2jserver.util.data.xml.IXmlReader	AdminData: Loaded: 10 Access Levels.
2022.08.26 14:07:19,333	INFO	1	com.l2jserver.util.data.xml.IXmlReader	AdminData: Loaded: 444 Access Commands.
2022.08.26 14:07:19,336	INFO	1	com.l2jserver.gameserver.instancemanager.RaidBossPointsManager	RaidBossPointsManager: Loaded 2 Characters Raid Points.
2022.08.26 14:07:19,592	INFO	1	com.l2jserver.util.data.xml.IXmlReader	PetDataTable: Loaded 52 Pets.
2022.08.26 14:07:19,599	INFO	1	com.l2jserver.gameserver.GameServer	---------------------------------------------------=[ Clans ]
2022.08.26 14:07:19,610	INFO	1	com.l2jserver.gameserver.communitybbs.Manager.ForumsBBSManager	Loaded 4 forums. Last forum id used: 4
2022.08.26 14:07:19,611	INFO	1	com.l2jserver.gameserver.data.sql.impl.ClanTable	ClanTable: Restored 0 clans from the database.
2022.08.26 14:07:19,618	INFO	1	com.l2jserver.gameserver.instancemanager.CHSiegeManager	CHSiegeManager: Loaded 6 conquerable clan halls.
2022.08.26 14:07:19,657	INFO	1	com.l2jserver.gameserver.instancemanager.AuctionManager	AuctionManager: Loaded: 38 auction(s)
2022.08.26 14:07:19,658	INFO	1	com.l2jserver.gameserver.instancemanager.ClanHallManager	ClanHallManager: Loaded: 0 clan halls
2022.08.26 14:07:19,659	INFO	1	com.l2jserver.gameserver.instancemanager.ClanHallManager	ClanHallManager: Loaded: 38 free clan halls
2022.08.26 14:07:19,660	INFO	1	com.l2jserver.gameserver.GameServer	-------------------------------------------------=[ Geodata ]
2022.08.26 14:07:19,667	INFO	1	com.l2jserver.gameserver.GeoData	GeoData: Loading 11_23.l2j...
2022.08.26 14:07:19,684	INFO	1	com.l2jserver.gameserver.GeoData	GeoData: Loading 11_24.l2j...
2022.08.26 14:07:19,690	INFO	1	com.l2jserver.gameserver.GeoData	GeoData: Loading 11_25.l2j...
2022.08.26 14:07:19,695	INFO	1	com.l2jserver.gameserver.GeoData	GeoData: Loading 11_26.l2j...
2022.08.26 14:07:19,706	INFO	1	com.l2jserver.gameserver.GeoData	GeoData: Loading 12_23.l2j...
2022.08.26 14:07:19,711	INFO	1	com.l2jserver.gameserver.GeoData	GeoData: Loading 12_24.l2j...
2022.08.26 14:07:19,733	INFO	1	com.l2jserver.gameserver.GeoData	GeoData: Loading 12_25.l2j...
2022.08.26 14:07:19,752	INFO	1	com.l2jserver.gameserver.GeoData	GeoData: Loading 12_26.l2j...
2022.08.26 14:07:19,760	INFO	1	com.l2jserver.gameserver.GeoData	GeoData: Loading 13_21.l2j...
2022.08.26 14:07:19,762	INFO	1	com.l2jserver.gameserver.GeoData	GeoData: Loading 13_22.l2j...
2022.08.26 14:07:19,764	INFO	1	com.l2jserver.gameserver.GeoData	GeoData: Loading 13_23.l2j...
2022.08.26 14:07:19,777	INFO	1	com.l2jserver.gameserver.GeoData	GeoData: Loading 13_24.l2j...
2022.08.26 14:07:19,794	INFO	1	com.l2jserver.gameserver.GeoData	GeoData: Loading 13_25.l2j...
2022.08.26 14:07:19,809	INFO	1	com.l2jserver.gameserver.GeoData	GeoData: Loading 13_26.l2j...
2022.08.26 14:07:19,815	INFO	1	com.l2jserver.gameserver.GeoData	GeoData: Loading 14_21.l2j...
2022.08.26 14:07:19,817	INFO	1	com.l2jserver.gameserver.GeoData	GeoData: Loading 14_22.l2j...
2022.08.26 14:07:19,835	INFO	1	com.l2jserver.gameserver.GeoData	GeoData: Loading 14_23.l2j...
2022.08.26 14:07:19,890	INFO	1	com.l2jserver.gameserver.GeoData	GeoData: Loading 14_24.l2j...
2022.08.26 14:07:19,911	INFO	1	com.l2jserver.gameserver.GeoData	GeoData: Loading 14_25.l2j...
2022.08.26 14:07:19,929	INFO	1	com.l2jserver.gameserver.GeoData	GeoData: Loading 14_26.l2j...
2022.08.26 14:07:19,934	INFO	1	com.l2jserver.gameserver.GeoData	GeoData: Loading 15_10.l2j...
2022.08.26 14:07:19,938	INFO	1	com.l2jserver.gameserver.GeoData	GeoData: Loading 15_11.l2j...
2022.08.26 14:07:19,943	INFO	1	com.l2jserver.gameserver.GeoData	GeoData: Loading 15_12.l2j...
2022.08.26 14:07:19,949	INFO	1	com.l2jserver.gameserver.GeoData	GeoData: Loading 15_18.l2j...
2022.08.26 14:07:19,951	INFO	1	com.l2jserver.gameserver.GeoData	GeoData: Loading 15_19.l2j...
2022.08.26 14:07:19,955	INFO	1	com.l2jserver.gameserver.GeoData	GeoData: Loading 15_20.l2j...
2022.08.26 14:07:19,956	INFO	1	com.l2jserver.gameserver.GeoData	GeoData: Loading 15_21.l2j...
2022.08.26 14:07:19,958	INFO	1	com.l2jserver.gameserver.GeoData	GeoData: Loading 15_22.l2j...
2022.08.26 14:07:19,959	INFO	1	com.l2jserver.gameserver.GeoData	GeoData: Loading 15_23.l2j...
2022.08.26 14:07:19,961	INFO	1	com.l2jserver.gameserver.GeoData	GeoData: Loading 15_24.l2j...
2022.08.26 14:07:19,963	INFO	1	com.l2jserver.gameserver.GeoData	GeoData: Loading 15_25.l2j...
2022.08.26 14:07:19,968	INFO	1	com.l2jserver.gameserver.GeoData	GeoData: Loading 15_26.l2j...
2022.08.26 14:07:19,971	INFO	1	com.l2jserver.gameserver.GeoData	GeoData: Loading 16_10.l2j...
2022.08.26 14:07:20,011	INFO	1	com.l2jserver.gameserver.GeoData	GeoData: Loading 16_11.l2j...
2022.08.26 14:07:20,014	INFO	1	com.l2jserver.gameserver.GeoData	GeoData: Loading 16_12.l2j...
2022.08.26 14:07:20,019	INFO	1	com.l2jserver.gameserver.GeoData	GeoData: Loading 16_13.l2j...
2022.08.26 14:07:20,022	INFO	1	com.l2jserver.gameserver.GeoData	GeoData: Loading 16_14.l2j...
2022.08.26 14:07:20,023	INFO	1	com.l2jserver.gameserver.GeoData	GeoData: Loading 16_15.l2j...
2022.08.26 14:07:20,024	INFO	1	com.l2jserver.gameserver.GeoData	GeoData: Loading 16_16.l2j...
2022.08.26 14:07:20,026	INFO	1	com.l2jserver.gameserver.GeoData	GeoData: Loading 16_17.l2j...
2022.08.26 14:07:20,029	INFO	1	com.l2jserver.gameserver.GeoData	GeoData: Loading 16_18.l2j...
2022.08.26 14:07:20,033	INFO	1	com.l2jserver.gameserver.GeoData	GeoData: Loading 16_19.l2j...
2022.08.26 14:07:20,051	INFO	1	com.l2jserver.gameserver.GeoData	GeoData: Loading 16_20.l2j...
2022.08.26 14:07:20,069	INFO	1	com.l2jserver.gameserver.GeoData	GeoData: Loading 16_21.l2j...
2022.08.26 14:07:20,073	INFO	1	com.l2jserver.gameserver.GeoData	GeoData: Loading 16_22.l2j...
2022.08.26 14:07:20,074	INFO	1	com.l2jserver.gameserver.GeoData	GeoData: Loading 16_23.l2j...
2022.08.26 14:07:20,076	INFO	1	com.l2jserver.gameserver.GeoData	GeoData: Loading 16_24.l2j...
2022.08.26 14:07:20,084	INFO	1	com.l2jserver.gameserver.GeoData	GeoData: Loading 16_25.l2j...
2022.08.26 14:07:20,096	INFO	1	com.l2jserver.gameserver.GeoData	GeoData: Loading 16_26.l2j...
2022.08.26 14:07:20,097	INFO	1	com.l2jserver.gameserver.GeoData	GeoData: Loading 17_10.l2j...
2022.08.26 14:07:20,099	INFO	1	com.l2jserver.gameserver.GeoData	GeoData: Loading 17_11.l2j...
2022.08.26 14:07:20,102	INFO	1	com.l2jserver.gameserver.GeoData	GeoData: Loading 17_12.l2j...
2022.08.26 14:07:20,105	INFO	1	com.l2jserver.gameserver.GeoData	GeoData: Loading 17_13.l2j...
2022.08.26 14:07:20,107	INFO	1	com.l2jserver.gameserver.GeoData	GeoData: Loading 17_14.l2j...
2022.08.26 14:07:20,109	INFO	1	com.l2jserver.gameserver.GeoData	GeoData: Loading 17_15.l2j...
2022.08.26 14:07:20,116	INFO	1	com.l2jserver.gameserver.GeoData	GeoData: Loading 17_16.l2j...
2022.08.26 14:07:20,136	INFO	1	com.l2jserver.gameserver.GeoData	GeoData: Loading 17_17.l2j...
2022.08.26 14:07:20,140	INFO	1	com.l2jserver.gameserver.GeoData	GeoData: Loading 17_18.l2j...
2022.08.26 14:07:20,142	INFO	1	com.l2jserver.gameserver.GeoData	GeoData: Loading 17_19.l2j...
2022.08.26 14:07:20,157	INFO	1	com.l2jserver.gameserver.GeoData	GeoData: Loading 17_20.l2j...
2022.08.26 14:07:20,172	INFO	1	com.l2jserver.gameserver.GeoData	GeoData: Loading 17_21.l2j...
2022.08.26 14:07:20,190	INFO	1	com.l2jserver.gameserver.GeoData	GeoData: Loading 17_22.l2j...
2022.08.26 14:07:20,212	INFO	1	com.l2jserver.gameserver.GeoData	GeoData: Loading 17_23.l2j...
2022.08.26 14:07:20,218	INFO	1	com.l2jserver.gameserver.GeoData	GeoData: Loading 17_24.l2j...
2022.08.26 14:07:20,224	INFO	1	com.l2jserver.gameserver.GeoData	GeoData: Loading 17_25.l2j...
2022.08.26 14:07:20,239	INFO	1	com.l2jserver.gameserver.GeoData	GeoData: Loading 17_26.l2j...
2022.08.26 14:07:20,241	INFO	1	com.l2jserver.gameserver.GeoData	GeoData: Loading 18_10.l2j...
2022.08.26 14:07:20,246	INFO	1	com.l2jserver.gameserver.GeoData	GeoData: Loading 18_11.l2j...
2022.08.26 14:07:20,249	INFO	1	com.l2jserver.gameserver.GeoData	GeoData: Loading 18_12.l2j...
2022.08.26 14:07:20,251	INFO	1	com.l2jserver.gameserver.GeoData	GeoData: Loading 18_13.l2j...
2022.08.26 14:07:20,253	INFO	1	com.l2jserver.gameserver.GeoData	GeoData: Loading 18_14.l2j...
2022.08.26 14:07:20,267	INFO	1	com.l2jserver.gameserver.GeoData	GeoData: Loading 18_15.l2j...
2022.08.26 14:07:20,276	INFO	1	com.l2jserver.gameserver.GeoData	GeoData: Loading 18_16.l2j...
2022.08.26 14:07:20,286	INFO	1	com.l2jserver.gameserver.GeoData	GeoData: Loading 18_17.l2j...
2022.08.26 14:07:20,288	INFO	1	com.l2jserver.gameserver.GeoData	GeoData: Loading 18_18.l2j...
2022.08.26 14:07:20,289	INFO	1	com.l2jserver.gameserver.GeoData	GeoData: Loading 18_19.l2j...
2022.08.26 14:07:20,303	INFO	1	com.l2jserver.gameserver.GeoData	GeoData: Loading 18_20.l2j...
2022.08.26 14:07:20,322	INFO	1	com.l2jserver.gameserver.GeoData	GeoData: Loading 18_21.l2j...
2022.08.26 14:07:20,342	INFO	1	com.l2jserver.gameserver.GeoData	GeoData: Loading 18_22.l2j...
2022.08.26 14:07:20,360	INFO	1	com.l2jserver.gameserver.GeoData	GeoData: Loading 18_23.l2j...
2022.08.26 14:07:20,378	INFO	1	com.l2jserver.gameserver.GeoData	GeoData: Loading 18_24.l2j...
2022.08.26 14:07:20,394	INFO	1	com.l2jserver.gameserver.GeoData	GeoData: Loading 18_25.l2j...
2022.08.26 14:07:20,399	INFO	1	com.l2jserver.gameserver.GeoData	GeoData: Loading 18_26.l2j...
2022.08.26 14:07:20,400	INFO	1	com.l2jserver.gameserver.GeoData	GeoData: Loading 19_10.l2j...
2022.08.26 14:07:20,406	INFO	1	com.l2jserver.gameserver.GeoData	GeoData: Loading 19_11.l2j...
2022.08.26 14:07:20,407	INFO	1	com.l2jserver.gameserver.GeoData	GeoData: Loading 19_12.l2j...
2022.08.26 14:07:20,410	INFO	1	com.l2jserver.gameserver.GeoData	GeoData: Loading 19_13.l2j...
2022.08.26 14:07:20,422	INFO	1	com.l2jserver.gameserver.GeoData	GeoData: Loading 19_14.l2j...
2022.08.26 14:07:20,439	INFO	1	com.l2jserver.gameserver.GeoData	GeoData: Loading 19_15.l2j...
2022.08.26 14:07:20,454	INFO	1	com.l2jserver.gameserver.GeoData	GeoData: Loading 19_16.l2j...
2022.08.26 14:07:20,463	INFO	1	com.l2jserver.gameserver.GeoData	GeoData: Loading 19_17.l2j...
2022.08.26 14:07:20,467	INFO	1	com.l2jserver.gameserver.GeoData	GeoData: Loading 19_18.l2j...
2022.08.26 14:07:20,487	INFO	1	com.l2jserver.gameserver.GeoData	GeoData: Loading 19_19.l2j...
2022.08.26 14:07:20,508	INFO	1	com.l2jserver.gameserver.GeoData	GeoData: Loading 19_20.l2j...
2022.08.26 14:07:20,686	INFO	1	com.l2jserver.gameserver.GeoData	GeoData: Loading 19_21.l2j...
2022.08.26 14:07:20,707	INFO	1	com.l2jserver.gameserver.GeoData	GeoData: Loading 19_22.l2j...
2022.08.26 14:07:20,725	INFO	1	com.l2jserver.gameserver.GeoData	GeoData: Loading 19_23.l2j...
2022.08.26 14:07:20,745	INFO	1	com.l2jserver.gameserver.GeoData	GeoData: Loading 19_24.l2j...
2022.08.26 14:07:20,758	INFO	1	com.l2jserver.gameserver.GeoData	GeoData: Loading 19_25.l2j...
2022.08.26 14:07:20,777	INFO	1	com.l2jserver.gameserver.GeoData	GeoData: Loading 19_26.l2j...
2022.08.26 14:07:20,783	INFO	1	com.l2jserver.gameserver.GeoData	GeoData: Loading 20_10.l2j...
2022.08.26 14:07:20,787	INFO	1	com.l2jserver.gameserver.GeoData	GeoData: Loading 20_11.l2j...
2022.08.26 14:07:20,790	INFO	1	com.l2jserver.gameserver.GeoData	GeoData: Loading 20_12.l2j...
2022.08.26 14:07:20,793	INFO	1	com.l2jserver.gameserver.GeoData	GeoData: Loading 20_13.l2j...
2022.08.26 14:07:20,806	INFO	1	com.l2jserver.gameserver.GeoData	GeoData: Loading 20_14.l2j...
2022.08.26 14:07:20,830	INFO	1	com.l2jserver.gameserver.GeoData	GeoData: Loading 20_15.l2j...
2022.08.26 14:07:20,842	INFO	1	com.l2jserver.gameserver.GeoData	GeoData: Loading 20_16.l2j...
2022.08.26 14:07:20,855	INFO	1	com.l2jserver.gameserver.GeoData	GeoData: Loading 20_17.l2j...
2022.08.26 14:07:20,874	INFO	1	com.l2jserver.gameserver.GeoData	GeoData: Loading 20_18.l2j...
2022.08.26 14:07:20,888	INFO	1	com.l2jserver.gameserver.GeoData	GeoData: Loading 20_19.l2j...
2022.08.26 14:07:20,905	INFO	1	com.l2jserver.gameserver.GeoData	GeoData: Loading 20_20.l2j...
2022.08.26 14:07:20,925	INFO	1	com.l2jserver.gameserver.GeoData	GeoData: Loading 20_21.l2j...
2022.08.26 14:07:20,955	INFO	1	com.l2jserver.gameserver.GeoData	GeoData: Loading 20_22.l2j...
2022.08.26 14:07:20,974	INFO	1	com.l2jserver.gameserver.GeoData	GeoData: Loading 20_23.l2j...
2022.08.26 14:07:20,991	INFO	1	com.l2jserver.gameserver.GeoData	GeoData: Loading 20_24.l2j...
2022.08.26 14:07:20,994	INFO	1	com.l2jserver.gameserver.GeoData	GeoData: Loading 20_25.l2j...
2022.08.26 14:07:21,012	INFO	1	com.l2jserver.gameserver.GeoData	GeoData: Loading 20_26.l2j...
2022.08.26 14:07:21,016	INFO	1	com.l2jserver.gameserver.GeoData	GeoData: Loading 21_10.l2j...
2022.08.26 14:07:21,019	INFO	1	com.l2jserver.gameserver.GeoData	GeoData: Loading 21_11.l2j...
2022.08.26 14:07:21,021	INFO	1	com.l2jserver.gameserver.GeoData	GeoData: Loading 21_12.l2j...
2022.08.26 14:07:21,023	INFO	1	com.l2jserver.gameserver.GeoData	GeoData: Loading 21_13.l2j...
2022.08.26 14:07:21,025	INFO	1	com.l2jserver.gameserver.GeoData	GeoData: Loading 21_14.l2j...
2022.08.26 14:07:21,045	INFO	1	com.l2jserver.gameserver.GeoData	GeoData: Loading 21_15.l2j...
2022.08.26 14:07:21,063	INFO	1	com.l2jserver.gameserver.GeoData	GeoData: Loading 21_16.l2j...
2022.08.26 14:07:21,084	INFO	1	com.l2jserver.gameserver.GeoData	GeoData: Loading 21_17.l2j...
2022.08.26 14:07:21,091	INFO	1	com.l2jserver.gameserver.GeoData	GeoData: Loading 21_18.l2j...
2022.08.26 14:07:21,110	INFO	1	com.l2jserver.gameserver.GeoData	GeoData: Loading 21_19.l2j...
2022.08.26 14:07:21,127	INFO	1	com.l2jserver.gameserver.GeoData	GeoData: Loading 21_20.l2j...
2022.08.26 14:07:21,144	INFO	1	com.l2jserver.gameserver.GeoData	GeoData: Loading 21_21.l2j...
2022.08.26 14:07:21,166	INFO	1	com.l2jserver.gameserver.GeoData	GeoData: Loading 21_22.l2j...
2022.08.26 14:07:21,186	INFO	1	com.l2jserver.gameserver.GeoData	GeoData: Loading 21_23.l2j...
2022.08.26 14:07:21,206	INFO	1	com.l2jserver.gameserver.GeoData	GeoData: Loading 21_24.l2j...
2022.08.26 14:07:21,222	INFO	1	com.l2jserver.gameserver.GeoData	GeoData: Loading 21_25.l2j...
2022.08.26 14:07:21,225	INFO	1	com.l2jserver.gameserver.GeoData	GeoData: Loading 22_10.l2j...
2022.08.26 14:07:21,228	INFO	1	com.l2jserver.gameserver.GeoData	GeoData: Loading 22_11.l2j...
2022.08.26 14:07:21,244	INFO	1	com.l2jserver.gameserver.GeoData	GeoData: Loading 22_12.l2j...
2022.08.26 14:07:21,246	INFO	1	com.l2jserver.gameserver.GeoData	GeoData: Loading 22_13.l2j...
2022.08.26 14:07:21,263	INFO	1	com.l2jserver.gameserver.GeoData	GeoData: Loading 22_14.l2j...
2022.08.26 14:07:21,286	INFO	1	com.l2jserver.gameserver.GeoData	GeoData: Loading 22_15.l2j...
2022.08.26 14:07:21,307	INFO	1	com.l2jserver.gameserver.GeoData	GeoData: Loading 22_16.l2j...
2022.08.26 14:07:21,327	INFO	1	com.l2jserver.gameserver.GeoData	GeoData: Loading 22_17.l2j...
2022.08.26 14:07:21,342	INFO	1	com.l2jserver.gameserver.GeoData	GeoData: Loading 22_18.l2j...
2022.08.26 14:07:21,359	INFO	1	com.l2jserver.gameserver.GeoData	GeoData: Loading 22_19.l2j...
2022.08.26 14:07:21,377	INFO	1	com.l2jserver.gameserver.GeoData	GeoData: Loading 22_20.l2j...
2022.08.26 14:07:21,397	INFO	1	com.l2jserver.gameserver.GeoData	GeoData: Loading 22_21.l2j...
2022.08.26 14:07:21,416	INFO	1	com.l2jserver.gameserver.GeoData	GeoData: Loading 22_22.l2j...
2022.08.26 14:07:21,434	INFO	1	com.l2jserver.gameserver.GeoData	GeoData: Loading 22_23.l2j...
2022.08.26 14:07:21,451	INFO	1	com.l2jserver.gameserver.GeoData	GeoData: Loading 22_24.l2j...
2022.08.26 14:07:21,468	INFO	1	com.l2jserver.gameserver.GeoData	GeoData: Loading 22_25.l2j...
2022.08.26 14:07:21,484	INFO	1	com.l2jserver.gameserver.GeoData	GeoData: Loading 22_26.l2j...
2022.08.26 14:07:21,486	INFO	1	com.l2jserver.gameserver.GeoData	GeoData: Loading 23_10.l2j...
2022.08.26 14:07:21,488	INFO	1	com.l2jserver.gameserver.GeoData	GeoData: Loading 23_11.l2j...
2022.08.26 14:07:21,502	INFO	1	com.l2jserver.gameserver.GeoData	GeoData: Loading 23_12.l2j...
2022.08.26 14:07:21,520	INFO	1	com.l2jserver.gameserver.GeoData	GeoData: Loading 23_13.l2j...
2022.08.26 14:07:21,539	INFO	1	com.l2jserver.gameserver.GeoData	GeoData: Loading 23_14.l2j...
2022.08.26 14:07:21,566	INFO	1	com.l2jserver.gameserver.GeoData	GeoData: Loading 23_15.l2j...
2022.08.26 14:07:21,592	INFO	1	com.l2jserver.gameserver.GeoData	GeoData: Loading 23_16.l2j...
2022.08.26 14:07:21,613	INFO	1	com.l2jserver.gameserver.GeoData	GeoData: Loading 23_17.l2j...
2022.08.26 14:07:21,632	INFO	1	com.l2jserver.gameserver.GeoData	GeoData: Loading 23_18.l2j...
2022.08.26 14:07:21,656	INFO	1	com.l2jserver.gameserver.GeoData	GeoData: Loading 23_19.l2j...
2022.08.26 14:07:21,677	INFO	1	com.l2jserver.gameserver.GeoData	GeoData: Loading 23_20.l2j...
2022.08.26 14:07:21,696	INFO	1	com.l2jserver.gameserver.GeoData	GeoData: Loading 23_21.l2j...
2022.08.26 14:07:21,717	INFO	1	com.l2jserver.gameserver.GeoData	GeoData: Loading 23_22.l2j...
2022.08.26 14:07:21,733	INFO	1	com.l2jserver.gameserver.GeoData	GeoData: Loading 23_23.l2j...
2022.08.26 14:07:21,751	INFO	1	com.l2jserver.gameserver.GeoData	GeoData: Loading 23_24.l2j...
2022.08.26 14:07:21,768	INFO	1	com.l2jserver.gameserver.GeoData	GeoData: Loading 23_25.l2j...
2022.08.26 14:07:21,780	INFO	1	com.l2jserver.gameserver.GeoData	GeoData: Loading 23_26.l2j...
2022.08.26 14:07:21,781	INFO	1	com.l2jserver.gameserver.GeoData	GeoData: Loading 24_10.l2j...
2022.08.26 14:07:21,783	INFO	1	com.l2jserver.gameserver.GeoData	GeoData: Loading 24_11.l2j...
2022.08.26 14:07:21,798	INFO	1	com.l2jserver.gameserver.GeoData	GeoData: Loading 24_12.l2j...
2022.08.26 14:07:21,825	INFO	1	com.l2jserver.gameserver.GeoData	GeoData: Loading 24_13.l2j...
2022.08.26 14:07:21,834	INFO	1	com.l2jserver.gameserver.GeoData	GeoData: Loading 24_14.l2j...
2022.08.26 14:07:21,853	INFO	1	com.l2jserver.gameserver.GeoData	GeoData: Loading 24_15.l2j...
2022.08.26 14:07:21,873	INFO	1	com.l2jserver.gameserver.GeoData	GeoData: Loading 24_16.l2j...
2022.08.26 14:07:21,893	INFO	1	com.l2jserver.gameserver.GeoData	GeoData: Loading 24_17.l2j...
2022.08.26 14:07:21,911	INFO	1	com.l2jserver.gameserver.GeoData	GeoData: Loading 24_18.l2j...
2022.08.26 14:07:21,934	INFO	1	com.l2jserver.gameserver.GeoData	GeoData: Loading 24_19.l2j...
2022.08.26 14:07:21,950	INFO	1	com.l2jserver.gameserver.GeoData	GeoData: Loading 24_20.l2j...
2022.08.26 14:07:21,975	INFO	1	com.l2jserver.gameserver.GeoData	GeoData: Loading 24_21.l2j...
2022.08.26 14:07:21,987	INFO	1	com.l2jserver.gameserver.GeoData	GeoData: Loading 24_22.l2j...
2022.08.26 14:07:22,013	INFO	1	com.l2jserver.gameserver.GeoData	GeoData: Loading 24_23.l2j...
2022.08.26 14:07:22,031	INFO	1	com.l2jserver.gameserver.GeoData	GeoData: Loading 24_24.l2j...
2022.08.26 14:07:22,036	INFO	1	com.l2jserver.gameserver.GeoData	GeoData: Loading 24_25.l2j...
2022.08.26 14:07:22,039	INFO	1	com.l2jserver.gameserver.GeoData	GeoData: Loading 24_26.l2j...
2022.08.26 14:07:22,040	INFO	1	com.l2jserver.gameserver.GeoData	GeoData: Loading 25_10.l2j...
2022.08.26 14:07:22,042	INFO	1	com.l2jserver.gameserver.GeoData	GeoData: Loading 25_11.l2j...
2022.08.26 14:07:22,057	INFO	1	com.l2jserver.gameserver.GeoData	GeoData: Loading 25_12.l2j...
2022.08.26 14:07:22,082	INFO	1	com.l2jserver.gameserver.GeoData	GeoData: Loading 25_14.l2j...
2022.08.26 14:07:22,113	INFO	1	com.l2jserver.gameserver.GeoData	GeoData: Loading 25_15.l2j...
2022.08.26 14:07:22,137	INFO	1	com.l2jserver.gameserver.GeoData	GeoData: Loading 25_16.l2j...
2022.08.26 14:07:22,156	INFO	1	com.l2jserver.gameserver.GeoData	GeoData: Loading 25_17.l2j...
2022.08.26 14:07:22,179	INFO	1	com.l2jserver.gameserver.GeoData	GeoData: Loading 25_18.l2j...
2022.08.26 14:07:22,194	INFO	1	com.l2jserver.gameserver.GeoData	GeoData: Loading 25_19.l2j...
2022.08.26 14:07:22,250	INFO	1	com.l2jserver.gameserver.GeoData	GeoData: Loading 25_20.l2j...
2022.08.26 14:07:22,259	INFO	1	com.l2jserver.gameserver.GeoData	GeoData: Loading 25_21.l2j...
2022.08.26 14:07:22,271	INFO	1	com.l2jserver.gameserver.GeoData	GeoData: Loading 25_22.l2j...
2022.08.26 14:07:22,272	INFO	1	com.l2jserver.gameserver.GeoData	GeoData: Loading 25_23.l2j...
2022.08.26 14:07:22,275	INFO	1	com.l2jserver.gameserver.GeoData	GeoData: Loading 25_24.l2j...
2022.08.26 14:07:22,277	INFO	1	com.l2jserver.gameserver.GeoData	GeoData: Loading 26_11.l2j...
2022.08.26 14:07:22,284	INFO	1	com.l2jserver.gameserver.GeoData	GeoData: Loading 26_12.l2j...
2022.08.26 14:07:22,293	INFO	1	com.l2jserver.gameserver.GeoData	GeoData: Loading 26_14.l2j...
2022.08.26 14:07:22,305	INFO	1	com.l2jserver.gameserver.GeoData	GeoData: Loading 26_15.l2j...
2022.08.26 14:07:22,307	INFO	1	com.l2jserver.gameserver.GeoData	GeoData: Loading 26_16.l2j...
2022.08.26 14:07:22,310	INFO	1	com.l2jserver.gameserver.GeoData	GeoData: Loaded 203 regions.
2022.08.26 14:07:22,310	INFO	1	com.l2jserver.gameserver.GameServer	----------------------------------------------------=[ NPCs ]
2022.08.26 14:07:22,316	INFO	1	com.l2jserver.util.data.xml.IXmlReader	SkillLearnData: Loaded 256 Skill Learn data.
2022.08.26 14:07:22,326	INFO	1	com.l2jserver.util.data.xml.IXmlReader	MinionData: Loaded 128 minions data.
2022.08.26 14:07:24,137	INFO	1	com.l2jserver.util.data.xml.IXmlReader	NpcData: Loaded 10461 NPCs.
2022.08.26 14:07:24,573	INFO	1	com.l2jserver.util.data.xml.IXmlReader	WalkingManager: Loaded 123 walking routes.
2022.08.26 14:07:26,195	INFO	1	com.l2jserver.util.data.xml.IXmlReader	StaticObjectData: Loaded 51 static object templates.
2022.08.26 14:07:26,307	INFO	1	com.l2jserver.gameserver.instancemanager.GrandBossManager	GrandBossManager: Queen Ant(29001) status is 0.
2022.08.26 14:07:26,308	INFO	1	com.l2jserver.gameserver.instancemanager.GrandBossManager	GrandBossManager: Core(29006) status is 0.
2022.08.26 14:07:26,308	INFO	1	com.l2jserver.gameserver.instancemanager.GrandBossManager	GrandBossManager: Orfen(29014) status is 0.
2022.08.26 14:07:26,309	INFO	1	com.l2jserver.gameserver.instancemanager.GrandBossManager	GrandBossManager: Baium(29020) status is 0.
2022.08.26 14:07:26,309	INFO	1	com.l2jserver.gameserver.instancemanager.GrandBossManager	GrandBossManager: Valakas(29028) status is 0.
2022.08.26 14:07:26,310	INFO	1	com.l2jserver.gameserver.instancemanager.GrandBossManager	GrandBossManager: Antharas(29068) status is 0.
2022.08.26 14:07:26,310	INFO	1	com.l2jserver.gameserver.instancemanager.GrandBossManager	GrandBossManager: Beleth(29118) status is 0.
2022.08.26 14:07:26,310	INFO	1	com.l2jserver.gameserver.instancemanager.GrandBossManager	GrandBossManager: Loaded 7 Instances
2022.08.26 14:07:26,531	INFO	1	com.l2jserver.util.data.xml.IXmlReader	DoorData: Loaded 1301 Door templates for 22 regions.
2022.08.26 14:07:27,770	INFO	1	com.l2jserver.util.data.xml.IXmlReader	ZoneManager: Loaded 28 zone classes and 2793 zones.
2022.08.26 14:07:27,770	INFO	1	com.l2jserver.util.data.xml.IXmlReader	ZoneManager: Loaded 0 NPC spawn territoriers.
2022.08.26 14:07:27,784	INFO	1	com.l2jserver.gameserver.instancemanager.CastleManager	CastleManager: Loaded: 9 castles
2022.08.26 14:07:27,787	INFO	1	com.l2jserver.gameserver.data.sql.impl.NpcBufferTable	NpcBufferTable: Loaded 1 buffers and 10 skills.
2022.08.26 14:07:27,790	INFO	1	com.l2jserver.gameserver.instancemanager.GrandBossManager	GrandBossManager: Initialized 12 Grand Boss Zones
2022.08.26 14:07:27,791	INFO	1	com.l2jserver.gameserver.GameServer	-----------------------------------------=[ Auction Manager ]
2022.08.26 14:07:27,805	INFO	1	com.l2jserver.gameserver.model.itemauction.ItemAuctionInstance	Loaded 82 item(s) and registered 1 auction(s) for NPC ID 32320.
2022.08.26 14:07:27,806	INFO	1	com.l2jserver.gameserver.model.itemauction.ItemAuctionInstance	Schedule next auction ID 10 on 17:00:00 26.08.22 for NPC ID 32320.
2022.08.26 14:07:27,807	INFO	1	com.l2jserver.gameserver.model.itemauction.ItemAuctionInstance	Loaded 82 item(s) and registered 1 auction(s) for NPC ID 32321.
2022.08.26 14:07:27,808	INFO	1	com.l2jserver.gameserver.model.itemauction.ItemAuctionInstance	Schedule next auction ID 11 on 17:00:00 29.08.22 for NPC ID 32321.
2022.08.26 14:07:27,809	INFO	1	com.l2jserver.gameserver.model.itemauction.ItemAuctionInstance	Loaded 82 item(s) and registered 1 auction(s) for NPC ID 32322.
2022.08.26 14:07:27,809	INFO	1	com.l2jserver.gameserver.model.itemauction.ItemAuctionInstance	Schedule next auction ID 12 on 17:00:00 31.08.22 for NPC ID 32322.
2022.08.26 14:07:27,810	INFO	1	com.l2jserver.gameserver.instancemanager.ItemAuctionManager	Loaded 3 auction manager instance(s).
2022.08.26 14:07:27,810	INFO	1	com.l2jserver.gameserver.GameServer	------------------------------------------------=[ Olympiad ]
2022.08.26 14:07:27,945	INFO	1	com.l2jserver.gameserver.model.olympiad.Olympiad	Olympiad System: Loading Olympiad System....
2022.08.26 14:07:27,945	INFO	1	com.l2jserver.gameserver.model.olympiad.Olympiad	Olympiad System: Currently in Olympiad Period
2022.08.26 14:07:27,946	INFO	1	com.l2jserver.gameserver.model.olympiad.Olympiad	Olympiad System: 8512 minutes until period ends
2022.08.26 14:07:27,946	INFO	1	com.l2jserver.gameserver.model.olympiad.Olympiad	Olympiad System: Next weekly change is in 10079 minutes
2022.08.26 14:07:27,948	INFO	1	com.l2jserver.gameserver.model.olympiad.Olympiad	Olympiad System: Loaded 0 Nobles
2022.08.26 14:07:27,950	INFO	1	com.l2jserver.gameserver.model.olympiad.Olympiad	Olympiad System: Competition Period Starts in 0 days, 3 hours and 53 mins.
2022.08.26 14:07:27,952	INFO	1	com.l2jserver.gameserver.model.olympiad.Olympiad	Olympiad System: Event starts/started : Fri Aug 26 18:00:27 CLT 2022
2022.08.26 14:07:27,957	INFO	1	com.l2jserver.gameserver.model.entity.Hero	Hero System: Loaded 0 Heroes.
2022.08.26 14:07:27,957	INFO	1	com.l2jserver.gameserver.model.entity.Hero	Hero System: Loaded 0 all time Heroes.
2022.08.26 14:07:27,957	INFO	1	com.l2jserver.gameserver.GameServer	---------------------------------------------=[ Seven Signs ]
2022.08.26 14:07:27,968	INFO	1	com.l2jserver.gameserver.SevenSigns	SevenSigns: Currently in the Seal Validation period.
2022.08.26 14:07:27,968	INFO	1	com.l2jserver.gameserver.SevenSigns	SevenSigns: The Seal of Avarice remains unclaimed.
2022.08.26 14:07:27,969	INFO	1	com.l2jserver.gameserver.SevenSigns	SevenSigns: The Seal of Gnosis remains unclaimed.
2022.08.26 14:07:27,970	INFO	1	com.l2jserver.gameserver.SevenSigns	SevenSigns: The Seal of Strife remains unclaimed.
2022.08.26 14:07:27,972	INFO	1	com.l2jserver.gameserver.SevenSigns	SevenSigns: The competition ended with a tie last week.
2022.08.26 14:07:27,972	INFO	1	com.l2jserver.gameserver.SevenSigns	SevenSigns: Next period change set to Mon Aug 29 18:00:27 CLT 2022.
2022.08.26 14:07:27,973	INFO	1	com.l2jserver.gameserver.SevenSigns	SevenSigns: Next period begins in 3 days, 3 hours and 52 mins.
2022.08.26 14:07:27,974	INFO	1	com.l2jserver.gameserver.GameServer	---------------------------------------------------=[ Cache ]
2022.08.26 14:07:27,975	INFO	1	com.l2jserver.gameserver.cache.HtmCache	Cache[HTML]: Running lazy cache
2022.08.26 14:07:27,984	INFO	1	com.l2jserver.gameserver.data.sql.impl.CrestTable	CrestTable: Loaded 0 Crests.
2022.08.26 14:07:27,993	INFO	1	com.l2jserver.gameserver.data.sql.impl.TeleportLocationTable	TeleportLocationTable: Loaded 957 Teleport Location Templates.
2022.08.26 14:07:27,998	INFO	1	com.l2jserver.util.data.xml.IXmlReader	UIData: Loaded 4 keys 5 categories.
2022.08.26 14:07:28,061	INFO	1	com.l2jserver.gameserver.datatables.AugmentationData	AugmentationData: Loaded: 33960 augmentations.
2022.08.26 14:07:28,062	INFO	1	com.l2jserver.gameserver.datatables.AugmentationData	AugmentationData: Loaded: 2754 accessory augmentations.
2022.08.26 14:07:28,066	INFO	1	com.l2jserver.gameserver.instancemanager.CursedWeaponsManager	CursedWeaponsManager: Loaded : 0 cursed weapon(s).
2022.08.26 14:07:28,366	INFO	1	com.l2jserver.util.data.xml.IXmlReader	TransformData: Loaded: 111 transform templates.
2022.08.26 14:07:28,376	INFO	1	com.l2jserver.gameserver.datatables.BotReportTable	BotReportTable: Loaded 0 bot reports
2022.08.26 14:07:28,376	INFO	1	com.l2jserver.gameserver.GameServer	-------------------------------------------------=[ Scripts ]
2022.08.26 14:07:28,383	INFO	1	com.l2jserver.gameserver.instancemanager.AirShipManager	AirShipManager: Loaded 0 private airships
2022.08.26 14:07:28,384	INFO	1	com.l2jserver.gameserver.GameServer	GameServer: Loading server scripts:
2022.08.26 14:07:29,419	INFO	1	handlers.MasterHandler	Loading Handlers...
2022.08.26 14:07:29,462	INFO	1	handlers.MasterHandler	ActionHandler: Loaded 10 Handlers
2022.08.26 14:07:29,463	INFO	1	handlers.MasterHandler	ActionShiftHandler: Loaded 6 Handlers
2022.08.26 14:07:29,464	INFO	1	handlers.MasterHandler	AdminCommandHandler: Loaded 447 Handlers
2022.08.26 14:07:29,464	INFO	1	handlers.MasterHandler	BypassHandler: Loaded 48 Handlers
2022.08.26 14:07:29,465	INFO	1	handlers.MasterHandler	ChatHandler: Loaded 14 Handlers
2022.08.26 14:07:29,465	INFO	1	handlers.MasterHandler	CommunityBoardHandler: Loaded 15 Handlers
2022.08.26 14:07:29,466	INFO	1	handlers.MasterHandler	ItemHandler: Loaded 31 Handlers
2022.08.26 14:07:29,466	INFO	1	handlers.MasterHandler	PunishmentHandler: Loaded 3 Handlers
2022.08.26 14:07:29,466	INFO	1	handlers.MasterHandler	UserCommandHandler: Loaded 17 Handlers
2022.08.26 14:07:29,467	INFO	1	handlers.MasterHandler	VoicedCommandHandler: Loaded 1 Handlers
2022.08.26 14:07:29,467	INFO	1	handlers.MasterHandler	TargetHandler: Loaded 35 Handlers
2022.08.26 14:07:29,468	INFO	1	handlers.MasterHandler	TelnetHandler: Loaded 20 Handlers
2022.08.26 14:07:29,468	INFO	1	handlers.MasterHandler	Handlers Loaded...
2022.08.26 14:07:33,065	INFO	1	com.l2jserver.util.data.xml.IXmlReader	NpcBuffersData: Loaded: 33 buffers data.
2022.08.26 14:07:36,606	INFO	1	com.l2jserver.gameserver.model.events.AbstractScript	Handy's Block Checker Event is enabled
2022.08.26 14:07:43,591	INFO	1	instances.InstanceLoader	InstanceLoader: Loading Instances scripts.
2022.08.26 14:07:43,787	INFO	1	gracia.GraciaLoader	GraciaLoader: Loading Gracia related scripts.
2022.08.26 14:07:44,046	INFO	1	hellbound.HellboundLoader	HellboundLoader: Loading Hellbound related scripts:
2022.08.26 14:07:44,049	INFO	1	com.l2jserver.util.data.xml.IXmlReader	HellboundPointData: Loaded 47 trust point reward data.
2022.08.26 14:07:44,067	INFO	1	com.l2jserver.util.data.xml.IXmlReader	HellboundSpawns: Loaded 598 Hellbound spawns.
2022.08.26 14:07:44,069	INFO	1	com.l2jserver.gameserver.model.events.AbstractScript	HellboundEngine: Level: 0
2022.08.26 14:07:44,069	INFO	1	com.l2jserver.gameserver.model.events.AbstractScript	HellboundEngine: Trust: 0
2022.08.26 14:07:44,069	INFO	1	com.l2jserver.gameserver.model.events.AbstractScript	HellboundEngine: Status: locked.
2022.08.26 14:07:44,127	INFO	1	com.l2jserver.gameserver.instancemanager.RaidBossSpawnManager	RaidBossSpawnManager: Loaded 187 Instances
2022.08.26 14:07:44,128	INFO	1	com.l2jserver.gameserver.instancemanager.RaidBossSpawnManager	RaidBossSpawnManager: Scheduled 0 Instances
2022.08.26 14:07:45,642	INFO	1	com.l2jserver.gameserver.model.events.AbstractScript	[EnhanceYourWeapon] Loaded 54 Soul Crystal data.
2022.08.26 14:07:45,642	INFO	1	com.l2jserver.gameserver.model.events.AbstractScript	[EnhanceYourWeapon] Loaded 240 npc Leveling info data.
2022.08.26 14:07:45,794	INFO	1	com.l2jserver.gameserver.model.events.AbstractScript	TerritoryWarSuperClass: Siege date: Sun Aug 28 22:00:00 CLT 2022
2022.08.26 14:07:48,582	INFO	1	com.l2jserver.gameserver.model.entity.clanhall.ClanHallSiegeEngine	Bandit StrongHold siege scheduled for Fri Sep 09 12:00:00 CLST 2022.
2022.08.26 14:07:48,672	INFO	1	com.l2jserver.gameserver.model.entity.clanhall.ClanHallSiegeEngine	Beast Farm siege scheduled for Fri Sep 09 12:00:00 CLST 2022.
2022.08.26 14:07:48,760	INFO	1	com.l2jserver.gameserver.model.entity.clanhall.ClanHallSiegeEngine	Devastated Castle siege scheduled for Fri Sep 09 12:00:00 CLST 2022.
2022.08.26 14:07:48,838	INFO	1	com.l2jserver.gameserver.model.entity.clanhall.ClanHallSiegeEngine	Fortress of Resistance siege scheduled for Fri Sep 09 12:00:00 CLST 2022.
2022.08.26 14:07:48,914	INFO	1	com.l2jserver.gameserver.model.entity.clanhall.ClanHallSiegeEngine	Fortresss of the Dead siege scheduled for Fri Sep 09 12:00:00 CLST 2022.
2022.08.26 14:07:49,004	INFO	1	com.l2jserver.gameserver.model.entity.clanhall.ClanHallSiegeEngine	Rainbow Springs siege scheduled for Fri Sep 09 12:00:00 CLST 2022.
2022.08.26 14:07:49,673	INFO	1	com.l2jserver.util.data.xml.IXmlReader	SpawnTable: Loaded 3765 npc spawns.
2022.08.26 14:07:49,729	INFO	1	com.l2jserver.util.data.xml.IXmlReader	SpawnTable: Loaded 1190 npc spawns from XML.
2022.08.26 14:07:49,730	INFO	1	com.l2jserver.gameserver.instancemanager.DayNightSpawnManager	DayNightSpawnManager: Removed 0 night creatures
2022.08.26 14:07:49,732	INFO	1	com.l2jserver.gameserver.instancemanager.DayNightSpawnManager	DayNightSpawnManager: Spawned 232 day creatures
2022.08.26 14:07:49,738	INFO	1	com.l2jserver.gameserver.instancemanager.FourSepulchersManager	FourSepulchersManager: loaded 20 Mysterious-Box spawns.
2022.08.26 14:07:49,757	INFO	1	com.l2jserver.gameserver.instancemanager.FourSepulchersManager	FourSepulchersManager: loaded 716 Physical type monsters spawns.
2022.08.26 14:07:49,771	INFO	1	com.l2jserver.gameserver.instancemanager.FourSepulchersManager	FourSepulchersManager: loaded 716 Magical type monsters spawns.
2022.08.26 14:07:49,775	INFO	1	com.l2jserver.gameserver.instancemanager.FourSepulchersManager	FourSepulchersManager: loaded 92 Church of duke monsters spawns.
2022.08.26 14:07:49,779	INFO	1	com.l2jserver.gameserver.instancemanager.FourSepulchersManager	FourSepulchersManager: loaded 68 Emperor's grave NPC spawns.
2022.08.26 14:07:49,779	INFO	1	com.l2jserver.gameserver.instancemanager.FourSepulchersManager	FourSepulchersManager: spawned Conquerors' Sepulcher Manager
2022.08.26 14:07:49,779	INFO	1	com.l2jserver.gameserver.instancemanager.FourSepulchersManager	FourSepulchersManager: spawned Emperors' Sepulcher Manager
2022.08.26 14:07:49,780	INFO	1	com.l2jserver.gameserver.instancemanager.FourSepulchersManager	FourSepulchersManager: spawned Great Sages' Sepulcher Manager
2022.08.26 14:07:49,780	INFO	1	com.l2jserver.gameserver.instancemanager.FourSepulchersManager	FourSepulchersManager: spawned Judges' Sepulcher Manager
2022.08.26 14:07:49,781	INFO	1	com.l2jserver.gameserver.instancemanager.FourSepulchersManager	FourSepulchersManager: Beginning in Attack time
2022.08.26 14:07:49,785	INFO	1	com.l2jserver.gameserver.instancemanager.DimensionalRiftManager	DimensionalRiftManager: Loaded 7 room types with 56 rooms.
2022.08.26 14:07:49,787	INFO	1	com.l2jserver.gameserver.instancemanager.DimensionalRiftManager	DimensionalRiftManager: Loaded 462 dimensional rift spawns, 0 errors.
2022.08.26 14:07:49,787	INFO	1	com.l2jserver.gameserver.GameServer	---------------------------------------------------=[ Siege ]
2022.08.26 14:07:49,792	INFO	1	com.l2jserver.gameserver.model.entity.Siege	Siege of Gludio: Sun Aug 28 16:00:00 CLT 2022
2022.08.26 14:07:49,794	INFO	1	com.l2jserver.gameserver.model.entity.Siege	Siege of Dion: Sun Aug 28 16:00:00 CLT 2022
2022.08.26 14:07:49,794	INFO	1	com.l2jserver.gameserver.model.entity.Siege	Siege of Giran: Sun Aug 28 16:00:00 CLT 2022
2022.08.26 14:07:49,795	INFO	1	com.l2jserver.gameserver.model.entity.Siege	Siege of Oren: Sun Aug 28 16:00:00 CLT 2022
2022.08.26 14:07:49,795	INFO	1	com.l2jserver.gameserver.model.entity.Siege	Siege of Aden: Sun Aug 28 16:00:00 CLT 2022
2022.08.26 14:07:49,796	INFO	1	com.l2jserver.gameserver.model.entity.Siege	Siege of Innadril: Sun Aug 28 20:00:00 CLT 2022
2022.08.26 14:07:49,796	INFO	1	com.l2jserver.gameserver.model.entity.Siege	Siege of Goddard: Sun Aug 28 20:00:00 CLT 2022
2022.08.26 14:07:49,797	INFO	1	com.l2jserver.gameserver.model.entity.Siege	Siege of Rune: Sun Aug 28 20:00:00 CLT 2022
2022.08.26 14:07:49,798	INFO	1	com.l2jserver.gameserver.model.entity.Siege	Siege of Schuttgart: Sun Aug 28 20:00:00 CLT 2022
2022.08.26 14:07:49,857	INFO	1	com.l2jserver.gameserver.instancemanager.FortManager	FortManager: Loaded: 21 fortress
2022.08.26 14:07:49,918	INFO	1	com.l2jserver.util.data.xml.IXmlReader	SiegeScheduleData: Loaded: 2 siege schedulers.
2022.08.26 14:07:49,924	INFO	1	com.l2jserver.util.data.xml.IXmlReader	CastleManorManager: Loaded 258 seeds.
2022.08.26 14:07:49,935	INFO	1	com.l2jserver.util.data.xml.IXmlReader	CastleManorManager: Manor data loaded.
2022.08.26 14:07:49,938	INFO	1	com.l2jserver.gameserver.instancemanager.MercTicketManager	MercTicketManager: Loaded: 0 Mercenary Tickets
2022.08.26 14:07:49,938	INFO	1	com.l2jserver.gameserver.instancemanager.QuestManager	QuestManager: Loaded: 520 quests.
2022.08.26 14:07:49,939	INFO	1	com.l2jserver.gameserver.instancemanager.QuestManager	QuestManager: Loaded: 268 scripts.
2022.08.26 14:07:49,978	INFO	1	com.l2jserver.gameserver.SevenSignsFestival	SevenSignsFestival: Initialization bypassed due to Seal Validation in effect.
2022.08.26 14:07:49,984	INFO	1	com.l2jserver.gameserver.script.faenor.FaenorEventParser	Event ID: (Valentines Event) has passed... Ignored.
2022.08.26 14:07:49,985	INFO	1	com.l2jserver.gameserver.script.faenor.FaenorScriptEngine	FaenorScriptEngine: Loaded  Valentines.xml successfully.
2022.08.26 14:07:49,985	INFO	1	com.l2jserver.gameserver.GameServer	AutoSpawnHandler: Loaded 129 handlers in total.
2022.08.26 14:07:49,995	INFO	1	com.l2jserver.gameserver.taskmanager.TaskManager	TaskManager: Loaded: 13 Tasks
2022.08.26 14:07:49,997	INFO	1	com.l2jserver.gameserver.instancemanager.MailManager	MailManager: Successfully loaded 0 messages.
2022.08.26 14:07:50,001	INFO	1	com.l2jserver.gameserver.instancemanager.PunishmentManager	PunishmentManager: Loaded 0 active and 0 expired punishments.
2022.08.26 14:07:50,002	INFO	1	com.l2jserver.gameserver.GameServer	IdFactory: Free ObjectID's remaining: 1879002196
2022.08.26 14:07:50,003	INFO	1	com.l2jserver.gameserver.model.entity.TvTManager	TvTEventEngine[TvTManager.TvTManager()]: Engine is disabled.
2022.08.26 14:07:51,547	INFO	1	com.l2jserver.gameserver.GameServer	GameServer: Started, free memory 5552 Mb of 7282 Mb
2022.08.26 14:07:51,599	INFO	257	com.l2jserver.gameserver.LoginServerThread	Connecting to login on 127.0.0.1:9014
2022.08.26 14:07:51,833	INFO	1	com.l2jserver.gameserver.GameServer	GameServer: is now listening on: *:7777
2022.08.26 14:07:51,834	INFO	1	com.l2jserver.gameserver.GameServer	GameServer: Maximum numbers of connected players: 500
2022.08.26 14:07:51,835	INFO	1	com.l2jserver.gameserver.GameServer	GameServer: Server loaded in 42 seconds.
2022.08.26 14:07:51,835	INFO	1	com.l2jserver.gameserver.GameServer	----------------------------------------------------=[ UPnP ]
2022.08.26 14:07:51,837	INFO	1	com.l2jserver.UPnPService	Looking for UPnP Gateway Devices...
2022.08.26 14:07:51,913	INFO	257	com.l2jserver.gameserver.LoginServerThread	Registered on login as Server 1: Bartz
2022.08.26 14:08:01,184	INFO	1	com.l2jserver.UPnPService	No UPnP gateways found.
2022.08.26 14:08:01,184	INFO	1	com.l2jserver.gameserver.GameServer	GameServer: Telnet server is currently disabled.
2022.08.26 14:08:10,587	INFO	268	com.l2jserver.gameserver.model.actor.instance.L2PcInstance	Master access level set for character Waizatsu.
