2022.06.03 21:32:04,660	INFO	1	com.l2jserver.gameserver.GameServer	------------------------------------------------=[ Database ]
2022.06.03 21:32:04,754	INFO	1	com.l2jserver.gameserver.dao.factory.impl.DAOFactory	Using MySQL DAO Factory.
2022.06.03 21:32:04,754	INFO	1	com.l2jserver.commons.database.pool.impl.ConnectionFactory	Using HikariCP connection pool.
2022.06.03 21:32:04,754	INFO	1	com.l2jserver.gameserver.GameServer	GameServer: Used memory: 15MB.
2022.06.03 21:32:04,769	INFO	1	com.zaxxer.hikari.HikariDataSource	HikariPool-1 - Starting...
2022.06.03 21:32:05,016	INFO	1	com.zaxxer.hikari.HikariDataSource	HikariPool-1 - Start completed.
2022.06.03 21:32:05,031	INFO	1	com.l2jserver.gameserver.idfactory.BitSetIDFactory	Updated characters online status.
2022.06.03 21:32:05,250	INFO	1	com.l2jserver.gameserver.idfactory.BitSetIDFactory	Cleaned 0 elements from database in 0 s
2022.06.03 21:32:05,266	INFO	1	com.l2jserver.gameserver.idfactory.BitSetIDFactory	Cleaned 0 expired timestamps from database.
2022.06.03 21:32:05,281	INFO	1	com.l2jserver.gameserver.idfactory.BitSetIDFactory	BitSetIDFactory: 102912 id's available.
2022.06.03 21:32:05,281	INFO	1	com.l2jserver.gameserver.GameServer	-------------------------------------------------=[ Engines ]
2022.06.03 21:32:06,033	INFO	1	com.l2jserver.gameserver.scripting.L2ScriptEngineManager	Script Engine: Oracle Nashorn 1.8.0_331 - Language: ECMAScript - Language Version: ECMA - 262 Edition 5.1
2022.06.03 21:32:06,033	INFO	1	com.l2jserver.gameserver.scripting.L2ScriptEngineManager	Script Engine: java 1.8 - Language: java - Language Version: 1.8
2022.06.03 21:32:06,256	INFO	1	com.l2jserver.gameserver.scripting.L2ScriptEngineManager	Script Engine: jython 2.2.1 - Language: python - Language Version: 2.2.1
2022.06.03 21:32:06,303	INFO	1	com.l2jserver.gameserver.GameServer	---------------------------------------------------=[ World ]
2022.06.03 21:32:06,319	INFO	1	com.l2jserver.util.data.xml.IXmlReader	InstanceManager: Multiverse Instance created.
2022.06.03 21:32:06,319	INFO	1	com.l2jserver.util.data.xml.IXmlReader	InstanceManager: Universe Instance created.
2022.06.03 21:32:06,453	INFO	1	com.l2jserver.util.data.xml.IXmlReader	InstanceManager: Loaded 160 instance names.
2022.06.03 21:32:06,470	INFO	1	com.l2jserver.gameserver.model.L2World	L2World: (128 by 136) World Region Grid set up.
2022.06.03 21:32:06,614	INFO	1	com.l2jserver.util.data.xml.IXmlReader	MapRegionManager: Loaded 57 map regions.
2022.06.03 21:32:06,634	INFO	1	com.l2jserver.gameserver.instancemanager.GlobalVariablesManager	GlobalVariablesManager: Loaded 7 variables.
2022.06.03 21:32:06,634	INFO	1	com.l2jserver.gameserver.GameServer	----------------------------------------------------=[ Data ]
2022.06.03 21:32:06,657	INFO	1	com.l2jserver.util.data.xml.IXmlReader	CategoryData: Loaded 124 Categories.
2022.06.03 21:32:06,662	INFO	1	com.l2jserver.util.data.xml.IXmlReader	SecondaryAuthData: Loaded 328 forbidden passwords.
2022.06.03 21:32:06,662	INFO	1	com.l2jserver.gameserver.GameServer	-------------------------------------------------=[ Effects ]
2022.06.03 21:32:08,887	INFO	1	handlers.EffectMasterHandler	EffectMasterHandler: Loaded 160 effect handlers.
2022.06.03 21:32:08,887	INFO	1	com.l2jserver.gameserver.GameServer	------------------------------------=[ Enchant Skill Groups ]
2022.06.03 21:32:08,901	INFO	1	com.l2jserver.util.data.xml.IXmlReader	EnchantSkillGroupsData: Loaded 4 groups and 90 routes.
2022.06.03 21:32:08,901	INFO	1	com.l2jserver.gameserver.GameServer	---------------------------------------------=[ Skill Trees ]
2022.06.03 21:32:09,227	INFO	1	com.l2jserver.util.data.xml.IXmlReader	Loaded 17176 Class Skills for 103 Class Skill Trees.
2022.06.03 21:32:09,227	INFO	1	com.l2jserver.util.data.xml.IXmlReader	Loaded 76 Sub-Class Skills.
2022.06.03 21:32:09,228	INFO	1	com.l2jserver.util.data.xml.IXmlReader	Loaded 77 Transfer Skills for 3 Transfer Skill Trees.
2022.06.03 21:32:09,230	INFO	1	com.l2jserver.util.data.xml.IXmlReader	Loaded 117 Fishing Skills, 8 Dwarven only Fishing Skills.
2022.06.03 21:32:09,230	INFO	1	com.l2jserver.util.data.xml.IXmlReader	Loaded 3 Collect Skills.
2022.06.03 21:32:09,231	INFO	1	com.l2jserver.util.data.xml.IXmlReader	Loaded 74 Pledge Skills, 44 for Pledge and 30 Residential.
2022.06.03 21:32:09,231	INFO	1	com.l2jserver.util.data.xml.IXmlReader	Loaded 18 Sub-Pledge Skills.
2022.06.03 21:32:09,232	INFO	1	com.l2jserver.util.data.xml.IXmlReader	Loaded 32 Transform Skills.
2022.06.03 21:32:09,232	INFO	1	com.l2jserver.util.data.xml.IXmlReader	Loaded 8 Noble Skills.
2022.06.03 21:32:09,232	INFO	1	com.l2jserver.util.data.xml.IXmlReader	Loaded 5 Hero Skills.
2022.06.03 21:32:09,233	INFO	1	com.l2jserver.util.data.xml.IXmlReader	Loaded 46 Game Master Skills.
2022.06.03 21:32:09,233	INFO	1	com.l2jserver.util.data.xml.IXmlReader	Loaded 46 Game Master Aura Skills.
2022.06.03 21:32:09,234	INFO	1	com.l2jserver.gameserver.GameServer	--------------------------------------------------=[ Skills ]
2022.06.03 21:32:12,141	INFO	1	com.l2jserver.gameserver.engines.DocumentEngine	DocumentEngine: Loaded 65961 Skill templates from XML files.
2022.06.03 21:32:12,188	INFO	1	com.l2jserver.gameserver.data.sql.impl.SummonSkillsTable	SummonSkillsTable: Loaded 1891 skills.
2022.06.03 21:32:12,188	INFO	1	com.l2jserver.gameserver.GameServer	---------------------------------------------------=[ Items ]
2022.06.03 21:32:12,960	INFO	1	com.l2jserver.gameserver.datatables.ItemTable	ItemTable: Highest item id used:102036
2022.06.03 21:32:12,962	INFO	1	com.l2jserver.gameserver.datatables.ItemTable	ItemTable: Loaded: 11481 Etc Items
2022.06.03 21:32:12,962	INFO	1	com.l2jserver.gameserver.datatables.ItemTable	ItemTable: Loaded: 3928 Armor Items
2022.06.03 21:32:12,963	INFO	1	com.l2jserver.gameserver.datatables.ItemTable	ItemTable: Loaded: 4163 Weapon Items
2022.06.03 21:32:12,963	INFO	1	com.l2jserver.gameserver.datatables.ItemTable	ItemTable: Loaded: 19572 Items in total.
2022.06.03 21:32:12,968	INFO	1	com.l2jserver.util.data.xml.IXmlReader	EnchantItemGroupsData: Loaded: 4 item group templates.
2022.06.03 21:32:12,968	INFO	1	com.l2jserver.util.data.xml.IXmlReader	EnchantItemGroupsData: Loaded: 1 scroll group templates.
2022.06.03 21:32:12,975	INFO	1	com.l2jserver.util.data.xml.IXmlReader	EnchantItemData: Loaded 63 Enchant Scrolls.
2022.06.03 21:32:12,975	INFO	1	com.l2jserver.util.data.xml.IXmlReader	EnchantItemData: Loaded 20 Support Items.
2022.06.03 21:32:12,984	INFO	1	com.l2jserver.util.data.xml.IXmlReader	EnchantItemOptionsData: Loaded: 23 Items and 1093 Options.
2022.06.03 21:32:13,693	INFO	1	com.l2jserver.util.data.xml.IXmlReader	OptionData: Loaded: 24985 Options.
2022.06.03 21:32:13,702	INFO	1	com.l2jserver.util.data.xml.IXmlReader	EnchantItemHPBonusData: Loaded 6 Enchant HP Bonuses.
2022.06.03 21:32:13,705	INFO	1	com.l2jserver.gameserver.datatables.MerchantPriceConfigTable	MerchantPriceConfigTable: Loaded 28 merchant price configs.
2022.06.03 21:32:14,673	INFO	1	com.l2jserver.util.data.xml.IXmlReader	BuyListData: Loaded 760 BuyLists.
2022.06.03 21:32:15,056	INFO	1	com.l2jserver.util.data.xml.IXmlReader	MultisellData: Loaded 192 multisell lists.
2022.06.03 21:32:15,082	INFO	1	com.l2jserver.util.data.xml.IXmlReader	RecipeData: Loaded 1000 recipes.
2022.06.03 21:32:15,122	INFO	1	com.l2jserver.util.data.xml.IXmlReader	ArmorSetsData: Loaded 208 Armor sets.
2022.06.03 21:32:15,130	INFO	1	com.l2jserver.util.data.xml.IXmlReader	FishData: Loaded 278 Fish.
2022.06.03 21:32:15,132	INFO	1	com.l2jserver.util.data.xml.IXmlReader	FishingMonstersData: Loaded 8 Fishing Monsters.
2022.06.03 21:32:15,135	INFO	1	com.l2jserver.util.data.xml.IXmlReader	FishingRodsData: Loaded 6 Fishing Rods.
2022.06.03 21:32:15,154	INFO	1	com.l2jserver.util.data.xml.IXmlReader	HennaData: Loaded 180 Henna data.
2022.06.03 21:32:15,155	INFO	1	com.l2jserver.gameserver.GameServer	----------------------------------------------=[ Characters ]
2022.06.03 21:32:15,160	INFO	1	com.l2jserver.util.data.xml.IXmlReader	ClassListData: Loaded 107 Class data.
2022.06.03 21:32:15,164	INFO	1	com.l2jserver.util.data.xml.IXmlReader	InitialEquipmentData: Loaded 11 Initial Equipment data.
2022.06.03 21:32:15,169	INFO	1	com.l2jserver.util.data.xml.IXmlReader	InitialShortcutData: Loaded 5 Initial Global Shortcuts data.
2022.06.03 21:32:15,169	INFO	1	com.l2jserver.util.data.xml.IXmlReader	InitialShortcutData: Loaded 4 Initial Shortcuts data.
2022.06.03 21:32:15,169	INFO	1	com.l2jserver.util.data.xml.IXmlReader	InitialShortcutData: Loaded 0 Macros presets.
2022.06.03 21:32:15,200	INFO	1	com.l2jserver.util.data.xml.IXmlReader	KarmaData: Loaded 85 karma modifiers.
2022.06.03 21:32:15,203	INFO	1	com.l2jserver.util.data.xml.IXmlReader	HitConditionBonusData: Loaded Hit Condition bonuses.
2022.06.03 21:32:15,472	INFO	1	com.l2jserver.util.data.xml.IXmlReader	PlayerTemplateData: Loaded 103 character templates.
2022.06.03 21:32:15,472	INFO	1	com.l2jserver.util.data.xml.IXmlReader	PlayerTemplateData: Loaded 52530 level up gain records.
2022.06.03 21:32:15,472	INFO	1	com.l2jserver.util.data.xml.IXmlReader	PlayerCreationPointData: Loaded 62 character creation points.
2022.06.03 21:32:15,472	INFO	1	com.l2jserver.gameserver.data.sql.impl.CharNameTable	CharNameTable: Loaded 2 char names.
2022.06.03 21:32:15,488	INFO	1	com.l2jserver.util.data.xml.IXmlReader	AdminData: Loaded: 10 Access Levels.
2022.06.03 21:32:15,488	INFO	1	com.l2jserver.util.data.xml.IXmlReader	AdminData: Loaded: 444 Access Commands.
2022.06.03 21:32:15,488	INFO	1	com.l2jserver.gameserver.instancemanager.RaidBossPointsManager	RaidBossPointsManager: Loaded 2 Characters Raid Points.
2022.06.03 21:32:15,780	INFO	1	com.l2jserver.util.data.xml.IXmlReader	PetDataTable: Loaded 52 Pets.
2022.06.03 21:32:15,786	INFO	1	com.l2jserver.gameserver.GameServer	---------------------------------------------------=[ Clans ]
2022.06.03 21:32:15,794	INFO	1	com.l2jserver.gameserver.communitybbs.Manager.ForumsBBSManager	Loaded 5 forums. Last forum id used: 5
2022.06.03 21:32:15,800	INFO	1	com.l2jserver.gameserver.data.sql.impl.ClanTable	ClanTable: Restored 1 clans from the database.
2022.06.03 21:32:15,816	INFO	1	com.l2jserver.gameserver.instancemanager.CHSiegeManager	CHSiegeManager: Loaded 6 conquerable clan halls.
2022.06.03 21:32:15,879	INFO	1	com.l2jserver.gameserver.instancemanager.AuctionManager	AuctionManager: Loaded: 38 auction(s)
2022.06.03 21:32:15,879	INFO	1	com.l2jserver.gameserver.instancemanager.ClanHallManager	ClanHallManager: Loaded: 0 clan halls
2022.06.03 21:32:15,879	INFO	1	com.l2jserver.gameserver.instancemanager.ClanHallManager	ClanHallManager: Loaded: 38 free clan halls
2022.06.03 21:32:15,879	INFO	1	com.l2jserver.gameserver.GameServer	-------------------------------------------------=[ Geodata ]
2022.06.03 21:32:15,894	INFO	1	com.l2jserver.gameserver.GeoData	GeoData: Loading 11_23.l2j...
2022.06.03 21:32:15,910	INFO	1	com.l2jserver.gameserver.GeoData	GeoData: Loading 11_24.l2j...
2022.06.03 21:32:15,925	INFO	1	com.l2jserver.gameserver.GeoData	GeoData: Loading 11_25.l2j...
2022.06.03 21:32:15,941	INFO	1	com.l2jserver.gameserver.GeoData	GeoData: Loading 11_26.l2j...
2022.06.03 21:32:15,957	INFO	1	com.l2jserver.gameserver.GeoData	GeoData: Loading 12_23.l2j...
2022.06.03 21:32:15,957	INFO	1	com.l2jserver.gameserver.GeoData	GeoData: Loading 12_24.l2j...
2022.06.03 21:32:16,007	INFO	1	com.l2jserver.gameserver.GeoData	GeoData: Loading 12_25.l2j...
2022.06.03 21:32:16,068	INFO	1	com.l2jserver.gameserver.GeoData	GeoData: Loading 12_26.l2j...
2022.06.03 21:32:16,082	INFO	1	com.l2jserver.gameserver.GeoData	GeoData: Loading 13_21.l2j...
2022.06.03 21:32:16,085	INFO	1	com.l2jserver.gameserver.GeoData	GeoData: Loading 13_22.l2j...
2022.06.03 21:32:16,087	INFO	1	com.l2jserver.gameserver.GeoData	GeoData: Loading 13_23.l2j...
2022.06.03 21:32:16,131	INFO	1	com.l2jserver.gameserver.GeoData	GeoData: Loading 13_24.l2j...
2022.06.03 21:32:16,178	INFO	1	com.l2jserver.gameserver.GeoData	GeoData: Loading 13_25.l2j...
2022.06.03 21:32:16,225	INFO	1	com.l2jserver.gameserver.GeoData	GeoData: Loading 13_26.l2j...
2022.06.03 21:32:16,225	INFO	1	com.l2jserver.gameserver.GeoData	GeoData: Loading 14_21.l2j...
2022.06.03 21:32:16,225	INFO	1	com.l2jserver.gameserver.GeoData	GeoData: Loading 14_22.l2j...
2022.06.03 21:32:16,288	INFO	1	com.l2jserver.gameserver.GeoData	GeoData: Loading 14_23.l2j...
2022.06.03 21:32:16,406	INFO	1	com.l2jserver.gameserver.GeoData	GeoData: Loading 14_24.l2j...
2022.06.03 21:32:16,447	INFO	1	com.l2jserver.gameserver.GeoData	GeoData: Loading 14_25.l2j...
2022.06.03 21:32:16,519	INFO	1	com.l2jserver.gameserver.GeoData	GeoData: Loading 14_26.l2j...
2022.06.03 21:32:16,528	INFO	1	com.l2jserver.gameserver.GeoData	GeoData: Loading 15_10.l2j...
2022.06.03 21:32:16,536	INFO	1	com.l2jserver.gameserver.GeoData	GeoData: Loading 15_11.l2j...
2022.06.03 21:32:16,546	INFO	1	com.l2jserver.gameserver.GeoData	GeoData: Loading 15_12.l2j...
2022.06.03 21:32:16,557	INFO	1	com.l2jserver.gameserver.GeoData	GeoData: Loading 15_18.l2j...
2022.06.03 21:32:16,563	INFO	1	com.l2jserver.gameserver.GeoData	GeoData: Loading 15_19.l2j...
2022.06.03 21:32:16,575	INFO	1	com.l2jserver.gameserver.GeoData	GeoData: Loading 15_20.l2j...
2022.06.03 21:32:16,578	INFO	1	com.l2jserver.gameserver.GeoData	GeoData: Loading 15_21.l2j...
2022.06.03 21:32:16,580	INFO	1	com.l2jserver.gameserver.GeoData	GeoData: Loading 15_22.l2j...
2022.06.03 21:32:16,583	INFO	1	com.l2jserver.gameserver.GeoData	GeoData: Loading 15_23.l2j...
2022.06.03 21:32:16,587	INFO	1	com.l2jserver.gameserver.GeoData	GeoData: Loading 15_24.l2j...
2022.06.03 21:32:16,590	INFO	1	com.l2jserver.gameserver.GeoData	GeoData: Loading 15_25.l2j...
2022.06.03 21:32:16,597	INFO	1	com.l2jserver.gameserver.GeoData	GeoData: Loading 15_26.l2j...
2022.06.03 21:32:16,605	INFO	1	com.l2jserver.gameserver.GeoData	GeoData: Loading 16_10.l2j...
2022.06.03 21:32:16,665	INFO	1	com.l2jserver.gameserver.GeoData	GeoData: Loading 16_11.l2j...
2022.06.03 21:32:16,670	INFO	1	com.l2jserver.gameserver.GeoData	GeoData: Loading 16_12.l2j...
2022.06.03 21:32:16,677	INFO	1	com.l2jserver.gameserver.GeoData	GeoData: Loading 16_13.l2j...
2022.06.03 21:32:16,681	INFO	1	com.l2jserver.gameserver.GeoData	GeoData: Loading 16_14.l2j...
2022.06.03 21:32:16,699	INFO	1	com.l2jserver.gameserver.GeoData	GeoData: Loading 16_15.l2j...
2022.06.03 21:32:16,702	INFO	1	com.l2jserver.gameserver.GeoData	GeoData: Loading 16_16.l2j...
2022.06.03 21:32:16,704	INFO	1	com.l2jserver.gameserver.GeoData	GeoData: Loading 16_17.l2j...
2022.06.03 21:32:16,707	INFO	1	com.l2jserver.gameserver.GeoData	GeoData: Loading 16_18.l2j...
2022.06.03 21:32:16,714	INFO	1	com.l2jserver.gameserver.GeoData	GeoData: Loading 16_19.l2j...
2022.06.03 21:32:16,760	INFO	1	com.l2jserver.gameserver.GeoData	GeoData: Loading 16_20.l2j...
2022.06.03 21:32:16,819	INFO	1	com.l2jserver.gameserver.GeoData	GeoData: Loading 16_21.l2j...
2022.06.03 21:32:16,829	INFO	1	com.l2jserver.gameserver.GeoData	GeoData: Loading 16_22.l2j...
2022.06.03 21:32:16,831	INFO	1	com.l2jserver.gameserver.GeoData	GeoData: Loading 16_23.l2j...
2022.06.03 21:32:16,833	INFO	1	com.l2jserver.gameserver.GeoData	GeoData: Loading 16_24.l2j...
2022.06.03 21:32:16,857	INFO	1	com.l2jserver.gameserver.GeoData	GeoData: Loading 16_25.l2j...
2022.06.03 21:32:16,882	INFO	1	com.l2jserver.gameserver.GeoData	GeoData: Loading 16_26.l2j...
2022.06.03 21:32:16,885	INFO	1	com.l2jserver.gameserver.GeoData	GeoData: Loading 17_10.l2j...
2022.06.03 21:32:16,888	INFO	1	com.l2jserver.gameserver.GeoData	GeoData: Loading 17_11.l2j...
2022.06.03 21:32:16,892	INFO	1	com.l2jserver.gameserver.GeoData	GeoData: Loading 17_12.l2j...
2022.06.03 21:32:16,902	INFO	1	com.l2jserver.gameserver.GeoData	GeoData: Loading 17_13.l2j...
2022.06.03 21:32:16,907	INFO	1	com.l2jserver.gameserver.GeoData	GeoData: Loading 17_14.l2j...
2022.06.03 21:32:16,909	INFO	1	com.l2jserver.gameserver.GeoData	GeoData: Loading 17_15.l2j...
2022.06.03 21:32:16,933	INFO	1	com.l2jserver.gameserver.GeoData	GeoData: Loading 17_16.l2j...
2022.06.03 21:32:16,964	INFO	1	com.l2jserver.gameserver.GeoData	GeoData: Loading 17_17.l2j...
2022.06.03 21:32:16,979	INFO	1	com.l2jserver.gameserver.GeoData	GeoData: Loading 17_18.l2j...
2022.06.03 21:32:16,995	INFO	1	com.l2jserver.gameserver.GeoData	GeoData: Loading 17_19.l2j...
2022.06.03 21:32:17,045	INFO	1	com.l2jserver.gameserver.GeoData	GeoData: Loading 17_20.l2j...
2022.06.03 21:32:17,090	INFO	1	com.l2jserver.gameserver.GeoData	GeoData: Loading 17_21.l2j...
2022.06.03 21:32:17,116	INFO	1	com.l2jserver.gameserver.GeoData	GeoData: Loading 17_22.l2j...
2022.06.03 21:32:17,163	INFO	1	com.l2jserver.gameserver.GeoData	GeoData: Loading 17_23.l2j...
2022.06.03 21:32:17,178	INFO	1	com.l2jserver.gameserver.GeoData	GeoData: Loading 17_24.l2j...
2022.06.03 21:32:17,194	INFO	1	com.l2jserver.gameserver.GeoData	GeoData: Loading 17_25.l2j...
2022.06.03 21:32:17,241	INFO	1	com.l2jserver.gameserver.GeoData	GeoData: Loading 17_26.l2j...
2022.06.03 21:32:17,247	INFO	1	com.l2jserver.gameserver.GeoData	GeoData: Loading 18_10.l2j...
2022.06.03 21:32:17,269	INFO	1	com.l2jserver.gameserver.GeoData	GeoData: Loading 18_11.l2j...
2022.06.03 21:32:17,273	INFO	1	com.l2jserver.gameserver.GeoData	GeoData: Loading 18_12.l2j...
2022.06.03 21:32:17,280	INFO	1	com.l2jserver.gameserver.GeoData	GeoData: Loading 18_13.l2j...
2022.06.03 21:32:17,282	INFO	1	com.l2jserver.gameserver.GeoData	GeoData: Loading 18_14.l2j...
2022.06.03 21:32:17,326	INFO	1	com.l2jserver.gameserver.GeoData	GeoData: Loading 18_15.l2j...
2022.06.03 21:32:17,373	INFO	1	com.l2jserver.gameserver.GeoData	GeoData: Loading 18_16.l2j...
2022.06.03 21:32:17,403	INFO	1	com.l2jserver.gameserver.GeoData	GeoData: Loading 18_17.l2j...
2022.06.03 21:32:17,405	INFO	1	com.l2jserver.gameserver.GeoData	GeoData: Loading 18_18.l2j...
2022.06.03 21:32:17,408	INFO	1	com.l2jserver.gameserver.GeoData	GeoData: Loading 18_19.l2j...
2022.06.03 21:32:17,462	INFO	1	com.l2jserver.gameserver.GeoData	GeoData: Loading 18_20.l2j...
2022.06.03 21:32:17,500	INFO	1	com.l2jserver.gameserver.GeoData	GeoData: Loading 18_21.l2j...
2022.06.03 21:32:17,547	INFO	1	com.l2jserver.gameserver.GeoData	GeoData: Loading 18_22.l2j...
2022.06.03 21:32:17,579	INFO	1	com.l2jserver.gameserver.GeoData	GeoData: Loading 18_23.l2j...
2022.06.03 21:32:17,610	INFO	1	com.l2jserver.gameserver.GeoData	GeoData: Loading 18_24.l2j...
2022.06.03 21:32:17,657	INFO	1	com.l2jserver.gameserver.GeoData	GeoData: Loading 18_25.l2j...
2022.06.03 21:32:17,672	INFO	1	com.l2jserver.gameserver.GeoData	GeoData: Loading 18_26.l2j...
2022.06.03 21:32:17,672	INFO	1	com.l2jserver.gameserver.GeoData	GeoData: Loading 19_10.l2j...
2022.06.03 21:32:17,688	INFO	1	com.l2jserver.gameserver.GeoData	GeoData: Loading 19_11.l2j...
2022.06.03 21:32:17,704	INFO	1	com.l2jserver.gameserver.GeoData	GeoData: Loading 19_12.l2j...
2022.06.03 21:32:17,709	INFO	1	com.l2jserver.gameserver.GeoData	GeoData: Loading 19_13.l2j...
2022.06.03 21:32:17,747	INFO	1	com.l2jserver.gameserver.GeoData	GeoData: Loading 19_14.l2j...
2022.06.03 21:32:17,788	INFO	1	com.l2jserver.gameserver.GeoData	GeoData: Loading 19_15.l2j...
2022.06.03 21:32:17,847	INFO	1	com.l2jserver.gameserver.GeoData	GeoData: Loading 19_16.l2j...
2022.06.03 21:32:17,873	INFO	1	com.l2jserver.gameserver.GeoData	GeoData: Loading 19_17.l2j...
2022.06.03 21:32:17,882	INFO	1	com.l2jserver.gameserver.GeoData	GeoData: Loading 19_18.l2j...
2022.06.03 21:32:17,916	INFO	1	com.l2jserver.gameserver.GeoData	GeoData: Loading 19_19.l2j...
2022.06.03 21:32:17,978	INFO	1	com.l2jserver.gameserver.GeoData	GeoData: Loading 19_20.l2j...
2022.06.03 21:32:18,044	INFO	1	com.l2jserver.gameserver.GeoData	GeoData: Loading 19_21.l2j...
2022.06.03 21:32:18,099	INFO	1	com.l2jserver.gameserver.GeoData	GeoData: Loading 19_22.l2j...
2022.06.03 21:32:18,143	INFO	1	com.l2jserver.gameserver.GeoData	GeoData: Loading 19_23.l2j...
2022.06.03 21:32:19,304	INFO	1	com.l2jserver.gameserver.GeoData	GeoData: Loading 19_24.l2j...
2022.06.03 21:32:19,324	INFO	1	com.l2jserver.gameserver.GeoData	GeoData: Loading 19_25.l2j...
2022.06.03 21:32:19,370	INFO	1	com.l2jserver.gameserver.GeoData	GeoData: Loading 19_26.l2j...
2022.06.03 21:32:19,396	INFO	1	com.l2jserver.gameserver.GeoData	GeoData: Loading 20_10.l2j...
2022.06.03 21:32:19,400	INFO	1	com.l2jserver.gameserver.GeoData	GeoData: Loading 20_11.l2j...
2022.06.03 21:32:19,400	INFO	1	com.l2jserver.gameserver.GeoData	GeoData: Loading 20_12.l2j...
2022.06.03 21:32:19,416	INFO	1	com.l2jserver.gameserver.GeoData	GeoData: Loading 20_13.l2j...
2022.06.03 21:32:19,431	INFO	1	com.l2jserver.gameserver.GeoData	GeoData: Loading 20_14.l2j...
2022.06.03 21:32:19,478	INFO	1	com.l2jserver.gameserver.GeoData	GeoData: Loading 20_15.l2j...
2022.06.03 21:32:19,512	INFO	1	com.l2jserver.gameserver.GeoData	GeoData: Loading 20_16.l2j...
2022.06.03 21:32:19,540	INFO	1	com.l2jserver.gameserver.GeoData	GeoData: Loading 20_17.l2j...
2022.06.03 21:32:19,592	INFO	1	com.l2jserver.gameserver.GeoData	GeoData: Loading 20_18.l2j...
2022.06.03 21:32:19,629	INFO	1	com.l2jserver.gameserver.GeoData	GeoData: Loading 20_19.l2j...
2022.06.03 21:32:19,667	INFO	1	com.l2jserver.gameserver.GeoData	GeoData: Loading 20_20.l2j...
2022.06.03 21:32:19,716	INFO	1	com.l2jserver.gameserver.GeoData	GeoData: Loading 20_21.l2j...
2022.06.03 21:32:19,798	INFO	1	com.l2jserver.gameserver.GeoData	GeoData: Loading 20_22.l2j...
2022.06.03 21:32:19,834	INFO	1	com.l2jserver.gameserver.GeoData	GeoData: Loading 20_23.l2j...
2022.06.03 21:32:19,887	INFO	1	com.l2jserver.gameserver.GeoData	GeoData: Loading 20_24.l2j...
2022.06.03 21:32:19,896	INFO	1	com.l2jserver.gameserver.GeoData	GeoData: Loading 20_25.l2j...
2022.06.03 21:32:19,940	INFO	1	com.l2jserver.gameserver.GeoData	GeoData: Loading 20_26.l2j...
2022.06.03 21:32:19,946	INFO	1	com.l2jserver.gameserver.GeoData	GeoData: Loading 21_10.l2j...
2022.06.03 21:32:19,956	INFO	1	com.l2jserver.gameserver.GeoData	GeoData: Loading 21_11.l2j...
2022.06.03 21:32:19,959	INFO	1	com.l2jserver.gameserver.GeoData	GeoData: Loading 21_12.l2j...
2022.06.03 21:32:19,962	INFO	1	com.l2jserver.gameserver.GeoData	GeoData: Loading 21_13.l2j...
2022.06.03 21:32:19,964	INFO	1	com.l2jserver.gameserver.GeoData	GeoData: Loading 21_14.l2j...
2022.06.03 21:32:20,031	INFO	1	com.l2jserver.gameserver.GeoData	GeoData: Loading 21_15.l2j...
2022.06.03 21:32:20,062	INFO	1	com.l2jserver.gameserver.GeoData	GeoData: Loading 21_16.l2j...
2022.06.03 21:32:20,124	INFO	1	com.l2jserver.gameserver.GeoData	GeoData: Loading 21_17.l2j...
2022.06.03 21:32:20,136	INFO	1	com.l2jserver.gameserver.GeoData	GeoData: Loading 21_18.l2j...
2022.06.03 21:32:20,189	INFO	1	com.l2jserver.gameserver.GeoData	GeoData: Loading 21_19.l2j...
2022.06.03 21:32:20,232	INFO	1	com.l2jserver.gameserver.GeoData	GeoData: Loading 21_20.l2j...
2022.06.03 21:32:20,277	INFO	1	com.l2jserver.gameserver.GeoData	GeoData: Loading 21_21.l2j...
2022.06.03 21:32:20,347	INFO	1	com.l2jserver.gameserver.GeoData	GeoData: Loading 21_22.l2j...
2022.06.03 21:32:20,381	INFO	1	com.l2jserver.gameserver.GeoData	GeoData: Loading 21_23.l2j...
2022.06.03 21:32:20,427	INFO	1	com.l2jserver.gameserver.GeoData	GeoData: Loading 21_24.l2j...
2022.06.03 21:32:20,465	INFO	1	com.l2jserver.gameserver.GeoData	GeoData: Loading 21_25.l2j...
2022.06.03 21:32:20,469	INFO	1	com.l2jserver.gameserver.GeoData	GeoData: Loading 22_10.l2j...
2022.06.03 21:32:20,475	INFO	1	com.l2jserver.gameserver.GeoData	GeoData: Loading 22_11.l2j...
2022.06.03 21:32:20,500	INFO	1	com.l2jserver.gameserver.GeoData	GeoData: Loading 22_12.l2j...
2022.06.03 21:32:20,516	INFO	1	com.l2jserver.gameserver.GeoData	GeoData: Loading 22_13.l2j...
2022.06.03 21:32:20,548	INFO	1	com.l2jserver.gameserver.GeoData	GeoData: Loading 22_14.l2j...
2022.06.03 21:32:20,619	INFO	1	com.l2jserver.gameserver.GeoData	GeoData: Loading 22_15.l2j...
2022.06.03 21:32:20,672	INFO	1	com.l2jserver.gameserver.GeoData	GeoData: Loading 22_16.l2j...
2022.06.03 21:32:20,700	INFO	1	com.l2jserver.gameserver.GeoData	GeoData: Loading 22_17.l2j...
2022.06.03 21:32:20,747	INFO	1	com.l2jserver.gameserver.GeoData	GeoData: Loading 22_18.l2j...
2022.06.03 21:32:20,778	INFO	1	com.l2jserver.gameserver.GeoData	GeoData: Loading 22_19.l2j...
2022.06.03 21:32:20,841	INFO	1	com.l2jserver.gameserver.GeoData	GeoData: Loading 22_20.l2j...
2022.06.03 21:32:20,856	INFO	1	com.l2jserver.gameserver.GeoData	GeoData: Loading 22_21.l2j...
2022.06.03 21:32:20,904	INFO	1	com.l2jserver.gameserver.GeoData	GeoData: Loading 22_22.l2j...
2022.06.03 21:32:20,934	INFO	1	com.l2jserver.gameserver.GeoData	GeoData: Loading 22_23.l2j...
2022.06.03 21:32:20,999	INFO	1	com.l2jserver.gameserver.GeoData	GeoData: Loading 22_24.l2j...
2022.06.03 21:32:21,026	INFO	1	com.l2jserver.gameserver.GeoData	GeoData: Loading 22_25.l2j...
2022.06.03 21:32:21,072	INFO	1	com.l2jserver.gameserver.GeoData	GeoData: Loading 22_26.l2j...
2022.06.03 21:32:21,075	INFO	1	com.l2jserver.gameserver.GeoData	GeoData: Loading 23_10.l2j...
2022.06.03 21:32:21,079	INFO	1	com.l2jserver.gameserver.GeoData	GeoData: Loading 23_11.l2j...
2022.06.03 21:32:21,099	INFO	1	com.l2jserver.gameserver.GeoData	GeoData: Loading 23_12.l2j...
2022.06.03 21:32:21,147	INFO	1	com.l2jserver.gameserver.GeoData	GeoData: Loading 23_13.l2j...
2022.06.03 21:32:21,194	INFO	1	com.l2jserver.gameserver.GeoData	GeoData: Loading 23_14.l2j...
2022.06.03 21:32:21,257	INFO	1	com.l2jserver.gameserver.GeoData	GeoData: Loading 23_15.l2j...
2022.06.03 21:32:21,344	INFO	1	com.l2jserver.gameserver.GeoData	GeoData: Loading 23_16.l2j...
2022.06.03 21:32:21,378	INFO	1	com.l2jserver.gameserver.GeoData	GeoData: Loading 23_17.l2j...
2022.06.03 21:32:21,406	INFO	1	com.l2jserver.gameserver.GeoData	GeoData: Loading 23_18.l2j...
2022.06.03 21:32:21,452	INFO	1	com.l2jserver.gameserver.GeoData	GeoData: Loading 23_19.l2j...
2022.06.03 21:32:21,503	INFO	1	com.l2jserver.gameserver.GeoData	GeoData: Loading 23_20.l2j...
2022.06.03 21:32:21,569	INFO	1	com.l2jserver.gameserver.GeoData	GeoData: Loading 23_21.l2j...
2022.06.03 21:32:21,600	INFO	1	com.l2jserver.gameserver.GeoData	GeoData: Loading 23_22.l2j...
2022.06.03 21:32:21,630	INFO	1	com.l2jserver.gameserver.GeoData	GeoData: Loading 23_23.l2j...
2022.06.03 21:32:21,658	INFO	1	com.l2jserver.gameserver.GeoData	GeoData: Loading 23_24.l2j...
2022.06.03 21:32:21,826	INFO	1	com.l2jserver.gameserver.GeoData	GeoData: Loading 23_25.l2j...
2022.06.03 21:32:21,865	INFO	1	com.l2jserver.gameserver.GeoData	GeoData: Loading 23_26.l2j...
2022.06.03 21:32:21,869	INFO	1	com.l2jserver.gameserver.GeoData	GeoData: Loading 24_10.l2j...
2022.06.03 21:32:21,872	INFO	1	com.l2jserver.gameserver.GeoData	GeoData: Loading 24_11.l2j...
2022.06.03 21:32:21,907	INFO	1	com.l2jserver.gameserver.GeoData	GeoData: Loading 24_12.l2j...
2022.06.03 21:32:21,971	INFO	1	com.l2jserver.gameserver.GeoData	GeoData: Loading 24_13.l2j...
2022.06.03 21:32:22,000	INFO	1	com.l2jserver.gameserver.GeoData	GeoData: Loading 24_14.l2j...
2022.06.03 21:32:22,032	INFO	1	com.l2jserver.gameserver.GeoData	GeoData: Loading 24_15.l2j...
2022.06.03 21:32:22,063	INFO	1	com.l2jserver.gameserver.GeoData	GeoData: Loading 24_16.l2j...
2022.06.03 21:32:22,125	INFO	1	com.l2jserver.gameserver.GeoData	GeoData: Loading 24_17.l2j...
2022.06.03 21:32:22,172	INFO	1	com.l2jserver.gameserver.GeoData	GeoData: Loading 24_18.l2j...
2022.06.03 21:32:22,224	INFO	1	com.l2jserver.gameserver.GeoData	GeoData: Loading 24_19.l2j...
2022.06.03 21:32:22,248	INFO	1	com.l2jserver.gameserver.GeoData	GeoData: Loading 24_20.l2j...
2022.06.03 21:32:22,287	INFO	1	com.l2jserver.gameserver.GeoData	GeoData: Loading 24_21.l2j...
2022.06.03 21:32:22,322	INFO	1	com.l2jserver.gameserver.GeoData	GeoData: Loading 24_22.l2j...
2022.06.03 21:32:22,361	INFO	1	com.l2jserver.gameserver.GeoData	GeoData: Loading 24_23.l2j...
2022.06.03 21:32:22,398	INFO	1	com.l2jserver.gameserver.GeoData	GeoData: Loading 24_24.l2j...
2022.06.03 21:32:22,413	INFO	1	com.l2jserver.gameserver.GeoData	GeoData: Loading 24_25.l2j...
2022.06.03 21:32:22,416	INFO	1	com.l2jserver.gameserver.GeoData	GeoData: Loading 24_26.l2j...
2022.06.03 21:32:22,419	INFO	1	com.l2jserver.gameserver.GeoData	GeoData: Loading 25_10.l2j...
2022.06.03 21:32:22,421	INFO	1	com.l2jserver.gameserver.GeoData	GeoData: Loading 25_11.l2j...
2022.06.03 21:32:22,446	INFO	1	com.l2jserver.gameserver.GeoData	GeoData: Loading 25_12.l2j...
2022.06.03 21:32:22,504	INFO	1	com.l2jserver.gameserver.GeoData	GeoData: Loading 25_14.l2j...
2022.06.03 21:32:22,571	INFO	1	com.l2jserver.gameserver.GeoData	GeoData: Loading 25_15.l2j...
2022.06.03 21:32:22,600	INFO	1	com.l2jserver.gameserver.GeoData	GeoData: Loading 25_16.l2j...
2022.06.03 21:32:22,647	INFO	1	com.l2jserver.gameserver.GeoData	GeoData: Loading 25_17.l2j...
2022.06.03 21:32:22,678	INFO	1	com.l2jserver.gameserver.GeoData	GeoData: Loading 25_18.l2j...
2022.06.03 21:32:22,734	INFO	1	com.l2jserver.gameserver.GeoData	GeoData: Loading 25_19.l2j...
2022.06.03 21:32:22,779	INFO	1	com.l2jserver.gameserver.GeoData	GeoData: Loading 25_20.l2j...
2022.06.03 21:32:22,807	INFO	1	com.l2jserver.gameserver.GeoData	GeoData: Loading 25_21.l2j...
2022.06.03 21:32:22,814	INFO	1	com.l2jserver.gameserver.GeoData	GeoData: Loading 25_22.l2j...
2022.06.03 21:32:22,817	INFO	1	com.l2jserver.gameserver.GeoData	GeoData: Loading 25_23.l2j...
2022.06.03 21:32:22,825	INFO	1	com.l2jserver.gameserver.GeoData	GeoData: Loading 25_24.l2j...
2022.06.03 21:32:22,829	INFO	1	com.l2jserver.gameserver.GeoData	GeoData: Loading 26_11.l2j...
2022.06.03 21:32:22,837	INFO	1	com.l2jserver.gameserver.GeoData	GeoData: Loading 26_12.l2j...
2022.06.03 21:32:22,853	INFO	1	com.l2jserver.gameserver.GeoData	GeoData: Loading 26_14.l2j...
2022.06.03 21:32:22,866	INFO	1	com.l2jserver.gameserver.GeoData	GeoData: Loading 26_15.l2j...
2022.06.03 21:32:22,870	INFO	1	com.l2jserver.gameserver.GeoData	GeoData: Loading 26_16.l2j...
2022.06.03 21:32:22,872	INFO	1	com.l2jserver.gameserver.GeoData	GeoData: Loaded 203 regions.
2022.06.03 21:32:22,872	INFO	1	com.l2jserver.gameserver.GameServer	----------------------------------------------------=[ NPCs ]
2022.06.03 21:32:22,877	INFO	1	com.l2jserver.util.data.xml.IXmlReader	SkillLearnData: Loaded 256 Skill Learn data.
2022.06.03 21:32:22,884	INFO	1	com.l2jserver.util.data.xml.IXmlReader	MinionData: Loaded 128 minions data.
2022.06.03 21:32:26,523	INFO	1	com.l2jserver.util.data.xml.IXmlReader	NpcData: Loaded 10461 NPCs.
2022.06.03 21:32:26,968	INFO	1	com.l2jserver.util.data.xml.IXmlReader	WalkingManager: Loaded 123 walking routes.
2022.06.03 21:32:26,992	INFO	1	com.l2jserver.util.data.xml.IXmlReader	StaticObjectData: Loaded 51 static object templates.
2022.06.03 21:32:27,110	INFO	1	com.l2jserver.gameserver.instancemanager.GrandBossManager	GrandBossManager: Queen Ant(29001) status is 0.
2022.06.03 21:32:27,110	INFO	1	com.l2jserver.gameserver.instancemanager.GrandBossManager	GrandBossManager: Core(29006) status is 0.
2022.06.03 21:32:27,110	INFO	1	com.l2jserver.gameserver.instancemanager.GrandBossManager	GrandBossManager: Orfen(29014) status is 0.
2022.06.03 21:32:27,125	INFO	1	com.l2jserver.gameserver.instancemanager.GrandBossManager	GrandBossManager: Baium(29020) status is 0.
2022.06.03 21:32:27,125	INFO	1	com.l2jserver.gameserver.instancemanager.GrandBossManager	GrandBossManager: Valakas(29028) status is 0.
2022.06.03 21:32:27,125	INFO	1	com.l2jserver.gameserver.instancemanager.GrandBossManager	GrandBossManager: Antharas(29068) status is 0.
2022.06.03 21:32:27,125	INFO	1	com.l2jserver.gameserver.instancemanager.GrandBossManager	GrandBossManager: Beleth(29118) status is 0.
2022.06.03 21:32:27,125	INFO	1	com.l2jserver.gameserver.instancemanager.GrandBossManager	GrandBossManager: Loaded 7 Instances
2022.06.03 21:32:27,358	INFO	1	com.l2jserver.util.data.xml.IXmlReader	DoorData: Loaded 1301 Door templates for 22 regions.
2022.06.03 21:32:28,357	INFO	1	com.l2jserver.util.data.xml.IXmlReader	ZoneManager: Loaded 28 zone classes and 2793 zones.
2022.06.03 21:32:28,357	INFO	1	com.l2jserver.util.data.xml.IXmlReader	ZoneManager: Loaded 0 NPC spawn territoriers.
2022.06.03 21:32:28,377	INFO	1	com.l2jserver.gameserver.instancemanager.CastleManager	CastleManager: Loaded: 9 castles
2022.06.03 21:32:28,381	INFO	1	com.l2jserver.gameserver.data.sql.impl.NpcBufferTable	NpcBufferTable: Loaded 1 buffers and 10 skills.
2022.06.03 21:32:28,385	INFO	1	com.l2jserver.gameserver.instancemanager.GrandBossManager	GrandBossManager: Initialized 12 Grand Boss Zones
2022.06.03 21:32:28,386	INFO	1	com.l2jserver.gameserver.GameServer	-----------------------------------------=[ Auction Manager ]
2022.06.03 21:32:28,398	INFO	1	com.l2jserver.gameserver.model.itemauction.ItemAuctionInstance	Clearing expired auction ID 9.
2022.06.03 21:32:28,400	INFO	1	com.l2jserver.gameserver.model.itemauction.ItemAuctionInstance	Loaded 82 item(s) and registered 1 auction(s) for NPC ID 32320.
2022.06.03 21:32:28,400	INFO	1	com.l2jserver.gameserver.model.itemauction.ItemAuctionInstance	Schedule current auction ID 12 for NPC ID 32320.
2022.06.03 21:32:28,400	INFO	1	com.l2jserver.gameserver.model.itemauction.ItemAuctionInstance	Clearing expired auction ID 8.
2022.06.03 21:32:28,400	INFO	27	com.l2jserver.gameserver.model.itemauction.ItemAuctionInstance$ScheduleAuctionTask	Auction ID 12 has started for NPC ID 32320.
2022.06.03 21:32:28,400	INFO	1	com.l2jserver.gameserver.model.itemauction.ItemAuctionInstance	Clearing expired auction ID 11.
2022.06.03 21:32:28,400	INFO	27	com.l2jserver.gameserver.model.itemauction.ItemAuctionInstance	Schedule current auction ID 12 for NPC ID 32320.
2022.06.03 21:32:28,416	INFO	1	com.l2jserver.gameserver.model.itemauction.ItemAuctionInstance	Loaded 82 item(s) and registered 1 auction(s) for NPC ID 32321.
2022.06.03 21:32:28,416	INFO	1	com.l2jserver.gameserver.model.itemauction.ItemAuctionInstance	Schedule current auction ID 13 for NPC ID 32321.
2022.06.03 21:32:28,416	INFO	15	com.l2jserver.gameserver.model.itemauction.ItemAuctionInstance$ScheduleAuctionTask	Auction ID 13 has started for NPC ID 32321.
2022.06.03 21:32:28,416	INFO	15	com.l2jserver.gameserver.model.itemauction.ItemAuctionInstance	Schedule current auction ID 13 for NPC ID 32321.
2022.06.03 21:32:28,416	INFO	1	com.l2jserver.gameserver.model.itemauction.ItemAuctionInstance	Clearing expired auction ID 10.
2022.06.03 21:32:28,416	INFO	1	com.l2jserver.gameserver.model.itemauction.ItemAuctionInstance	Loaded 82 item(s) and registered 1 auction(s) for NPC ID 32322.
2022.06.03 21:32:28,416	INFO	1	com.l2jserver.gameserver.model.itemauction.ItemAuctionInstance	Schedule current auction ID 14 for NPC ID 32322.
2022.06.03 21:32:28,416	INFO	1	com.l2jserver.gameserver.instancemanager.ItemAuctionManager	Loaded 3 auction manager instance(s).
2022.06.03 21:32:28,416	INFO	1	com.l2jserver.gameserver.GameServer	------------------------------------------------=[ Olympiad ]
2022.06.03 21:32:28,416	INFO	28	com.l2jserver.gameserver.model.itemauction.ItemAuctionInstance$ScheduleAuctionTask	Auction ID 14 has started for NPC ID 32322.
2022.06.03 21:32:28,416	INFO	28	com.l2jserver.gameserver.model.itemauction.ItemAuctionInstance	Schedule current auction ID 14 for NPC ID 32322.
2022.06.03 21:32:28,557	INFO	26	com.l2jserver.gameserver.model.itemauction.ItemAuctionInstance	Auction ID 12 has finished. There have not been any bid for instance ID 32320.
2022.06.03 21:32:28,557	INFO	30	com.l2jserver.gameserver.model.itemauction.ItemAuctionInstance	Auction ID 14 has finished. There have not been any bid for instance ID 32322.
2022.06.03 21:32:28,557	INFO	24	com.l2jserver.gameserver.model.itemauction.ItemAuctionInstance	Auction ID 13 has finished. There have not been any bid for instance ID 32321.
2022.06.03 21:32:28,557	INFO	26	com.l2jserver.gameserver.model.itemauction.ItemAuctionInstance	Schedule next auction ID 15 on 17:00:00 10.06.22 for NPC ID 32320.
2022.06.03 21:32:28,557	INFO	30	com.l2jserver.gameserver.model.itemauction.ItemAuctionInstance	Schedule next auction ID 17 on 17:00:00 08.06.22 for NPC ID 32322.
2022.06.03 21:32:28,557	INFO	24	com.l2jserver.gameserver.model.itemauction.ItemAuctionInstance	Schedule next auction ID 16 on 17:00:00 06.06.22 for NPC ID 32321.
2022.06.03 21:32:28,557	INFO	1	com.l2jserver.gameserver.model.olympiad.Olympiad	Olympiad System: Loading Olympiad System....
2022.06.03 21:32:28,557	INFO	1	com.l2jserver.gameserver.model.olympiad.Olympiad	Olympiad System: Currently in Olympiad Period
2022.06.03 21:32:28,557	INFO	1	com.l2jserver.gameserver.model.olympiad.Olympiad	Olympiad System: 39747 minutes until period ends
2022.06.03 21:32:28,557	INFO	1	com.l2jserver.gameserver.model.olympiad.Olympiad	Olympiad System: Next weekly change is in 10080 minutes
2022.06.03 21:32:28,557	INFO	1	com.l2jserver.gameserver.model.olympiad.Olympiad	Olympiad System: Loaded 0 Nobles
2022.06.03 21:32:28,572	INFO	1	com.l2jserver.gameserver.model.olympiad.Olympiad	Olympiad System: Competition Period Starts in 0 days, 0 hours and 0 mins.
2022.06.03 21:32:28,588	INFO	1	com.l2jserver.gameserver.model.olympiad.Olympiad	Olympiad System: Event starts/started : Fri Jun 03 18:00:28 CLT 2022
2022.06.03 21:32:28,588	INFO	1	com.l2jserver.gameserver.model.entity.Hero	Hero System: Loaded 0 Heroes.
2022.06.03 21:32:28,588	INFO	1	com.l2jserver.gameserver.model.entity.Hero	Hero System: Loaded 0 all time Heroes.
2022.06.03 21:32:28,588	INFO	1	com.l2jserver.gameserver.GameServer	---------------------------------------------=[ Seven Signs ]
2022.06.03 21:32:28,604	INFO	20	com.l2jserver.gameserver.model.olympiad.Olympiad	Olympiad System: Olympiad Game Started
2022.06.03 21:32:28,607	INFO	1	com.l2jserver.gameserver.SevenSigns	SevenSigns: Currently in the Competition (Quest Event) period.
2022.06.03 21:32:28,608	INFO	1	com.l2jserver.gameserver.SevenSigns	SevenSigns: The Seal of Avarice remains unclaimed.
2022.06.03 21:32:28,608	INFO	1	com.l2jserver.gameserver.SevenSigns	SevenSigns: The Seal of Gnosis remains unclaimed.
2022.06.03 21:32:28,609	INFO	1	com.l2jserver.gameserver.SevenSigns	SevenSigns: The Seal of Strife remains unclaimed.
2022.06.03 21:32:28,612	INFO	1	com.l2jserver.gameserver.SevenSigns	SevenSigns: The competition, if the current trend continues, will end in a tie this week.
2022.06.03 21:32:28,613	INFO	1	com.l2jserver.gameserver.SevenSigns	SevenSigns: Next period change was in the past (server was offline), changing periods now!
2022.06.03 21:32:28,614	INFO	1	com.l2jserver.gameserver.SevenSigns	SevenSigns: Next period begins in 0 days, 0 hours and 0 mins.
2022.06.03 21:32:28,614	INFO	20	com.l2jserver.gameserver.model.olympiad.OlympiadGameManager	Olympiad System: Loaded 160 stadiums.
2022.06.03 21:32:28,614	INFO	1	com.l2jserver.gameserver.GameServer	---------------------------------------------------=[ Cache ]
2022.06.03 21:32:28,616	INFO	1	com.l2jserver.gameserver.cache.HtmCache	Cache[HTML]: Running lazy cache
2022.06.03 21:32:28,625	INFO	16	com.l2jserver.gameserver.SevenSignsFestival	SevenSignsFestival: The first Festival of Darkness cycle begins in 2 minute(s).
2022.06.03 21:32:28,629	INFO	1	com.l2jserver.gameserver.data.sql.impl.CrestTable	CrestTable: Loaded 2 Crests.
2022.06.03 21:32:28,639	INFO	1	com.l2jserver.gameserver.data.sql.impl.TeleportLocationTable	TeleportLocationTable: Loaded 957 Teleport Location Templates.
2022.06.03 21:32:28,645	INFO	1	com.l2jserver.util.data.xml.IXmlReader	UIData: Loaded 4 keys 5 categories.
2022.06.03 21:32:28,678	INFO	16	com.l2jserver.gameserver.SevenSigns	SevenSigns: The Quest Event Results period has begun!
2022.06.03 21:32:28,679	INFO	16	com.l2jserver.gameserver.SevenSigns	SevenSigns: Next period change set to Fri Jun 03 21:47:28 CLT 2022.
2022.06.03 21:32:28,700	INFO	1	com.l2jserver.gameserver.datatables.AugmentationData	AugmentationData: Loaded: 33960 augmentations.
2022.06.03 21:32:28,700	INFO	1	com.l2jserver.gameserver.datatables.AugmentationData	AugmentationData: Loaded: 2754 accessory augmentations.
2022.06.03 21:32:28,700	INFO	1	com.l2jserver.gameserver.instancemanager.CursedWeaponsManager	CursedWeaponsManager: Loaded : 0 cursed weapon(s).
2022.06.03 21:32:29,032	INFO	1	com.l2jserver.util.data.xml.IXmlReader	TransformData: Loaded: 111 transform templates.
2022.06.03 21:32:29,042	INFO	1	com.l2jserver.gameserver.datatables.BotReportTable	BotReportTable: Loaded 0 bot reports
2022.06.03 21:32:29,043	INFO	1	com.l2jserver.gameserver.GameServer	-------------------------------------------------=[ Scripts ]
2022.06.03 21:32:29,050	INFO	1	com.l2jserver.gameserver.instancemanager.AirShipManager	AirShipManager: Loaded 0 private airships
2022.06.03 21:32:29,051	INFO	1	com.l2jserver.gameserver.GameServer	GameServer: Loading server scripts:
2022.06.03 21:32:30,006	INFO	1	handlers.MasterHandler	Loading Handlers...
2022.06.03 21:32:30,059	INFO	1	handlers.MasterHandler	ActionHandler: Loaded 10 Handlers
2022.06.03 21:32:30,059	INFO	1	handlers.MasterHandler	ActionShiftHandler: Loaded 6 Handlers
2022.06.03 21:32:30,060	INFO	1	handlers.MasterHandler	AdminCommandHandler: Loaded 447 Handlers
2022.06.03 21:32:30,061	INFO	1	handlers.MasterHandler	BypassHandler: Loaded 48 Handlers
2022.06.03 21:32:30,062	INFO	1	handlers.MasterHandler	ChatHandler: Loaded 14 Handlers
2022.06.03 21:32:30,062	INFO	1	handlers.MasterHandler	CommunityBoardHandler: Loaded 15 Handlers
2022.06.03 21:32:30,063	INFO	1	handlers.MasterHandler	ItemHandler: Loaded 31 Handlers
2022.06.03 21:32:30,063	INFO	1	handlers.MasterHandler	PunishmentHandler: Loaded 3 Handlers
2022.06.03 21:32:30,063	INFO	1	handlers.MasterHandler	UserCommandHandler: Loaded 17 Handlers
2022.06.03 21:32:30,064	INFO	1	handlers.MasterHandler	VoicedCommandHandler: Loaded 1 Handlers
2022.06.03 21:32:30,064	INFO	1	handlers.MasterHandler	TargetHandler: Loaded 35 Handlers
2022.06.03 21:32:30,065	INFO	1	handlers.MasterHandler	TelnetHandler: Loaded 20 Handlers
2022.06.03 21:32:30,065	INFO	1	handlers.MasterHandler	Handlers Loaded...
2022.06.03 21:32:33,745	INFO	1	com.l2jserver.util.data.xml.IXmlReader	NpcBuffersData: Loaded: 33 buffers data.
2022.06.03 21:32:37,163	INFO	1	com.l2jserver.gameserver.model.events.AbstractScript	Handy's Block Checker Event is enabled
2022.06.03 21:32:43,857	INFO	1	instances.InstanceLoader	InstanceLoader: Loading Instances scripts.
2022.06.03 21:32:44,061	INFO	1	gracia.GraciaLoader	GraciaLoader: Loading Gracia related scripts.
2022.06.03 21:32:44,279	INFO	1	hellbound.HellboundLoader	HellboundLoader: Loading Hellbound related scripts:
2022.06.03 21:32:44,294	INFO	1	com.l2jserver.util.data.xml.IXmlReader	HellboundPointData: Loaded 47 trust point reward data.
2022.06.03 21:32:44,310	INFO	1	com.l2jserver.util.data.xml.IXmlReader	HellboundSpawns: Loaded 598 Hellbound spawns.
2022.06.03 21:32:44,310	INFO	1	com.l2jserver.gameserver.model.events.AbstractScript	HellboundEngine: Level: 11
2022.06.03 21:32:44,310	INFO	1	com.l2jserver.gameserver.model.events.AbstractScript	HellboundEngine: Trust: 4000000
2022.06.03 21:32:44,310	INFO	1	com.l2jserver.gameserver.model.events.AbstractScript	HellboundEngine: Status: unlocked.
2022.06.03 21:32:44,372	INFO	1	com.l2jserver.gameserver.instancemanager.RaidBossSpawnManager	RaidBossSpawnManager: Loaded 189 Instances
2022.06.03 21:32:44,372	INFO	1	com.l2jserver.gameserver.instancemanager.RaidBossSpawnManager	RaidBossSpawnManager: Scheduled 0 Instances
2022.06.03 21:32:45,356	INFO	20	com.l2jserver.gameserver.model.events.AbstractScript	HellboundEngine: Spawned 598 NPCs.
2022.06.03 21:32:46,920	INFO	1	com.l2jserver.gameserver.model.events.AbstractScript	[EnhanceYourWeapon] Loaded 54 Soul Crystal data.
2022.06.03 21:32:46,921	INFO	1	com.l2jserver.gameserver.model.events.AbstractScript	[EnhanceYourWeapon] Loaded 240 npc Leveling info data.
2022.06.03 21:32:47,074	INFO	1	com.l2jserver.gameserver.model.events.AbstractScript	TerritoryWarSuperClass: Siege date: Sat Jun 04 20:00:00 CLT 2022
2022.06.03 21:32:48,025	INFO	1	com.l2jserver.gameserver.model.entity.clanhall.ClanHallSiegeEngine	Bandit StrongHold siege scheduled for Fri Jun 17 12:00:00 CLT 2022.
2022.06.03 21:32:48,114	INFO	1	com.l2jserver.gameserver.model.entity.clanhall.ClanHallSiegeEngine	Beast Farm siege scheduled for Fri Jun 17 12:00:00 CLT 2022.
2022.06.03 21:32:48,189	INFO	1	com.l2jserver.gameserver.model.entity.clanhall.ClanHallSiegeEngine	Devastated Castle siege scheduled for Fri Jun 17 12:00:00 CLT 2022.
2022.06.03 21:32:48,265	INFO	1	com.l2jserver.gameserver.model.entity.clanhall.ClanHallSiegeEngine	Fortress of Resistance siege scheduled for Fri Jun 17 12:00:00 CLT 2022.
2022.06.03 21:32:48,348	INFO	1	com.l2jserver.gameserver.model.entity.clanhall.ClanHallSiegeEngine	Fortresss of the Dead siege scheduled for Fri Jun 17 12:00:00 CLT 2022.
2022.06.03 21:32:48,432	INFO	1	com.l2jserver.gameserver.model.entity.clanhall.ClanHallSiegeEngine	Rainbow Springs siege scheduled for Fri Jun 17 12:00:00 CLT 2022.
2022.06.03 21:32:49,131	INFO	1	com.l2jserver.util.data.xml.IXmlReader	SpawnTable: Loaded 3771 npc spawns.
2022.06.03 21:32:49,171	INFO	1	com.l2jserver.util.data.xml.IXmlReader	SpawnTable: Loaded 1190 npc spawns from XML.
2022.06.03 21:32:49,171	INFO	1	com.l2jserver.gameserver.instancemanager.DayNightSpawnManager	DayNightSpawnManager: Removed 0 night creatures
2022.06.03 21:32:49,174	INFO	1	com.l2jserver.gameserver.instancemanager.DayNightSpawnManager	DayNightSpawnManager: Spawned 232 day creatures
2022.06.03 21:32:49,182	INFO	1	com.l2jserver.gameserver.instancemanager.FourSepulchersManager	FourSepulchersManager: loaded 20 Mysterious-Box spawns.
2022.06.03 21:32:49,197	INFO	1	com.l2jserver.gameserver.instancemanager.FourSepulchersManager	FourSepulchersManager: loaded 716 Physical type monsters spawns.
2022.06.03 21:32:49,211	INFO	1	com.l2jserver.gameserver.instancemanager.FourSepulchersManager	FourSepulchersManager: loaded 716 Magical type monsters spawns.
2022.06.03 21:32:49,215	INFO	1	com.l2jserver.gameserver.instancemanager.FourSepulchersManager	FourSepulchersManager: loaded 92 Church of duke monsters spawns.
2022.06.03 21:32:49,218	INFO	1	com.l2jserver.gameserver.instancemanager.FourSepulchersManager	FourSepulchersManager: loaded 68 Emperor's grave NPC spawns.
2022.06.03 21:32:49,218	INFO	1	com.l2jserver.gameserver.instancemanager.FourSepulchersManager	FourSepulchersManager: spawned Conquerors' Sepulcher Manager
2022.06.03 21:32:49,218	INFO	1	com.l2jserver.gameserver.instancemanager.FourSepulchersManager	FourSepulchersManager: spawned Emperors' Sepulcher Manager
2022.06.03 21:32:49,219	INFO	1	com.l2jserver.gameserver.instancemanager.FourSepulchersManager	FourSepulchersManager: spawned Great Sages' Sepulcher Manager
2022.06.03 21:32:49,219	INFO	1	com.l2jserver.gameserver.instancemanager.FourSepulchersManager	FourSepulchersManager: spawned Judges' Sepulcher Manager
2022.06.03 21:32:49,220	INFO	1	com.l2jserver.gameserver.instancemanager.FourSepulchersManager	FourSepulchersManager: Beginning in Attack time
2022.06.03 21:32:49,224	INFO	1	com.l2jserver.gameserver.instancemanager.DimensionalRiftManager	DimensionalRiftManager: Loaded 7 room types with 56 rooms.
2022.06.03 21:32:49,227	INFO	1	com.l2jserver.gameserver.instancemanager.DimensionalRiftManager	DimensionalRiftManager: Loaded 462 dimensional rift spawns, 0 errors.
2022.06.03 21:32:49,227	INFO	1	com.l2jserver.gameserver.GameServer	---------------------------------------------------=[ Siege ]
2022.06.03 21:32:49,238	INFO	1	com.l2jserver.util.data.xml.IXmlReader	SiegeScheduleData: Loaded: 2 siege schedulers.
2022.06.03 21:32:49,240	INFO	1	com.l2jserver.gameserver.model.entity.Siege	Siege of Gludio: Sun Jun 05 16:00:00 CLT 2022
2022.06.03 21:32:49,242	INFO	1	com.l2jserver.gameserver.model.entity.Siege	Siege of Dion: Sun Jun 05 16:00:00 CLT 2022
2022.06.03 21:32:49,243	INFO	1	com.l2jserver.gameserver.model.entity.Siege	Siege of Giran: Sun Jun 05 16:00:00 CLT 2022
2022.06.03 21:32:49,244	INFO	1	com.l2jserver.gameserver.model.entity.Siege	Siege of Oren: Sun Jun 05 16:00:00 CLT 2022
2022.06.03 21:32:49,245	INFO	1	com.l2jserver.gameserver.model.entity.Siege	Siege of Aden: Sun Jun 05 16:00:00 CLT 2022
2022.06.03 21:32:49,247	INFO	1	com.l2jserver.gameserver.model.entity.Siege	Siege of Innadril: Sun Jun 05 20:00:00 CLT 2022
2022.06.03 21:32:49,248	INFO	1	com.l2jserver.gameserver.model.entity.Siege	Siege of Goddard: Sun Jun 05 20:00:00 CLT 2022
2022.06.03 21:32:49,250	INFO	1	com.l2jserver.gameserver.model.entity.Siege	Siege of Rune: Sun Jun 05 20:00:00 CLT 2022
2022.06.03 21:32:49,251	INFO	1	com.l2jserver.gameserver.model.entity.Siege	Siege of Schuttgart: Sun Jun 05 20:00:00 CLT 2022
2022.06.03 21:32:49,306	INFO	1	com.l2jserver.gameserver.instancemanager.FortManager	FortManager: Loaded: 21 fortress
2022.06.03 21:32:49,371	INFO	1	com.l2jserver.util.data.xml.IXmlReader	CastleManorManager: Loaded 258 seeds.
2022.06.03 21:32:49,382	INFO	1	com.l2jserver.util.data.xml.IXmlReader	CastleManorManager: Manor data loaded.
2022.06.03 21:32:49,386	INFO	1	com.l2jserver.gameserver.instancemanager.MercTicketManager	MercTicketManager: Loaded: 0 Mercenary Tickets
2022.06.03 21:32:49,386	INFO	1	com.l2jserver.gameserver.instancemanager.QuestManager	QuestManager: Loaded: 520 quests.
2022.06.03 21:32:49,386	INFO	1	com.l2jserver.gameserver.instancemanager.QuestManager	QuestManager: Loaded: 268 scripts.
2022.06.03 21:32:49,396	INFO	1	com.l2jserver.gameserver.script.faenor.FaenorEventParser	Event ID: (Valentines Event) has passed... Ignored.
2022.06.03 21:32:49,396	INFO	1	com.l2jserver.gameserver.script.faenor.FaenorScriptEngine	FaenorScriptEngine: Loaded  Valentines.xml successfully.
2022.06.03 21:32:49,398	INFO	1	com.l2jserver.gameserver.GameServer	AutoSpawnHandler: Loaded 129 handlers in total.
2022.06.03 21:32:49,410	INFO	1	com.l2jserver.gameserver.taskmanager.TaskManager	TaskManager: Loaded: 13 Tasks
2022.06.03 21:32:49,411	INFO	1	com.l2jserver.gameserver.instancemanager.MailManager	MailManager: Successfully loaded 0 messages.
2022.06.03 21:32:49,417	INFO	1	com.l2jserver.gameserver.instancemanager.PunishmentManager	PunishmentManager: Loaded 0 active and 0 expired punishments.
2022.06.03 21:32:49,417	INFO	1	com.l2jserver.gameserver.GameServer	IdFactory: Free ObjectID's remaining: 1879001244
2022.06.03 21:32:49,417	INFO	1	com.l2jserver.gameserver.model.entity.TvTManager	TvTEventEngine[TvTManager.TvTManager()]: Engine is disabled.
2022.06.03 21:32:51,909	INFO	1	com.l2jserver.gameserver.GameServer	GameServer: Started, free memory 1906 Mb of 3641 Mb
2022.06.03 21:32:51,967	INFO	257	com.l2jserver.gameserver.LoginServerThread	Connecting to login on 127.0.0.1:9014
2022.06.03 21:32:52,258	INFO	1	com.l2jserver.gameserver.GameServer	GameServer: is now listening on: *:7777
2022.06.03 21:32:52,258	INFO	1	com.l2jserver.gameserver.GameServer	GameServer: Maximum numbers of connected players: 500
2022.06.03 21:32:52,259	INFO	1	com.l2jserver.gameserver.GameServer	GameServer: Server loaded in 47 seconds.
2022.06.03 21:32:52,261	INFO	1	com.l2jserver.gameserver.GameServer	----------------------------------------------------=[ UPnP ]
2022.06.03 21:32:52,263	INFO	1	com.l2jserver.UPnPService	Looking for UPnP Gateway Devices...
2022.06.03 21:32:52,325	INFO	257	com.l2jserver.gameserver.LoginServerThread	Registered on login as Server 1: Bartz
2022.06.03 21:32:54,726	INFO	1	com.l2jserver.UPnPService	Using UPnP gateway: MitraStar GPT-2741GNAC Internet Sharing Gateway
2022.06.03 21:32:55,031	INFO	1	com.l2jserver.UPnPService	Using local address: 192.168.1.100 External address: 186.107.179.24
2022.06.03 21:32:56,178	INFO	1	com.l2jserver.UPnPService	Mapping successful on 192.168.1.100:7777
2022.06.03 21:32:56,178	INFO	1	com.l2jserver.gameserver.GameServer	GameServer: Telnet server is currently disabled.
2022.06.03 21:33:22,960	INFO	266	com.l2jserver.gameserver.model.actor.instance.L2PcInstance	Master access level set for character Waizatsu.
2022.06.03 21:37:22,831	WARNING	268	com.l2jserver.gameserver.datatables.SkillData	SkillData: No skill info found for skill id 99001 and skill level 1.
2022.06.03 21:37:22,832	WARNING	268	com.l2jserver.gameserver.model.itemcontainer.Inventory	Inventory.ItemSkillsListener.Weapon: Incorrect skill: [SkillId: 99001 Level: 1].
2022.06.03 21:37:23,679	WARNING	267	com.l2jserver.gameserver.datatables.SkillData	SkillData: No skill info found for skill id 99001 and skill level 1.
2022.06.03 21:37:24,141	WARNING	269	com.l2jserver.gameserver.datatables.SkillData	SkillData: No skill info found for skill id 99001 and skill level 1.
2022.06.03 21:37:24,146	WARNING	269	com.l2jserver.gameserver.datatables.SkillData	SkillData: No skill info found for skill id 99002 and skill level 1.
2022.06.03 21:37:24,146	WARNING	269	com.l2jserver.gameserver.model.itemcontainer.Inventory	Inventory.ItemSkillsListener.Weapon: Incorrect skill: [SkillId: 99002 Level: 1].
2022.06.03 21:37:29,104	WARNING	266	com.l2jserver.gameserver.datatables.SkillData	SkillData: No skill info found for skill id 99001 and skill level 1.
2022.06.03 21:37:29,104	WARNING	266	com.l2jserver.gameserver.datatables.SkillData	SkillData: No skill info found for skill id 99002 and skill level 1.
2022.06.03 21:37:44,405	WARNING	267	com.l2jserver.gameserver.datatables.SkillData	SkillData: No skill info found for skill id 99001 and skill level 1.
2022.06.03 21:37:44,405	WARNING	267	com.l2jserver.gameserver.datatables.SkillData	SkillData: No skill info found for skill id 99002 and skill level 1.
2022.06.03 21:38:24,034	WARNING	268	com.l2jserver.gameserver.datatables.SkillData	SkillData: No skill info found for skill id 99001 and skill level 1.
2022.06.03 21:38:24,034	WARNING	268	com.l2jserver.gameserver.datatables.SkillData	SkillData: No skill info found for skill id 99002 and skill level 1.
2022.06.03 21:38:26,209	WARNING	267	com.l2jserver.gameserver.datatables.SkillData	SkillData: No skill info found for skill id 99001 and skill level 1.
2022.06.03 21:38:26,209	WARNING	267	com.l2jserver.gameserver.datatables.SkillData	SkillData: No skill info found for skill id 99002 and skill level 1.
2022.06.03 21:38:26,646	WARNING	269	com.l2jserver.gameserver.datatables.SkillData	SkillData: No skill info found for skill id 99001 and skill level 1.
2022.06.03 21:38:26,646	WARNING	269	com.l2jserver.gameserver.datatables.SkillData	SkillData: No skill info found for skill id 99002 and skill level 1.
2022.06.03 21:38:27,356	WARNING	266	com.l2jserver.gameserver.datatables.SkillData	SkillData: No skill info found for skill id 99001 and skill level 1.
2022.06.03 21:38:27,356	WARNING	266	com.l2jserver.gameserver.datatables.SkillData	SkillData: No skill info found for skill id 99002 and skill level 1.
2022.06.03 21:38:28,056	WARNING	268	com.l2jserver.gameserver.datatables.SkillData	SkillData: No skill info found for skill id 99001 and skill level 1.
2022.06.03 21:38:28,056	WARNING	268	com.l2jserver.gameserver.datatables.SkillData	SkillData: No skill info found for skill id 99002 and skill level 1.
2022.06.03 21:38:28,488	WARNING	267	com.l2jserver.gameserver.datatables.SkillData	SkillData: No skill info found for skill id 99001 and skill level 1.
2022.06.03 21:38:28,488	WARNING	267	com.l2jserver.gameserver.datatables.SkillData	SkillData: No skill info found for skill id 99002 and skill level 1.
2022.06.03 21:38:29,628	WARNING	269	com.l2jserver.gameserver.datatables.SkillData	SkillData: No skill info found for skill id 99001 and skill level 1.
2022.06.03 21:38:29,628	WARNING	269	com.l2jserver.gameserver.datatables.SkillData	SkillData: No skill info found for skill id 99002 and skill level 1.
2022.06.03 21:38:30,827	WARNING	266	com.l2jserver.gameserver.datatables.SkillData	SkillData: No skill info found for skill id 99001 and skill level 1.
2022.06.03 21:38:30,827	WARNING	266	com.l2jserver.gameserver.datatables.SkillData	SkillData: No skill info found for skill id 99002 and skill level 1.
2022.06.03 21:38:31,203	WARNING	268	com.l2jserver.gameserver.datatables.SkillData	SkillData: No skill info found for skill id 99001 and skill level 1.
2022.06.03 21:38:31,207	WARNING	268	com.l2jserver.gameserver.datatables.SkillData	SkillData: No skill info found for skill id 99002 and skill level 1.
2022.06.03 21:38:31,548	WARNING	267	com.l2jserver.gameserver.datatables.SkillData	SkillData: No skill info found for skill id 99001 and skill level 1.
2022.06.03 21:38:31,548	WARNING	267	com.l2jserver.gameserver.datatables.SkillData	SkillData: No skill info found for skill id 99002 and skill level 1.
2022.06.03 21:38:31,885	WARNING	269	com.l2jserver.gameserver.datatables.SkillData	SkillData: No skill info found for skill id 99001 and skill level 1.
2022.06.03 21:38:31,885	WARNING	269	com.l2jserver.gameserver.datatables.SkillData	SkillData: No skill info found for skill id 99002 and skill level 1.
2022.06.03 21:38:32,271	WARNING	266	com.l2jserver.gameserver.datatables.SkillData	SkillData: No skill info found for skill id 99001 and skill level 1.
2022.06.03 21:38:32,271	WARNING	266	com.l2jserver.gameserver.datatables.SkillData	SkillData: No skill info found for skill id 99002 and skill level 1.
2022.06.03 21:38:32,692	WARNING	268	com.l2jserver.gameserver.datatables.SkillData	SkillData: No skill info found for skill id 99001 and skill level 1.
2022.06.03 21:38:32,692	WARNING	268	com.l2jserver.gameserver.datatables.SkillData	SkillData: No skill info found for skill id 99002 and skill level 1.
2022.06.03 21:38:34,151	WARNING	267	com.l2jserver.gameserver.datatables.SkillData	SkillData: No skill info found for skill id 99001 and skill level 1.
2022.06.03 21:38:34,151	WARNING	267	com.l2jserver.gameserver.datatables.SkillData	SkillData: No skill info found for skill id 99002 and skill level 1.
2022.06.03 21:38:34,524	WARNING	269	com.l2jserver.gameserver.datatables.SkillData	SkillData: No skill info found for skill id 99001 and skill level 1.
2022.06.03 21:38:34,524	WARNING	269	com.l2jserver.gameserver.model.itemcontainer.Inventory	Inventory.ItemSkillsListener.Weapon: Incorrect skill: [SkillId: 99001 Level: 1].
2022.06.03 21:38:34,525	WARNING	269	com.l2jserver.gameserver.datatables.SkillData	SkillData: No skill info found for skill id 99002 and skill level 1.
2022.06.03 21:38:36,467	WARNING	266	com.l2jserver.gameserver.datatables.SkillData	SkillData: No skill info found for skill id 99002 and skill level 1.
2022.06.03 21:38:39,100	WARNING	268	com.l2jserver.gameserver.datatables.SkillData	SkillData: No skill info found for skill id 99002 and skill level 1.
2022.06.03 21:38:39,870	WARNING	267	com.l2jserver.gameserver.datatables.SkillData	SkillData: No skill info found for skill id 99002 and skill level 1.
2022.06.03 21:38:40,292	WARNING	269	com.l2jserver.gameserver.datatables.SkillData	SkillData: No skill info found for skill id 99002 and skill level 1.
2022.06.03 21:38:40,292	WARNING	269	com.l2jserver.gameserver.model.itemcontainer.Inventory	Inventory.ItemSkillsListener.Weapon: Incorrect skill: [SkillId: 99002 Level: 1].
2022.06.03 21:41:09,441	INFO	25	com.l2jserver.gameserver.instancemanager.GlobalVariablesManager	GlobalVariablesManager: Stored 7 variables.
2022.06.03 21:42:19,333	WARNING	267	com.l2jserver.gameserver.datatables.SkillData	SkillData: No skill info found for skill id 99001 and skill level 1.
2022.06.03 21:42:19,333	WARNING	267	com.l2jserver.gameserver.model.itemcontainer.Inventory	Inventory.ItemSkillsListener.Weapon: Incorrect skill: [SkillId: 99001 Level: 1].
2022.06.03 21:42:22,556	WARNING	266	com.l2jserver.gameserver.datatables.SkillData	SkillData: No skill info found for skill id 99001 and skill level 1.
2022.06.03 21:42:22,556	WARNING	266	com.l2jserver.gameserver.model.itemcontainer.Inventory	Inventory.ItemSkillsListener.Weapon: Incorrect skill: [SkillId: 99001 Level: 1].
2022.06.03 21:46:27,855	WARNING	266	com.l2jserver.gameserver.datatables.SkillData	SkillData: No skill info found for skill id 99001 and skill level 1.
2022.06.03 21:46:27,855	WARNING	266	com.l2jserver.gameserver.model.itemcontainer.Inventory	Inventory.ItemSkillsListener.Weapon: Incorrect skill: [SkillId: 99001 Level: 1].
2022.06.03 21:46:28,303	WARNING	269	com.l2jserver.gameserver.datatables.SkillData	SkillData: No skill info found for skill id 99001 and skill level 1.
2022.06.03 21:46:28,303	WARNING	269	com.l2jserver.gameserver.model.itemcontainer.Inventory	Inventory.ItemSkillsListener.Weapon: Incorrect skill: [SkillId: 99001 Level: 1].
2022.06.03 21:47:28,589	INFO	25	com.l2jserver.gameserver.SevenSigns	SevenSigns: The Seal of Avarice remains unclaimed.
2022.06.03 21:47:28,589	INFO	25	com.l2jserver.gameserver.SevenSigns	SevenSigns: The Seal of Gnosis remains unclaimed.
2022.06.03 21:47:28,590	INFO	25	com.l2jserver.gameserver.SevenSigns	SevenSigns: The Seal of Strife remains unclaimed.
2022.06.03 21:47:28,591	INFO	25	com.l2jserver.gameserver.SevenSigns	SevenSigns: The No Cabal have won the competition with 0 points!
2022.06.03 21:47:28,597	INFO	25	com.l2jserver.gameserver.SevenSigns	SevenSigns: The Seal Validation period has begun!
2022.06.03 21:47:28,597	INFO	25	com.l2jserver.gameserver.SevenSigns	SevenSigns: Next period change set to Mon Jun 06 18:00:28 CLT 2022.
2022.06.03 21:47:49,420	INFO	28	com.l2jserver.gameserver.taskmanager.tasks.TaskOlympiadSave	Olympiad System: Data updated.
